ARM GAS  C:\Users\behun\AppData\Local\Temp\ccOWmM2z.s 			page 1


   1              		.cpu cortex-m3
   2              		.eabi_attribute 20, 1
   3              		.eabi_attribute 21, 1
   4              		.eabi_attribute 23, 3
   5              		.eabi_attribute 24, 1
   6              		.eabi_attribute 25, 1
   7              		.eabi_attribute 26, 1
   8              		.eabi_attribute 30, 1
   9              		.eabi_attribute 34, 1
  10              		.eabi_attribute 18, 4
  11              		.file	"blinkled.c"
  12              		.text
  13              	.Ltext0:
  14              		.cfi_sections	.debug_frame
  15              		.section	.text.Led_Init,"ax",%progbits
  16              		.align	1
  17              		.global	Led_Init
  18              		.arch armv7-m
  19              		.syntax unified
  20              		.thumb
  21              		.thumb_func
  22              		.fpu softvfp
  24              	Led_Init:
  25              	.LFB66:
  26              		.file 1 "Src/blinkled.c"
   1:Src/blinkled.c **** #include "blinkled.h"
   2:Src/blinkled.c **** 
   3:Src/blinkled.c **** uint32_t tick;
   4:Src/blinkled.c **** void Led_Init(void)
   5:Src/blinkled.c **** {
  27              		.loc 1 5 1 view -0
  28              		.cfi_startproc
  29              		@ args = 0, pretend = 0, frame = 24
  30              		@ frame_needed = 0, uses_anonymous_args = 0
  31 0000 70B5     		push	{r4, r5, r6, lr}
  32              	.LCFI0:
  33              		.cfi_def_cfa_offset 16
  34              		.cfi_offset 4, -16
  35              		.cfi_offset 5, -12
  36              		.cfi_offset 6, -8
  37              		.cfi_offset 14, -4
  38 0002 86B0     		sub	sp, sp, #24
  39              	.LCFI1:
  40              		.cfi_def_cfa_offset 40
   6:Src/blinkled.c ****       GPIO_InitTypeDef GPIO_InitStruct = {0};
  41              		.loc 1 6 7 view .LVU1
  42              		.loc 1 6 24 is_stmt 0 view .LVU2
  43 0004 0023     		movs	r3, #0
  44 0006 0493     		str	r3, [sp, #16]
   7:Src/blinkled.c **** 
   8:Src/blinkled.c ****   /* GPIO Ports Clock Enable */
   9:Src/blinkled.c ****   __HAL_RCC_GPIOB_CLK_ENABLE();
  45              		.loc 1 9 3 is_stmt 1 view .LVU3
  46              	.LBB2:
  47              		.loc 1 9 3 view .LVU4
  48              		.loc 1 9 3 view .LVU5
  49 0008 03F18043 		add	r3, r3, #1073741824
ARM GAS  C:\Users\behun\AppData\Local\Temp\ccOWmM2z.s 			page 2


  50 000c 03F50433 		add	r3, r3, #135168
  51 0010 9A69     		ldr	r2, [r3, #24]
  52 0012 42F00802 		orr	r2, r2, #8
  53 0016 9A61     		str	r2, [r3, #24]
  54              		.loc 1 9 3 view .LVU6
  55 0018 9B69     		ldr	r3, [r3, #24]
  56 001a 03F00803 		and	r3, r3, #8
  57 001e 0193     		str	r3, [sp, #4]
  58              		.loc 1 9 3 view .LVU7
  59 0020 019B     		ldr	r3, [sp, #4]
  60              	.LBE2:
  10:Src/blinkled.c **** 
  11:Src/blinkled.c ****   GPIO_InitStruct.Pin = GPIO_PIN_9;
  61              		.loc 1 11 3 view .LVU8
  62              		.loc 1 11 23 is_stmt 0 view .LVU9
  63 0022 4FF40075 		mov	r5, #512
  64 0026 0295     		str	r5, [sp, #8]
  12:Src/blinkled.c ****   GPIO_InitStruct.Mode = GPIO_MODE_OUTPUT_PP;
  65              		.loc 1 12 3 is_stmt 1 view .LVU10
  66              		.loc 1 12 24 is_stmt 0 view .LVU11
  67 0028 0126     		movs	r6, #1
  68 002a 0396     		str	r6, [sp, #12]
  13:Src/blinkled.c ****   GPIO_InitStruct.Pull = GPIO_NOPULL;
  69              		.loc 1 13 3 is_stmt 1 view .LVU12
  14:Src/blinkled.c ****   GPIO_InitStruct.Speed = GPIO_SPEED_FREQ_LOW;
  70              		.loc 1 14 3 view .LVU13
  71              		.loc 1 14 25 is_stmt 0 view .LVU14
  72 002c 0223     		movs	r3, #2
  73 002e 0593     		str	r3, [sp, #20]
  15:Src/blinkled.c ****   HAL_GPIO_Init(GPIOB, &GPIO_InitStruct);
  74              		.loc 1 15 3 is_stmt 1 view .LVU15
  75 0030 074C     		ldr	r4, .L3
  76 0032 02A9     		add	r1, sp, #8
  77 0034 2046     		mov	r0, r4
  78 0036 FFF7FEFF 		bl	HAL_GPIO_Init
  79              	.LVL0:
  16:Src/blinkled.c **** 
  17:Src/blinkled.c ****   HAL_GPIO_WritePin(GPIOB, GPIO_PIN_9, GPIO_PIN_SET);
  80              		.loc 1 17 3 view .LVU16
  81 003a 3246     		mov	r2, r6
  82 003c 2946     		mov	r1, r5
  83 003e 2046     		mov	r0, r4
  84 0040 FFF7FEFF 		bl	HAL_GPIO_WritePin
  85              	.LVL1:
  18:Src/blinkled.c **** 
  19:Src/blinkled.c ****   tick = HAL_GetTick();
  86              		.loc 1 19 3 view .LVU17
  87              		.loc 1 19 10 is_stmt 0 view .LVU18
  88 0044 FFF7FEFF 		bl	HAL_GetTick
  89              	.LVL2:
  90              		.loc 1 19 8 view .LVU19
  91 0048 024B     		ldr	r3, .L3+4
  92 004a 1860     		str	r0, [r3]
  20:Src/blinkled.c **** }
  93              		.loc 1 20 1 view .LVU20
  94 004c 06B0     		add	sp, sp, #24
  95              	.LCFI2:
ARM GAS  C:\Users\behun\AppData\Local\Temp\ccOWmM2z.s 			page 3


  96              		.cfi_def_cfa_offset 16
  97              		@ sp needed
  98 004e 70BD     		pop	{r4, r5, r6, pc}
  99              	.L4:
 100              		.align	2
 101              	.L3:
 102 0050 000C0140 		.word	1073810432
 103 0054 00000000 		.word	tick
 104              		.cfi_endproc
 105              	.LFE66:
 107              		.section	.text.Blink,"ax",%progbits
 108              		.align	1
 109              		.global	Blink
 110              		.syntax unified
 111              		.thumb
 112              		.thumb_func
 113              		.fpu softvfp
 115              	Blink:
 116              	.LFB67:
  21:Src/blinkled.c **** 
  22:Src/blinkled.c **** void Blink(void)
  23:Src/blinkled.c **** {
 117              		.loc 1 23 1 is_stmt 1 view -0
 118              		.cfi_startproc
 119              		@ args = 0, pretend = 0, frame = 0
 120              		@ frame_needed = 0, uses_anonymous_args = 0
 121 0000 08B5     		push	{r3, lr}
 122              	.LCFI3:
 123              		.cfi_def_cfa_offset 8
 124              		.cfi_offset 3, -8
 125              		.cfi_offset 14, -4
  24:Src/blinkled.c ****     if(HAL_GetTick() - tick >1000)
 126              		.loc 1 24 5 view .LVU22
 127              		.loc 1 24 8 is_stmt 0 view .LVU23
 128 0002 FFF7FEFF 		bl	HAL_GetTick
 129              	.LVL3:
 130              		.loc 1 24 22 view .LVU24
 131 0006 084B     		ldr	r3, .L9
 132 0008 1B68     		ldr	r3, [r3]
 133 000a C01A     		subs	r0, r0, r3
 134              		.loc 1 24 7 view .LVU25
 135 000c B0F57A7F 		cmp	r0, #1000
 136 0010 00D8     		bhi	.L8
 137              	.L5:
  25:Src/blinkled.c ****     {
  26:Src/blinkled.c ****         HAL_GPIO_TogglePin(GPIOB, GPIO_PIN_9);
  27:Src/blinkled.c ****         // printf("Blind Led \n");
  28:Src/blinkled.c ****         tick = HAL_GetTick();
  29:Src/blinkled.c ****     }
  30:Src/blinkled.c **** }...
 138              		.loc 1 30 1 view .LVU26
 139 0012 08BD     		pop	{r3, pc}
 140              	.L8:
  26:Src/blinkled.c ****         HAL_GPIO_TogglePin(GPIOB, GPIO_PIN_9);
 141              		.loc 1 26 9 is_stmt 1 view .LVU27
 142 0014 4FF40071 		mov	r1, #512
 143 0018 0448     		ldr	r0, .L9+4
ARM GAS  C:\Users\behun\AppData\Local\Temp\ccOWmM2z.s 			page 4


 144 001a FFF7FEFF 		bl	HAL_GPIO_TogglePin
 145              	.LVL4:
  28:Src/blinkled.c ****         tick = HAL_GetTick();
 146              		.loc 1 28 9 view .LVU28
  28:Src/blinkled.c ****         tick = HAL_GetTick();
 147              		.loc 1 28 16 is_stmt 0 view .LVU29
 148 001e FFF7FEFF 		bl	HAL_GetTick
 149              	.LVL5:
  28:Src/blinkled.c ****         tick = HAL_GetTick();
 150              		.loc 1 28 14 view .LVU30
 151 0022 014B     		ldr	r3, .L9
 152 0024 1860     		str	r0, [r3]
 153              		.loc 1 30 1 view .LVU31
 154 0026 F4E7     		b	.L5
 155              	.L10:
 156              		.align	2
 157              	.L9:
 158 0028 00000000 		.word	tick
 159 002c 000C0140 		.word	1073810432
 160              		.cfi_endproc
 161              	.LFE67:
 163              		.comm	tick,4,4
 164              		.text
 165              	.Letext0:
 166              		.file 2 "c:\\program files (x86)\\gnu tools arm embedded\\8 2019-q3-update\\arm-none-eabi\\include
 167              		.file 3 "c:\\program files (x86)\\gnu tools arm embedded\\8 2019-q3-update\\arm-none-eabi\\include
 168              		.file 4 "Drivers/CMSIS/Include/core_cm3.h"
 169              		.file 5 "Drivers/CMSIS/Device/ST/STM32F1xx/Include/system_stm32f1xx.h"
 170              		.file 6 "Drivers/CMSIS/Device/ST/STM32F1xx/Include/stm32f103xe.h"
 171              		.file 7 "c:\\program files (x86)\\gnu tools arm embedded\\8 2019-q3-update\\lib\\gcc\\arm-none-eab
 172              		.file 8 "c:\\program files (x86)\\gnu tools arm embedded\\8 2019-q3-update\\arm-none-eabi\\include
 173              		.file 9 "c:\\program files (x86)\\gnu tools arm embedded\\8 2019-q3-update\\arm-none-eabi\\include
 174              		.file 10 "c:\\program files (x86)\\gnu tools arm embedded\\8 2019-q3-update\\arm-none-eabi\\includ
 175              		.file 11 "Drivers/STM32F1xx_HAL_Driver/Inc/stm32f1xx_hal_gpio.h"
 176              		.file 12 "Drivers/STM32F1xx_HAL_Driver/Inc/stm32f1xx_hal.h"
ARM GAS  C:\Users\behun\AppData\Local\Temp\ccOWmM2z.s 			page 5


DEFINED SYMBOLS
                            *ABS*:00000000 blinkled.c
C:\Users\behun\AppData\Local\Temp\ccOWmM2z.s:16     .text.Led_Init:00000000 $t
C:\Users\behun\AppData\Local\Temp\ccOWmM2z.s:24     .text.Led_Init:00000000 Led_Init
C:\Users\behun\AppData\Local\Temp\ccOWmM2z.s:102    .text.Led_Init:00000050 $d
                            *COM*:00000004 tick
C:\Users\behun\AppData\Local\Temp\ccOWmM2z.s:108    .text.Blink:00000000 $t
C:\Users\behun\AppData\Local\Temp\ccOWmM2z.s:115    .text.Blink:00000000 Blink
C:\Users\behun\AppData\Local\Temp\ccOWmM2z.s:158    .text.Blink:00000028 $d

UNDEFINED SYMBOLS
HAL_GPIO_Init
HAL_GPIO_WritePin
HAL_GetTick
HAL_GPIO_TogglePin
