ARM GAS  C:\Users\behun\AppData\Local\Temp\ccvsM7eq.s 			page 1


   1              		.cpu cortex-m3
   2              		.eabi_attribute 20, 1
   3              		.eabi_attribute 21, 1
   4              		.eabi_attribute 23, 3
   5              		.eabi_attribute 24, 1
   6              		.eabi_attribute 25, 1
   7              		.eabi_attribute 26, 1
   8              		.eabi_attribute 30, 1
   9              		.eabi_attribute 34, 1
  10              		.eabi_attribute 18, 4
  11              		.file	"filter_data.c"
  12              		.text
  13              	.Ltext0:
  14              		.cfi_sections	.debug_frame
  15              		.section	.text.Filter_Data_Init,"ax",%progbits
  16              		.align	1
  17              		.global	Filter_Data_Init
  18              		.arch armv7-m
  19              		.syntax unified
  20              		.thumb
  21              		.thumb_func
  22              		.fpu softvfp
  24              	Filter_Data_Init:
  25              	.LFB66:
  26              		.file 1 "Src/filter_data.c"
   1:Src/filter_data.c **** #include "filter_data.h"
   2:Src/filter_data.c **** 
   3:Src/filter_data.c **** DATA_FILTER filt_data;
   4:Src/filter_data.c **** 
   5:Src/filter_data.c **** void Filter_Data_Init(void)
   6:Src/filter_data.c **** {
  27              		.loc 1 6 1 view -0
  28              		.cfi_startproc
  29              		@ args = 0, pretend = 0, frame = 0
  30              		@ frame_needed = 0, uses_anonymous_args = 0
  31              		@ link register save eliminated.
   7:Src/filter_data.c ****     filt_data.val = 300;
  32              		.loc 1 7 5 view .LVU1
  33              		.loc 1 7 19 is_stmt 0 view .LVU2
  34 0000 024B     		ldr	r3, .L2
  35 0002 4FF49672 		mov	r2, #300
  36 0006 1A80     		strh	r2, [r3]	@ movhi
   8:Src/filter_data.c ****     // filt_data.percent = Max_Percent;
   9:Src/filter_data.c ****     // filt_data.px = Max_Pixel;
  10:Src/filter_data.c **** }...
  37              		.loc 1 10 1 view .LVU3
  38 0008 7047     		bx	lr
  39              	.L3:
  40 000a 00BF     		.align	2
  41              	.L2:
  42 000c 00000000 		.word	filt_data
  43              		.cfi_endproc
  44              	.LFE66:
  46              		.comm	filt_data,4,4
  47              		.text
  48              	.Letext0:
  49              		.file 2 "c:\\program files (x86)\\gnu tools arm embedded\\8 2019-q3-update\\arm-none-eabi\\include
ARM GAS  C:\Users\behun\AppData\Local\Temp\ccvsM7eq.s 			page 2


  50              		.file 3 "c:\\program files (x86)\\gnu tools arm embedded\\8 2019-q3-update\\arm-none-eabi\\include
  51              		.file 4 "Drivers/CMSIS/Include/core_cm3.h"
  52              		.file 5 "Drivers/CMSIS/Device/ST/STM32F1xx/Include/system_stm32f1xx.h"
  53              		.file 6 "c:\\program files (x86)\\gnu tools arm embedded\\8 2019-q3-update\\lib\\gcc\\arm-none-eab
  54              		.file 7 "c:\\program files (x86)\\gnu tools arm embedded\\8 2019-q3-update\\arm-none-eabi\\include
  55              		.file 8 "c:\\program files (x86)\\gnu tools arm embedded\\8 2019-q3-update\\arm-none-eabi\\include
  56              		.file 9 "c:\\program files (x86)\\gnu tools arm embedded\\8 2019-q3-update\\arm-none-eabi\\include
  57              		.file 10 "Drivers/STM32F1xx_HAL_Driver/Inc/stm32f1xx_hal.h"
  58              		.file 11 "Inc/filter_data.h"
ARM GAS  C:\Users\behun\AppData\Local\Temp\ccvsM7eq.s 			page 3


DEFINED SYMBOLS
                            *ABS*:00000000 filter_data.c
C:\Users\behun\AppData\Local\Temp\ccvsM7eq.s:16     .text.Filter_Data_Init:00000000 $t
C:\Users\behun\AppData\Local\Temp\ccvsM7eq.s:24     .text.Filter_Data_Init:00000000 Filter_Data_Init
C:\Users\behun\AppData\Local\Temp\ccvsM7eq.s:42     .text.Filter_Data_Init:0000000c $d
                            *COM*:00000004 filt_data

NO UNDEFINED SYMBOLS
