ARM GAS  /var/folders/rk/zpr83dd14lx588t7kb0yv2b40000gn/T//ccnLqyog.s 			page 1


   1              		.cpu cortex-m3
   2              		.eabi_attribute 20, 1
   3              		.eabi_attribute 21, 1
   4              		.eabi_attribute 23, 3
   5              		.eabi_attribute 24, 1
   6              		.eabi_attribute 25, 1
   7              		.eabi_attribute 26, 1
   8              		.eabi_attribute 30, 1
   9              		.eabi_attribute 34, 1
  10              		.eabi_attribute 18, 4
  11              		.file	"gpio.c"
  12              		.text
  13              	.Ltext0:
  14              		.cfi_sections	.debug_frame
  15              		.section	.text.MX_GPIO_Init,"ax",%progbits
  16              		.align	1
  17              		.global	MX_GPIO_Init
  18              		.syntax unified
  19              		.thumb
  20              		.thumb_func
  21              		.fpu softvfp
  23              	MX_GPIO_Init:
  24              	.LFB66:
  25              		.file 1 "Src/gpio.c"
   1:Src/gpio.c    **** /**
   2:Src/gpio.c    ****   ******************************************************************************
   3:Src/gpio.c    ****   * File Name          : gpio.c
   4:Src/gpio.c    ****   * Description        : This file provides code for the configuration
   5:Src/gpio.c    ****   *                      of all used GPIO pins.
   6:Src/gpio.c    ****   ******************************************************************************
   7:Src/gpio.c    ****   * @attention
   8:Src/gpio.c    ****   *
   9:Src/gpio.c    ****   * <h2><center>&copy; Copyright (c) 2019 STMicroelectronics.
  10:Src/gpio.c    ****   * All rights reserved.</center></h2>
  11:Src/gpio.c    ****   *
  12:Src/gpio.c    ****   * This software component is licensed by ST under Ultimate Liberty license
  13:Src/gpio.c    ****   * SLA0044, the "License"; You may not use this file except in compliance with
  14:Src/gpio.c    ****   * the License. You may obtain a copy of the License at:
  15:Src/gpio.c    ****   *                             www.st.com/SLA0044
  16:Src/gpio.c    ****   *
  17:Src/gpio.c    ****   ******************************************************************************
  18:Src/gpio.c    ****   */
  19:Src/gpio.c    **** 
  20:Src/gpio.c    **** /* Includes ------------------------------------------------------------------*/
  21:Src/gpio.c    **** #include "gpio.h"
  22:Src/gpio.c    **** /* USER CODE BEGIN 0 */
  23:Src/gpio.c    **** 
  24:Src/gpio.c    **** /* USER CODE END 0 */
  25:Src/gpio.c    **** 
  26:Src/gpio.c    **** /*----------------------------------------------------------------------------*/
  27:Src/gpio.c    **** /* Configure GPIO                                                             */
  28:Src/gpio.c    **** /*----------------------------------------------------------------------------*/
  29:Src/gpio.c    **** /* USER CODE BEGIN 1 */
  30:Src/gpio.c    **** 
  31:Src/gpio.c    **** /* USER CODE END 1 */
  32:Src/gpio.c    **** 
  33:Src/gpio.c    **** /** Configure pins as 
ARM GAS  /var/folders/rk/zpr83dd14lx588t7kb0yv2b40000gn/T//ccnLqyog.s 			page 2


  34:Src/gpio.c    ****         * Analog 
  35:Src/gpio.c    ****         * Input 
  36:Src/gpio.c    ****         * Output
  37:Src/gpio.c    ****         * EVENT_OUT
  38:Src/gpio.c    ****         * EXTI
  39:Src/gpio.c    **** */
  40:Src/gpio.c    **** void MX_GPIO_Init(void)
  41:Src/gpio.c    **** {
  26              		.loc 1 41 0
  27              		.cfi_startproc
  28              		@ args = 0, pretend = 0, frame = 24
  29              		@ frame_needed = 0, uses_anonymous_args = 0
  30 0000 2DE9F041 		push	{r4, r5, r6, r7, r8, lr}
  31              	.LCFI0:
  32              		.cfi_def_cfa_offset 24
  33              		.cfi_offset 4, -24
  34              		.cfi_offset 5, -20
  35              		.cfi_offset 6, -16
  36              		.cfi_offset 7, -12
  37              		.cfi_offset 8, -8
  38              		.cfi_offset 14, -4
  39 0004 86B0     		sub	sp, sp, #24
  40              	.LCFI1:
  41              		.cfi_def_cfa_offset 48
  42:Src/gpio.c    **** 
  43:Src/gpio.c    ****   GPIO_InitTypeDef GPIO_InitStruct = {0};
  42              		.loc 1 43 0
  43 0006 0024     		movs	r4, #0
  44 0008 0294     		str	r4, [sp, #8]
  45 000a 0394     		str	r4, [sp, #12]
  46 000c 0494     		str	r4, [sp, #16]
  47 000e 0594     		str	r4, [sp, #20]
  48              	.LBB2:
  44:Src/gpio.c    **** 
  45:Src/gpio.c    ****   /* GPIO Ports Clock Enable */
  46:Src/gpio.c    ****   __HAL_RCC_GPIOA_CLK_ENABLE();
  49              		.loc 1 46 0
  50 0010 184B     		ldr	r3, .L3
  51 0012 9A69     		ldr	r2, [r3, #24]
  52 0014 42F00402 		orr	r2, r2, #4
  53 0018 9A61     		str	r2, [r3, #24]
  54 001a 9B69     		ldr	r3, [r3, #24]
  55 001c 03F00403 		and	r3, r3, #4
  56 0020 0193     		str	r3, [sp, #4]
  57 0022 019B     		ldr	r3, [sp, #4]
  58              	.LBE2:
  47:Src/gpio.c    **** 
  48:Src/gpio.c    ****   /*Configure GPIO pin Output Level */
  49:Src/gpio.c    ****   HAL_GPIO_WritePin(GPIOA, GPIO_PIN_15, GPIO_PIN_SET);
  59              		.loc 1 49 0
  60 0024 144D     		ldr	r5, .L3+4
  61 0026 0122     		movs	r2, #1
  62 0028 4FF40041 		mov	r1, #32768
  63 002c 2846     		mov	r0, r5
  64 002e FFF7FEFF 		bl	HAL_GPIO_WritePin
  65              	.LVL0:
  50:Src/gpio.c    **** 
ARM GAS  /var/folders/rk/zpr83dd14lx588t7kb0yv2b40000gn/T//ccnLqyog.s 			page 3


  51:Src/gpio.c    ****   /*Configure GPIO pin : PA15 */
  52:Src/gpio.c    ****   GPIO_InitStruct.Pin = GPIO_PIN_15;
  66              		.loc 1 52 0
  67 0032 4FF40043 		mov	r3, #32768
  68 0036 0293     		str	r3, [sp, #8]
  53:Src/gpio.c    ****   GPIO_InitStruct.Mode = GPIO_MODE_OUTPUT_PP;
  69              		.loc 1 53 0
  70 0038 0126     		movs	r6, #1
  71 003a 0396     		str	r6, [sp, #12]
  54:Src/gpio.c    ****   GPIO_InitStruct.Pull = GPIO_NOPULL;
  72              		.loc 1 54 0
  73 003c 0494     		str	r4, [sp, #16]
  55:Src/gpio.c    ****   GPIO_InitStruct.Speed = GPIO_SPEED_FREQ_LOW;
  74              		.loc 1 55 0
  75 003e 4FF00208 		mov	r8, #2
  76 0042 CDF81480 		str	r8, [sp, #20]
  56:Src/gpio.c    ****   HAL_GPIO_Init(GPIOA, &GPIO_InitStruct);
  77              		.loc 1 56 0
  78 0046 02A9     		add	r1, sp, #8
  79 0048 2846     		mov	r0, r5
  80 004a FFF7FEFF 		bl	HAL_GPIO_Init
  81              	.LVL1:
  57:Src/gpio.c    **** 
  58:Src/gpio.c    ****   GPIO_InitStruct.Pin = GPIO_PIN_6|GPIO_PIN_4;
  82              		.loc 1 58 0
  83 004e 5027     		movs	r7, #80
  84 0050 0297     		str	r7, [sp, #8]
  59:Src/gpio.c    ****   GPIO_InitStruct.Mode = GPIO_MODE_OUTPUT_PP;
  85              		.loc 1 59 0
  86 0052 0396     		str	r6, [sp, #12]
  60:Src/gpio.c    ****   GPIO_InitStruct.Pull = GPIO_NOPULL;
  87              		.loc 1 60 0
  88 0054 0494     		str	r4, [sp, #16]
  61:Src/gpio.c    ****   GPIO_InitStruct.Speed = GPIO_SPEED_FREQ_LOW;
  89              		.loc 1 61 0
  90 0056 CDF81480 		str	r8, [sp, #20]
  62:Src/gpio.c    ****   HAL_GPIO_Init(GPIOA, &GPIO_InitStruct);
  91              		.loc 1 62 0
  92 005a 02A9     		add	r1, sp, #8
  93 005c 2846     		mov	r0, r5
  94 005e FFF7FEFF 		bl	HAL_GPIO_Init
  95              	.LVL2:
  63:Src/gpio.c    **** 
  64:Src/gpio.c    ****   HAL_GPIO_WritePin(GPIOA, GPIO_PIN_6|GPIO_PIN_4, GPIO_PIN_SET);
  96              		.loc 1 64 0
  97 0062 3246     		mov	r2, r6
  98 0064 3946     		mov	r1, r7
  99 0066 2846     		mov	r0, r5
 100 0068 FFF7FEFF 		bl	HAL_GPIO_WritePin
 101              	.LVL3:
  65:Src/gpio.c    **** 
  66:Src/gpio.c    **** }
 102              		.loc 1 66 0
 103 006c 06B0     		add	sp, sp, #24
 104              	.LCFI2:
 105              		.cfi_def_cfa_offset 24
 106              		@ sp needed
ARM GAS  /var/folders/rk/zpr83dd14lx588t7kb0yv2b40000gn/T//ccnLqyog.s 			page 4


 107 006e BDE8F081 		pop	{r4, r5, r6, r7, r8, pc}
 108              	.L4:
 109 0072 00BF     		.align	2
 110              	.L3:
 111 0074 00100240 		.word	1073876992
 112 0078 00080140 		.word	1073809408
 113              		.cfi_endproc
 114              	.LFE66:
 116              		.text
 117              	.Letext0:
 118              		.file 2 "/usr/local/gcc_arm/gcc-arm-none-eabi-7-2017-q4-major/arm-none-eabi/include/machine/_defau
 119              		.file 3 "/usr/local/gcc_arm/gcc-arm-none-eabi-7-2017-q4-major/arm-none-eabi/include/sys/_stdint.h"
 120              		.file 4 "Drivers/CMSIS/Include/core_cm3.h"
 121              		.file 5 "Drivers/CMSIS/Device/ST/STM32F1xx/Include/system_stm32f1xx.h"
 122              		.file 6 "Drivers/CMSIS/Device/ST/STM32F1xx/Include/stm32f103xe.h"
 123              		.file 7 "/usr/local/gcc_arm/gcc-arm-none-eabi-7-2017-q4-major/arm-none-eabi/include/sys/lock.h"
 124              		.file 8 "/usr/local/gcc_arm/gcc-arm-none-eabi-7-2017-q4-major/arm-none-eabi/include/sys/_types.h"
 125              		.file 9 "/usr/local/gcc_arm/gcc-arm-none-eabi-7-2017-q4-major/lib/gcc/arm-none-eabi/7.2.1/include/
 126              		.file 10 "/usr/local/gcc_arm/gcc-arm-none-eabi-7-2017-q4-major/arm-none-eabi/include/sys/reent.h"
 127              		.file 11 "Drivers/STM32F1xx_HAL_Driver/Inc/stm32f1xx_hal_gpio.h"
 128              		.file 12 "Drivers/STM32F1xx_HAL_Driver/Inc/stm32f1xx_hal.h"
 129              		.file 13 "u8g2/csrc/u8x8.h"
 130              		.file 14 "u8g2/csrc/u8g2.h"
 131              		.file 15 "Inc/main.h"
ARM GAS  /var/folders/rk/zpr83dd14lx588t7kb0yv2b40000gn/T//ccnLqyog.s 			page 5


DEFINED SYMBOLS
                            *ABS*:0000000000000000 gpio.c
/var/folders/rk/zpr83dd14lx588t7kb0yv2b40000gn/T//ccnLqyog.s:16     .text.MX_GPIO_Init:0000000000000000 $t
/var/folders/rk/zpr83dd14lx588t7kb0yv2b40000gn/T//ccnLqyog.s:23     .text.MX_GPIO_Init:0000000000000000 MX_GPIO_Init
/var/folders/rk/zpr83dd14lx588t7kb0yv2b40000gn/T//ccnLqyog.s:111    .text.MX_GPIO_Init:0000000000000074 $d

UNDEFINED SYMBOLS
HAL_GPIO_WritePin
HAL_GPIO_Init
