ARM GAS  /var/folders/rk/zpr83dd14lx588t7kb0yv2b40000gn/T//cc5v6pqj.s 			page 1


   1              		.cpu cortex-m3
   2              		.eabi_attribute 20, 1
   3              		.eabi_attribute 21, 1
   4              		.eabi_attribute 23, 3
   5              		.eabi_attribute 24, 1
   6              		.eabi_attribute 25, 1
   7              		.eabi_attribute 26, 1
   8              		.eabi_attribute 30, 1
   9              		.eabi_attribute 34, 1
  10              		.eabi_attribute 18, 4
  11              		.file	"i2c.c"
  12              		.text
  13              	.Ltext0:
  14              		.cfi_sections	.debug_frame
  15              		.section	.text.MX_I2C1_Init,"ax",%progbits
  16              		.align	1
  17              		.global	MX_I2C1_Init
  18              		.syntax unified
  19              		.thumb
  20              		.thumb_func
  21              		.fpu softvfp
  23              	MX_I2C1_Init:
  24              	.LFB66:
  25              		.file 1 "Src/i2c.c"
   1:Src/i2c.c     **** /**
   2:Src/i2c.c     ****   ******************************************************************************
   3:Src/i2c.c     ****   * File Name          : I2C.c
   4:Src/i2c.c     ****   * Description        : This file provides code for the configuration
   5:Src/i2c.c     ****   *                      of the I2C instances.
   6:Src/i2c.c     ****   ******************************************************************************
   7:Src/i2c.c     ****   * @attention
   8:Src/i2c.c     ****   *
   9:Src/i2c.c     ****   * <h2><center>&copy; Copyright (c) 2019 STMicroelectronics.
  10:Src/i2c.c     ****   * All rights reserved.</center></h2>
  11:Src/i2c.c     ****   *
  12:Src/i2c.c     ****   * This software component is licensed by ST under Ultimate Liberty license
  13:Src/i2c.c     ****   * SLA0044, the "License"; You may not use this file except in compliance with
  14:Src/i2c.c     ****   * the License. You may obtain a copy of the License at:
  15:Src/i2c.c     ****   *                             www.st.com/SLA0044
  16:Src/i2c.c     ****   *
  17:Src/i2c.c     ****   ******************************************************************************
  18:Src/i2c.c     ****   */
  19:Src/i2c.c     **** 
  20:Src/i2c.c     **** /* Includes ------------------------------------------------------------------*/
  21:Src/i2c.c     **** #include "i2c.h"
  22:Src/i2c.c     **** 
  23:Src/i2c.c     **** /* USER CODE BEGIN 0 */
  24:Src/i2c.c     **** 
  25:Src/i2c.c     **** /* USER CODE END 0 */
  26:Src/i2c.c     **** 
  27:Src/i2c.c     **** I2C_HandleTypeDef hi2c1;
  28:Src/i2c.c     **** I2C_HandleTypeDef hi2c2;
  29:Src/i2c.c     **** 
  30:Src/i2c.c     **** /* I2C1 init function */
  31:Src/i2c.c     **** void MX_I2C1_Init(void)
  32:Src/i2c.c     **** {
  26              		.loc 1 32 0
ARM GAS  /var/folders/rk/zpr83dd14lx588t7kb0yv2b40000gn/T//cc5v6pqj.s 			page 2


  27              		.cfi_startproc
  28              		@ args = 0, pretend = 0, frame = 0
  29              		@ frame_needed = 0, uses_anonymous_args = 0
  30 0000 08B5     		push	{r3, lr}
  31              	.LCFI0:
  32              		.cfi_def_cfa_offset 8
  33              		.cfi_offset 3, -8
  34              		.cfi_offset 14, -4
  33:Src/i2c.c     **** 
  34:Src/i2c.c     ****   hi2c1.Instance = I2C1;
  35              		.loc 1 34 0
  36 0002 0B48     		ldr	r0, .L5
  37 0004 0B4B     		ldr	r3, .L5+4
  38 0006 0360     		str	r3, [r0]
  35:Src/i2c.c     ****   hi2c1.Init.ClockSpeed = 100000;
  39              		.loc 1 35 0
  40 0008 0B4B     		ldr	r3, .L5+8
  41 000a 4360     		str	r3, [r0, #4]
  36:Src/i2c.c     ****   hi2c1.Init.DutyCycle = I2C_DUTYCYCLE_2;
  42              		.loc 1 36 0
  43 000c 0023     		movs	r3, #0
  44 000e 8360     		str	r3, [r0, #8]
  37:Src/i2c.c     ****   hi2c1.Init.OwnAddress1 = 0;
  45              		.loc 1 37 0
  46 0010 C360     		str	r3, [r0, #12]
  38:Src/i2c.c     ****   hi2c1.Init.AddressingMode = I2C_ADDRESSINGMODE_7BIT;
  47              		.loc 1 38 0
  48 0012 4FF48042 		mov	r2, #16384
  49 0016 0261     		str	r2, [r0, #16]
  39:Src/i2c.c     ****   hi2c1.Init.DualAddressMode = I2C_DUALADDRESS_DISABLE;
  50              		.loc 1 39 0
  51 0018 4361     		str	r3, [r0, #20]
  40:Src/i2c.c     ****   hi2c1.Init.OwnAddress2 = 0;
  52              		.loc 1 40 0
  53 001a 8361     		str	r3, [r0, #24]
  41:Src/i2c.c     ****   hi2c1.Init.GeneralCallMode = I2C_GENERALCALL_DISABLE;
  54              		.loc 1 41 0
  55 001c C361     		str	r3, [r0, #28]
  42:Src/i2c.c     ****   hi2c1.Init.NoStretchMode = I2C_NOSTRETCH_DISABLE;
  56              		.loc 1 42 0
  57 001e 0362     		str	r3, [r0, #32]
  43:Src/i2c.c     ****   if (HAL_I2C_Init(&hi2c1) != HAL_OK)
  58              		.loc 1 43 0
  59 0020 FFF7FEFF 		bl	HAL_I2C_Init
  60              	.LVL0:
  61 0024 00B9     		cbnz	r0, .L4
  62              	.L1:
  44:Src/i2c.c     ****   {
  45:Src/i2c.c     ****     Error_Handler();
  46:Src/i2c.c     ****   }
  47:Src/i2c.c     **** 
  48:Src/i2c.c     **** }
  63              		.loc 1 48 0
  64 0026 08BD     		pop	{r3, pc}
  65              	.L4:
  45:Src/i2c.c     ****   }
  66              		.loc 1 45 0
ARM GAS  /var/folders/rk/zpr83dd14lx588t7kb0yv2b40000gn/T//cc5v6pqj.s 			page 3


  67 0028 FFF7FEFF 		bl	Error_Handler
  68              	.LVL1:
  69              		.loc 1 48 0
  70 002c FBE7     		b	.L1
  71              	.L6:
  72 002e 00BF     		.align	2
  73              	.L5:
  74 0030 00000000 		.word	hi2c1
  75 0034 00540040 		.word	1073763328
  76 0038 A0860100 		.word	100000
  77              		.cfi_endproc
  78              	.LFE66:
  80              		.section	.text.MX_I2C2_Init,"ax",%progbits
  81              		.align	1
  82              		.global	MX_I2C2_Init
  83              		.syntax unified
  84              		.thumb
  85              		.thumb_func
  86              		.fpu softvfp
  88              	MX_I2C2_Init:
  89              	.LFB67:
  49:Src/i2c.c     **** /* I2C2 init function */
  50:Src/i2c.c     **** void MX_I2C2_Init(void)
  51:Src/i2c.c     **** {
  90              		.loc 1 51 0
  91              		.cfi_startproc
  92              		@ args = 0, pretend = 0, frame = 0
  93              		@ frame_needed = 0, uses_anonymous_args = 0
  94 0000 08B5     		push	{r3, lr}
  95              	.LCFI1:
  96              		.cfi_def_cfa_offset 8
  97              		.cfi_offset 3, -8
  98              		.cfi_offset 14, -4
  52:Src/i2c.c     **** 
  53:Src/i2c.c     ****   hi2c2.Instance = I2C2;
  99              		.loc 1 53 0
 100 0002 0B48     		ldr	r0, .L11
 101 0004 0B4B     		ldr	r3, .L11+4
 102 0006 0360     		str	r3, [r0]
  54:Src/i2c.c     ****   hi2c2.Init.ClockSpeed = 100000;
 103              		.loc 1 54 0
 104 0008 0B4B     		ldr	r3, .L11+8
 105 000a 4360     		str	r3, [r0, #4]
  55:Src/i2c.c     ****   hi2c2.Init.DutyCycle = I2C_DUTYCYCLE_2;
 106              		.loc 1 55 0
 107 000c 0023     		movs	r3, #0
 108 000e 8360     		str	r3, [r0, #8]
  56:Src/i2c.c     ****   hi2c2.Init.OwnAddress1 = 0;
 109              		.loc 1 56 0
 110 0010 C360     		str	r3, [r0, #12]
  57:Src/i2c.c     ****   hi2c2.Init.AddressingMode = I2C_ADDRESSINGMODE_7BIT;
 111              		.loc 1 57 0
 112 0012 4FF48042 		mov	r2, #16384
 113 0016 0261     		str	r2, [r0, #16]
  58:Src/i2c.c     ****   hi2c2.Init.DualAddressMode = I2C_DUALADDRESS_DISABLE;
 114              		.loc 1 58 0
 115 0018 4361     		str	r3, [r0, #20]
ARM GAS  /var/folders/rk/zpr83dd14lx588t7kb0yv2b40000gn/T//cc5v6pqj.s 			page 4


  59:Src/i2c.c     ****   hi2c2.Init.OwnAddress2 = 0;
 116              		.loc 1 59 0
 117 001a 8361     		str	r3, [r0, #24]
  60:Src/i2c.c     ****   hi2c2.Init.GeneralCallMode = I2C_GENERALCALL_DISABLE;
 118              		.loc 1 60 0
 119 001c C361     		str	r3, [r0, #28]
  61:Src/i2c.c     ****   hi2c2.Init.NoStretchMode = I2C_NOSTRETCH_DISABLE;
 120              		.loc 1 61 0
 121 001e 0362     		str	r3, [r0, #32]
  62:Src/i2c.c     ****   if (HAL_I2C_Init(&hi2c2) != HAL_OK)
 122              		.loc 1 62 0
 123 0020 FFF7FEFF 		bl	HAL_I2C_Init
 124              	.LVL2:
 125 0024 00B9     		cbnz	r0, .L10
 126              	.L7:
  63:Src/i2c.c     ****   {
  64:Src/i2c.c     ****     Error_Handler();
  65:Src/i2c.c     ****   }
  66:Src/i2c.c     **** 
  67:Src/i2c.c     **** }
 127              		.loc 1 67 0
 128 0026 08BD     		pop	{r3, pc}
 129              	.L10:
  64:Src/i2c.c     ****   }
 130              		.loc 1 64 0
 131 0028 FFF7FEFF 		bl	Error_Handler
 132              	.LVL3:
 133              		.loc 1 67 0
 134 002c FBE7     		b	.L7
 135              	.L12:
 136 002e 00BF     		.align	2
 137              	.L11:
 138 0030 00000000 		.word	hi2c2
 139 0034 00580040 		.word	1073764352
 140 0038 A0860100 		.word	100000
 141              		.cfi_endproc
 142              	.LFE67:
 144              		.section	.text.HAL_I2C_MspInit,"ax",%progbits
 145              		.align	1
 146              		.global	HAL_I2C_MspInit
 147              		.syntax unified
 148              		.thumb
 149              		.thumb_func
 150              		.fpu softvfp
 152              	HAL_I2C_MspInit:
 153              	.LFB68:
  68:Src/i2c.c     **** 
  69:Src/i2c.c     **** void HAL_I2C_MspInit(I2C_HandleTypeDef* i2cHandle)
  70:Src/i2c.c     **** {
 154              		.loc 1 70 0
 155              		.cfi_startproc
 156              		@ args = 0, pretend = 0, frame = 32
 157              		@ frame_needed = 0, uses_anonymous_args = 0
 158              	.LVL4:
 159 0000 10B5     		push	{r4, lr}
 160              	.LCFI2:
 161              		.cfi_def_cfa_offset 8
ARM GAS  /var/folders/rk/zpr83dd14lx588t7kb0yv2b40000gn/T//cc5v6pqj.s 			page 5


 162              		.cfi_offset 4, -8
 163              		.cfi_offset 14, -4
 164 0002 88B0     		sub	sp, sp, #32
 165              	.LCFI3:
 166              		.cfi_def_cfa_offset 40
  71:Src/i2c.c     **** 
  72:Src/i2c.c     ****   GPIO_InitTypeDef GPIO_InitStruct = {0};
 167              		.loc 1 72 0
 168 0004 0023     		movs	r3, #0
 169 0006 0493     		str	r3, [sp, #16]
 170 0008 0593     		str	r3, [sp, #20]
 171 000a 0693     		str	r3, [sp, #24]
 172 000c 0793     		str	r3, [sp, #28]
  73:Src/i2c.c     ****   if(i2cHandle->Instance==I2C1)
 173              		.loc 1 73 0
 174 000e 0368     		ldr	r3, [r0]
 175 0010 224A     		ldr	r2, .L19
 176 0012 9342     		cmp	r3, r2
 177 0014 04D0     		beq	.L17
  74:Src/i2c.c     ****   {
  75:Src/i2c.c     ****   /* USER CODE BEGIN I2C1_MspInit 0 */
  76:Src/i2c.c     **** 
  77:Src/i2c.c     ****   /* USER CODE END I2C1_MspInit 0 */
  78:Src/i2c.c     ****   
  79:Src/i2c.c     ****     __HAL_RCC_GPIOB_CLK_ENABLE();
  80:Src/i2c.c     ****     /**I2C1 GPIO Configuration    
  81:Src/i2c.c     ****     PB6     ------> I2C1_SCL
  82:Src/i2c.c     ****     PB7     ------> I2C1_SDA 
  83:Src/i2c.c     ****     */
  84:Src/i2c.c     ****     GPIO_InitStruct.Pin = GPIO_PIN_6|GPIO_PIN_7;
  85:Src/i2c.c     ****     GPIO_InitStruct.Mode = GPIO_MODE_AF_OD;
  86:Src/i2c.c     ****     GPIO_InitStruct.Speed = GPIO_SPEED_FREQ_HIGH;
  87:Src/i2c.c     ****     HAL_GPIO_Init(GPIOB, &GPIO_InitStruct);
  88:Src/i2c.c     **** 
  89:Src/i2c.c     ****     /* I2C1 clock enable */
  90:Src/i2c.c     ****     __HAL_RCC_I2C1_CLK_ENABLE();
  91:Src/i2c.c     ****   /* USER CODE BEGIN I2C1_MspInit 1 */
  92:Src/i2c.c     **** 
  93:Src/i2c.c     ****   /* USER CODE END I2C1_MspInit 1 */
  94:Src/i2c.c     ****   }
  95:Src/i2c.c     ****   else if(i2cHandle->Instance==I2C2)
 178              		.loc 1 95 0
 179 0016 224A     		ldr	r2, .L19+4
 180 0018 9342     		cmp	r3, r2
 181 001a 1FD0     		beq	.L18
 182              	.LVL5:
 183              	.L13:
  96:Src/i2c.c     ****   {
  97:Src/i2c.c     ****   /* USER CODE BEGIN I2C2_MspInit 0 */
  98:Src/i2c.c     **** 
  99:Src/i2c.c     ****   /* USER CODE END I2C2_MspInit 0 */
 100:Src/i2c.c     ****   
 101:Src/i2c.c     ****     __HAL_RCC_GPIOB_CLK_ENABLE();
 102:Src/i2c.c     ****     /**I2C2 GPIO Configuration    
 103:Src/i2c.c     ****     PB10     ------> I2C2_SCL
 104:Src/i2c.c     ****     PB11     ------> I2C2_SDA 
 105:Src/i2c.c     ****     */
ARM GAS  /var/folders/rk/zpr83dd14lx588t7kb0yv2b40000gn/T//cc5v6pqj.s 			page 6


 106:Src/i2c.c     ****     GPIO_InitStruct.Pin = GPIO_PIN_10|GPIO_PIN_11;
 107:Src/i2c.c     ****     GPIO_InitStruct.Mode = GPIO_MODE_AF_OD;
 108:Src/i2c.c     ****     GPIO_InitStruct.Speed = GPIO_SPEED_FREQ_HIGH;
 109:Src/i2c.c     ****     HAL_GPIO_Init(GPIOB, &GPIO_InitStruct);
 110:Src/i2c.c     **** 
 111:Src/i2c.c     ****     /* I2C2 clock enable */
 112:Src/i2c.c     ****     __HAL_RCC_I2C2_CLK_ENABLE();
 113:Src/i2c.c     ****   /* USER CODE BEGIN I2C2_MspInit 1 */
 114:Src/i2c.c     **** 
 115:Src/i2c.c     ****   /* USER CODE END I2C2_MspInit 1 */
 116:Src/i2c.c     ****   }
 117:Src/i2c.c     **** }
 184              		.loc 1 117 0
 185 001c 08B0     		add	sp, sp, #32
 186              	.LCFI4:
 187              		.cfi_remember_state
 188              		.cfi_def_cfa_offset 8
 189              		@ sp needed
 190 001e 10BD     		pop	{r4, pc}
 191              	.LVL6:
 192              	.L17:
 193              	.LCFI5:
 194              		.cfi_restore_state
 195              	.LBB2:
  79:Src/i2c.c     ****     /**I2C1 GPIO Configuration    
 196              		.loc 1 79 0
 197 0020 204C     		ldr	r4, .L19+8
 198 0022 A369     		ldr	r3, [r4, #24]
 199 0024 43F00803 		orr	r3, r3, #8
 200 0028 A361     		str	r3, [r4, #24]
 201 002a A369     		ldr	r3, [r4, #24]
 202 002c 03F00803 		and	r3, r3, #8
 203 0030 0093     		str	r3, [sp]
 204 0032 009B     		ldr	r3, [sp]
 205              	.LBE2:
  84:Src/i2c.c     ****     GPIO_InitStruct.Mode = GPIO_MODE_AF_OD;
 206              		.loc 1 84 0
 207 0034 C023     		movs	r3, #192
 208 0036 0493     		str	r3, [sp, #16]
  85:Src/i2c.c     ****     GPIO_InitStruct.Speed = GPIO_SPEED_FREQ_HIGH;
 209              		.loc 1 85 0
 210 0038 1223     		movs	r3, #18
 211 003a 0593     		str	r3, [sp, #20]
  86:Src/i2c.c     ****     HAL_GPIO_Init(GPIOB, &GPIO_InitStruct);
 212              		.loc 1 86 0
 213 003c 0323     		movs	r3, #3
 214 003e 0793     		str	r3, [sp, #28]
  87:Src/i2c.c     **** 
 215              		.loc 1 87 0
 216 0040 04A9     		add	r1, sp, #16
 217 0042 1948     		ldr	r0, .L19+12
 218              	.LVL7:
 219 0044 FFF7FEFF 		bl	HAL_GPIO_Init
 220              	.LVL8:
 221              	.LBB3:
  90:Src/i2c.c     ****   /* USER CODE BEGIN I2C1_MspInit 1 */
 222              		.loc 1 90 0
ARM GAS  /var/folders/rk/zpr83dd14lx588t7kb0yv2b40000gn/T//cc5v6pqj.s 			page 7


 223 0048 E369     		ldr	r3, [r4, #28]
 224 004a 43F40013 		orr	r3, r3, #2097152
 225 004e E361     		str	r3, [r4, #28]
 226 0050 E369     		ldr	r3, [r4, #28]
 227 0052 03F40013 		and	r3, r3, #2097152
 228 0056 0193     		str	r3, [sp, #4]
 229 0058 019B     		ldr	r3, [sp, #4]
 230              	.LBE3:
 231 005a DFE7     		b	.L13
 232              	.LVL9:
 233              	.L18:
 234              	.LBB4:
 101:Src/i2c.c     ****     /**I2C2 GPIO Configuration    
 235              		.loc 1 101 0
 236 005c 114C     		ldr	r4, .L19+8
 237 005e A369     		ldr	r3, [r4, #24]
 238 0060 43F00803 		orr	r3, r3, #8
 239 0064 A361     		str	r3, [r4, #24]
 240 0066 A369     		ldr	r3, [r4, #24]
 241 0068 03F00803 		and	r3, r3, #8
 242 006c 0293     		str	r3, [sp, #8]
 243 006e 029B     		ldr	r3, [sp, #8]
 244              	.LBE4:
 106:Src/i2c.c     ****     GPIO_InitStruct.Mode = GPIO_MODE_AF_OD;
 245              		.loc 1 106 0
 246 0070 4FF44063 		mov	r3, #3072
 247 0074 0493     		str	r3, [sp, #16]
 107:Src/i2c.c     ****     GPIO_InitStruct.Speed = GPIO_SPEED_FREQ_HIGH;
 248              		.loc 1 107 0
 249 0076 1223     		movs	r3, #18
 250 0078 0593     		str	r3, [sp, #20]
 108:Src/i2c.c     ****     HAL_GPIO_Init(GPIOB, &GPIO_InitStruct);
 251              		.loc 1 108 0
 252 007a 0323     		movs	r3, #3
 253 007c 0793     		str	r3, [sp, #28]
 109:Src/i2c.c     **** 
 254              		.loc 1 109 0
 255 007e 04A9     		add	r1, sp, #16
 256 0080 0948     		ldr	r0, .L19+12
 257              	.LVL10:
 258 0082 FFF7FEFF 		bl	HAL_GPIO_Init
 259              	.LVL11:
 260              	.LBB5:
 112:Src/i2c.c     ****   /* USER CODE BEGIN I2C2_MspInit 1 */
 261              		.loc 1 112 0
 262 0086 E369     		ldr	r3, [r4, #28]
 263 0088 43F48003 		orr	r3, r3, #4194304
 264 008c E361     		str	r3, [r4, #28]
 265 008e E369     		ldr	r3, [r4, #28]
 266 0090 03F48003 		and	r3, r3, #4194304
 267 0094 0393     		str	r3, [sp, #12]
 268 0096 039B     		ldr	r3, [sp, #12]
 269              	.LBE5:
 270              		.loc 1 117 0
 271 0098 C0E7     		b	.L13
 272              	.L20:
 273 009a 00BF     		.align	2
ARM GAS  /var/folders/rk/zpr83dd14lx588t7kb0yv2b40000gn/T//cc5v6pqj.s 			page 8


 274              	.L19:
 275 009c 00540040 		.word	1073763328
 276 00a0 00580040 		.word	1073764352
 277 00a4 00100240 		.word	1073876992
 278 00a8 000C0140 		.word	1073810432
 279              		.cfi_endproc
 280              	.LFE68:
 282              		.section	.text.HAL_I2C_MspDeInit,"ax",%progbits
 283              		.align	1
 284              		.global	HAL_I2C_MspDeInit
 285              		.syntax unified
 286              		.thumb
 287              		.thumb_func
 288              		.fpu softvfp
 290              	HAL_I2C_MspDeInit:
 291              	.LFB69:
 118:Src/i2c.c     **** 
 119:Src/i2c.c     **** void HAL_I2C_MspDeInit(I2C_HandleTypeDef* i2cHandle)
 120:Src/i2c.c     **** {
 292              		.loc 1 120 0
 293              		.cfi_startproc
 294              		@ args = 0, pretend = 0, frame = 0
 295              		@ frame_needed = 0, uses_anonymous_args = 0
 296              	.LVL12:
 297 0000 08B5     		push	{r3, lr}
 298              	.LCFI6:
 299              		.cfi_def_cfa_offset 8
 300              		.cfi_offset 3, -8
 301              		.cfi_offset 14, -4
 121:Src/i2c.c     **** 
 122:Src/i2c.c     ****   if(i2cHandle->Instance==I2C1)
 302              		.loc 1 122 0
 303 0002 0368     		ldr	r3, [r0]
 304 0004 0E4A     		ldr	r2, .L27
 305 0006 9342     		cmp	r3, r2
 306 0008 03D0     		beq	.L25
 123:Src/i2c.c     ****   {
 124:Src/i2c.c     ****   /* USER CODE BEGIN I2C1_MspDeInit 0 */
 125:Src/i2c.c     **** 
 126:Src/i2c.c     ****   /* USER CODE END I2C1_MspDeInit 0 */
 127:Src/i2c.c     ****     /* Peripheral clock disable */
 128:Src/i2c.c     ****     __HAL_RCC_I2C1_CLK_DISABLE();
 129:Src/i2c.c     ****   
 130:Src/i2c.c     ****     /**I2C1 GPIO Configuration    
 131:Src/i2c.c     ****     PB6     ------> I2C1_SCL
 132:Src/i2c.c     ****     PB7     ------> I2C1_SDA 
 133:Src/i2c.c     ****     */
 134:Src/i2c.c     ****     HAL_GPIO_DeInit(GPIOB, GPIO_PIN_6|GPIO_PIN_7);
 135:Src/i2c.c     **** 
 136:Src/i2c.c     ****   /* USER CODE BEGIN I2C1_MspDeInit 1 */
 137:Src/i2c.c     **** 
 138:Src/i2c.c     ****   /* USER CODE END I2C1_MspDeInit 1 */
 139:Src/i2c.c     ****   }
 140:Src/i2c.c     ****   else if(i2cHandle->Instance==I2C2)
 307              		.loc 1 140 0
 308 000a 0E4A     		ldr	r2, .L27+4
 309 000c 9342     		cmp	r3, r2
ARM GAS  /var/folders/rk/zpr83dd14lx588t7kb0yv2b40000gn/T//cc5v6pqj.s 			page 9


 310 000e 0BD0     		beq	.L26
 311              	.LVL13:
 312              	.L21:
 141:Src/i2c.c     ****   {
 142:Src/i2c.c     ****   /* USER CODE BEGIN I2C2_MspDeInit 0 */
 143:Src/i2c.c     **** 
 144:Src/i2c.c     ****   /* USER CODE END I2C2_MspDeInit 0 */
 145:Src/i2c.c     ****     /* Peripheral clock disable */
 146:Src/i2c.c     ****     __HAL_RCC_I2C2_CLK_DISABLE();
 147:Src/i2c.c     ****   
 148:Src/i2c.c     ****     /**I2C2 GPIO Configuration    
 149:Src/i2c.c     ****     PB10     ------> I2C2_SCL
 150:Src/i2c.c     ****     PB11     ------> I2C2_SDA 
 151:Src/i2c.c     ****     */
 152:Src/i2c.c     ****     HAL_GPIO_DeInit(GPIOB, GPIO_PIN_10|GPIO_PIN_11);
 153:Src/i2c.c     **** 
 154:Src/i2c.c     ****   /* USER CODE BEGIN I2C2_MspDeInit 1 */
 155:Src/i2c.c     **** 
 156:Src/i2c.c     ****   /* USER CODE END I2C2_MspDeInit 1 */
 157:Src/i2c.c     ****   }
 158:Src/i2c.c     **** } 
 313              		.loc 1 158 0
 314 0010 08BD     		pop	{r3, pc}
 315              	.LVL14:
 316              	.L25:
 128:Src/i2c.c     ****   
 317              		.loc 1 128 0
 318 0012 02F5DE32 		add	r2, r2, #113664
 319 0016 D369     		ldr	r3, [r2, #28]
 320 0018 23F40013 		bic	r3, r3, #2097152
 321 001c D361     		str	r3, [r2, #28]
 134:Src/i2c.c     **** 
 322              		.loc 1 134 0
 323 001e C021     		movs	r1, #192
 324 0020 0948     		ldr	r0, .L27+8
 325              	.LVL15:
 326 0022 FFF7FEFF 		bl	HAL_GPIO_DeInit
 327              	.LVL16:
 328 0026 F3E7     		b	.L21
 329              	.LVL17:
 330              	.L26:
 146:Src/i2c.c     ****   
 331              		.loc 1 146 0
 332 0028 02F5DC32 		add	r2, r2, #112640
 333 002c D369     		ldr	r3, [r2, #28]
 334 002e 23F48003 		bic	r3, r3, #4194304
 335 0032 D361     		str	r3, [r2, #28]
 152:Src/i2c.c     **** 
 336              		.loc 1 152 0
 337 0034 4FF44061 		mov	r1, #3072
 338 0038 0348     		ldr	r0, .L27+8
 339              	.LVL18:
 340 003a FFF7FEFF 		bl	HAL_GPIO_DeInit
 341              	.LVL19:
 342              		.loc 1 158 0
 343 003e E7E7     		b	.L21
 344              	.L28:
ARM GAS  /var/folders/rk/zpr83dd14lx588t7kb0yv2b40000gn/T//cc5v6pqj.s 			page 10


 345              		.align	2
 346              	.L27:
 347 0040 00540040 		.word	1073763328
 348 0044 00580040 		.word	1073764352
 349 0048 000C0140 		.word	1073810432
 350              		.cfi_endproc
 351              	.LFE69:
 353              		.comm	hi2c2,84,4
 354              		.comm	hi2c1,84,4
 355              		.text
 356              	.Letext0:
 357              		.file 2 "/usr/local/gcc_arm/gcc-arm-none-eabi-7-2017-q4-major/arm-none-eabi/include/machine/_defau
 358              		.file 3 "/usr/local/gcc_arm/gcc-arm-none-eabi-7-2017-q4-major/arm-none-eabi/include/sys/_stdint.h"
 359              		.file 4 "Drivers/CMSIS/Include/core_cm3.h"
 360              		.file 5 "Drivers/CMSIS/Device/ST/STM32F1xx/Include/system_stm32f1xx.h"
 361              		.file 6 "Drivers/CMSIS/Device/ST/STM32F1xx/Include/stm32f103xe.h"
 362              		.file 7 "/usr/local/gcc_arm/gcc-arm-none-eabi-7-2017-q4-major/arm-none-eabi/include/sys/lock.h"
 363              		.file 8 "/usr/local/gcc_arm/gcc-arm-none-eabi-7-2017-q4-major/arm-none-eabi/include/sys/_types.h"
 364              		.file 9 "/usr/local/gcc_arm/gcc-arm-none-eabi-7-2017-q4-major/lib/gcc/arm-none-eabi/7.2.1/include/
 365              		.file 10 "/usr/local/gcc_arm/gcc-arm-none-eabi-7-2017-q4-major/arm-none-eabi/include/sys/reent.h"
 366              		.file 11 "Drivers/STM32F1xx_HAL_Driver/Inc/stm32f1xx_hal_def.h"
 367              		.file 12 "Drivers/STM32F1xx_HAL_Driver/Inc/stm32f1xx_hal_gpio.h"
 368              		.file 13 "Drivers/STM32F1xx_HAL_Driver/Inc/stm32f1xx_hal_dma.h"
 369              		.file 14 "Drivers/STM32F1xx_HAL_Driver/Inc/stm32f1xx_hal_i2c.h"
 370              		.file 15 "Drivers/STM32F1xx_HAL_Driver/Inc/stm32f1xx_hal.h"
 371              		.file 16 "u8g2/csrc/u8x8.h"
 372              		.file 17 "u8g2/csrc/u8g2.h"
 373              		.file 18 "Inc/main.h"
 374              		.file 19 "Inc/i2c.h"
ARM GAS  /var/folders/rk/zpr83dd14lx588t7kb0yv2b40000gn/T//cc5v6pqj.s 			page 11


DEFINED SYMBOLS
                            *ABS*:0000000000000000 i2c.c
/var/folders/rk/zpr83dd14lx588t7kb0yv2b40000gn/T//cc5v6pqj.s:16     .text.MX_I2C1_Init:0000000000000000 $t
/var/folders/rk/zpr83dd14lx588t7kb0yv2b40000gn/T//cc5v6pqj.s:23     .text.MX_I2C1_Init:0000000000000000 MX_I2C1_Init
/var/folders/rk/zpr83dd14lx588t7kb0yv2b40000gn/T//cc5v6pqj.s:74     .text.MX_I2C1_Init:0000000000000030 $d
                            *COM*:0000000000000054 hi2c1
/var/folders/rk/zpr83dd14lx588t7kb0yv2b40000gn/T//cc5v6pqj.s:81     .text.MX_I2C2_Init:0000000000000000 $t
/var/folders/rk/zpr83dd14lx588t7kb0yv2b40000gn/T//cc5v6pqj.s:88     .text.MX_I2C2_Init:0000000000000000 MX_I2C2_Init
/var/folders/rk/zpr83dd14lx588t7kb0yv2b40000gn/T//cc5v6pqj.s:138    .text.MX_I2C2_Init:0000000000000030 $d
                            *COM*:0000000000000054 hi2c2
/var/folders/rk/zpr83dd14lx588t7kb0yv2b40000gn/T//cc5v6pqj.s:145    .text.HAL_I2C_MspInit:0000000000000000 $t
/var/folders/rk/zpr83dd14lx588t7kb0yv2b40000gn/T//cc5v6pqj.s:152    .text.HAL_I2C_MspInit:0000000000000000 HAL_I2C_MspInit
/var/folders/rk/zpr83dd14lx588t7kb0yv2b40000gn/T//cc5v6pqj.s:275    .text.HAL_I2C_MspInit:000000000000009c $d
/var/folders/rk/zpr83dd14lx588t7kb0yv2b40000gn/T//cc5v6pqj.s:283    .text.HAL_I2C_MspDeInit:0000000000000000 $t
/var/folders/rk/zpr83dd14lx588t7kb0yv2b40000gn/T//cc5v6pqj.s:290    .text.HAL_I2C_MspDeInit:0000000000000000 HAL_I2C_MspDeInit
/var/folders/rk/zpr83dd14lx588t7kb0yv2b40000gn/T//cc5v6pqj.s:347    .text.HAL_I2C_MspDeInit:0000000000000040 $d

UNDEFINED SYMBOLS
HAL_I2C_Init
Error_Handler
HAL_GPIO_Init
HAL_GPIO_DeInit
