ARM GAS  /var/folders/rk/zpr83dd14lx588t7kb0yv2b40000gn/T//cceykXrD.s 			page 1


   1              		.cpu cortex-m3
   2              		.eabi_attribute 20, 1
   3              		.eabi_attribute 21, 1
   4              		.eabi_attribute 23, 3
   5              		.eabi_attribute 24, 1
   6              		.eabi_attribute 25, 1
   7              		.eabi_attribute 26, 1
   8              		.eabi_attribute 30, 1
   9              		.eabi_attribute 34, 1
  10              		.eabi_attribute 18, 4
  11              		.file	"ir_decode.c"
  12              		.text
  13              	.Ltext0:
  14              		.cfi_sections	.debug_frame
  15              		.section	.text.NEC_RCC_Configuration,"ax",%progbits
  16              		.align	1
  17              		.syntax unified
  18              		.thumb
  19              		.thumb_func
  20              		.fpu softvfp
  22              	NEC_RCC_Configuration:
  23              	.LFB71:
  24              		.file 1 "Src/ir_decode.c"
   1:Src/ir_decode.c **** #include "ir_decode.h"
   2:Src/ir_decode.c **** #include "main_screen.h"
   3:Src/ir_decode.c **** #include "menu.h"
   4:Src/ir_decode.c **** #include "buzzer.h"
   5:Src/ir_decode.c **** #include "system.h"
   6:Src/ir_decode.c **** #include "config.h"
   7:Src/ir_decode.c **** 
   8:Src/ir_decode.c **** const uint16_t IRAddr = 0x00ff;
   9:Src/ir_decode.c **** NEC_Frame_TypeDef necFrame;
  10:Src/ir_decode.c **** uint16_t IRCmd;
  11:Src/ir_decode.c **** 
  12:Src/ir_decode.c **** /* Private define ------------------------------------------------------------*/
  13:Src/ir_decode.c **** #define   MIN_BIT_START_TIME_MS       12  /* Minimum Full bit start time in ms */
  14:Src/ir_decode.c **** #define   MAX_BIT_START_TIME_MS       14  /* Maximum Full bit start time in ms */
  15:Src/ir_decode.c **** 
  16:Src/ir_decode.c **** #define   MIN_BIT_HIGH_TIME_MS         2 /* Minimum Full bit 1 time in ms */
  17:Src/ir_decode.c **** #define   MAX_BIT_HIGH_TIME_MS         3 /* Maximum Full bit 1 time in ms */
  18:Src/ir_decode.c **** 
  19:Src/ir_decode.c **** #define   MIN_BIT_LOW_TIME_MS         1 /* Minimum Full bit 0 time in ms */
  20:Src/ir_decode.c **** #define   MAX_BIT_LOW_TIME_MS         2 /* Maximum Full bit 0 time in ms */
  21:Src/ir_decode.c **** 
  22:Src/ir_decode.c **** 
  23:Src/ir_decode.c **** TIM_HandleTypeDef htim3;
  24:Src/ir_decode.c **** 
  25:Src/ir_decode.c **** /* Private function prototypes -----------------------------------------------*/
  26:Src/ir_decode.c **** static void NEC_RCC_Configuration(void);
  27:Src/ir_decode.c **** static void NEC_GPIO_Configuration(void);
  28:Src/ir_decode.c **** static void NEC_NVIC_Configuration(void);
  29:Src/ir_decode.c **** static uint32_t NEC_TIM_GetCounterCLKValue(void);
  30:Src/ir_decode.c **** static void NEC_WaitForNextFallingEdge(void);
  31:Src/ir_decode.c **** 
  32:Src/ir_decode.c **** /* Private functions ---------------------------------------------------------*/
  33:Src/ir_decode.c **** /**
  34:Src/ir_decode.c ****   * @brief  Initialize the NEC reception.
ARM GAS  /var/folders/rk/zpr83dd14lx588t7kb0yv2b40000gn/T//cceykXrD.s 			page 2


  35:Src/ir_decode.c ****   * @param  None
  36:Src/ir_decode.c ****   * @retval None
  37:Src/ir_decode.c ****   */
  38:Src/ir_decode.c **** void NEC_Receiver_Init(void)
  39:Src/ir_decode.c **** {
  40:Src/ir_decode.c ****   necFrame.startBit = 0;
  41:Src/ir_decode.c ****   necFrame.cnt = 0;
  42:Src/ir_decode.c ****   necFrame.cntTmp = 0;
  43:Src/ir_decode.c ****   necFrame.cntData = 0;
  44:Src/ir_decode.c ****   necFrame.dataRev = 0;
  45:Src/ir_decode.c ****   /* System Clocks Configuration for NEC reception */
  46:Src/ir_decode.c ****   NEC_RCC_Configuration();
  47:Src/ir_decode.c **** 
  48:Src/ir_decode.c ****   /* NVIC configuration for NEC reception */
  49:Src/ir_decode.c ****   NEC_NVIC_Configuration();
  50:Src/ir_decode.c **** 
  51:Src/ir_decode.c ****   /* Configure the GPIO port for NEC reception */
  52:Src/ir_decode.c ****   NEC_GPIO_Configuration();
  53:Src/ir_decode.c **** 
  54:Src/ir_decode.c ****   
  55:Src/ir_decode.c ****   NEC_WaitForNextFallingEdge();
  56:Src/ir_decode.c **** }
  57:Src/ir_decode.c **** 
  58:Src/ir_decode.c **** /**
  59:Src/ir_decode.c ****   * @brief  Configure the system to receive the next NEC frame.
  60:Src/ir_decode.c ****   * @param  None
  61:Src/ir_decode.c ****   * @retval None
  62:Src/ir_decode.c ****   */
  63:Src/ir_decode.c **** 
  64:Src/ir_decode.c **** static void NEC_WaitForNextFallingEdge(void)
  65:Src/ir_decode.c **** {
  66:Src/ir_decode.c ****   /* Enable EXTI line x */
  67:Src/ir_decode.c ****   HAL_NVIC_EnableIRQ(EXTI0_IRQn);
  68:Src/ir_decode.c **** 
  69:Src/ir_decode.c ****   TIM_ClockConfigTypeDef sClockSourceConfig = {0};
  70:Src/ir_decode.c ****   TIM_MasterConfigTypeDef sMasterConfig = {0};
  71:Src/ir_decode.c **** 
  72:Src/ir_decode.c ****   htim3.Instance = TIM3;
  73:Src/ir_decode.c ****   htim3.Init.Prescaler = 71;
  74:Src/ir_decode.c ****   htim3.Init.CounterMode = TIM_COUNTERMODE_UP;
  75:Src/ir_decode.c ****   htim3.Init.Period = 499;
  76:Src/ir_decode.c ****   htim3.Init.ClockDivision = TIM_CLOCKDIVISION_DIV1;
  77:Src/ir_decode.c ****   htim3.Init.AutoReloadPreload = TIM_AUTORELOAD_PRELOAD_ENABLE;
  78:Src/ir_decode.c **** 
  79:Src/ir_decode.c ****   if (HAL_TIM_Base_Init(&htim3) != HAL_OK)
  80:Src/ir_decode.c ****   {
  81:Src/ir_decode.c ****     Error_Handler();
  82:Src/ir_decode.c ****   }
  83:Src/ir_decode.c **** 
  84:Src/ir_decode.c ****   sClockSourceConfig.ClockSource = TIM_CLOCKSOURCE_INTERNAL;
  85:Src/ir_decode.c ****   if (HAL_TIM_ConfigClockSource(&htim3, &sClockSourceConfig) != HAL_OK)
  86:Src/ir_decode.c ****   {
  87:Src/ir_decode.c ****     Error_Handler();
  88:Src/ir_decode.c ****   }
  89:Src/ir_decode.c ****   sMasterConfig.MasterOutputTrigger = TIM_TRGO_RESET;
  90:Src/ir_decode.c ****   sMasterConfig.MasterSlaveMode = TIM_MASTERSLAVEMODE_DISABLE;
  91:Src/ir_decode.c ****   if (HAL_TIMEx_MasterConfigSynchronization(&htim3, &sMasterConfig) != HAL_OK)
ARM GAS  /var/folders/rk/zpr83dd14lx588t7kb0yv2b40000gn/T//cceykXrD.s 			page 3


  92:Src/ir_decode.c ****   {
  93:Src/ir_decode.c ****     Error_Handler();
  94:Src/ir_decode.c ****   }
  95:Src/ir_decode.c ****   __HAL_TIM_SET_COUNTER(&htim3, 0);
  96:Src/ir_decode.c ****   HAL_TIM_Base_Start_IT(&htim3);
  97:Src/ir_decode.c **** }
  98:Src/ir_decode.c **** 
  99:Src/ir_decode.c **** /**
 100:Src/ir_decode.c ****   * @brief  tim3 interrupt Callback 500us
 101:Src/ir_decode.c ****   * @param  None
 102:Src/ir_decode.c ****   * @retval None
 103:Src/ir_decode.c ****   */
 104:Src/ir_decode.c **** 
 105:Src/ir_decode.c **** void HAL_TIM_PeriodElapsedCallback(TIM_HandleTypeDef *htim)
 106:Src/ir_decode.c **** {
 107:Src/ir_decode.c ****   if(++necFrame.cnt >= 50)
 108:Src/ir_decode.c ****     necFrame.cnt = 0;
 109:Src/ir_decode.c **** }
 110:Src/ir_decode.c **** 
 111:Src/ir_decode.c **** /**
 112:Src/ir_decode.c ****   * @brief  Gpio_extx interrupt Callback.
 113:Src/ir_decode.c ****   * @param  None
 114:Src/ir_decode.c ****   * @retval None
 115:Src/ir_decode.c ****   */
 116:Src/ir_decode.c **** 
 117:Src/ir_decode.c **** void HAL_GPIO_EXTI_Callback(uint16_t GPIO_Pin)
 118:Src/ir_decode.c **** {
 119:Src/ir_decode.c ****   NEC_MeasureFirstLowDuration();
 120:Src/ir_decode.c **** }
 121:Src/ir_decode.c **** 
 122:Src/ir_decode.c **** /**
 123:Src/ir_decode.c ****   * @brief  Measure the first low duration of the NEC frame.
 124:Src/ir_decode.c ****   * @param  None
 125:Src/ir_decode.c ****   * @retval None
 126:Src/ir_decode.c ****   */
 127:Src/ir_decode.c **** uint32_t remoteCmd;
 128:Src/ir_decode.c **** 
 129:Src/ir_decode.c **** void NEC_MeasureFirstLowDuration(void)
 130:Src/ir_decode.c **** {
 131:Src/ir_decode.c ****   /* If an edge is detected on NEC input pin */
 132:Src/ir_decode.c ****   if(HAL_GPIO_ReadPin(GPIOA, GPIO_PIN_1) == GPIO_PIN_RESET)
 133:Src/ir_decode.c ****   {
 134:Src/ir_decode.c ****     necFrame.cntTmp = necFrame.cnt;
 135:Src/ir_decode.c ****     necFrame.cnt = 0;
 136:Src/ir_decode.c ****     //__HAL_TIM_SET_COUNTER(&htim3, 0);
 137:Src/ir_decode.c ****     necFrame.cntData++;
 138:Src/ir_decode.c ****     //HAL_TIM_Base_Start_IT(&htim3);
 139:Src/ir_decode.c ****     if((necFrame.cntTmp >= MIN_BIT_START_TIME_MS * 2) & (necFrame.cntTmp <= MAX_BIT_START_TIME_MS *
 140:Src/ir_decode.c ****     {
 141:Src/ir_decode.c ****       necFrame.cntData = -1;
 142:Src/ir_decode.c ****       necFrame.startBit = 1;
 143:Src/ir_decode.c ****       necFrame.cntTmp = 0;
 144:Src/ir_decode.c ****       necFrame.dataRev = 0;
 145:Src/ir_decode.c ****     }
 146:Src/ir_decode.c ****     else if((necFrame.startBit == 1) & (necFrame.cntData >= 0) & (necFrame.cntData <= 71)) //Start 
 147:Src/ir_decode.c ****     {
 148:Src/ir_decode.c ****       if((necFrame.cntTmp >= MIN_BIT_HIGH_TIME_MS*2) & (necFrame.cntTmp <= MAX_BIT_HIGH_TIME_MS*2) 
ARM GAS  /var/folders/rk/zpr83dd14lx588t7kb0yv2b40000gn/T//cceykXrD.s 			page 4


 149:Src/ir_decode.c ****       {
 150:Src/ir_decode.c ****         //printf("1");
 151:Src/ir_decode.c ****         necFrame.dataRev |= (uint32_t)(1<<(31-(necFrame.cntData/2)));
 152:Src/ir_decode.c ****         necFrame.cntTmp = 0;
 153:Src/ir_decode.c ****       }
 154:Src/ir_decode.c ****       else if((necFrame.cntTmp >= MIN_BIT_LOW_TIME_MS*2) & (necFrame.cntTmp <= MAX_BIT_LOW_TIME_MS*
 155:Src/ir_decode.c ****       {
 156:Src/ir_decode.c ****         //printf("0");
 157:Src/ir_decode.c ****         necFrame.cntTmp = 0;
 158:Src/ir_decode.c ****       }
 159:Src/ir_decode.c ****       // else
 160:Src/ir_decode.c ****       // {
 161:Src/ir_decode.c ****       //   cnt_ms_tmp = 0;
 162:Src/ir_decode.c ****       //   start_status = 0;
 163:Src/ir_decode.c ****       //   cnt_data = 0;
 164:Src/ir_decode.c ****       //   data_rev = 0;
 165:Src/ir_decode.c ****       // }
 166:Src/ir_decode.c ****     }
 167:Src/ir_decode.c ****     else if((necFrame.startBit == 0) & (necFrame.cntTmp > MAX_BIT_START_TIME_MS*2)) //error detect 
 168:Src/ir_decode.c ****     {
 169:Src/ir_decode.c ****       necFrame.cntTmp = 0;
 170:Src/ir_decode.c ****       necFrame.startBit = 0;
 171:Src/ir_decode.c ****       necFrame.cntData = 0;
 172:Src/ir_decode.c ****       necFrame.dataRev = 0;
 173:Src/ir_decode.c ****     }
 174:Src/ir_decode.c ****     if(necFrame.cntData == 61) //receive 32 bit
 175:Src/ir_decode.c ****     {
 176:Src/ir_decode.c ****       remoteCmd = necFrame.dataRev;
 177:Src/ir_decode.c ****       necFrame.cmd = (uint16_t)necFrame.dataRev;
 178:Src/ir_decode.c ****       necFrame.addr = (uint16_t)(necFrame.dataRev >> 16);
 179:Src/ir_decode.c ****       if(necFrame.addr == IRAddr)
 180:Src/ir_decode.c ****         IRCmd = necFrame.cmd;
 181:Src/ir_decode.c ****       //printf("DataRev: %.08x\n", necFrame.dataRev);
 182:Src/ir_decode.c ****     }
 183:Src/ir_decode.c ****     if(necFrame.cntData == 62)
 184:Src/ir_decode.c ****     {
 185:Src/ir_decode.c ****       necFrame.cntData = 0;
 186:Src/ir_decode.c ****       necFrame.dataRev = 0;
 187:Src/ir_decode.c ****       necFrame.startBit = 0;
 188:Src/ir_decode.c ****       necFrame.cntTmp = 0;
 189:Src/ir_decode.c ****     }
 190:Src/ir_decode.c ****   }
 191:Src/ir_decode.c **** }
 192:Src/ir_decode.c ****   
 193:Src/ir_decode.c **** /**
 194:Src/ir_decode.c ****   * @brief  Configures the different system clocks for NEC reception.
 195:Src/ir_decode.c ****   * @param  None
 196:Src/ir_decode.c ****   * @retval None
 197:Src/ir_decode.c ****   */
 198:Src/ir_decode.c **** static void NEC_RCC_Configuration(void)
 199:Src/ir_decode.c **** {
  25              		.loc 1 199 0
  26              		.cfi_startproc
  27              		@ args = 0, pretend = 0, frame = 8
  28              		@ frame_needed = 0, uses_anonymous_args = 0
  29              		@ link register save eliminated.
  30 0000 82B0     		sub	sp, sp, #8
ARM GAS  /var/folders/rk/zpr83dd14lx588t7kb0yv2b40000gn/T//cceykXrD.s 			page 5


  31              	.LCFI0:
  32              		.cfi_def_cfa_offset 8
  33              	.LBB2:
 200:Src/ir_decode.c ****   __HAL_RCC_TIM3_CLK_ENABLE();
  34              		.loc 1 200 0
  35 0002 0A4B     		ldr	r3, .L3
  36 0004 DA69     		ldr	r2, [r3, #28]
  37 0006 42F00202 		orr	r2, r2, #2
  38 000a DA61     		str	r2, [r3, #28]
  39 000c DA69     		ldr	r2, [r3, #28]
  40 000e 02F00202 		and	r2, r2, #2
  41 0012 0092     		str	r2, [sp]
  42 0014 009A     		ldr	r2, [sp]
  43              	.LBE2:
  44              	.LBB3:
 201:Src/ir_decode.c ****   __HAL_RCC_GPIOA_CLK_ENABLE();
  45              		.loc 1 201 0
  46 0016 9A69     		ldr	r2, [r3, #24]
  47 0018 42F00402 		orr	r2, r2, #4
  48 001c 9A61     		str	r2, [r3, #24]
  49 001e 9B69     		ldr	r3, [r3, #24]
  50 0020 03F00403 		and	r3, r3, #4
  51 0024 0193     		str	r3, [sp, #4]
  52 0026 019B     		ldr	r3, [sp, #4]
  53              	.LBE3:
 202:Src/ir_decode.c **** }
  54              		.loc 1 202 0
  55 0028 02B0     		add	sp, sp, #8
  56              	.LCFI1:
  57              		.cfi_def_cfa_offset 0
  58              		@ sp needed
  59 002a 7047     		bx	lr
  60              	.L4:
  61              		.align	2
  62              	.L3:
  63 002c 00100240 		.word	1073876992
  64              		.cfi_endproc
  65              	.LFE71:
  67              		.section	.text.NEC_NVIC_Configuration,"ax",%progbits
  68              		.align	1
  69              		.syntax unified
  70              		.thumb
  71              		.thumb_func
  72              		.fpu softvfp
  74              	NEC_NVIC_Configuration:
  75              	.LFB73:
 203:Src/ir_decode.c **** 
 204:Src/ir_decode.c **** /**
 205:Src/ir_decode.c ****   * @brief  Configure the NEC input pin.
 206:Src/ir_decode.c ****   * @param  None
 207:Src/ir_decode.c ****   * @retval None
 208:Src/ir_decode.c ****   */
 209:Src/ir_decode.c **** static void NEC_GPIO_Configuration(void)
 210:Src/ir_decode.c **** {
 211:Src/ir_decode.c ****   GPIO_InitTypeDef GPIO_InitStruct = {0};
 212:Src/ir_decode.c **** 
 213:Src/ir_decode.c ****   GPIO_InitStruct.Pin = GPIO_PIN_1;
ARM GAS  /var/folders/rk/zpr83dd14lx588t7kb0yv2b40000gn/T//cceykXrD.s 			page 6


 214:Src/ir_decode.c ****   GPIO_InitStruct.Mode = GPIO_MODE_IT_FALLING;
 215:Src/ir_decode.c ****   GPIO_InitStruct.Pull = GPIO_PULLUP;
 216:Src/ir_decode.c ****   GPIO_InitStruct.Speed = GPIO_SPEED_FREQ_HIGH;
 217:Src/ir_decode.c ****   HAL_GPIO_Init(GPIOA, &GPIO_InitStruct);
 218:Src/ir_decode.c **** }
 219:Src/ir_decode.c **** 
 220:Src/ir_decode.c **** /**
 221:Src/ir_decode.c ****   * @brief  Configure the nested vectored interrupt controller for NEC reception.
 222:Src/ir_decode.c ****   * @param  None
 223:Src/ir_decode.c ****   * @retval None
 224:Src/ir_decode.c ****   */
 225:Src/ir_decode.c **** static void NEC_NVIC_Configuration(void)
 226:Src/ir_decode.c **** {
  76              		.loc 1 226 0
  77              		.cfi_startproc
  78              		@ args = 0, pretend = 0, frame = 0
  79              		@ frame_needed = 0, uses_anonymous_args = 0
  80 0000 08B5     		push	{r3, lr}
  81              	.LCFI2:
  82              		.cfi_def_cfa_offset 8
  83              		.cfi_offset 3, -8
  84              		.cfi_offset 14, -4
 227:Src/ir_decode.c ****   
 228:Src/ir_decode.c ****   /* Enable the EXTIx global Interrupt */
 229:Src/ir_decode.c ****   HAL_NVIC_SetPriority(EXTI1_IRQn, 1, 1);
  85              		.loc 1 229 0
  86 0002 0122     		movs	r2, #1
  87 0004 1146     		mov	r1, r2
  88 0006 0720     		movs	r0, #7
  89 0008 FFF7FEFF 		bl	HAL_NVIC_SetPriority
  90              	.LVL0:
 230:Src/ir_decode.c ****   HAL_NVIC_EnableIRQ(EXTI1_IRQn);
  91              		.loc 1 230 0
  92 000c 0720     		movs	r0, #7
  93 000e FFF7FEFF 		bl	HAL_NVIC_EnableIRQ
  94              	.LVL1:
 231:Src/ir_decode.c **** 
 232:Src/ir_decode.c ****   /* Enable the RC5_TIM global Interrupt */
 233:Src/ir_decode.c ****   HAL_NVIC_SetPriority(TIM3_IRQn, 1, 2);
  95              		.loc 1 233 0
  96 0012 0222     		movs	r2, #2
  97 0014 0121     		movs	r1, #1
  98 0016 1D20     		movs	r0, #29
  99 0018 FFF7FEFF 		bl	HAL_NVIC_SetPriority
 100              	.LVL2:
 234:Src/ir_decode.c ****   HAL_NVIC_EnableIRQ(TIM3_IRQn);
 101              		.loc 1 234 0
 102 001c 1D20     		movs	r0, #29
 103 001e FFF7FEFF 		bl	HAL_NVIC_EnableIRQ
 104              	.LVL3:
 235:Src/ir_decode.c **** }
 105              		.loc 1 235 0
 106 0022 08BD     		pop	{r3, pc}
 107              		.cfi_endproc
 108              	.LFE73:
 110              		.section	.text.NEC_GPIO_Configuration,"ax",%progbits
 111              		.align	1
ARM GAS  /var/folders/rk/zpr83dd14lx588t7kb0yv2b40000gn/T//cceykXrD.s 			page 7


 112              		.syntax unified
 113              		.thumb
 114              		.thumb_func
 115              		.fpu softvfp
 117              	NEC_GPIO_Configuration:
 118              	.LFB72:
 210:Src/ir_decode.c ****   GPIO_InitTypeDef GPIO_InitStruct = {0};
 119              		.loc 1 210 0
 120              		.cfi_startproc
 121              		@ args = 0, pretend = 0, frame = 16
 122              		@ frame_needed = 0, uses_anonymous_args = 0
 123 0000 00B5     		push	{lr}
 124              	.LCFI3:
 125              		.cfi_def_cfa_offset 4
 126              		.cfi_offset 14, -4
 127 0002 85B0     		sub	sp, sp, #20
 128              	.LCFI4:
 129              		.cfi_def_cfa_offset 24
 213:Src/ir_decode.c ****   GPIO_InitStruct.Mode = GPIO_MODE_IT_FALLING;
 130              		.loc 1 213 0
 131 0004 0223     		movs	r3, #2
 132 0006 0093     		str	r3, [sp]
 214:Src/ir_decode.c ****   GPIO_InitStruct.Pull = GPIO_PULLUP;
 133              		.loc 1 214 0
 134 0008 064B     		ldr	r3, .L9
 135 000a 0193     		str	r3, [sp, #4]
 215:Src/ir_decode.c ****   GPIO_InitStruct.Speed = GPIO_SPEED_FREQ_HIGH;
 136              		.loc 1 215 0
 137 000c 0123     		movs	r3, #1
 138 000e 0293     		str	r3, [sp, #8]
 216:Src/ir_decode.c ****   HAL_GPIO_Init(GPIOA, &GPIO_InitStruct);
 139              		.loc 1 216 0
 140 0010 0323     		movs	r3, #3
 141 0012 0393     		str	r3, [sp, #12]
 217:Src/ir_decode.c **** }
 142              		.loc 1 217 0
 143 0014 6946     		mov	r1, sp
 144 0016 0448     		ldr	r0, .L9+4
 145 0018 FFF7FEFF 		bl	HAL_GPIO_Init
 146              	.LVL4:
 218:Src/ir_decode.c **** 
 147              		.loc 1 218 0
 148 001c 05B0     		add	sp, sp, #20
 149              	.LCFI5:
 150              		.cfi_def_cfa_offset 4
 151              		@ sp needed
 152 001e 5DF804FB 		ldr	pc, [sp], #4
 153              	.L10:
 154 0022 00BF     		.align	2
 155              	.L9:
 156 0024 00002110 		.word	270598144
 157 0028 00080140 		.word	1073809408
 158              		.cfi_endproc
 159              	.LFE72:
 161              		.section	.text.NEC_WaitForNextFallingEdge,"ax",%progbits
 162              		.align	1
 163              		.syntax unified
ARM GAS  /var/folders/rk/zpr83dd14lx588t7kb0yv2b40000gn/T//cceykXrD.s 			page 8


 164              		.thumb
 165              		.thumb_func
 166              		.fpu softvfp
 168              	NEC_WaitForNextFallingEdge:
 169              	.LFB67:
  65:Src/ir_decode.c ****   /* Enable EXTI line x */
 170              		.loc 1 65 0
 171              		.cfi_startproc
 172              		@ args = 0, pretend = 0, frame = 24
 173              		@ frame_needed = 0, uses_anonymous_args = 0
 174 0000 00B5     		push	{lr}
 175              	.LCFI6:
 176              		.cfi_def_cfa_offset 4
 177              		.cfi_offset 14, -4
 178 0002 87B0     		sub	sp, sp, #28
 179              	.LCFI7:
 180              		.cfi_def_cfa_offset 32
  67:Src/ir_decode.c **** 
 181              		.loc 1 67 0
 182 0004 0620     		movs	r0, #6
 183 0006 FFF7FEFF 		bl	HAL_NVIC_EnableIRQ
 184              	.LVL5:
  69:Src/ir_decode.c ****   TIM_MasterConfigTypeDef sMasterConfig = {0};
 185              		.loc 1 69 0
 186 000a 0023     		movs	r3, #0
 187 000c 0293     		str	r3, [sp, #8]
 188 000e 0393     		str	r3, [sp, #12]
 189 0010 0493     		str	r3, [sp, #16]
 190 0012 0593     		str	r3, [sp, #20]
  70:Src/ir_decode.c **** 
 191              		.loc 1 70 0
 192 0014 0093     		str	r3, [sp]
 193 0016 0193     		str	r3, [sp, #4]
  72:Src/ir_decode.c ****   htim3.Init.Prescaler = 71;
 194              		.loc 1 72 0
 195 0018 1848     		ldr	r0, .L19
 196 001a 194A     		ldr	r2, .L19+4
 197 001c 0260     		str	r2, [r0]
  73:Src/ir_decode.c ****   htim3.Init.CounterMode = TIM_COUNTERMODE_UP;
 198              		.loc 1 73 0
 199 001e 4722     		movs	r2, #71
 200 0020 4260     		str	r2, [r0, #4]
  74:Src/ir_decode.c ****   htim3.Init.Period = 499;
 201              		.loc 1 74 0
 202 0022 8360     		str	r3, [r0, #8]
  75:Src/ir_decode.c ****   htim3.Init.ClockDivision = TIM_CLOCKDIVISION_DIV1;
 203              		.loc 1 75 0
 204 0024 40F2F312 		movw	r2, #499
 205 0028 C260     		str	r2, [r0, #12]
  76:Src/ir_decode.c ****   htim3.Init.AutoReloadPreload = TIM_AUTORELOAD_PRELOAD_ENABLE;
 206              		.loc 1 76 0
 207 002a 0361     		str	r3, [r0, #16]
  77:Src/ir_decode.c **** 
 208              		.loc 1 77 0
 209 002c 8023     		movs	r3, #128
 210 002e 8361     		str	r3, [r0, #24]
  79:Src/ir_decode.c ****   {
ARM GAS  /var/folders/rk/zpr83dd14lx588t7kb0yv2b40000gn/T//cceykXrD.s 			page 9


 211              		.loc 1 79 0
 212 0030 FFF7FEFF 		bl	HAL_TIM_Base_Init
 213              	.LVL6:
 214 0034 C8B9     		cbnz	r0, .L16
 215              	.L12:
  84:Src/ir_decode.c ****   if (HAL_TIM_ConfigClockSource(&htim3, &sClockSourceConfig) != HAL_OK)
 216              		.loc 1 84 0
 217 0036 06A9     		add	r1, sp, #24
 218 0038 4FF48053 		mov	r3, #4096
 219 003c 41F8103D 		str	r3, [r1, #-16]!
  85:Src/ir_decode.c ****   {
 220              		.loc 1 85 0
 221 0040 0E48     		ldr	r0, .L19
 222 0042 FFF7FEFF 		bl	HAL_TIM_ConfigClockSource
 223              	.LVL7:
 224 0046 98B9     		cbnz	r0, .L17
 225              	.L13:
  89:Src/ir_decode.c ****   sMasterConfig.MasterSlaveMode = TIM_MASTERSLAVEMODE_DISABLE;
 226              		.loc 1 89 0
 227 0048 0023     		movs	r3, #0
 228 004a 0093     		str	r3, [sp]
  90:Src/ir_decode.c ****   if (HAL_TIMEx_MasterConfigSynchronization(&htim3, &sMasterConfig) != HAL_OK)
 229              		.loc 1 90 0
 230 004c 0193     		str	r3, [sp, #4]
  91:Src/ir_decode.c ****   {
 231              		.loc 1 91 0
 232 004e 6946     		mov	r1, sp
 233 0050 0A48     		ldr	r0, .L19
 234 0052 FFF7FEFF 		bl	HAL_TIMEx_MasterConfigSynchronization
 235              	.LVL8:
 236 0056 70B9     		cbnz	r0, .L18
 237              	.L14:
  95:Src/ir_decode.c ****   HAL_TIM_Base_Start_IT(&htim3);
 238              		.loc 1 95 0
 239 0058 0848     		ldr	r0, .L19
 240 005a 0368     		ldr	r3, [r0]
 241 005c 0022     		movs	r2, #0
 242 005e 5A62     		str	r2, [r3, #36]
  96:Src/ir_decode.c **** }
 243              		.loc 1 96 0
 244 0060 FFF7FEFF 		bl	HAL_TIM_Base_Start_IT
 245              	.LVL9:
  97:Src/ir_decode.c **** 
 246              		.loc 1 97 0
 247 0064 07B0     		add	sp, sp, #28
 248              	.LCFI8:
 249              		.cfi_remember_state
 250              		.cfi_def_cfa_offset 4
 251              		@ sp needed
 252 0066 5DF804FB 		ldr	pc, [sp], #4
 253              	.L16:
 254              	.LCFI9:
 255              		.cfi_restore_state
  81:Src/ir_decode.c ****   }
 256              		.loc 1 81 0
 257 006a FFF7FEFF 		bl	Error_Handler
 258              	.LVL10:
ARM GAS  /var/folders/rk/zpr83dd14lx588t7kb0yv2b40000gn/T//cceykXrD.s 			page 10


 259 006e E2E7     		b	.L12
 260              	.L17:
  87:Src/ir_decode.c ****   }
 261              		.loc 1 87 0
 262 0070 FFF7FEFF 		bl	Error_Handler
 263              	.LVL11:
 264 0074 E8E7     		b	.L13
 265              	.L18:
  93:Src/ir_decode.c ****   }
 266              		.loc 1 93 0
 267 0076 FFF7FEFF 		bl	Error_Handler
 268              	.LVL12:
 269 007a EDE7     		b	.L14
 270              	.L20:
 271              		.align	2
 272              	.L19:
 273 007c 00000000 		.word	htim3
 274 0080 00040040 		.word	1073742848
 275              		.cfi_endproc
 276              	.LFE67:
 278              		.section	.text.NEC_Receiver_Init,"ax",%progbits
 279              		.align	1
 280              		.global	NEC_Receiver_Init
 281              		.syntax unified
 282              		.thumb
 283              		.thumb_func
 284              		.fpu softvfp
 286              	NEC_Receiver_Init:
 287              	.LFB66:
  39:Src/ir_decode.c ****   necFrame.startBit = 0;
 288              		.loc 1 39 0
 289              		.cfi_startproc
 290              		@ args = 0, pretend = 0, frame = 0
 291              		@ frame_needed = 0, uses_anonymous_args = 0
 292 0000 08B5     		push	{r3, lr}
 293              	.LCFI10:
 294              		.cfi_def_cfa_offset 8
 295              		.cfi_offset 3, -8
 296              		.cfi_offset 14, -4
  40:Src/ir_decode.c ****   necFrame.cnt = 0;
 297              		.loc 1 40 0
 298 0002 084B     		ldr	r3, .L23
 299 0004 0022     		movs	r2, #0
 300 0006 1A70     		strb	r2, [r3]
  41:Src/ir_decode.c ****   necFrame.cntTmp = 0;
 301              		.loc 1 41 0
 302 0008 5A70     		strb	r2, [r3, #1]
  42:Src/ir_decode.c ****   necFrame.cntData = 0;
 303              		.loc 1 42 0
 304 000a 9A70     		strb	r2, [r3, #2]
  43:Src/ir_decode.c ****   necFrame.dataRev = 0;
 305              		.loc 1 43 0
 306 000c DA70     		strb	r2, [r3, #3]
  44:Src/ir_decode.c ****   /* System Clocks Configuration for NEC reception */
 307              		.loc 1 44 0
 308 000e 5A60     		str	r2, [r3, #4]
  46:Src/ir_decode.c **** 
ARM GAS  /var/folders/rk/zpr83dd14lx588t7kb0yv2b40000gn/T//cceykXrD.s 			page 11


 309              		.loc 1 46 0
 310 0010 FFF7FEFF 		bl	NEC_RCC_Configuration
 311              	.LVL13:
  49:Src/ir_decode.c **** 
 312              		.loc 1 49 0
 313 0014 FFF7FEFF 		bl	NEC_NVIC_Configuration
 314              	.LVL14:
  52:Src/ir_decode.c **** 
 315              		.loc 1 52 0
 316 0018 FFF7FEFF 		bl	NEC_GPIO_Configuration
 317              	.LVL15:
  55:Src/ir_decode.c **** }
 318              		.loc 1 55 0
 319 001c FFF7FEFF 		bl	NEC_WaitForNextFallingEdge
 320              	.LVL16:
  56:Src/ir_decode.c **** 
 321              		.loc 1 56 0
 322 0020 08BD     		pop	{r3, pc}
 323              	.L24:
 324 0022 00BF     		.align	2
 325              	.L23:
 326 0024 00000000 		.word	necFrame
 327              		.cfi_endproc
 328              	.LFE66:
 330              		.section	.text.HAL_TIM_PeriodElapsedCallback,"ax",%progbits
 331              		.align	1
 332              		.global	HAL_TIM_PeriodElapsedCallback
 333              		.syntax unified
 334              		.thumb
 335              		.thumb_func
 336              		.fpu softvfp
 338              	HAL_TIM_PeriodElapsedCallback:
 339              	.LFB68:
 106:Src/ir_decode.c ****   if(++necFrame.cnt >= 50)
 340              		.loc 1 106 0
 341              		.cfi_startproc
 342              		@ args = 0, pretend = 0, frame = 0
 343              		@ frame_needed = 0, uses_anonymous_args = 0
 344              		@ link register save eliminated.
 345              	.LVL17:
 107:Src/ir_decode.c ****     necFrame.cnt = 0;
 346              		.loc 1 107 0
 347 0000 054A     		ldr	r2, .L27
 348 0002 5378     		ldrb	r3, [r2, #1]	@ zero_extendqisi2
 349 0004 0133     		adds	r3, r3, #1
 350 0006 DBB2     		uxtb	r3, r3
 351 0008 5370     		strb	r3, [r2, #1]
 352 000a 312B     		cmp	r3, #49
 353 000c 02D9     		bls	.L25
 108:Src/ir_decode.c **** }
 354              		.loc 1 108 0
 355 000e 1346     		mov	r3, r2
 356 0010 0022     		movs	r2, #0
 357 0012 5A70     		strb	r2, [r3, #1]
 358              	.L25:
 109:Src/ir_decode.c **** 
 359              		.loc 1 109 0
ARM GAS  /var/folders/rk/zpr83dd14lx588t7kb0yv2b40000gn/T//cceykXrD.s 			page 12


 360 0014 7047     		bx	lr
 361              	.L28:
 362 0016 00BF     		.align	2
 363              	.L27:
 364 0018 00000000 		.word	necFrame
 365              		.cfi_endproc
 366              	.LFE68:
 368              		.section	.text.NEC_MeasureFirstLowDuration,"ax",%progbits
 369              		.align	1
 370              		.global	NEC_MeasureFirstLowDuration
 371              		.syntax unified
 372              		.thumb
 373              		.thumb_func
 374              		.fpu softvfp
 376              	NEC_MeasureFirstLowDuration:
 377              	.LFB70:
 130:Src/ir_decode.c ****   /* If an edge is detected on NEC input pin */
 378              		.loc 1 130 0
 379              		.cfi_startproc
 380              		@ args = 0, pretend = 0, frame = 0
 381              		@ frame_needed = 0, uses_anonymous_args = 0
 382 0000 10B5     		push	{r4, lr}
 383              	.LCFI11:
 384              		.cfi_def_cfa_offset 8
 385              		.cfi_offset 4, -8
 386              		.cfi_offset 14, -4
 132:Src/ir_decode.c ****   {
 387              		.loc 1 132 0
 388 0002 0221     		movs	r1, #2
 389 0004 3B48     		ldr	r0, .L39
 390 0006 FFF7FEFF 		bl	HAL_GPIO_ReadPin
 391              	.LVL18:
 392 000a F0B9     		cbnz	r0, .L29
 134:Src/ir_decode.c ****     necFrame.cnt = 0;
 393              		.loc 1 134 0
 394 000c 3A4A     		ldr	r2, .L39+4
 395 000e 5178     		ldrb	r1, [r2, #1]	@ zero_extendqisi2
 396 0010 9170     		strb	r1, [r2, #2]
 135:Src/ir_decode.c ****     //__HAL_TIM_SET_COUNTER(&htim3, 0);
 397              		.loc 1 135 0
 398 0012 0023     		movs	r3, #0
 399 0014 5370     		strb	r3, [r2, #1]
 137:Src/ir_decode.c ****     //HAL_TIM_Base_Start_IT(&htim3);
 400              		.loc 1 137 0
 401 0016 92F90330 		ldrsb	r3, [r2, #3]
 402 001a 0133     		adds	r3, r3, #1
 403 001c DBB2     		uxtb	r3, r3
 404 001e 58B2     		sxtb	r0, r3
 405 0020 D070     		strb	r0, [r2, #3]
 139:Src/ir_decode.c ****     {
 406              		.loc 1 139 0
 407 0022 A1F11802 		sub	r2, r1, #24
 408 0026 D2B2     		uxtb	r2, r2
 409 0028 042A     		cmp	r2, #4
 410 002a 0FD8     		bhi	.L31
 141:Src/ir_decode.c ****       necFrame.startBit = 1;
 411              		.loc 1 141 0
ARM GAS  /var/folders/rk/zpr83dd14lx588t7kb0yv2b40000gn/T//cceykXrD.s 			page 13


 412 002c 324B     		ldr	r3, .L39+4
 413 002e FF22     		movs	r2, #255
 414 0030 DA70     		strb	r2, [r3, #3]
 142:Src/ir_decode.c ****       necFrame.cntTmp = 0;
 415              		.loc 1 142 0
 416 0032 0122     		movs	r2, #1
 417 0034 1A70     		strb	r2, [r3]
 143:Src/ir_decode.c ****       necFrame.dataRev = 0;
 418              		.loc 1 143 0
 419 0036 0022     		movs	r2, #0
 420 0038 9A70     		strb	r2, [r3, #2]
 144:Src/ir_decode.c ****     }
 421              		.loc 1 144 0
 422 003a 5A60     		str	r2, [r3, #4]
 423              	.L32:
 174:Src/ir_decode.c ****     {
 424              		.loc 1 174 0
 425 003c 2E4B     		ldr	r3, .L39+4
 426 003e 93F90330 		ldrsb	r3, [r3, #3]
 427 0042 3D2B     		cmp	r3, #61
 428 0044 41D0     		beq	.L37
 429              	.L35:
 183:Src/ir_decode.c ****     {
 430              		.loc 1 183 0
 431 0046 3E2B     		cmp	r3, #62
 432 0048 4CD0     		beq	.L38
 433              	.L29:
 191:Src/ir_decode.c ****   
 434              		.loc 1 191 0
 435 004a 10BD     		pop	{r4, pc}
 436              	.L31:
 146:Src/ir_decode.c ****     {
 437              		.loc 1 146 0
 438 004c 2A4A     		ldr	r2, .L39+4
 439 004e 1278     		ldrb	r2, [r2]	@ zero_extendqisi2
 440 0050 4728     		cmp	r0, #71
 441 0052 CCBF     		ite	gt
 442 0054 0024     		movgt	r4, #0
 443 0056 0124     		movle	r4, #1
 444 0058 0028     		cmp	r0, #0
 445 005a A8BF     		it	ge
 446 005c 012A     		cmpge	r2, #1
 447 005e 24D1     		bne	.L33
 448 0060 1CB3     		cbz	r4, .L33
 148:Src/ir_decode.c ****       {
 449              		.loc 1 148 0
 450 0062 0A1F     		subs	r2, r1, #4
 451 0064 D2B2     		uxtb	r2, r2
 452 0066 03F00103 		and	r3, r3, #1
 453 006a 022A     		cmp	r2, #2
 454 006c 0FD8     		bhi	.L34
 455 006e 73B1     		cbz	r3, .L34
 151:Src/ir_decode.c ****         necFrame.cntTmp = 0;
 456              		.loc 1 151 0
 457 0070 00EBD070 		add	r0, r0, r0, lsr #31
 458 0074 4010     		asrs	r0, r0, #1
 459 0076 C0F11F00 		rsb	r0, r0, #31
ARM GAS  /var/folders/rk/zpr83dd14lx588t7kb0yv2b40000gn/T//cceykXrD.s 			page 14


 460 007a 0122     		movs	r2, #1
 461 007c 02FA00F0 		lsl	r0, r2, r0
 462 0080 1D4B     		ldr	r3, .L39+4
 463 0082 5A68     		ldr	r2, [r3, #4]
 464 0084 0243     		orrs	r2, r2, r0
 465 0086 5A60     		str	r2, [r3, #4]
 152:Src/ir_decode.c ****       }
 466              		.loc 1 152 0
 467 0088 0022     		movs	r2, #0
 468 008a 9A70     		strb	r2, [r3, #2]
 469 008c D6E7     		b	.L32
 470              	.L34:
 154:Src/ir_decode.c ****       {
 471              		.loc 1 154 0
 472 008e 0239     		subs	r1, r1, #2
 473 0090 C9B2     		uxtb	r1, r1
 474 0092 0229     		cmp	r1, #2
 475 0094 8CBF     		ite	hi
 476 0096 0021     		movhi	r1, #0
 477 0098 0121     		movls	r1, #1
 478 009a 002B     		cmp	r3, #0
 479 009c CED0     		beq	.L32
 480 009e 0029     		cmp	r1, #0
 481 00a0 CCD0     		beq	.L32
 157:Src/ir_decode.c ****       }
 482              		.loc 1 157 0
 483 00a2 154B     		ldr	r3, .L39+4
 484 00a4 0022     		movs	r2, #0
 485 00a6 9A70     		strb	r2, [r3, #2]
 486 00a8 C8E7     		b	.L32
 487              	.L33:
 167:Src/ir_decode.c ****     {
 488              		.loc 1 167 0
 489 00aa 1C29     		cmp	r1, #28
 490 00ac 94BF     		ite	ls
 491 00ae 0021     		movls	r1, #0
 492 00b0 0121     		movhi	r1, #1
 493 00b2 002A     		cmp	r2, #0
 494 00b4 18BF     		it	ne
 495 00b6 0021     		movne	r1, #0
 496 00b8 0029     		cmp	r1, #0
 497 00ba BFD0     		beq	.L32
 169:Src/ir_decode.c ****       necFrame.startBit = 0;
 498              		.loc 1 169 0
 499 00bc 0E4B     		ldr	r3, .L39+4
 500 00be 0022     		movs	r2, #0
 501 00c0 9A70     		strb	r2, [r3, #2]
 170:Src/ir_decode.c ****       necFrame.cntData = 0;
 502              		.loc 1 170 0
 503 00c2 1A70     		strb	r2, [r3]
 171:Src/ir_decode.c ****       necFrame.dataRev = 0;
 504              		.loc 1 171 0
 505 00c4 DA70     		strb	r2, [r3, #3]
 172:Src/ir_decode.c ****     }
 506              		.loc 1 172 0
 507 00c6 5A60     		str	r2, [r3, #4]
 508 00c8 B8E7     		b	.L32
ARM GAS  /var/folders/rk/zpr83dd14lx588t7kb0yv2b40000gn/T//cceykXrD.s 			page 15


 509              	.L37:
 176:Src/ir_decode.c ****       necFrame.cmd = (uint16_t)necFrame.dataRev;
 510              		.loc 1 176 0
 511 00ca 0B49     		ldr	r1, .L39+4
 512 00cc 4A68     		ldr	r2, [r1, #4]
 513 00ce 0B48     		ldr	r0, .L39+8
 514 00d0 0260     		str	r2, [r0]
 177:Src/ir_decode.c ****       necFrame.addr = (uint16_t)(necFrame.dataRev >> 16);
 515              		.loc 1 177 0
 516 00d2 90B2     		uxth	r0, r2
 517 00d4 4881     		strh	r0, [r1, #10]	@ movhi
 178:Src/ir_decode.c ****       if(necFrame.addr == IRAddr)
 518              		.loc 1 178 0
 519 00d6 120C     		lsrs	r2, r2, #16
 520 00d8 0A81     		strh	r2, [r1, #8]	@ movhi
 179:Src/ir_decode.c ****         IRCmd = necFrame.cmd;
 521              		.loc 1 179 0
 522 00da FF2A     		cmp	r2, #255
 523 00dc B3D1     		bne	.L35
 180:Src/ir_decode.c ****       //printf("DataRev: %.08x\n", necFrame.dataRev);
 524              		.loc 1 180 0
 525 00de 084A     		ldr	r2, .L39+12
 526 00e0 1080     		strh	r0, [r2]	@ movhi
 527 00e2 B0E7     		b	.L35
 528              	.L38:
 185:Src/ir_decode.c ****       necFrame.dataRev = 0;
 529              		.loc 1 185 0
 530 00e4 044B     		ldr	r3, .L39+4
 531 00e6 0022     		movs	r2, #0
 532 00e8 DA70     		strb	r2, [r3, #3]
 186:Src/ir_decode.c ****       necFrame.startBit = 0;
 533              		.loc 1 186 0
 534 00ea 5A60     		str	r2, [r3, #4]
 187:Src/ir_decode.c ****       necFrame.cntTmp = 0;
 535              		.loc 1 187 0
 536 00ec 1A70     		strb	r2, [r3]
 188:Src/ir_decode.c ****     }
 537              		.loc 1 188 0
 538 00ee 9A70     		strb	r2, [r3, #2]
 191:Src/ir_decode.c ****   
 539              		.loc 1 191 0
 540 00f0 ABE7     		b	.L29
 541              	.L40:
 542 00f2 00BF     		.align	2
 543              	.L39:
 544 00f4 00080140 		.word	1073809408
 545 00f8 00000000 		.word	necFrame
 546 00fc 00000000 		.word	remoteCmd
 547 0100 00000000 		.word	IRCmd
 548              		.cfi_endproc
 549              	.LFE70:
 551              		.section	.text.HAL_GPIO_EXTI_Callback,"ax",%progbits
 552              		.align	1
 553              		.global	HAL_GPIO_EXTI_Callback
 554              		.syntax unified
 555              		.thumb
 556              		.thumb_func
ARM GAS  /var/folders/rk/zpr83dd14lx588t7kb0yv2b40000gn/T//cceykXrD.s 			page 16


 557              		.fpu softvfp
 559              	HAL_GPIO_EXTI_Callback:
 560              	.LFB69:
 118:Src/ir_decode.c ****   NEC_MeasureFirstLowDuration();
 561              		.loc 1 118 0
 562              		.cfi_startproc
 563              		@ args = 0, pretend = 0, frame = 0
 564              		@ frame_needed = 0, uses_anonymous_args = 0
 565              	.LVL19:
 566 0000 08B5     		push	{r3, lr}
 567              	.LCFI12:
 568              		.cfi_def_cfa_offset 8
 569              		.cfi_offset 3, -8
 570              		.cfi_offset 14, -4
 119:Src/ir_decode.c **** }
 571              		.loc 1 119 0
 572 0002 FFF7FEFF 		bl	NEC_MeasureFirstLowDuration
 573              	.LVL20:
 120:Src/ir_decode.c **** 
 574              		.loc 1 120 0
 575 0006 08BD     		pop	{r3, pc}
 576              		.cfi_endproc
 577              	.LFE69:
 579              		.section	.text.NEC_Manager,"ax",%progbits
 580              		.align	1
 581              		.global	NEC_Manager
 582              		.syntax unified
 583              		.thumb
 584              		.thumb_func
 585              		.fpu softvfp
 587              	NEC_Manager:
 588              	.LFB74:
 236:Src/ir_decode.c **** 
 237:Src/ir_decode.c **** void NEC_Manager(void)
 238:Src/ir_decode.c **** {
 589              		.loc 1 238 0
 590              		.cfi_startproc
 591              		@ args = 0, pretend = 0, frame = 0
 592              		@ frame_needed = 0, uses_anonymous_args = 0
 593 0000 08B5     		push	{r3, lr}
 594              	.LCFI13:
 595              		.cfi_def_cfa_offset 8
 596              		.cfi_offset 3, -8
 597              		.cfi_offset 14, -4
 239:Src/ir_decode.c ****   switch (IRCmd)
 598              		.loc 1 239 0
 599 0002 AA4B     		ldr	r3, .L82
 600 0004 1B88     		ldrh	r3, [r3]
 601 0006 45F2AA42 		movw	r2, #21674
 602 000a 9342     		cmp	r3, r2
 603 000c 00F08980 		beq	.L45
 604 0010 41D8     		bhi	.L46
 605 0012 40F6F602 		movw	r2, #2294
 606 0016 9342     		cmp	r3, r2
 607 0018 00F0AC80 		beq	.L47
 608 001c 28D9     		bls	.L78
 609 001e 42F6D602 		movw	r2, #10454
ARM GAS  /var/folders/rk/zpr83dd14lx588t7kb0yv2b40000gn/T//cceykXrD.s 			page 17


 610 0022 9342     		cmp	r3, r2
 611 0024 00F0E680 		beq	.L50
 612 0028 44F6B602 		movw	r2, #18614
 613 002c 9342     		cmp	r3, r2
 614 002e 31D1     		bne	.L43
 615              	.LBB4:
 240:Src/ir_decode.c ****   {
 241:Src/ir_decode.c ****   case POWER:
 242:Src/ir_decode.c ****     toggle = 1;
 243:Src/ir_decode.c ****     dev.status.socket = !dev.status.socket;
 244:Src/ir_decode.c ****     Device_Save_Status();
 245:Src/ir_decode.c ****     buzzer_short_beep();
 246:Src/ir_decode.c ****     IRCmd = 0;
 247:Src/ir_decode.c ****     // printf("REMOTE SOCKET\n");
 248:Src/ir_decode.c ****     break;
 249:Src/ir_decode.c ****   case LIST:
 250:Src/ir_decode.c ****     toggle = 1;
 251:Src/ir_decode.c ****     dev.status.lamp = !dev.status.lamp;
 252:Src/ir_decode.c ****     Device_Save_Status();
 253:Src/ir_decode.c ****     buzzer_short_beep();
 254:Src/ir_decode.c ****     IRCmd = 0;
 255:Src/ir_decode.c ****     // printf("REMOTE NEON\n");
 256:Src/ir_decode.c ****     break;
 257:Src/ir_decode.c ****   case BACK:
 258:Src/ir_decode.c ****     toggle = 1;
 259:Src/ir_decode.c ****     dev.status.uv = !dev.status.uv;
 260:Src/ir_decode.c ****     dev.status.uv?UV_Init_Time(sys_cfg.uvMode):UV_Clear_Time();
 261:Src/ir_decode.c ****     Device_Save_Status();
 262:Src/ir_decode.c ****     buzzer_short_beep();
 263:Src/ir_decode.c ****     IRCmd = 0;
 264:Src/ir_decode.c ****     // printf("REMOTE UV\n");
 265:Src/ir_decode.c ****     break;
 266:Src/ir_decode.c ****   case HOME:
 267:Src/ir_decode.c ****     toggle = 1;
 268:Src/ir_decode.c ****     dev.status.fan = !dev.status.fan;
 269:Src/ir_decode.c ****     Device_Save_Status();
 270:Src/ir_decode.c ****     buzzer_short_beep();
 271:Src/ir_decode.c ****     IRCmd = 0;
 272:Src/ir_decode.c ****     // printf("REMOTE FAN\n");
 273:Src/ir_decode.c ****     break;
 274:Src/ir_decode.c ****   case PLAY:
 275:Src/ir_decode.c ****     if(menuIdx == 0)
 616              		.loc 1 275 0
 617 0030 9F4B     		ldr	r3, .L82+4
 618 0032 1888     		ldrh	r0, [r3]
 619 0034 0028     		cmp	r0, #0
 620 0036 40F09980 		bne	.L59
 621              	.LBB5:
 276:Src/ir_decode.c ****     {
 277:Src/ir_decode.c ****       menuTimeOut = 60*100;
 622              		.loc 1 277 0
 623 003a 9E4B     		ldr	r3, .L82+8
 624 003c 41F27072 		movw	r2, #6000
 625 0040 1A80     		strh	r2, [r3]	@ movhi
 278:Src/ir_decode.c ****       menuIdx = 0x0100;
 626              		.loc 1 278 0
 627 0042 4FF48070 		mov	r0, #256
ARM GAS  /var/folders/rk/zpr83dd14lx588t7kb0yv2b40000gn/T//cceykXrD.s 			page 18


 628 0046 9A4B     		ldr	r3, .L82+4
 629 0048 1880     		strh	r0, [r3]	@ movhi
 279:Src/ir_decode.c ****       MENU_ToEvt(menuIdx, 4);
 630              		.loc 1 279 0
 631 004a 0421     		movs	r1, #4
 632 004c FFF7FEFF 		bl	MENU_ToEvt
 633              	.LVL21:
 634              	.L60:
 635              	.LBE5:
 280:Src/ir_decode.c ****     }
 281:Src/ir_decode.c ****     else
 282:Src/ir_decode.c ****     {
 283:Src/ir_decode.c ****       MENU_ToEvt(menuIdx, 4);
 284:Src/ir_decode.c ****     }
 285:Src/ir_decode.c ****     if(menuTimeOut != 0)menuTimeOut--;
 636              		.loc 1 285 0
 637 0050 984B     		ldr	r3, .L82+8
 638 0052 1B88     		ldrh	r3, [r3]
 639 0054 13B1     		cbz	r3, .L61
 640              		.loc 1 285 0 is_stmt 0 discriminator 1
 641 0056 013B     		subs	r3, r3, #1
 642 0058 964A     		ldr	r2, .L82+8
 643 005a 1380     		strh	r3, [r2]	@ movhi
 644              	.L61:
 286:Src/ir_decode.c ****     if(menuTimeOut == 0)
 645              		.loc 1 286 0 is_stmt 1
 646 005c 954B     		ldr	r3, .L82+8
 647 005e 1B88     		ldrh	r3, [r3]
 648 0060 13B9     		cbnz	r3, .L62
 287:Src/ir_decode.c ****     {
 288:Src/ir_decode.c ****       menuIdx = 0;
 649              		.loc 1 288 0
 650 0062 934B     		ldr	r3, .L82+4
 651 0064 0022     		movs	r2, #0
 652 0066 1A80     		strh	r2, [r3]	@ movhi
 653              	.L62:
 289:Src/ir_decode.c ****     }
 290:Src/ir_decode.c ****     IRCmd = 0;
 654              		.loc 1 290 0
 655 0068 904B     		ldr	r3, .L82
 656 006a 0022     		movs	r2, #0
 657 006c 1A80     		strh	r2, [r3]	@ movhi
 291:Src/ir_decode.c ****     break;
 658              		.loc 1 291 0
 659 006e 11E0     		b	.L43
 660              	.L78:
 661              	.LBE4:
 239:Src/ir_decode.c ****   {
 662              		.loc 1 239 0
 663 0070 FE2B     		cmp	r3, #254
 664 0072 0FD1     		bne	.L43
 665              	.LBB11:
 242:Src/ir_decode.c ****     dev.status.socket = !dev.status.socket;
 666              		.loc 1 242 0
 667 0074 904B     		ldr	r3, .L82+12
 668 0076 0122     		movs	r2, #1
 669 0078 1A70     		strb	r2, [r3]
ARM GAS  /var/folders/rk/zpr83dd14lx588t7kb0yv2b40000gn/T//cceykXrD.s 			page 19


 243:Src/ir_decode.c ****     Device_Save_Status();
 670              		.loc 1 243 0
 671 007a 904A     		ldr	r2, .L82+16
 672 007c 5379     		ldrb	r3, [r2, #5]	@ zero_extendqisi2
 673 007e B3FA83F3 		clz	r3, r3
 674 0082 5B09     		lsrs	r3, r3, #5
 675 0084 5371     		strb	r3, [r2, #5]
 244:Src/ir_decode.c ****     buzzer_short_beep();
 676              		.loc 1 244 0
 677 0086 FFF7FEFF 		bl	Device_Save_Status
 678              	.LVL22:
 245:Src/ir_decode.c ****     IRCmd = 0;
 679              		.loc 1 245 0
 680 008a FFF7FEFF 		bl	buzzer_short_beep
 681              	.LVL23:
 246:Src/ir_decode.c ****     // printf("REMOTE SOCKET\n");
 682              		.loc 1 246 0
 683 008e 874B     		ldr	r3, .L82
 684 0090 0022     		movs	r2, #0
 685 0092 1A80     		strh	r2, [r3]	@ movhi
 686              	.L43:
 687              	.LBE11:
 292:Src/ir_decode.c ****   case UP:
 293:Src/ir_decode.c ****     if(menuIdx != 0)
 294:Src/ir_decode.c ****     {
 295:Src/ir_decode.c ****       if((menuIdx == 0x0100)||(menuIdx == 0x0200)||(menuIdx == 0x0300)) //||(menuIdx == 0x0400)
 296:Src/ir_decode.c ****       {
 297:Src/ir_decode.c ****         if(--menuIdxCh == 0)
 298:Src/ir_decode.c ****         {
 299:Src/ir_decode.c ****           menuIdxCh = 4;
 300:Src/ir_decode.c ****           menuIdx -= 0x0100;
 301:Src/ir_decode.c ****           if(menuIdx < 0x0100)
 302:Src/ir_decode.c ****           {
 303:Src/ir_decode.c ****             menuIdx = 0x0400;
 304:Src/ir_decode.c ****             menuIdxCh = 1;
 305:Src/ir_decode.c ****           }
 306:Src/ir_decode.c ****         }
 307:Src/ir_decode.c ****       }
 308:Src/ir_decode.c ****      else if(menuIdx == 0x0400)
 309:Src/ir_decode.c ****       {
 310:Src/ir_decode.c ****         if(--menuIdxCh == 0)
 311:Src/ir_decode.c ****         {
 312:Src/ir_decode.c ****           menuIdxCh = 4;
 313:Src/ir_decode.c ****           menuIdx = 0x0300;
 314:Src/ir_decode.c ****         }
 315:Src/ir_decode.c ****         //printf("idx: %.4x - IdxCh: %d\n", menuIdx, menuIdxCh);
 316:Src/ir_decode.c ****       }
 317:Src/ir_decode.c ****       MENU_ToEvt(menuIdx, 0);
 318:Src/ir_decode.c ****     }
 319:Src/ir_decode.c ****     IRCmd = 0;
 320:Src/ir_decode.c ****     break;
 321:Src/ir_decode.c ****   case DOWN:
 322:Src/ir_decode.c ****     if(menuIdx != 0)
 323:Src/ir_decode.c ****     {
 324:Src/ir_decode.c ****       if((menuIdx == 0x0100)||(menuIdx == 0x0200)||(menuIdx == 0x0300)) //||(menuIdx == 0x0400)
 325:Src/ir_decode.c ****       {
 326:Src/ir_decode.c ****         if(++menuIdxCh > 4)
ARM GAS  /var/folders/rk/zpr83dd14lx588t7kb0yv2b40000gn/T//cceykXrD.s 			page 20


 327:Src/ir_decode.c ****         {
 328:Src/ir_decode.c ****           menuIdxCh = 1;
 329:Src/ir_decode.c ****           menuIdx += 0x0100;
 330:Src/ir_decode.c ****           if(menuIdx > 0x0400)menuIdx = 0x0100;
 331:Src/ir_decode.c ****         }
 332:Src/ir_decode.c ****       }
 333:Src/ir_decode.c ****       else if(menuIdx == 0x0400)
 334:Src/ir_decode.c ****       {
 335:Src/ir_decode.c ****         if(++menuIdxCh > 1)
 336:Src/ir_decode.c ****         {
 337:Src/ir_decode.c ****           menuIdxCh = 1;
 338:Src/ir_decode.c ****           menuIdx = 0x0100;
 339:Src/ir_decode.c ****         }
 340:Src/ir_decode.c ****         printf("idx: %.4x - IdxCh: %d\n", menuIdx, menuIdxCh);
 341:Src/ir_decode.c ****       }
 342:Src/ir_decode.c ****       MENU_ToEvt(menuIdx, 1);
 343:Src/ir_decode.c ****     }
 344:Src/ir_decode.c ****     IRCmd = 0;
 345:Src/ir_decode.c ****     break;
 346:Src/ir_decode.c ****   case PREV:
 347:Src/ir_decode.c ****     toggle = 0;
 348:Src/ir_decode.c ****     if((menuIdx != 0x0100)&&(menuIdx != 0x0200)&&(menuIdx != 0x0300)&&(menuIdx != 0x0400))
 349:Src/ir_decode.c ****     {
 350:Src/ir_decode.c ****       menuIdx = (menuIdx&0xFF00);
 351:Src/ir_decode.c ****     }
 352:Src/ir_decode.c ****     else
 353:Src/ir_decode.c ****     {
 354:Src/ir_decode.c ****       menuIdx = 0;
 355:Src/ir_decode.c ****       menuIdxCh = 1;
 356:Src/ir_decode.c ****     }
 357:Src/ir_decode.c ****     MENU_ToEvt(menuIdx, 2);
 358:Src/ir_decode.c ****     IRCmd = 0;
 359:Src/ir_decode.c ****     break;
 360:Src/ir_decode.c ****   case NEXT:
 361:Src/ir_decode.c ****     toggle = TIME_PAGE;
 362:Src/ir_decode.c ****     if((menuIdx == 0x0100)||(menuIdx == 0x0200)||(menuIdx == 0x0300)||(menuIdx == 0x0400))
 363:Src/ir_decode.c ****     {
 364:Src/ir_decode.c ****       menuIdx = menuIdx+menuIdxCh;
 365:Src/ir_decode.c ****       menuTimeNext = 200;
 366:Src/ir_decode.c ****       MENU_ToEvt(menuIdx, 0xFF);
 367:Src/ir_decode.c ****     }
 368:Src/ir_decode.c ****     else
 369:Src/ir_decode.c ****     {
 370:Src/ir_decode.c ****       if(menuTimeNext == 0)
 371:Src/ir_decode.c ****         MENU_ToEvt(menuIdx, 3);
 372:Src/ir_decode.c ****     }
 373:Src/ir_decode.c ****     IRCmd = 0;
 374:Src/ir_decode.c ****     break;
 375:Src/ir_decode.c ****   default:
 376:Src/ir_decode.c ****     break;
 377:Src/ir_decode.c ****   }
 378:Src/ir_decode.c **** }
 688              		.loc 1 378 0
 689 0094 08BD     		pop	{r3, pc}
 690              	.L46:
 239:Src/ir_decode.c ****   {
 691              		.loc 1 239 0
ARM GAS  /var/folders/rk/zpr83dd14lx588t7kb0yv2b40000gn/T//cceykXrD.s 			page 21


 692 0096 48F67602 		movw	r2, #34934
 693 009a 9342     		cmp	r3, r2
 694 009c 00F0EF80 		beq	.L52
 695 00a0 25D9     		bls	.L79
 696 00a2 49F26A42 		movw	r2, #37994
 697 00a6 9342     		cmp	r3, r2
 698 00a8 4FD0     		beq	.L55
 699 00aa 4CF63602 		movw	r2, #51254
 700 00ae 9342     		cmp	r3, r2
 701 00b0 F0D1     		bne	.L43
 702              	.LBB12:
 361:Src/ir_decode.c ****     if((menuIdx == 0x0100)||(menuIdx == 0x0200)||(menuIdx == 0x0300)||(menuIdx == 0x0400))
 703              		.loc 1 361 0
 704 00b2 814B     		ldr	r3, .L82+12
 705 00b4 0F22     		movs	r2, #15
 706 00b6 1A70     		strb	r2, [r3]
 362:Src/ir_decode.c ****     {
 707              		.loc 1 362 0
 708 00b8 7D4B     		ldr	r3, .L82+4
 709 00ba 1888     		ldrh	r0, [r3]
 710 00bc B0F5807F 		cmp	r0, #256
 711 00c0 00F01581 		beq	.L74
 362:Src/ir_decode.c ****     {
 712              		.loc 1 362 0 is_stmt 0 discriminator 1
 713 00c4 B0F5007F 		cmp	r0, #512
 714 00c8 00F01181 		beq	.L74
 362:Src/ir_decode.c ****     {
 715              		.loc 1 362 0 discriminator 2
 716 00cc B0F5407F 		cmp	r0, #768
 717 00d0 00F00D81 		beq	.L74
 362:Src/ir_decode.c ****     {
 718              		.loc 1 362 0 discriminator 3
 719 00d4 B0F5806F 		cmp	r0, #1024
 720 00d8 00F00981 		beq	.L74
 370:Src/ir_decode.c ****         MENU_ToEvt(menuIdx, 3);
 721              		.loc 1 370 0 is_stmt 1
 722 00dc 784B     		ldr	r3, .L82+20
 723 00de 1B88     		ldrh	r3, [r3]
 724 00e0 002B     		cmp	r3, #0
 725 00e2 40F01081 		bne	.L76
 371:Src/ir_decode.c ****     }
 726              		.loc 1 371 0
 727 00e6 0321     		movs	r1, #3
 728 00e8 FFF7FEFF 		bl	MENU_ToEvt
 729              	.LVL24:
 730 00ec 0BE1     		b	.L76
 731              	.L79:
 732              	.LBE12:
 239:Src/ir_decode.c ****   {
 733              		.loc 1 239 0
 734 00ee 47F28E02 		movw	r2, #28814
 735 00f2 9342     		cmp	r3, r2
 736 00f4 CED1     		bne	.L43
 737              	.LBB13:
 258:Src/ir_decode.c ****     dev.status.uv = !dev.status.uv;
 738              		.loc 1 258 0
 739 00f6 704B     		ldr	r3, .L82+12
ARM GAS  /var/folders/rk/zpr83dd14lx588t7kb0yv2b40000gn/T//cceykXrD.s 			page 22


 740 00f8 0122     		movs	r2, #1
 741 00fa 1A70     		strb	r2, [r3]
 259:Src/ir_decode.c ****     dev.status.uv?UV_Init_Time(sys_cfg.uvMode):UV_Clear_Time();
 742              		.loc 1 259 0
 743 00fc 6F4A     		ldr	r2, .L82+16
 744 00fe D378     		ldrb	r3, [r2, #3]	@ zero_extendqisi2
 745 0100 B3FA83F3 		clz	r3, r3
 746 0104 5B09     		lsrs	r3, r3, #5
 747 0106 D370     		strb	r3, [r2, #3]
 260:Src/ir_decode.c ****     Device_Save_Status();
 748              		.loc 1 260 0
 749 0108 E3B1     		cbz	r3, .L57
 260:Src/ir_decode.c ****     Device_Save_Status();
 750              		.loc 1 260 0 is_stmt 0 discriminator 1
 751 010a 6E4B     		ldr	r3, .L82+24
 752 010c 1878     		ldrb	r0, [r3]	@ zero_extendqisi2
 753 010e FFF7FEFF 		bl	UV_Init_Time
 754              	.LVL25:
 755              	.L58:
 261:Src/ir_decode.c ****     buzzer_short_beep();
 756              		.loc 1 261 0 is_stmt 1
 757 0112 FFF7FEFF 		bl	Device_Save_Status
 758              	.LVL26:
 262:Src/ir_decode.c ****     IRCmd = 0;
 759              		.loc 1 262 0
 760 0116 FFF7FEFF 		bl	buzzer_short_beep
 761              	.LVL27:
 263:Src/ir_decode.c ****     // printf("REMOTE UV\n");
 762              		.loc 1 263 0
 763 011a 644B     		ldr	r3, .L82
 764 011c 0022     		movs	r2, #0
 765 011e 1A80     		strh	r2, [r3]	@ movhi
 265:Src/ir_decode.c ****   case HOME:
 766              		.loc 1 265 0
 767 0120 B8E7     		b	.L43
 768              	.L45:
 250:Src/ir_decode.c ****     dev.status.lamp = !dev.status.lamp;
 769              		.loc 1 250 0
 770 0122 654B     		ldr	r3, .L82+12
 771 0124 0122     		movs	r2, #1
 772 0126 1A70     		strb	r2, [r3]
 251:Src/ir_decode.c ****     Device_Save_Status();
 773              		.loc 1 251 0
 774 0128 644A     		ldr	r2, .L82+16
 775 012a 9378     		ldrb	r3, [r2, #2]	@ zero_extendqisi2
 776 012c B3FA83F3 		clz	r3, r3
 777 0130 5B09     		lsrs	r3, r3, #5
 778 0132 9370     		strb	r3, [r2, #2]
 252:Src/ir_decode.c ****     buzzer_short_beep();
 779              		.loc 1 252 0
 780 0134 FFF7FEFF 		bl	Device_Save_Status
 781              	.LVL28:
 253:Src/ir_decode.c ****     IRCmd = 0;
 782              		.loc 1 253 0
 783 0138 FFF7FEFF 		bl	buzzer_short_beep
 784              	.LVL29:
 254:Src/ir_decode.c ****     // printf("REMOTE NEON\n");
ARM GAS  /var/folders/rk/zpr83dd14lx588t7kb0yv2b40000gn/T//cceykXrD.s 			page 23


 785              		.loc 1 254 0
 786 013c 5B4B     		ldr	r3, .L82
 787 013e 0022     		movs	r2, #0
 788 0140 1A80     		strh	r2, [r3]	@ movhi
 256:Src/ir_decode.c ****   case BACK:
 789              		.loc 1 256 0
 790 0142 A7E7     		b	.L43
 791              	.L57:
 260:Src/ir_decode.c ****     Device_Save_Status();
 792              		.loc 1 260 0 discriminator 2
 793 0144 FFF7FEFF 		bl	UV_Clear_Time
 794              	.LVL30:
 795 0148 E3E7     		b	.L58
 796              	.L55:
 267:Src/ir_decode.c ****     dev.status.fan = !dev.status.fan;
 797              		.loc 1 267 0
 798 014a 5B4B     		ldr	r3, .L82+12
 799 014c 0122     		movs	r2, #1
 800 014e 1A70     		strb	r2, [r3]
 268:Src/ir_decode.c ****     Device_Save_Status();
 801              		.loc 1 268 0
 802 0150 5A4A     		ldr	r2, .L82+16
 803 0152 1379     		ldrb	r3, [r2, #4]	@ zero_extendqisi2
 804 0154 B3FA83F3 		clz	r3, r3
 805 0158 5B09     		lsrs	r3, r3, #5
 806 015a 1371     		strb	r3, [r2, #4]
 269:Src/ir_decode.c ****     buzzer_short_beep();
 807              		.loc 1 269 0
 808 015c FFF7FEFF 		bl	Device_Save_Status
 809              	.LVL31:
 270:Src/ir_decode.c ****     IRCmd = 0;
 810              		.loc 1 270 0
 811 0160 FFF7FEFF 		bl	buzzer_short_beep
 812              	.LVL32:
 271:Src/ir_decode.c ****     // printf("REMOTE FAN\n");
 813              		.loc 1 271 0
 814 0164 514B     		ldr	r3, .L82
 815 0166 0022     		movs	r2, #0
 816 0168 1A80     		strh	r2, [r3]	@ movhi
 273:Src/ir_decode.c ****   case PLAY:
 817              		.loc 1 273 0
 818 016a 93E7     		b	.L43
 819              	.L59:
 820              	.LBB6:
 283:Src/ir_decode.c ****     }
 821              		.loc 1 283 0
 822 016c 0421     		movs	r1, #4
 823 016e FFF7FEFF 		bl	MENU_ToEvt
 824              	.LVL33:
 825 0172 6DE7     		b	.L60
 826              	.L47:
 827              	.LBE6:
 293:Src/ir_decode.c ****     {
 828              		.loc 1 293 0
 829 0174 4E4B     		ldr	r3, .L82+4
 830 0176 1B88     		ldrh	r3, [r3]
 831 0178 83B1     		cbz	r3, .L63
ARM GAS  /var/folders/rk/zpr83dd14lx588t7kb0yv2b40000gn/T//cceykXrD.s 			page 24


 832              	.LBB7:
 295:Src/ir_decode.c ****       {
 833              		.loc 1 295 0
 834 017a B3F5807F 		cmp	r3, #256
 835 017e 11D0     		beq	.L64
 295:Src/ir_decode.c ****       {
 836              		.loc 1 295 0 is_stmt 0 discriminator 1
 837 0180 B3F5007F 		cmp	r3, #512
 838 0184 0ED0     		beq	.L64
 295:Src/ir_decode.c ****       {
 839              		.loc 1 295 0 discriminator 2
 840 0186 B3F5407F 		cmp	r3, #768
 841 018a 0BD0     		beq	.L64
 308:Src/ir_decode.c ****       {
 842              		.loc 1 308 0 is_stmt 1
 843 018c B3F5806F 		cmp	r3, #1024
 844 0190 21D0     		beq	.L80
 845              	.L66:
 317:Src/ir_decode.c ****     }
 846              		.loc 1 317 0
 847 0192 0021     		movs	r1, #0
 848 0194 464B     		ldr	r3, .L82+4
 849 0196 1888     		ldrh	r0, [r3]
 850 0198 FFF7FEFF 		bl	MENU_ToEvt
 851              	.LVL34:
 852              	.L63:
 853              	.LBE7:
 319:Src/ir_decode.c ****     break;
 854              		.loc 1 319 0
 855 019c 434B     		ldr	r3, .L82
 856 019e 0022     		movs	r2, #0
 857 01a0 1A80     		strh	r2, [r3]	@ movhi
 320:Src/ir_decode.c ****   case DOWN:
 858              		.loc 1 320 0
 859 01a2 77E7     		b	.L43
 860              	.L64:
 861              	.LBB8:
 297:Src/ir_decode.c ****         {
 862              		.loc 1 297 0
 863 01a4 4849     		ldr	r1, .L82+28
 864 01a6 0A78     		ldrb	r2, [r1]	@ zero_extendqisi2
 865 01a8 013A     		subs	r2, r2, #1
 866 01aa D2B2     		uxtb	r2, r2
 867 01ac 0A70     		strb	r2, [r1]
 868 01ae 002A     		cmp	r2, #0
 869 01b0 EFD1     		bne	.L66
 299:Src/ir_decode.c ****           menuIdx -= 0x0100;
 870              		.loc 1 299 0
 871 01b2 0A46     		mov	r2, r1
 872 01b4 0421     		movs	r1, #4
 873 01b6 1170     		strb	r1, [r2]
 300:Src/ir_decode.c ****           if(menuIdx < 0x0100)
 874              		.loc 1 300 0
 875 01b8 A3F58073 		sub	r3, r3, #256
 876 01bc 9BB2     		uxth	r3, r3
 877 01be 3C4A     		ldr	r2, .L82+4
 878 01c0 1380     		strh	r3, [r2]	@ movhi
ARM GAS  /var/folders/rk/zpr83dd14lx588t7kb0yv2b40000gn/T//cceykXrD.s 			page 25


 301:Src/ir_decode.c ****           {
 879              		.loc 1 301 0
 880 01c2 FF2B     		cmp	r3, #255
 881 01c4 E5D8     		bhi	.L66
 303:Src/ir_decode.c ****             menuIdxCh = 1;
 882              		.loc 1 303 0
 883 01c6 1346     		mov	r3, r2
 884 01c8 4FF48062 		mov	r2, #1024
 885 01cc 1A80     		strh	r2, [r3]	@ movhi
 304:Src/ir_decode.c ****           }
 886              		.loc 1 304 0
 887 01ce 3E4B     		ldr	r3, .L82+28
 888 01d0 0122     		movs	r2, #1
 889 01d2 1A70     		strb	r2, [r3]
 890 01d4 DDE7     		b	.L66
 891              	.L80:
 310:Src/ir_decode.c ****         {
 892              		.loc 1 310 0
 893 01d6 3C4A     		ldr	r2, .L82+28
 894 01d8 1378     		ldrb	r3, [r2]	@ zero_extendqisi2
 895 01da 013B     		subs	r3, r3, #1
 896 01dc DBB2     		uxtb	r3, r3
 897 01de 1370     		strb	r3, [r2]
 898 01e0 002B     		cmp	r3, #0
 899 01e2 D6D1     		bne	.L66
 312:Src/ir_decode.c ****           menuIdx = 0x0300;
 900              		.loc 1 312 0
 901 01e4 1346     		mov	r3, r2
 902 01e6 0422     		movs	r2, #4
 903 01e8 1A70     		strb	r2, [r3]
 313:Src/ir_decode.c ****         }
 904              		.loc 1 313 0
 905 01ea 314B     		ldr	r3, .L82+4
 906 01ec 4FF44072 		mov	r2, #768
 907 01f0 1A80     		strh	r2, [r3]	@ movhi
 908 01f2 CEE7     		b	.L66
 909              	.L50:
 910              	.LBE8:
 322:Src/ir_decode.c ****     {
 911              		.loc 1 322 0
 912 01f4 2E4B     		ldr	r3, .L82+4
 913 01f6 1B88     		ldrh	r3, [r3]
 914 01f8 83B1     		cbz	r3, .L67
 915              	.LBB9:
 324:Src/ir_decode.c ****       {
 916              		.loc 1 324 0
 917 01fa B3F5807F 		cmp	r3, #256
 918 01fe 11D0     		beq	.L68
 324:Src/ir_decode.c ****       {
 919              		.loc 1 324 0 is_stmt 0 discriminator 1
 920 0200 B3F5007F 		cmp	r3, #512
 921 0204 0ED0     		beq	.L68
 324:Src/ir_decode.c ****       {
 922              		.loc 1 324 0 discriminator 2
 923 0206 B3F5407F 		cmp	r3, #768
 924 020a 0BD0     		beq	.L68
 333:Src/ir_decode.c ****       {
ARM GAS  /var/folders/rk/zpr83dd14lx588t7kb0yv2b40000gn/T//cceykXrD.s 			page 26


 925              		.loc 1 333 0 is_stmt 1
 926 020c B3F5806F 		cmp	r3, #1024
 927 0210 1FD0     		beq	.L81
 928              	.L70:
 342:Src/ir_decode.c ****     }
 929              		.loc 1 342 0
 930 0212 0121     		movs	r1, #1
 931 0214 264B     		ldr	r3, .L82+4
 932 0216 1888     		ldrh	r0, [r3]
 933 0218 FFF7FEFF 		bl	MENU_ToEvt
 934              	.LVL35:
 935              	.L67:
 936              	.LBE9:
 344:Src/ir_decode.c ****     break;
 937              		.loc 1 344 0
 938 021c 234B     		ldr	r3, .L82
 939 021e 0022     		movs	r2, #0
 940 0220 1A80     		strh	r2, [r3]	@ movhi
 345:Src/ir_decode.c ****   case PREV:
 941              		.loc 1 345 0
 942 0222 37E7     		b	.L43
 943              	.L68:
 944              	.LBB10:
 326:Src/ir_decode.c ****         {
 945              		.loc 1 326 0
 946 0224 2849     		ldr	r1, .L82+28
 947 0226 0A78     		ldrb	r2, [r1]	@ zero_extendqisi2
 948 0228 0132     		adds	r2, r2, #1
 949 022a D2B2     		uxtb	r2, r2
 950 022c 0A70     		strb	r2, [r1]
 951 022e 042A     		cmp	r2, #4
 952 0230 EFD9     		bls	.L70
 328:Src/ir_decode.c ****           menuIdx += 0x0100;
 953              		.loc 1 328 0
 954 0232 0A46     		mov	r2, r1
 955 0234 0121     		movs	r1, #1
 956 0236 1170     		strb	r1, [r2]
 329:Src/ir_decode.c ****           if(menuIdx > 0x0400)menuIdx = 0x0100;
 957              		.loc 1 329 0
 958 0238 03F58073 		add	r3, r3, #256
 959 023c 9BB2     		uxth	r3, r3
 960 023e 1C4A     		ldr	r2, .L82+4
 961 0240 1380     		strh	r3, [r2]	@ movhi
 330:Src/ir_decode.c ****         }
 962              		.loc 1 330 0
 963 0242 B3F5806F 		cmp	r3, #1024
 964 0246 E4D9     		bls	.L70
 330:Src/ir_decode.c ****         }
 965              		.loc 1 330 0 is_stmt 0 discriminator 1
 966 0248 1346     		mov	r3, r2
 967 024a 4FF48072 		mov	r2, #256
 968 024e 1A80     		strh	r2, [r3]	@ movhi
 969 0250 DFE7     		b	.L70
 970              	.L81:
 335:Src/ir_decode.c ****         {
 971              		.loc 1 335 0 is_stmt 1
 972 0252 1D4A     		ldr	r2, .L82+28
ARM GAS  /var/folders/rk/zpr83dd14lx588t7kb0yv2b40000gn/T//cceykXrD.s 			page 27


 973 0254 1378     		ldrb	r3, [r2]	@ zero_extendqisi2
 974 0256 0133     		adds	r3, r3, #1
 975 0258 DBB2     		uxtb	r3, r3
 976 025a 1370     		strb	r3, [r2]
 977 025c 012B     		cmp	r3, #1
 978 025e 06D9     		bls	.L71
 337:Src/ir_decode.c ****           menuIdx = 0x0100;
 979              		.loc 1 337 0
 980 0260 1346     		mov	r3, r2
 981 0262 0122     		movs	r2, #1
 982 0264 1A70     		strb	r2, [r3]
 338:Src/ir_decode.c ****         }
 983              		.loc 1 338 0
 984 0266 124B     		ldr	r3, .L82+4
 985 0268 4FF48072 		mov	r2, #256
 986 026c 1A80     		strh	r2, [r3]	@ movhi
 987              	.L71:
 340:Src/ir_decode.c ****       }
 988              		.loc 1 340 0
 989 026e 164B     		ldr	r3, .L82+28
 990 0270 1A78     		ldrb	r2, [r3]	@ zero_extendqisi2
 991 0272 0F4B     		ldr	r3, .L82+4
 992 0274 1988     		ldrh	r1, [r3]
 993 0276 1548     		ldr	r0, .L82+32
 994 0278 FFF7FEFF 		bl	printf
 995              	.LVL36:
 996 027c C9E7     		b	.L70
 997              	.L52:
 998              	.LBE10:
 347:Src/ir_decode.c ****     if((menuIdx != 0x0100)&&(menuIdx != 0x0200)&&(menuIdx != 0x0300)&&(menuIdx != 0x0400))
 999              		.loc 1 347 0
 1000 027e 0E4B     		ldr	r3, .L82+12
 1001 0280 0022     		movs	r2, #0
 1002 0282 1A70     		strb	r2, [r3]
 348:Src/ir_decode.c ****     {
 1003              		.loc 1 348 0
 1004 0284 0A4B     		ldr	r3, .L82+4
 1005 0286 1B88     		ldrh	r3, [r3]
 1006 0288 B3F5807F 		cmp	r3, #256
 1007 028c 20D0     		beq	.L72
 348:Src/ir_decode.c ****     {
 1008              		.loc 1 348 0 is_stmt 0 discriminator 1
 1009 028e B3F5007F 		cmp	r3, #512
 1010 0292 1DD0     		beq	.L72
 348:Src/ir_decode.c ****     {
 1011              		.loc 1 348 0 discriminator 2
 1012 0294 B3F5407F 		cmp	r3, #768
 1013 0298 1AD0     		beq	.L72
 348:Src/ir_decode.c ****     {
 1014              		.loc 1 348 0 discriminator 3
 1015 029a B3F5806F 		cmp	r3, #1024
 1016 029e 17D0     		beq	.L72
 350:Src/ir_decode.c ****     }
 1017              		.loc 1 350 0 is_stmt 1
 1018 02a0 03F47F43 		and	r3, r3, #65280
 1019 02a4 024A     		ldr	r2, .L82+4
 1020 02a6 1380     		strh	r3, [r2]	@ movhi
ARM GAS  /var/folders/rk/zpr83dd14lx588t7kb0yv2b40000gn/T//cceykXrD.s 			page 28


 1021 02a8 18E0     		b	.L73
 1022              	.L83:
 1023 02aa 00BF     		.align	2
 1024              	.L82:
 1025 02ac 00000000 		.word	IRCmd
 1026 02b0 00000000 		.word	menuIdx
 1027 02b4 00000000 		.word	menuTimeOut
 1028 02b8 00000000 		.word	toggle
 1029 02bc 00000000 		.word	dev
 1030 02c0 00000000 		.word	menuTimeNext
 1031 02c4 00000000 		.word	sys_cfg
 1032 02c8 00000000 		.word	menuIdxCh
 1033 02cc 00000000 		.word	.LC0
 1034              	.L72:
 354:Src/ir_decode.c ****       menuIdxCh = 1;
 1035              		.loc 1 354 0
 1036 02d0 0F4B     		ldr	r3, .L84
 1037 02d2 0022     		movs	r2, #0
 1038 02d4 1A80     		strh	r2, [r3]	@ movhi
 355:Src/ir_decode.c ****     }
 1039              		.loc 1 355 0
 1040 02d6 0F4B     		ldr	r3, .L84+4
 1041 02d8 0122     		movs	r2, #1
 1042 02da 1A70     		strb	r2, [r3]
 1043              	.L73:
 357:Src/ir_decode.c ****     IRCmd = 0;
 1044              		.loc 1 357 0
 1045 02dc 0221     		movs	r1, #2
 1046 02de 0C4B     		ldr	r3, .L84
 1047 02e0 1888     		ldrh	r0, [r3]
 1048 02e2 FFF7FEFF 		bl	MENU_ToEvt
 1049              	.LVL37:
 358:Src/ir_decode.c ****     break;
 1050              		.loc 1 358 0
 1051 02e6 0C4B     		ldr	r3, .L84+8
 1052 02e8 0022     		movs	r2, #0
 1053 02ea 1A80     		strh	r2, [r3]	@ movhi
 359:Src/ir_decode.c ****   case NEXT:
 1054              		.loc 1 359 0
 1055 02ec D2E6     		b	.L43
 1056              	.L74:
 364:Src/ir_decode.c ****       menuTimeNext = 200;
 1057              		.loc 1 364 0
 1058 02ee 094B     		ldr	r3, .L84+4
 1059 02f0 1B78     		ldrb	r3, [r3]	@ zero_extendqisi2
 1060 02f2 1844     		add	r0, r0, r3
 1061 02f4 80B2     		uxth	r0, r0
 1062 02f6 064B     		ldr	r3, .L84
 1063 02f8 1880     		strh	r0, [r3]	@ movhi
 365:Src/ir_decode.c ****       MENU_ToEvt(menuIdx, 0xFF);
 1064              		.loc 1 365 0
 1065 02fa 084B     		ldr	r3, .L84+12
 1066 02fc C822     		movs	r2, #200
 1067 02fe 1A80     		strh	r2, [r3]	@ movhi
 366:Src/ir_decode.c ****     }
 1068              		.loc 1 366 0
 1069 0300 FF21     		movs	r1, #255
ARM GAS  /var/folders/rk/zpr83dd14lx588t7kb0yv2b40000gn/T//cceykXrD.s 			page 29


 1070 0302 FFF7FEFF 		bl	MENU_ToEvt
 1071              	.LVL38:
 1072              	.L76:
 373:Src/ir_decode.c ****     break;
 1073              		.loc 1 373 0
 1074 0306 044B     		ldr	r3, .L84+8
 1075 0308 0022     		movs	r2, #0
 1076 030a 1A80     		strh	r2, [r3]	@ movhi
 1077              	.LBE13:
 1078              		.loc 1 378 0
 1079 030c C2E6     		b	.L43
 1080              	.L85:
 1081 030e 00BF     		.align	2
 1082              	.L84:
 1083 0310 00000000 		.word	menuIdx
 1084 0314 00000000 		.word	menuIdxCh
 1085 0318 00000000 		.word	IRCmd
 1086 031c 00000000 		.word	menuTimeNext
 1087              		.cfi_endproc
 1088              	.LFE74:
 1090              		.comm	remoteCmd,4,4
 1091              		.comm	htim3,64,4
 1092              		.comm	IRCmd,2,2
 1093              		.comm	necFrame,12,4
 1094              		.global	IRAddr
 1095              		.comm	bmp_temp,8,4
 1096              		.section	.rodata.IRAddr,"a",%progbits
 1097              		.align	1
 1100              	IRAddr:
 1101 0000 FF00     		.short	255
 1102              		.section	.rodata.NEC_Manager.str1.4,"aMS",%progbits,1
 1103              		.align	2
 1104              	.LC0:
 1105 0000 6964783A 		.ascii	"idx: %.4x - IdxCh: %d\012\000"
 1105      20252E34 
 1105      78202D20 
 1105      49647843 
 1105      683A2025 
 1106              		.text
 1107              	.Letext0:
 1108              		.file 2 "/usr/local/gcc_arm/gcc-arm-none-eabi-7-2017-q4-major/arm-none-eabi/include/machine/_defau
 1109              		.file 3 "/usr/local/gcc_arm/gcc-arm-none-eabi-7-2017-q4-major/arm-none-eabi/include/sys/_stdint.h"
 1110              		.file 4 "Drivers/CMSIS/Include/core_cm3.h"
 1111              		.file 5 "Drivers/CMSIS/Device/ST/STM32F1xx/Include/system_stm32f1xx.h"
 1112              		.file 6 "Drivers/CMSIS/Device/ST/STM32F1xx/Include/stm32f103xe.h"
 1113              		.file 7 "/usr/local/gcc_arm/gcc-arm-none-eabi-7-2017-q4-major/arm-none-eabi/include/sys/lock.h"
 1114              		.file 8 "/usr/local/gcc_arm/gcc-arm-none-eabi-7-2017-q4-major/arm-none-eabi/include/sys/_types.h"
 1115              		.file 9 "/usr/local/gcc_arm/gcc-arm-none-eabi-7-2017-q4-major/lib/gcc/arm-none-eabi/7.2.1/include/
 1116              		.file 10 "/usr/local/gcc_arm/gcc-arm-none-eabi-7-2017-q4-major/arm-none-eabi/include/sys/reent.h"
 1117              		.file 11 "Drivers/STM32F1xx_HAL_Driver/Inc/stm32f1xx_hal_def.h"
 1118              		.file 12 "Drivers/STM32F1xx_HAL_Driver/Inc/stm32f1xx_hal_gpio.h"
 1119              		.file 13 "Drivers/STM32F1xx_HAL_Driver/Inc/stm32f1xx_hal_dma.h"
 1120              		.file 14 "Drivers/STM32F1xx_HAL_Driver/Inc/stm32f1xx_hal_tim.h"
 1121              		.file 15 "Drivers/STM32F1xx_HAL_Driver/Inc/stm32f1xx_hal_tim_ex.h"
 1122              		.file 16 "Drivers/STM32F1xx_HAL_Driver/Inc/stm32f1xx_hal.h"
 1123              		.file 17 "u8g2/csrc/u8x8.h"
 1124              		.file 18 "u8g2/csrc/u8g2.h"
ARM GAS  /var/folders/rk/zpr83dd14lx588t7kb0yv2b40000gn/T//cceykXrD.s 			page 30


 1125              		.file 19 "Inc/main.h"
 1126              		.file 20 "Inc/ir_decode.h"
 1127              		.file 21 "Inc/user_bitmap.h"
 1128              		.file 22 "Inc/main_screen.h"
 1129              		.file 23 "Inc/menu.h"
 1130              		.file 24 "Inc/buzzer.h"
 1131              		.file 25 "Inc/system.h"
 1132              		.file 26 "Inc/config.h"
 1133              		.file 27 "/usr/local/gcc_arm/gcc-arm-none-eabi-7-2017-q4-major/arm-none-eabi/include/stdio.h"
 1134              		.file 28 "Drivers/STM32F1xx_HAL_Driver/Inc/stm32f1xx_hal_cortex.h"
ARM GAS  /var/folders/rk/zpr83dd14lx588t7kb0yv2b40000gn/T//cceykXrD.s 			page 31


DEFINED SYMBOLS
                            *ABS*:0000000000000000 ir_decode.c
/var/folders/rk/zpr83dd14lx588t7kb0yv2b40000gn/T//cceykXrD.s:16     .text.NEC_RCC_Configuration:0000000000000000 $t
/var/folders/rk/zpr83dd14lx588t7kb0yv2b40000gn/T//cceykXrD.s:22     .text.NEC_RCC_Configuration:0000000000000000 NEC_RCC_Configuration
/var/folders/rk/zpr83dd14lx588t7kb0yv2b40000gn/T//cceykXrD.s:63     .text.NEC_RCC_Configuration:000000000000002c $d
/var/folders/rk/zpr83dd14lx588t7kb0yv2b40000gn/T//cceykXrD.s:68     .text.NEC_NVIC_Configuration:0000000000000000 $t
/var/folders/rk/zpr83dd14lx588t7kb0yv2b40000gn/T//cceykXrD.s:74     .text.NEC_NVIC_Configuration:0000000000000000 NEC_NVIC_Configuration
/var/folders/rk/zpr83dd14lx588t7kb0yv2b40000gn/T//cceykXrD.s:111    .text.NEC_GPIO_Configuration:0000000000000000 $t
/var/folders/rk/zpr83dd14lx588t7kb0yv2b40000gn/T//cceykXrD.s:117    .text.NEC_GPIO_Configuration:0000000000000000 NEC_GPIO_Configuration
/var/folders/rk/zpr83dd14lx588t7kb0yv2b40000gn/T//cceykXrD.s:156    .text.NEC_GPIO_Configuration:0000000000000024 $d
/var/folders/rk/zpr83dd14lx588t7kb0yv2b40000gn/T//cceykXrD.s:162    .text.NEC_WaitForNextFallingEdge:0000000000000000 $t
/var/folders/rk/zpr83dd14lx588t7kb0yv2b40000gn/T//cceykXrD.s:168    .text.NEC_WaitForNextFallingEdge:0000000000000000 NEC_WaitForNextFallingEdge
/var/folders/rk/zpr83dd14lx588t7kb0yv2b40000gn/T//cceykXrD.s:273    .text.NEC_WaitForNextFallingEdge:000000000000007c $d
                            *COM*:0000000000000040 htim3
/var/folders/rk/zpr83dd14lx588t7kb0yv2b40000gn/T//cceykXrD.s:279    .text.NEC_Receiver_Init:0000000000000000 $t
/var/folders/rk/zpr83dd14lx588t7kb0yv2b40000gn/T//cceykXrD.s:286    .text.NEC_Receiver_Init:0000000000000000 NEC_Receiver_Init
/var/folders/rk/zpr83dd14lx588t7kb0yv2b40000gn/T//cceykXrD.s:326    .text.NEC_Receiver_Init:0000000000000024 $d
                            *COM*:000000000000000c necFrame
/var/folders/rk/zpr83dd14lx588t7kb0yv2b40000gn/T//cceykXrD.s:331    .text.HAL_TIM_PeriodElapsedCallback:0000000000000000 $t
/var/folders/rk/zpr83dd14lx588t7kb0yv2b40000gn/T//cceykXrD.s:338    .text.HAL_TIM_PeriodElapsedCallback:0000000000000000 HAL_TIM_PeriodElapsedCallback
/var/folders/rk/zpr83dd14lx588t7kb0yv2b40000gn/T//cceykXrD.s:364    .text.HAL_TIM_PeriodElapsedCallback:0000000000000018 $d
/var/folders/rk/zpr83dd14lx588t7kb0yv2b40000gn/T//cceykXrD.s:369    .text.NEC_MeasureFirstLowDuration:0000000000000000 $t
/var/folders/rk/zpr83dd14lx588t7kb0yv2b40000gn/T//cceykXrD.s:376    .text.NEC_MeasureFirstLowDuration:0000000000000000 NEC_MeasureFirstLowDuration
/var/folders/rk/zpr83dd14lx588t7kb0yv2b40000gn/T//cceykXrD.s:544    .text.NEC_MeasureFirstLowDuration:00000000000000f4 $d
                            *COM*:0000000000000004 remoteCmd
                            *COM*:0000000000000002 IRCmd
/var/folders/rk/zpr83dd14lx588t7kb0yv2b40000gn/T//cceykXrD.s:552    .text.HAL_GPIO_EXTI_Callback:0000000000000000 $t
/var/folders/rk/zpr83dd14lx588t7kb0yv2b40000gn/T//cceykXrD.s:559    .text.HAL_GPIO_EXTI_Callback:0000000000000000 HAL_GPIO_EXTI_Callback
/var/folders/rk/zpr83dd14lx588t7kb0yv2b40000gn/T//cceykXrD.s:580    .text.NEC_Manager:0000000000000000 $t
/var/folders/rk/zpr83dd14lx588t7kb0yv2b40000gn/T//cceykXrD.s:587    .text.NEC_Manager:0000000000000000 NEC_Manager
/var/folders/rk/zpr83dd14lx588t7kb0yv2b40000gn/T//cceykXrD.s:1025   .text.NEC_Manager:00000000000002ac $d
/var/folders/rk/zpr83dd14lx588t7kb0yv2b40000gn/T//cceykXrD.s:1036   .text.NEC_Manager:00000000000002d0 $t
/var/folders/rk/zpr83dd14lx588t7kb0yv2b40000gn/T//cceykXrD.s:1083   .text.NEC_Manager:0000000000000310 $d
/var/folders/rk/zpr83dd14lx588t7kb0yv2b40000gn/T//cceykXrD.s:1100   .rodata.IRAddr:0000000000000000 IRAddr
                            *COM*:0000000000000008 bmp_temp
/var/folders/rk/zpr83dd14lx588t7kb0yv2b40000gn/T//cceykXrD.s:1097   .rodata.IRAddr:0000000000000000 $d
/var/folders/rk/zpr83dd14lx588t7kb0yv2b40000gn/T//cceykXrD.s:1103   .rodata.NEC_Manager.str1.4:0000000000000000 $d

UNDEFINED SYMBOLS
HAL_NVIC_SetPriority
HAL_NVIC_EnableIRQ
HAL_GPIO_Init
HAL_TIM_Base_Init
HAL_TIM_ConfigClockSource
HAL_TIMEx_MasterConfigSynchronization
HAL_TIM_Base_Start_IT
Error_Handler
HAL_GPIO_ReadPin
MENU_ToEvt
Device_Save_Status
buzzer_short_beep
UV_Init_Time
UV_Clear_Time
printf
menuIdx
menuTimeOut
toggle
ARM GAS  /var/folders/rk/zpr83dd14lx588t7kb0yv2b40000gn/T//cceykXrD.s 			page 32


dev
menuTimeNext
sys_cfg
menuIdxCh
