ARM GAS  C:\Users\behun\AppData\Local\Temp\cc4eLD6t.s 			page 1


   1              		.cpu cortex-m3
   2              		.eabi_attribute 20, 1
   3              		.eabi_attribute 21, 1
   4              		.eabi_attribute 23, 3
   5              		.eabi_attribute 24, 1
   6              		.eabi_attribute 25, 1
   7              		.eabi_attribute 26, 1
   8              		.eabi_attribute 30, 1
   9              		.eabi_attribute 34, 1
  10              		.eabi_attribute 18, 4
  11              		.file	"iwdg.c"
  12              		.text
  13              	.Ltext0:
  14              		.cfi_sections	.debug_frame
  15              		.section	.text.MX_IWDG_Init,"ax",%progbits
  16              		.align	1
  17              		.global	MX_IWDG_Init
  18              		.arch armv7-m
  19              		.syntax unified
  20              		.thumb
  21              		.thumb_func
  22              		.fpu softvfp
  24              	MX_IWDG_Init:
  25              	.LFB66:
  26              		.file 1 "Src/iwdg.c"
   1:Src/iwdg.c    **** /**
   2:Src/iwdg.c    ****   ******************************************************************************
   3:Src/iwdg.c    ****   * File Name          : IWDG.c
   4:Src/iwdg.c    ****   * Description        : This file provides code for the configuration
   5:Src/iwdg.c    ****   *                      of the IWDG instances.
   6:Src/iwdg.c    ****   ******************************************************************************
   7:Src/iwdg.c    ****   * @attention
   8:Src/iwdg.c    ****   *
   9:Src/iwdg.c    ****   * <h2><center>&copy; Copyright (c) 2019 STMicroelectronics.
  10:Src/iwdg.c    ****   * All rights reserved.</center></h2>
  11:Src/iwdg.c    ****   *
  12:Src/iwdg.c    ****   * This software component is licensed by ST under Ultimate Liberty license
  13:Src/iwdg.c    ****   * SLA0044, the "License"; You may not use this file except in compliance with
  14:Src/iwdg.c    ****   * the License. You may obtain a copy of the License at:
  15:Src/iwdg.c    ****   *                             www.st.com/SLA0044
  16:Src/iwdg.c    ****   *
  17:Src/iwdg.c    ****   ******************************************************************************
  18:Src/iwdg.c    ****   */
  19:Src/iwdg.c    **** 
  20:Src/iwdg.c    **** /* Includes ------------------------------------------------------------------*/
  21:Src/iwdg.c    **** #include "iwdg.h"
  22:Src/iwdg.c    **** 
  23:Src/iwdg.c    **** /* USER CODE BEGIN 0 */
  24:Src/iwdg.c    **** 
  25:Src/iwdg.c    **** /* USER CODE END 0 */
  26:Src/iwdg.c    **** 
  27:Src/iwdg.c    **** IWDG_HandleTypeDef hiwdg;
  28:Src/iwdg.c    **** 
  29:Src/iwdg.c    **** /* IWDG init function */
  30:Src/iwdg.c    **** void MX_IWDG_Init(void)
  31:Src/iwdg.c    **** {
  27              		.loc 1 31 1 view -0
ARM GAS  C:\Users\behun\AppData\Local\Temp\cc4eLD6t.s 			page 2


  28              		.cfi_startproc
  29              		@ args = 0, pretend = 0, frame = 0
  30              		@ frame_needed = 0, uses_anonymous_args = 0
  31 0000 08B5     		push	{r3, lr}
  32              	.LCFI0:
  33              		.cfi_def_cfa_offset 8
  34              		.cfi_offset 3, -8
  35              		.cfi_offset 14, -4
  32:Src/iwdg.c    **** 
  33:Src/iwdg.c    ****   hiwdg.Instance = IWDG;
  36              		.loc 1 33 3 view .LVU1
  37              		.loc 1 33 18 is_stmt 0 view .LVU2
  38 0002 0748     		ldr	r0, .L5
  39 0004 074B     		ldr	r3, .L5+4
  40 0006 0360     		str	r3, [r0]
  34:Src/iwdg.c    ****   hiwdg.Init.Prescaler = IWDG_PRESCALER_4;
  41              		.loc 1 34 3 is_stmt 1 view .LVU3
  42              		.loc 1 34 24 is_stmt 0 view .LVU4
  43 0008 0023     		movs	r3, #0
  44 000a 4360     		str	r3, [r0, #4]
  35:Src/iwdg.c    ****   hiwdg.Init.Reload = 4095;
  45              		.loc 1 35 3 is_stmt 1 view .LVU5
  46              		.loc 1 35 21 is_stmt 0 view .LVU6
  47 000c 40F6FF73 		movw	r3, #4095
  48 0010 8360     		str	r3, [r0, #8]
  36:Src/iwdg.c    ****   if (HAL_IWDG_Init(&hiwdg) != HAL_OK)
  49              		.loc 1 36 3 is_stmt 1 view .LVU7
  50              		.loc 1 36 7 is_stmt 0 view .LVU8
  51 0012 FFF7FEFF 		bl	HAL_IWDG_Init
  52              	.LVL0:
  53              		.loc 1 36 6 view .LVU9
  54 0016 00B9     		cbnz	r0, .L4
  55              	.L1:
  37:Src/iwdg.c    ****   {
  38:Src/iwdg.c    ****     Error_Handler();
  39:Src/iwdg.c    ****   }
  40:Src/iwdg.c    **** 
  41:Src/iwdg.c    **** }
  56              		.loc 1 41 1 view .LVU10
  57 0018 08BD     		pop	{r3, pc}
  58              	.L4:
  38:Src/iwdg.c    ****   }
  59              		.loc 1 38 5 is_stmt 1 view .LVU11
  60 001a FFF7FEFF 		bl	Error_Handler
  61              	.LVL1:
  62              		.loc 1 41 1 is_stmt 0 view .LVU12
  63 001e FBE7     		b	.L1
  64              	.L6:
  65              		.align	2
  66              	.L5:
  67 0020 00000000 		.word	hiwdg
  68 0024 00300040 		.word	1073754112
  69              		.cfi_endproc
  70              	.LFE66:
  72              		.comm	hiwdg,12,4
  73              		.text
  74              	.Letext0:
ARM GAS  C:\Users\behun\AppData\Local\Temp\cc4eLD6t.s 			page 3


  75              		.file 2 "c:\\program files (x86)\\gnu tools arm embedded\\8 2019-q3-update\\arm-none-eabi\\include
  76              		.file 3 "c:\\program files (x86)\\gnu tools arm embedded\\8 2019-q3-update\\arm-none-eabi\\include
  77              		.file 4 "Drivers/CMSIS/Include/core_cm3.h"
  78              		.file 5 "Drivers/CMSIS/Device/ST/STM32F1xx/Include/system_stm32f1xx.h"
  79              		.file 6 "Drivers/CMSIS/Device/ST/STM32F1xx/Include/stm32f103xe.h"
  80              		.file 7 "c:\\program files (x86)\\gnu tools arm embedded\\8 2019-q3-update\\lib\\gcc\\arm-none-eab
  81              		.file 8 "c:\\program files (x86)\\gnu tools arm embedded\\8 2019-q3-update\\arm-none-eabi\\include
  82              		.file 9 "c:\\program files (x86)\\gnu tools arm embedded\\8 2019-q3-update\\arm-none-eabi\\include
  83              		.file 10 "c:\\program files (x86)\\gnu tools arm embedded\\8 2019-q3-update\\arm-none-eabi\\includ
  84              		.file 11 "Drivers/STM32F1xx_HAL_Driver/Inc/stm32f1xx_hal_iwdg.h"
  85              		.file 12 "Drivers/STM32F1xx_HAL_Driver/Inc/stm32f1xx_hal_def.h"
  86              		.file 13 "Drivers/STM32F1xx_HAL_Driver/Inc/stm32f1xx_hal.h"
  87              		.file 14 "Inc/iwdg.h"
  88              		.file 15 "Inc/main.h"
ARM GAS  C:\Users\behun\AppData\Local\Temp\cc4eLD6t.s 			page 4


DEFINED SYMBOLS
                            *ABS*:00000000 iwdg.c
C:\Users\behun\AppData\Local\Temp\cc4eLD6t.s:16     .text.MX_IWDG_Init:00000000 $t
C:\Users\behun\AppData\Local\Temp\cc4eLD6t.s:24     .text.MX_IWDG_Init:00000000 MX_IWDG_Init
C:\Users\behun\AppData\Local\Temp\cc4eLD6t.s:67     .text.MX_IWDG_Init:00000020 $d
                            *COM*:0000000c hiwdg

UNDEFINED SYMBOLS
HAL_IWDG_Init
Error_Handler
