ARM GAS  /var/folders/rk/zpr83dd14lx588t7kb0yv2b40000gn/T//ccUieXbI.s 			page 1


   1              		.cpu cortex-m3
   2              		.eabi_attribute 20, 1
   3              		.eabi_attribute 21, 1
   4              		.eabi_attribute 23, 3
   5              		.eabi_attribute 24, 1
   6              		.eabi_attribute 25, 1
   7              		.eabi_attribute 26, 1
   8              		.eabi_attribute 30, 1
   9              		.eabi_attribute 34, 1
  10              		.eabi_attribute 18, 4
  11              		.file	"lcd_backlight.c"
  12              		.text
  13              	.Ltext0:
  14              		.cfi_sections	.debug_frame
  15              		.section	.text.Set_Backlight,"ax",%progbits
  16              		.align	1
  17              		.global	Set_Backlight
  18              		.syntax unified
  19              		.thumb
  20              		.thumb_func
  21              		.fpu softvfp
  23              	Set_Backlight:
  24              	.LFB67:
  25              		.file 1 "Src/lcd_backlight.c"
   1:Src/lcd_backlight.c **** #include "lcd_backlight.h"
   2:Src/lcd_backlight.c **** #include "system.h"
   3:Src/lcd_backlight.c **** #include "config.h"
   4:Src/lcd_backlight.c **** 
   5:Src/lcd_backlight.c **** /* TIM1 init function */
   6:Src/lcd_backlight.c **** TIM_HandleTypeDef    htim1;
   7:Src/lcd_backlight.c **** TIM_OC_InitTypeDef sConfigOC;
   8:Src/lcd_backlight.c **** 
   9:Src/lcd_backlight.c **** /* TIM1 init function */
  10:Src/lcd_backlight.c **** void MX_TIM1_Init(void)
  11:Src/lcd_backlight.c **** {
  12:Src/lcd_backlight.c ****   htim1.Instance = TIM1;
  13:Src/lcd_backlight.c ****   htim1.Init.Prescaler = 17;
  14:Src/lcd_backlight.c ****   htim1.Init.CounterMode = TIM_COUNTERMODE_UP;
  15:Src/lcd_backlight.c ****   htim1.Init.Period = 1000;
  16:Src/lcd_backlight.c ****   htim1.Init.ClockDivision = TIM_CLOCKDIVISION_DIV1;
  17:Src/lcd_backlight.c ****   htim1.Init.RepetitionCounter = 0;
  18:Src/lcd_backlight.c ****   htim1.Init.AutoReloadPreload = TIM_AUTORELOAD_PRELOAD_DISABLE;
  19:Src/lcd_backlight.c ****   if (HAL_TIM_Base_Init(&htim1) != HAL_OK)
  20:Src/lcd_backlight.c ****   {
  21:Src/lcd_backlight.c ****     Error_Handler();
  22:Src/lcd_backlight.c ****   }
  23:Src/lcd_backlight.c ****   sConfigOC.OCMode = TIM_OCMODE_PWM1;
  24:Src/lcd_backlight.c ****   sConfigOC.Pulse = 300;
  25:Src/lcd_backlight.c ****   sConfigOC.OCPolarity = TIM_OCPOLARITY_HIGH;
  26:Src/lcd_backlight.c ****   sConfigOC.OCNPolarity = TIM_OCNPOLARITY_HIGH;
  27:Src/lcd_backlight.c ****   sConfigOC.OCFastMode = TIM_OCFAST_DISABLE;
  28:Src/lcd_backlight.c ****   sConfigOC.OCIdleState = TIM_OCIDLESTATE_RESET;
  29:Src/lcd_backlight.c ****   sConfigOC.OCNIdleState = TIM_OCNIDLESTATE_RESET;
  30:Src/lcd_backlight.c ****   if (HAL_TIM_PWM_ConfigChannel(&htim1, &sConfigOC, TIM_CHANNEL_1) != HAL_OK)
  31:Src/lcd_backlight.c ****   {
  32:Src/lcd_backlight.c ****     Error_Handler();
  33:Src/lcd_backlight.c ****   }
ARM GAS  /var/folders/rk/zpr83dd14lx588t7kb0yv2b40000gn/T//ccUieXbI.s 			page 2


  34:Src/lcd_backlight.c **** 
  35:Src/lcd_backlight.c ****   HAL_TIM_MspPostInit(&htim1);
  36:Src/lcd_backlight.c **** 
  37:Src/lcd_backlight.c ****   if (HAL_TIM_PWM_Start(&htim1, TIM_CHANNEL_1) != HAL_OK)
  38:Src/lcd_backlight.c ****   {
  39:Src/lcd_backlight.c ****     /* PWM Generation Error */
  40:Src/lcd_backlight.c ****     Error_Handler();
  41:Src/lcd_backlight.c ****   }
  42:Src/lcd_backlight.c **** }
  43:Src/lcd_backlight.c **** 
  44:Src/lcd_backlight.c **** void Set_Backlight(uint8_t percent)
  45:Src/lcd_backlight.c **** {
  26              		.loc 1 45 0
  27              		.cfi_startproc
  28              		@ args = 0, pretend = 0, frame = 0
  29              		@ frame_needed = 0, uses_anonymous_args = 0
  30              		@ link register save eliminated.
  31              	.LVL0:
  46:Src/lcd_backlight.c ****   if((percent < 0) || (percent > 100)) return;
  32              		.loc 1 46 0
  33 0000 6428     		cmp	r0, #100
  34 0002 04D8     		bhi	.L1
  47:Src/lcd_backlight.c ****   // sConfigOC.Pulse = percent*10;
  48:Src/lcd_backlight.c ****   // if (HAL_TIM_PWM_ConfigChannel(&htim1, &sConfigOC, TIM_CHANNEL_1) != HAL_OK)
  49:Src/lcd_backlight.c ****   // {
  50:Src/lcd_backlight.c ****   //   Error_Handler();
  51:Src/lcd_backlight.c ****   // }
  52:Src/lcd_backlight.c ****   // if (HAL_TIM_PWM_Start(&htim1, TIM_CHANNEL_1) != HAL_OK)
  53:Src/lcd_backlight.c ****   // {
  54:Src/lcd_backlight.c ****   //   /* PWM Generation Error */
  55:Src/lcd_backlight.c ****   //   Error_Handler();
  56:Src/lcd_backlight.c ****   // }
  57:Src/lcd_backlight.c ****   TIM1->CCR1 = (uint32_t)(percent*10);
  35              		.loc 1 57 0
  36 0004 00EB8000 		add	r0, r0, r0, lsl #2
  37              	.LVL1:
  38 0008 4300     		lsls	r3, r0, #1
  39 000a 014A     		ldr	r2, .L3
  40 000c 5363     		str	r3, [r2, #52]
  41              	.L1:
  58:Src/lcd_backlight.c **** }
  42              		.loc 1 58 0
  43 000e 7047     		bx	lr
  44              	.L4:
  45              		.align	2
  46              	.L3:
  47 0010 002C0140 		.word	1073818624
  48              		.cfi_endproc
  49              	.LFE67:
  51              		.section	.text.BL_Off,"ax",%progbits
  52              		.align	1
  53              		.global	BL_Off
  54              		.syntax unified
  55              		.thumb
  56              		.thumb_func
  57              		.fpu softvfp
  59              	BL_Off:
ARM GAS  /var/folders/rk/zpr83dd14lx588t7kb0yv2b40000gn/T//ccUieXbI.s 			page 3


  60              	.LFB68:
  59:Src/lcd_backlight.c **** 
  60:Src/lcd_backlight.c **** void BL_Off(void)
  61:Src/lcd_backlight.c **** {
  61              		.loc 1 61 0
  62              		.cfi_startproc
  63              		@ args = 0, pretend = 0, frame = 0
  64              		@ frame_needed = 0, uses_anonymous_args = 0
  65 0000 08B5     		push	{r3, lr}
  66              	.LCFI0:
  67              		.cfi_def_cfa_offset 8
  68              		.cfi_offset 3, -8
  69              		.cfi_offset 14, -4
  62:Src/lcd_backlight.c ****   Set_Backlight(0);
  70              		.loc 1 62 0
  71 0002 0020     		movs	r0, #0
  72 0004 FFF7FEFF 		bl	Set_Backlight
  73              	.LVL2:
  63:Src/lcd_backlight.c **** }
  74              		.loc 1 63 0
  75 0008 08BD     		pop	{r3, pc}
  76              		.cfi_endproc
  77              	.LFE68:
  79              		.section	.text.BL_On,"ax",%progbits
  80              		.align	1
  81              		.global	BL_On
  82              		.syntax unified
  83              		.thumb
  84              		.thumb_func
  85              		.fpu softvfp
  87              	BL_On:
  88              	.LFB69:
  64:Src/lcd_backlight.c **** 
  65:Src/lcd_backlight.c **** void BL_On(void)
  66:Src/lcd_backlight.c **** {
  89              		.loc 1 66 0
  90              		.cfi_startproc
  91              		@ args = 0, pretend = 0, frame = 0
  92              		@ frame_needed = 0, uses_anonymous_args = 0
  93 0000 08B5     		push	{r3, lr}
  94              	.LCFI1:
  95              		.cfi_def_cfa_offset 8
  96              		.cfi_offset 3, -8
  97              		.cfi_offset 14, -4
  67:Src/lcd_backlight.c ****   Set_Backlight(sys_cfg.brightness);
  98              		.loc 1 67 0
  99 0002 024B     		ldr	r3, .L9
 100 0004 9878     		ldrb	r0, [r3, #2]	@ zero_extendqisi2
 101 0006 FFF7FEFF 		bl	Set_Backlight
 102              	.LVL3:
  68:Src/lcd_backlight.c **** }
 103              		.loc 1 68 0
 104 000a 08BD     		pop	{r3, pc}
 105              	.L10:
 106              		.align	2
 107              	.L9:
 108 000c 00000000 		.word	sys_cfg
ARM GAS  /var/folders/rk/zpr83dd14lx588t7kb0yv2b40000gn/T//ccUieXbI.s 			page 4


 109              		.cfi_endproc
 110              	.LFE69:
 112              		.section	.text.HAL_TIM_Base_MspInit,"ax",%progbits
 113              		.align	1
 114              		.global	HAL_TIM_Base_MspInit
 115              		.syntax unified
 116              		.thumb
 117              		.thumb_func
 118              		.fpu softvfp
 120              	HAL_TIM_Base_MspInit:
 121              	.LFB70:
  69:Src/lcd_backlight.c **** 
  70:Src/lcd_backlight.c **** void HAL_TIM_Base_MspInit(TIM_HandleTypeDef* tim_baseHandle)
  71:Src/lcd_backlight.c **** {
 122              		.loc 1 71 0
 123              		.cfi_startproc
 124              		@ args = 0, pretend = 0, frame = 8
 125              		@ frame_needed = 0, uses_anonymous_args = 0
 126              		@ link register save eliminated.
 127              	.LVL4:
  72:Src/lcd_backlight.c **** 
  73:Src/lcd_backlight.c ****   if(tim_baseHandle->Instance==TIM1)
 128              		.loc 1 73 0
 129 0000 0268     		ldr	r2, [r0]
 130 0002 094B     		ldr	r3, .L18
 131 0004 9A42     		cmp	r2, r3
 132 0006 00D0     		beq	.L17
 133 0008 7047     		bx	lr
 134              	.L17:
  71:Src/lcd_backlight.c **** 
 135              		.loc 1 71 0
 136 000a 82B0     		sub	sp, sp, #8
 137              	.LCFI2:
 138              		.cfi_def_cfa_offset 8
 139              	.LBB2:
  74:Src/lcd_backlight.c ****   {
  75:Src/lcd_backlight.c ****   /* USER CODE BEGIN TIM1_MspInit 0 */
  76:Src/lcd_backlight.c **** 
  77:Src/lcd_backlight.c ****   /* USER CODE END TIM1_MspInit 0 */
  78:Src/lcd_backlight.c ****     /* TIM1 clock enable */
  79:Src/lcd_backlight.c ****     __HAL_RCC_TIM1_CLK_ENABLE();
 140              		.loc 1 79 0
 141 000c 03F56443 		add	r3, r3, #58368
 142 0010 9A69     		ldr	r2, [r3, #24]
 143 0012 42F40062 		orr	r2, r2, #2048
 144 0016 9A61     		str	r2, [r3, #24]
 145 0018 9B69     		ldr	r3, [r3, #24]
 146 001a 03F40063 		and	r3, r3, #2048
 147 001e 0193     		str	r3, [sp, #4]
 148 0020 019B     		ldr	r3, [sp, #4]
 149              	.LBE2:
  80:Src/lcd_backlight.c ****   /* USER CODE BEGIN TIM1_MspInit 1 */
  81:Src/lcd_backlight.c **** 
  82:Src/lcd_backlight.c ****   /* USER CODE END TIM1_MspInit 1 */
  83:Src/lcd_backlight.c ****   }
  84:Src/lcd_backlight.c **** }
 150              		.loc 1 84 0
ARM GAS  /var/folders/rk/zpr83dd14lx588t7kb0yv2b40000gn/T//ccUieXbI.s 			page 5


 151 0022 02B0     		add	sp, sp, #8
 152              	.LCFI3:
 153              		.cfi_def_cfa_offset 0
 154              		@ sp needed
 155 0024 7047     		bx	lr
 156              	.L19:
 157 0026 00BF     		.align	2
 158              	.L18:
 159 0028 002C0140 		.word	1073818624
 160              		.cfi_endproc
 161              	.LFE70:
 163              		.section	.text.HAL_TIM_MspPostInit,"ax",%progbits
 164              		.align	1
 165              		.global	HAL_TIM_MspPostInit
 166              		.syntax unified
 167              		.thumb
 168              		.thumb_func
 169              		.fpu softvfp
 171              	HAL_TIM_MspPostInit:
 172              	.LFB71:
  85:Src/lcd_backlight.c **** void HAL_TIM_MspPostInit(TIM_HandleTypeDef* timHandle)
  86:Src/lcd_backlight.c **** {
 173              		.loc 1 86 0
 174              		.cfi_startproc
 175              		@ args = 0, pretend = 0, frame = 24
 176              		@ frame_needed = 0, uses_anonymous_args = 0
 177              	.LVL5:
 178 0000 00B5     		push	{lr}
 179              	.LCFI4:
 180              		.cfi_def_cfa_offset 4
 181              		.cfi_offset 14, -4
 182 0002 87B0     		sub	sp, sp, #28
 183              	.LCFI5:
 184              		.cfi_def_cfa_offset 32
  87:Src/lcd_backlight.c **** 
  88:Src/lcd_backlight.c ****   GPIO_InitTypeDef GPIO_InitStruct = {0};
 185              		.loc 1 88 0
 186 0004 0023     		movs	r3, #0
 187 0006 0293     		str	r3, [sp, #8]
 188 0008 0393     		str	r3, [sp, #12]
 189 000a 0493     		str	r3, [sp, #16]
 190 000c 0593     		str	r3, [sp, #20]
  89:Src/lcd_backlight.c ****   if(timHandle->Instance==TIM1)
 191              		.loc 1 89 0
 192 000e 0268     		ldr	r2, [r0]
 193 0010 0E4B     		ldr	r3, .L24
 194 0012 9A42     		cmp	r2, r3
 195 0014 02D0     		beq	.L23
 196              	.LVL6:
 197              	.L20:
  90:Src/lcd_backlight.c ****   {
  91:Src/lcd_backlight.c ****   /* USER CODE BEGIN TIM1_MspPostInit 0 */
  92:Src/lcd_backlight.c **** 
  93:Src/lcd_backlight.c ****   /* USER CODE END TIM1_MspPostInit 0 */
  94:Src/lcd_backlight.c ****     __HAL_RCC_GPIOA_CLK_ENABLE();
  95:Src/lcd_backlight.c ****     /**TIM1 GPIO Configuration    
  96:Src/lcd_backlight.c ****     PA8     ------> TIM1_CH1 
ARM GAS  /var/folders/rk/zpr83dd14lx588t7kb0yv2b40000gn/T//ccUieXbI.s 			page 6


  97:Src/lcd_backlight.c ****     */
  98:Src/lcd_backlight.c ****     GPIO_InitStruct.Pin = GPIO_PIN_8;
  99:Src/lcd_backlight.c ****     GPIO_InitStruct.Mode = GPIO_MODE_AF_PP;
 100:Src/lcd_backlight.c ****     GPIO_InitStruct.Speed = GPIO_SPEED_FREQ_MEDIUM;
 101:Src/lcd_backlight.c ****     HAL_GPIO_Init(GPIOA, &GPIO_InitStruct);
 102:Src/lcd_backlight.c **** 
 103:Src/lcd_backlight.c ****   /* USER CODE BEGIN TIM1_MspPostInit 1 */
 104:Src/lcd_backlight.c **** 
 105:Src/lcd_backlight.c ****   /* USER CODE END TIM1_MspPostInit 1 */
 106:Src/lcd_backlight.c ****   }
 107:Src/lcd_backlight.c **** }
 198              		.loc 1 107 0
 199 0016 07B0     		add	sp, sp, #28
 200              	.LCFI6:
 201              		.cfi_remember_state
 202              		.cfi_def_cfa_offset 4
 203              		@ sp needed
 204 0018 5DF804FB 		ldr	pc, [sp], #4
 205              	.LVL7:
 206              	.L23:
 207              	.LCFI7:
 208              		.cfi_restore_state
 209              	.LBB3:
  94:Src/lcd_backlight.c ****     /**TIM1 GPIO Configuration    
 210              		.loc 1 94 0
 211 001c 03F56443 		add	r3, r3, #58368
 212 0020 9A69     		ldr	r2, [r3, #24]
 213 0022 42F00402 		orr	r2, r2, #4
 214 0026 9A61     		str	r2, [r3, #24]
 215 0028 9B69     		ldr	r3, [r3, #24]
 216 002a 03F00403 		and	r3, r3, #4
 217 002e 0193     		str	r3, [sp, #4]
 218 0030 019B     		ldr	r3, [sp, #4]
 219              	.LBE3:
  98:Src/lcd_backlight.c ****     GPIO_InitStruct.Mode = GPIO_MODE_AF_PP;
 220              		.loc 1 98 0
 221 0032 4FF48073 		mov	r3, #256
 222 0036 0293     		str	r3, [sp, #8]
  99:Src/lcd_backlight.c ****     GPIO_InitStruct.Speed = GPIO_SPEED_FREQ_MEDIUM;
 223              		.loc 1 99 0
 224 0038 0223     		movs	r3, #2
 225 003a 0393     		str	r3, [sp, #12]
 100:Src/lcd_backlight.c ****     HAL_GPIO_Init(GPIOA, &GPIO_InitStruct);
 226              		.loc 1 100 0
 227 003c 0123     		movs	r3, #1
 228 003e 0593     		str	r3, [sp, #20]
 101:Src/lcd_backlight.c **** 
 229              		.loc 1 101 0
 230 0040 02A9     		add	r1, sp, #8
 231 0042 0348     		ldr	r0, .L24+4
 232              	.LVL8:
 233 0044 FFF7FEFF 		bl	HAL_GPIO_Init
 234              	.LVL9:
 235              		.loc 1 107 0
 236 0048 E5E7     		b	.L20
 237              	.L25:
 238 004a 00BF     		.align	2
ARM GAS  /var/folders/rk/zpr83dd14lx588t7kb0yv2b40000gn/T//ccUieXbI.s 			page 7


 239              	.L24:
 240 004c 002C0140 		.word	1073818624
 241 0050 00080140 		.word	1073809408
 242              		.cfi_endproc
 243              	.LFE71:
 245              		.section	.text.MX_TIM1_Init,"ax",%progbits
 246              		.align	1
 247              		.global	MX_TIM1_Init
 248              		.syntax unified
 249              		.thumb
 250              		.thumb_func
 251              		.fpu softvfp
 253              	MX_TIM1_Init:
 254              	.LFB66:
  11:Src/lcd_backlight.c ****   htim1.Instance = TIM1;
 255              		.loc 1 11 0
 256              		.cfi_startproc
 257              		@ args = 0, pretend = 0, frame = 0
 258              		@ frame_needed = 0, uses_anonymous_args = 0
 259 0000 10B5     		push	{r4, lr}
 260              	.LCFI8:
 261              		.cfi_def_cfa_offset 8
 262              		.cfi_offset 4, -8
 263              		.cfi_offset 14, -4
  12:Src/lcd_backlight.c ****   htim1.Init.Prescaler = 17;
 264              		.loc 1 12 0
 265 0002 1948     		ldr	r0, .L34
 266 0004 194B     		ldr	r3, .L34+4
 267 0006 0360     		str	r3, [r0]
  13:Src/lcd_backlight.c ****   htim1.Init.CounterMode = TIM_COUNTERMODE_UP;
 268              		.loc 1 13 0
 269 0008 1123     		movs	r3, #17
 270 000a 4360     		str	r3, [r0, #4]
  14:Src/lcd_backlight.c ****   htim1.Init.Period = 1000;
 271              		.loc 1 14 0
 272 000c 0023     		movs	r3, #0
 273 000e 8360     		str	r3, [r0, #8]
  15:Src/lcd_backlight.c ****   htim1.Init.ClockDivision = TIM_CLOCKDIVISION_DIV1;
 274              		.loc 1 15 0
 275 0010 4FF47A72 		mov	r2, #1000
 276 0014 C260     		str	r2, [r0, #12]
  16:Src/lcd_backlight.c ****   htim1.Init.RepetitionCounter = 0;
 277              		.loc 1 16 0
 278 0016 0361     		str	r3, [r0, #16]
  17:Src/lcd_backlight.c ****   htim1.Init.AutoReloadPreload = TIM_AUTORELOAD_PRELOAD_DISABLE;
 279              		.loc 1 17 0
 280 0018 4361     		str	r3, [r0, #20]
  18:Src/lcd_backlight.c ****   if (HAL_TIM_Base_Init(&htim1) != HAL_OK)
 281              		.loc 1 18 0
 282 001a 8361     		str	r3, [r0, #24]
  19:Src/lcd_backlight.c ****   {
 283              		.loc 1 19 0
 284 001c FFF7FEFF 		bl	HAL_TIM_Base_Init
 285              	.LVL10:
 286 0020 C8B9     		cbnz	r0, .L31
 287              	.L27:
  23:Src/lcd_backlight.c ****   sConfigOC.Pulse = 300;
ARM GAS  /var/folders/rk/zpr83dd14lx588t7kb0yv2b40000gn/T//ccUieXbI.s 			page 8


 288              		.loc 1 23 0
 289 0022 1349     		ldr	r1, .L34+8
 290 0024 6023     		movs	r3, #96
 291 0026 0B60     		str	r3, [r1]
  24:Src/lcd_backlight.c ****   sConfigOC.OCPolarity = TIM_OCPOLARITY_HIGH;
 292              		.loc 1 24 0
 293 0028 4FF49673 		mov	r3, #300
 294 002c 4B60     		str	r3, [r1, #4]
  25:Src/lcd_backlight.c ****   sConfigOC.OCNPolarity = TIM_OCNPOLARITY_HIGH;
 295              		.loc 1 25 0
 296 002e 0022     		movs	r2, #0
 297 0030 8A60     		str	r2, [r1, #8]
  26:Src/lcd_backlight.c ****   sConfigOC.OCFastMode = TIM_OCFAST_DISABLE;
 298              		.loc 1 26 0
 299 0032 CA60     		str	r2, [r1, #12]
  27:Src/lcd_backlight.c ****   sConfigOC.OCIdleState = TIM_OCIDLESTATE_RESET;
 300              		.loc 1 27 0
 301 0034 0A61     		str	r2, [r1, #16]
  28:Src/lcd_backlight.c ****   sConfigOC.OCNIdleState = TIM_OCNIDLESTATE_RESET;
 302              		.loc 1 28 0
 303 0036 4A61     		str	r2, [r1, #20]
  29:Src/lcd_backlight.c ****   if (HAL_TIM_PWM_ConfigChannel(&htim1, &sConfigOC, TIM_CHANNEL_1) != HAL_OK)
 304              		.loc 1 29 0
 305 0038 8A61     		str	r2, [r1, #24]
  30:Src/lcd_backlight.c ****   {
 306              		.loc 1 30 0
 307 003a 0B48     		ldr	r0, .L34
 308 003c FFF7FEFF 		bl	HAL_TIM_PWM_ConfigChannel
 309              	.LVL11:
 310 0040 60B9     		cbnz	r0, .L32
 311              	.L28:
  35:Src/lcd_backlight.c **** 
 312              		.loc 1 35 0
 313 0042 094C     		ldr	r4, .L34
 314 0044 2046     		mov	r0, r4
 315 0046 FFF7FEFF 		bl	HAL_TIM_MspPostInit
 316              	.LVL12:
  37:Src/lcd_backlight.c ****   {
 317              		.loc 1 37 0
 318 004a 0021     		movs	r1, #0
 319 004c 2046     		mov	r0, r4
 320 004e FFF7FEFF 		bl	HAL_TIM_PWM_Start
 321              	.LVL13:
 322 0052 30B9     		cbnz	r0, .L33
 323              	.L26:
  42:Src/lcd_backlight.c **** 
 324              		.loc 1 42 0
 325 0054 10BD     		pop	{r4, pc}
 326              	.L31:
  21:Src/lcd_backlight.c ****   }
 327              		.loc 1 21 0
 328 0056 FFF7FEFF 		bl	Error_Handler
 329              	.LVL14:
 330 005a E2E7     		b	.L27
 331              	.L32:
  32:Src/lcd_backlight.c ****   }
 332              		.loc 1 32 0
ARM GAS  /var/folders/rk/zpr83dd14lx588t7kb0yv2b40000gn/T//ccUieXbI.s 			page 9


 333 005c FFF7FEFF 		bl	Error_Handler
 334              	.LVL15:
 335 0060 EFE7     		b	.L28
 336              	.L33:
  40:Src/lcd_backlight.c ****   }
 337              		.loc 1 40 0
 338 0062 FFF7FEFF 		bl	Error_Handler
 339              	.LVL16:
  42:Src/lcd_backlight.c **** 
 340              		.loc 1 42 0
 341 0066 F5E7     		b	.L26
 342              	.L35:
 343              		.align	2
 344              	.L34:
 345 0068 00000000 		.word	htim1
 346 006c 002C0140 		.word	1073818624
 347 0070 00000000 		.word	sConfigOC
 348              		.cfi_endproc
 349              	.LFE66:
 351              		.section	.text.HAL_TIM_Base_MspDeInit,"ax",%progbits
 352              		.align	1
 353              		.global	HAL_TIM_Base_MspDeInit
 354              		.syntax unified
 355              		.thumb
 356              		.thumb_func
 357              		.fpu softvfp
 359              	HAL_TIM_Base_MspDeInit:
 360              	.LFB72:
 108:Src/lcd_backlight.c **** 
 109:Src/lcd_backlight.c **** void HAL_TIM_Base_MspDeInit(TIM_HandleTypeDef* tim_baseHandle)
 110:Src/lcd_backlight.c **** {
 361              		.loc 1 110 0
 362              		.cfi_startproc
 363              		@ args = 0, pretend = 0, frame = 0
 364              		@ frame_needed = 0, uses_anonymous_args = 0
 365              		@ link register save eliminated.
 366              	.LVL17:
 111:Src/lcd_backlight.c **** 
 112:Src/lcd_backlight.c ****   if(tim_baseHandle->Instance==TIM1)
 367              		.loc 1 112 0
 368 0000 0268     		ldr	r2, [r0]
 369 0002 054B     		ldr	r3, .L39
 370 0004 9A42     		cmp	r2, r3
 371 0006 00D0     		beq	.L38
 372              	.L36:
 113:Src/lcd_backlight.c ****   {
 114:Src/lcd_backlight.c ****   /* USER CODE BEGIN TIM1_MspDeInit 0 */
 115:Src/lcd_backlight.c **** 
 116:Src/lcd_backlight.c ****   /* USER CODE END TIM1_MspDeInit 0 */
 117:Src/lcd_backlight.c ****     /* Peripheral clock disable */
 118:Src/lcd_backlight.c ****     __HAL_RCC_TIM1_CLK_DISABLE();
 119:Src/lcd_backlight.c ****   /* USER CODE BEGIN TIM1_MspDeInit 1 */
 120:Src/lcd_backlight.c **** 
 121:Src/lcd_backlight.c ****   /* USER CODE END TIM1_MspDeInit 1 */
 122:Src/lcd_backlight.c ****   }
 123:Src/lcd_backlight.c **** } 
 373              		.loc 1 123 0
ARM GAS  /var/folders/rk/zpr83dd14lx588t7kb0yv2b40000gn/T//ccUieXbI.s 			page 10


 374 0008 7047     		bx	lr
 375              	.L38:
 118:Src/lcd_backlight.c ****   /* USER CODE BEGIN TIM1_MspDeInit 1 */
 376              		.loc 1 118 0
 377 000a 044A     		ldr	r2, .L39+4
 378 000c 9369     		ldr	r3, [r2, #24]
 379 000e 23F40063 		bic	r3, r3, #2048
 380 0012 9361     		str	r3, [r2, #24]
 381              		.loc 1 123 0
 382 0014 F8E7     		b	.L36
 383              	.L40:
 384 0016 00BF     		.align	2
 385              	.L39:
 386 0018 002C0140 		.word	1073818624
 387 001c 00100240 		.word	1073876992
 388              		.cfi_endproc
 389              	.LFE72:
 391              		.comm	sConfigOC,28,4
 392              		.comm	htim1,64,4
 393              		.text
 394              	.Letext0:
 395              		.file 2 "/usr/local/gcc_arm/gcc-arm-none-eabi-7-2017-q4-major/arm-none-eabi/include/machine/_defau
 396              		.file 3 "/usr/local/gcc_arm/gcc-arm-none-eabi-7-2017-q4-major/arm-none-eabi/include/sys/_stdint.h"
 397              		.file 4 "Drivers/CMSIS/Include/core_cm3.h"
 398              		.file 5 "Drivers/CMSIS/Device/ST/STM32F1xx/Include/system_stm32f1xx.h"
 399              		.file 6 "Drivers/CMSIS/Device/ST/STM32F1xx/Include/stm32f103xe.h"
 400              		.file 7 "/usr/local/gcc_arm/gcc-arm-none-eabi-7-2017-q4-major/arm-none-eabi/include/sys/lock.h"
 401              		.file 8 "/usr/local/gcc_arm/gcc-arm-none-eabi-7-2017-q4-major/arm-none-eabi/include/sys/_types.h"
 402              		.file 9 "/usr/local/gcc_arm/gcc-arm-none-eabi-7-2017-q4-major/lib/gcc/arm-none-eabi/7.2.1/include/
 403              		.file 10 "/usr/local/gcc_arm/gcc-arm-none-eabi-7-2017-q4-major/arm-none-eabi/include/sys/reent.h"
 404              		.file 11 "Drivers/STM32F1xx_HAL_Driver/Inc/stm32f1xx_hal_def.h"
 405              		.file 12 "Drivers/STM32F1xx_HAL_Driver/Inc/stm32f1xx_hal_gpio.h"
 406              		.file 13 "Drivers/STM32F1xx_HAL_Driver/Inc/stm32f1xx_hal_dma.h"
 407              		.file 14 "Drivers/STM32F1xx_HAL_Driver/Inc/stm32f1xx_hal_tim.h"
 408              		.file 15 "Drivers/STM32F1xx_HAL_Driver/Inc/stm32f1xx_hal.h"
 409              		.file 16 "u8g2/csrc/u8x8.h"
 410              		.file 17 "u8g2/csrc/u8g2.h"
 411              		.file 18 "Inc/main.h"
 412              		.file 19 "Inc/lcd_backlight.h"
 413              		.file 20 "Inc/system.h"
 414              		.file 21 "Inc/config.h"
ARM GAS  /var/folders/rk/zpr83dd14lx588t7kb0yv2b40000gn/T//ccUieXbI.s 			page 11


DEFINED SYMBOLS
                            *ABS*:0000000000000000 lcd_backlight.c
/var/folders/rk/zpr83dd14lx588t7kb0yv2b40000gn/T//ccUieXbI.s:16     .text.Set_Backlight:0000000000000000 $t
/var/folders/rk/zpr83dd14lx588t7kb0yv2b40000gn/T//ccUieXbI.s:23     .text.Set_Backlight:0000000000000000 Set_Backlight
/var/folders/rk/zpr83dd14lx588t7kb0yv2b40000gn/T//ccUieXbI.s:47     .text.Set_Backlight:0000000000000010 $d
/var/folders/rk/zpr83dd14lx588t7kb0yv2b40000gn/T//ccUieXbI.s:52     .text.BL_Off:0000000000000000 $t
/var/folders/rk/zpr83dd14lx588t7kb0yv2b40000gn/T//ccUieXbI.s:59     .text.BL_Off:0000000000000000 BL_Off
/var/folders/rk/zpr83dd14lx588t7kb0yv2b40000gn/T//ccUieXbI.s:80     .text.BL_On:0000000000000000 $t
/var/folders/rk/zpr83dd14lx588t7kb0yv2b40000gn/T//ccUieXbI.s:87     .text.BL_On:0000000000000000 BL_On
/var/folders/rk/zpr83dd14lx588t7kb0yv2b40000gn/T//ccUieXbI.s:108    .text.BL_On:000000000000000c $d
/var/folders/rk/zpr83dd14lx588t7kb0yv2b40000gn/T//ccUieXbI.s:113    .text.HAL_TIM_Base_MspInit:0000000000000000 $t
/var/folders/rk/zpr83dd14lx588t7kb0yv2b40000gn/T//ccUieXbI.s:120    .text.HAL_TIM_Base_MspInit:0000000000000000 HAL_TIM_Base_MspInit
/var/folders/rk/zpr83dd14lx588t7kb0yv2b40000gn/T//ccUieXbI.s:159    .text.HAL_TIM_Base_MspInit:0000000000000028 $d
/var/folders/rk/zpr83dd14lx588t7kb0yv2b40000gn/T//ccUieXbI.s:164    .text.HAL_TIM_MspPostInit:0000000000000000 $t
/var/folders/rk/zpr83dd14lx588t7kb0yv2b40000gn/T//ccUieXbI.s:171    .text.HAL_TIM_MspPostInit:0000000000000000 HAL_TIM_MspPostInit
/var/folders/rk/zpr83dd14lx588t7kb0yv2b40000gn/T//ccUieXbI.s:240    .text.HAL_TIM_MspPostInit:000000000000004c $d
/var/folders/rk/zpr83dd14lx588t7kb0yv2b40000gn/T//ccUieXbI.s:246    .text.MX_TIM1_Init:0000000000000000 $t
/var/folders/rk/zpr83dd14lx588t7kb0yv2b40000gn/T//ccUieXbI.s:253    .text.MX_TIM1_Init:0000000000000000 MX_TIM1_Init
/var/folders/rk/zpr83dd14lx588t7kb0yv2b40000gn/T//ccUieXbI.s:345    .text.MX_TIM1_Init:0000000000000068 $d
                            *COM*:0000000000000040 htim1
                            *COM*:000000000000001c sConfigOC
/var/folders/rk/zpr83dd14lx588t7kb0yv2b40000gn/T//ccUieXbI.s:352    .text.HAL_TIM_Base_MspDeInit:0000000000000000 $t
/var/folders/rk/zpr83dd14lx588t7kb0yv2b40000gn/T//ccUieXbI.s:359    .text.HAL_TIM_Base_MspDeInit:0000000000000000 HAL_TIM_Base_MspDeInit
/var/folders/rk/zpr83dd14lx588t7kb0yv2b40000gn/T//ccUieXbI.s:386    .text.HAL_TIM_Base_MspDeInit:0000000000000018 $d

UNDEFINED SYMBOLS
sys_cfg
HAL_GPIO_Init
HAL_TIM_Base_Init
HAL_TIM_PWM_ConfigChannel
HAL_TIM_PWM_Start
Error_Handler
