ARM GAS  /var/folders/rk/zpr83dd14lx588t7kb0yv2b40000gn/T//ccoDfdac.s 			page 1


   1              		.cpu cortex-m3
   2              		.eabi_attribute 20, 1
   3              		.eabi_attribute 21, 1
   4              		.eabi_attribute 23, 3
   5              		.eabi_attribute 24, 1
   6              		.eabi_attribute 25, 1
   7              		.eabi_attribute 26, 1
   8              		.eabi_attribute 30, 1
   9              		.eabi_attribute 34, 1
  10              		.eabi_attribute 18, 4
  11              		.file	"logo.c"
  12              		.text
  13              	.Ltext0:
  14              		.cfi_sections	.debug_frame
  15              		.section	.text.Logo,"ax",%progbits
  16              		.align	1
  17              		.global	Logo
  18              		.syntax unified
  19              		.thumb
  20              		.thumb_func
  21              		.fpu softvfp
  23              	Logo:
  24              	.LFB66:
  25              		.file 1 "Src/logo.c"
   1:Src/logo.c    **** #include "logo.h"
   2:Src/logo.c    **** #include "u8g2.h"
   3:Src/logo.c    **** #include "user_bitmap.h"
   4:Src/logo.c    **** 
   5:Src/logo.c    **** u8g2_t u8g2;
   6:Src/logo.c    **** 
   7:Src/logo.c    **** void Logo(void)
   8:Src/logo.c    **** {
  26              		.loc 1 8 0
  27              		.cfi_startproc
  28              		@ args = 0, pretend = 0, frame = 0
  29              		@ frame_needed = 0, uses_anonymous_args = 0
  30 0000 10B5     		push	{r4, lr}
  31              	.LCFI0:
  32              		.cfi_def_cfa_offset 8
  33              		.cfi_offset 4, -8
  34              		.cfi_offset 14, -4
  35 0002 82B0     		sub	sp, sp, #8
  36              	.LCFI1:
  37              		.cfi_def_cfa_offset 16
   9:Src/logo.c    ****   u8g2_DrawBitmap(&u8g2, 0, 0, bmp_logo_ph.width/8, bmp_logo_ph.height, bmp_logo_ph.data);
  38              		.loc 1 9 0
  39 0004 084A     		ldr	r2, .L3
  40 0006 1378     		ldrb	r3, [r2]	@ zero_extendqisi2
  41 0008 084C     		ldr	r4, .L3+4
  42 000a 5168     		ldr	r1, [r2, #4]
  43 000c 0191     		str	r1, [sp, #4]
  44 000e 5278     		ldrb	r2, [r2, #1]	@ zero_extendqisi2
  45 0010 0092     		str	r2, [sp]
  46 0012 DB08     		lsrs	r3, r3, #3
  47 0014 0022     		movs	r2, #0
  48 0016 1146     		mov	r1, r2
  49 0018 2046     		mov	r0, r4
ARM GAS  /var/folders/rk/zpr83dd14lx588t7kb0yv2b40000gn/T//ccoDfdac.s 			page 2


  50 001a FFF7FEFF 		bl	u8g2_DrawBitmap
  51              	.LVL0:
  10:Src/logo.c    ****   u8g2_SendBuffer(&u8g2);
  52              		.loc 1 10 0
  53 001e 2046     		mov	r0, r4
  54 0020 FFF7FEFF 		bl	u8g2_SendBuffer
  55              	.LVL1:
  11:Src/logo.c    **** }...
  56              		.loc 1 11 0
  57 0024 02B0     		add	sp, sp, #8
  58              	.LCFI2:
  59              		.cfi_def_cfa_offset 8
  60              		@ sp needed
  61 0026 10BD     		pop	{r4, pc}
  62              	.L4:
  63              		.align	2
  64              	.L3:
  65 0028 00000000 		.word	bmp_logo_ph
  66 002c 00000000 		.word	u8g2
  67              		.cfi_endproc
  68              	.LFE66:
  70              		.comm	u8g2,128,4
  71              		.comm	bmp_temp,8,4
  72              		.text
  73              	.Letext0:
  74              		.file 2 "/usr/local/gcc_arm/gcc-arm-none-eabi-7-2017-q4-major/arm-none-eabi/include/machine/_defau
  75              		.file 3 "/usr/local/gcc_arm/gcc-arm-none-eabi-7-2017-q4-major/arm-none-eabi/include/sys/_stdint.h"
  76              		.file 4 "Drivers/CMSIS/Include/core_cm3.h"
  77              		.file 5 "Drivers/CMSIS/Device/ST/STM32F1xx/Include/system_stm32f1xx.h"
  78              		.file 6 "/usr/local/gcc_arm/gcc-arm-none-eabi-7-2017-q4-major/arm-none-eabi/include/sys/lock.h"
  79              		.file 7 "/usr/local/gcc_arm/gcc-arm-none-eabi-7-2017-q4-major/arm-none-eabi/include/sys/_types.h"
  80              		.file 8 "/usr/local/gcc_arm/gcc-arm-none-eabi-7-2017-q4-major/lib/gcc/arm-none-eabi/7.2.1/include/
  81              		.file 9 "/usr/local/gcc_arm/gcc-arm-none-eabi-7-2017-q4-major/arm-none-eabi/include/sys/reent.h"
  82              		.file 10 "Drivers/STM32F1xx_HAL_Driver/Inc/stm32f1xx_hal.h"
  83              		.file 11 "u8g2/csrc/u8x8.h"
  84              		.file 12 "u8g2/csrc/u8g2.h"
  85              		.file 13 "Inc/main.h"
  86              		.file 14 "Inc/user_bitmap.h"
ARM GAS  /var/folders/rk/zpr83dd14lx588t7kb0yv2b40000gn/T//ccoDfdac.s 			page 3


DEFINED SYMBOLS
                            *ABS*:0000000000000000 logo.c
/var/folders/rk/zpr83dd14lx588t7kb0yv2b40000gn/T//ccoDfdac.s:16     .text.Logo:0000000000000000 $t
/var/folders/rk/zpr83dd14lx588t7kb0yv2b40000gn/T//ccoDfdac.s:23     .text.Logo:0000000000000000 Logo
/var/folders/rk/zpr83dd14lx588t7kb0yv2b40000gn/T//ccoDfdac.s:65     .text.Logo:0000000000000028 $d
                            *COM*:0000000000000080 u8g2
                            *COM*:0000000000000008 bmp_temp

UNDEFINED SYMBOLS
u8g2_DrawBitmap
u8g2_SendBuffer
bmp_logo_ph
