ARM GAS  /var/folders/rk/zpr83dd14lx588t7kb0yv2b40000gn/T//cchLlULI.s 			page 1


   1              		.cpu cortex-m3
   2              		.eabi_attribute 20, 1
   3              		.eabi_attribute 21, 1
   4              		.eabi_attribute 23, 3
   5              		.eabi_attribute 24, 1
   6              		.eabi_attribute 25, 1
   7              		.eabi_attribute 26, 1
   8              		.eabi_attribute 30, 1
   9              		.eabi_attribute 34, 1
  10              		.eabi_attribute 18, 4
  11              		.file	"u8g2_box.c"
  12              		.text
  13              	.Ltext0:
  14              		.cfi_sections	.debug_frame
  15              		.section	.text.u8g2_DrawBox,"ax",%progbits
  16              		.align	1
  17              		.global	u8g2_DrawBox
  18              		.syntax unified
  19              		.thumb
  20              		.thumb_func
  21              		.fpu softvfp
  23              	u8g2_DrawBox:
  24              	.LFB0:
  25              		.file 1 "u8g2/csrc/u8g2_box.c"
   1:u8g2/csrc/u8g2_box.c **** /*
   2:u8g2/csrc/u8g2_box.c **** 
   3:u8g2/csrc/u8g2_box.c ****   u8g2_box.c
   4:u8g2/csrc/u8g2_box.c **** 
   5:u8g2/csrc/u8g2_box.c ****   Universal 8bit Graphics Library (https://github.com/olikraus/u8g2/)
   6:u8g2/csrc/u8g2_box.c **** 
   7:u8g2/csrc/u8g2_box.c ****   Copyright (c) 2016, olikraus@gmail.com
   8:u8g2/csrc/u8g2_box.c ****   All rights reserved.
   9:u8g2/csrc/u8g2_box.c **** 
  10:u8g2/csrc/u8g2_box.c ****   Redistribution and use in source and binary forms, with or without modification, 
  11:u8g2/csrc/u8g2_box.c ****   are permitted provided that the following conditions are met:
  12:u8g2/csrc/u8g2_box.c **** 
  13:u8g2/csrc/u8g2_box.c ****   * Redistributions of source code must retain the above copyright notice, this list 
  14:u8g2/csrc/u8g2_box.c ****     of conditions and the following disclaimer.
  15:u8g2/csrc/u8g2_box.c ****     
  16:u8g2/csrc/u8g2_box.c ****   * Redistributions in binary form must reproduce the above copyright notice, this 
  17:u8g2/csrc/u8g2_box.c ****     list of conditions and the following disclaimer in the documentation and/or other 
  18:u8g2/csrc/u8g2_box.c ****     materials provided with the distribution.
  19:u8g2/csrc/u8g2_box.c **** 
  20:u8g2/csrc/u8g2_box.c ****   THIS SOFTWARE IS PROVIDED BY THE COPYRIGHT HOLDERS AND 
  21:u8g2/csrc/u8g2_box.c ****   CONTRIBUTORS "AS IS" AND ANY EXPRESS OR IMPLIED WARRANTIES, 
  22:u8g2/csrc/u8g2_box.c ****   INCLUDING, BUT NOT LIMITED TO, THE IMPLIED WARRANTIES OF 
  23:u8g2/csrc/u8g2_box.c ****   MERCHANTABILITY AND FITNESS FOR A PARTICULAR PURPOSE ARE 
  24:u8g2/csrc/u8g2_box.c ****   DISCLAIMED. IN NO EVENT SHALL THE COPYRIGHT HOLDER OR 
  25:u8g2/csrc/u8g2_box.c ****   CONTRIBUTORS BE LIABLE FOR ANY DIRECT, INDIRECT, INCIDENTAL, 
  26:u8g2/csrc/u8g2_box.c ****   SPECIAL, EXEMPLARY, OR CONSEQUENTIAL DAMAGES (INCLUDING, BUT 
  27:u8g2/csrc/u8g2_box.c ****   NOT LIMITED TO, PROCUREMENT OF SUBSTITUTE GOODS OR SERVICES; 
  28:u8g2/csrc/u8g2_box.c ****   LOSS OF USE, DATA, OR PROFITS; OR BUSINESS INTERRUPTION) HOWEVER 
  29:u8g2/csrc/u8g2_box.c ****   CAUSED AND ON ANY THEORY OF LIABILITY, WHETHER IN CONTRACT, 
  30:u8g2/csrc/u8g2_box.c ****   STRICT LIABILITY, OR TORT (INCLUDING NEGLIGENCE OR OTHERWISE) 
  31:u8g2/csrc/u8g2_box.c ****   ARISING IN ANY WAY OUT OF THE USE OF THIS SOFTWARE, EVEN IF 
  32:u8g2/csrc/u8g2_box.c ****   ADVISED OF THE POSSIBILITY OF SUCH DAMAGE.  
  33:u8g2/csrc/u8g2_box.c **** 
ARM GAS  /var/folders/rk/zpr83dd14lx588t7kb0yv2b40000gn/T//cchLlULI.s 			page 2


  34:u8g2/csrc/u8g2_box.c **** */
  35:u8g2/csrc/u8g2_box.c **** 
  36:u8g2/csrc/u8g2_box.c **** #include "u8g2.h"
  37:u8g2/csrc/u8g2_box.c **** 
  38:u8g2/csrc/u8g2_box.c **** /*
  39:u8g2/csrc/u8g2_box.c ****   draw a filled box
  40:u8g2/csrc/u8g2_box.c ****   restriction: does not work for w = 0 or h = 0
  41:u8g2/csrc/u8g2_box.c **** */
  42:u8g2/csrc/u8g2_box.c **** void u8g2_DrawBox(u8g2_t *u8g2, u8g2_uint_t x, u8g2_uint_t y, u8g2_uint_t w, u8g2_uint_t h)
  43:u8g2/csrc/u8g2_box.c **** {
  26              		.loc 1 43 0
  27              		.cfi_startproc
  28              		@ args = 4, pretend = 0, frame = 0
  29              		@ frame_needed = 0, uses_anonymous_args = 0
  30              	.LVL0:
  31 0000 2DE9F041 		push	{r4, r5, r6, r7, r8, lr}
  32              	.LCFI0:
  33              		.cfi_def_cfa_offset 24
  34              		.cfi_offset 4, -24
  35              		.cfi_offset 5, -20
  36              		.cfi_offset 6, -16
  37              		.cfi_offset 7, -12
  38              		.cfi_offset 8, -8
  39              		.cfi_offset 14, -4
  40 0004 82B0     		sub	sp, sp, #8
  41              	.LCFI1:
  42              		.cfi_def_cfa_offset 32
  43 0006 8046     		mov	r8, r0
  44 0008 0F46     		mov	r7, r1
  45 000a 1546     		mov	r5, r2
  46 000c 1E46     		mov	r6, r3
  47 000e 9DF82040 		ldrb	r4, [sp, #32]	@ zero_extendqisi2
  44:u8g2/csrc/u8g2_box.c **** #ifdef U8G2_WITH_INTERSECTION
  45:u8g2/csrc/u8g2_box.c ****   if ( u8g2_IsIntersection(u8g2, x, y, x+w, y+h) == 0 ) 
  48              		.loc 1 45 0
  49 0012 01EB030C 		add	ip, r1, r3
  50 0016 1319     		adds	r3, r2, r4
  51              	.LVL1:
  52 0018 DBB2     		uxtb	r3, r3
  53 001a 0093     		str	r3, [sp]
  54 001c 5FFA8CF3 		uxtb	r3, ip
  55 0020 FFF7FEFF 		bl	u8g2_IsIntersection
  56              	.LVL2:
  57 0024 60B9     		cbnz	r0, .L3
  58 0026 0DE0     		b	.L1
  59              	.LVL3:
  60              	.L4:
  46:u8g2/csrc/u8g2_box.c ****     return;
  47:u8g2/csrc/u8g2_box.c **** #endif /* U8G2_WITH_INTERSECTION */
  48:u8g2/csrc/u8g2_box.c ****   while( h != 0 )
  49:u8g2/csrc/u8g2_box.c ****   { 
  50:u8g2/csrc/u8g2_box.c ****     u8g2_DrawHVLine(u8g2, x, y, w, 0);
  61              		.loc 1 50 0
  62 0028 0023     		movs	r3, #0
  63 002a 0093     		str	r3, [sp]
  64 002c 3346     		mov	r3, r6
  65 002e 2A46     		mov	r2, r5
ARM GAS  /var/folders/rk/zpr83dd14lx588t7kb0yv2b40000gn/T//cchLlULI.s 			page 3


  66 0030 3946     		mov	r1, r7
  67 0032 4046     		mov	r0, r8
  68 0034 FFF7FEFF 		bl	u8g2_DrawHVLine
  69              	.LVL4:
  51:u8g2/csrc/u8g2_box.c ****     y++;    
  70              		.loc 1 51 0
  71 0038 0135     		adds	r5, r5, #1
  72              	.LVL5:
  73 003a EDB2     		uxtb	r5, r5
  74              	.LVL6:
  52:u8g2/csrc/u8g2_box.c ****     h--;
  75              		.loc 1 52 0
  76 003c 013C     		subs	r4, r4, #1
  77              	.LVL7:
  78 003e E4B2     		uxtb	r4, r4
  79              	.LVL8:
  80              	.L3:
  48:u8g2/csrc/u8g2_box.c ****   { 
  81              		.loc 1 48 0
  82 0040 002C     		cmp	r4, #0
  83 0042 F1D1     		bne	.L4
  84              	.LVL9:
  85              	.L1:
  53:u8g2/csrc/u8g2_box.c ****   }
  54:u8g2/csrc/u8g2_box.c **** }
  86              		.loc 1 54 0
  87 0044 02B0     		add	sp, sp, #8
  88              	.LCFI2:
  89              		.cfi_def_cfa_offset 24
  90              		@ sp needed
  91 0046 BDE8F081 		pop	{r4, r5, r6, r7, r8, pc}
  92              		.cfi_endproc
  93              	.LFE0:
  95              		.section	.text.u8g2_DrawFrame,"ax",%progbits
  96              		.align	1
  97              		.global	u8g2_DrawFrame
  98              		.syntax unified
  99              		.thumb
 100              		.thumb_func
 101              		.fpu softvfp
 103              	u8g2_DrawFrame:
 104              	.LFB1:
  55:u8g2/csrc/u8g2_box.c **** 
  56:u8g2/csrc/u8g2_box.c **** 
  57:u8g2/csrc/u8g2_box.c **** /*
  58:u8g2/csrc/u8g2_box.c ****   draw a frame (empty box)
  59:u8g2/csrc/u8g2_box.c ****   restriction: does not work for w = 0 or h = 0
  60:u8g2/csrc/u8g2_box.c ****   ToDo:
  61:u8g2/csrc/u8g2_box.c ****     pixel in the corners are drawn twice. This could be optimized.
  62:u8g2/csrc/u8g2_box.c **** */
  63:u8g2/csrc/u8g2_box.c **** void u8g2_DrawFrame(u8g2_t *u8g2, u8g2_uint_t x, u8g2_uint_t y, u8g2_uint_t w, u8g2_uint_t h)
  64:u8g2/csrc/u8g2_box.c **** {
 105              		.loc 1 64 0
 106              		.cfi_startproc
 107              		@ args = 4, pretend = 0, frame = 8
 108              		@ frame_needed = 0, uses_anonymous_args = 0
 109              	.LVL10:
ARM GAS  /var/folders/rk/zpr83dd14lx588t7kb0yv2b40000gn/T//cchLlULI.s 			page 4


 110 0000 2DE9F04F 		push	{r4, r5, r6, r7, r8, r9, r10, fp, lr}
 111              	.LCFI3:
 112              		.cfi_def_cfa_offset 36
 113              		.cfi_offset 4, -36
 114              		.cfi_offset 5, -32
 115              		.cfi_offset 6, -28
 116              		.cfi_offset 7, -24
 117              		.cfi_offset 8, -20
 118              		.cfi_offset 9, -16
 119              		.cfi_offset 10, -12
 120              		.cfi_offset 11, -8
 121              		.cfi_offset 14, -4
 122 0004 85B0     		sub	sp, sp, #20
 123              	.LCFI4:
 124              		.cfi_def_cfa_offset 56
 125 0006 0390     		str	r0, [sp, #12]
 126 0008 0E46     		mov	r6, r1
 127 000a 1746     		mov	r7, r2
 128 000c 9846     		mov	r8, r3
 129 000e 9DF83890 		ldrb	r9, [sp, #56]	@ zero_extendqisi2
 130              	.LVL11:
  65:u8g2/csrc/u8g2_box.c ****   u8g2_uint_t xtmp = x;
  66:u8g2/csrc/u8g2_box.c ****   
  67:u8g2/csrc/u8g2_box.c **** #ifdef U8G2_WITH_INTERSECTION
  68:u8g2/csrc/u8g2_box.c ****   if ( u8g2_IsIntersection(u8g2, x, y, x+w, y+h) == 0 ) 
 131              		.loc 1 68 0
 132 0012 CD18     		adds	r5, r1, r3
 133 0014 EDB2     		uxtb	r5, r5
 134 0016 02EB0904 		add	r4, r2, r9
 135 001a E4B2     		uxtb	r4, r4
 136 001c 0094     		str	r4, [sp]
 137 001e 2B46     		mov	r3, r5
 138              	.LVL12:
 139 0020 FFF7FEFF 		bl	u8g2_IsIntersection
 140              	.LVL13:
 141 0024 10B9     		cbnz	r0, .L9
 142              	.LVL14:
 143              	.L6:
  69:u8g2/csrc/u8g2_box.c ****     return;
  70:u8g2/csrc/u8g2_box.c **** #endif /* U8G2_WITH_INTERSECTION */
  71:u8g2/csrc/u8g2_box.c ****   
  72:u8g2/csrc/u8g2_box.c ****   u8g2_DrawHVLine(u8g2, x, y, w, 0);
  73:u8g2/csrc/u8g2_box.c ****   u8g2_DrawHVLine(u8g2, x, y, h, 1);
  74:u8g2/csrc/u8g2_box.c ****   x+=w;
  75:u8g2/csrc/u8g2_box.c ****   x--;
  76:u8g2/csrc/u8g2_box.c ****   u8g2_DrawHVLine(u8g2, x, y, h, 1);
  77:u8g2/csrc/u8g2_box.c ****   y+=h;
  78:u8g2/csrc/u8g2_box.c ****   y--;
  79:u8g2/csrc/u8g2_box.c ****   u8g2_DrawHVLine(u8g2, xtmp, y, w, 0);
  80:u8g2/csrc/u8g2_box.c **** }
 144              		.loc 1 80 0
 145 0026 05B0     		add	sp, sp, #20
 146              	.LCFI5:
 147              		.cfi_remember_state
 148              		.cfi_def_cfa_offset 36
 149              		@ sp needed
 150 0028 BDE8F08F 		pop	{r4, r5, r6, r7, r8, r9, r10, fp, pc}
ARM GAS  /var/folders/rk/zpr83dd14lx588t7kb0yv2b40000gn/T//cchLlULI.s 			page 5


 151              	.LVL15:
 152              	.L9:
 153              	.LCFI6:
 154              		.cfi_restore_state
  72:u8g2/csrc/u8g2_box.c ****   u8g2_DrawHVLine(u8g2, x, y, h, 1);
 155              		.loc 1 72 0
 156 002c 4FF0000A 		mov	r10, #0
 157 0030 CDF800A0 		str	r10, [sp]
 158 0034 4346     		mov	r3, r8
 159 0036 3A46     		mov	r2, r7
 160 0038 3146     		mov	r1, r6
 161 003a 0398     		ldr	r0, [sp, #12]
 162 003c FFF7FEFF 		bl	u8g2_DrawHVLine
 163              	.LVL16:
  73:u8g2/csrc/u8g2_box.c ****   x+=w;
 164              		.loc 1 73 0
 165 0040 4FF0010B 		mov	fp, #1
 166 0044 CDF800B0 		str	fp, [sp]
 167 0048 4B46     		mov	r3, r9
 168 004a 3A46     		mov	r2, r7
 169 004c 3146     		mov	r1, r6
 170 004e 0398     		ldr	r0, [sp, #12]
 171 0050 FFF7FEFF 		bl	u8g2_DrawHVLine
 172              	.LVL17:
  75:u8g2/csrc/u8g2_box.c ****   u8g2_DrawHVLine(u8g2, x, y, h, 1);
 173              		.loc 1 75 0
 174 0054 691E     		subs	r1, r5, #1
 175              	.LVL18:
  76:u8g2/csrc/u8g2_box.c ****   y+=h;
 176              		.loc 1 76 0
 177 0056 CDF800B0 		str	fp, [sp]
 178 005a 4B46     		mov	r3, r9
 179 005c 3A46     		mov	r2, r7
 180 005e C9B2     		uxtb	r1, r1
 181 0060 039D     		ldr	r5, [sp, #12]
 182 0062 2846     		mov	r0, r5
 183 0064 FFF7FEFF 		bl	u8g2_DrawHVLine
 184              	.LVL19:
  78:u8g2/csrc/u8g2_box.c ****   u8g2_DrawHVLine(u8g2, xtmp, y, w, 0);
 185              		.loc 1 78 0
 186 0068 621E     		subs	r2, r4, #1
 187              	.LVL20:
  79:u8g2/csrc/u8g2_box.c **** }
 188              		.loc 1 79 0
 189 006a CDF800A0 		str	r10, [sp]
 190 006e 4346     		mov	r3, r8
 191 0070 D2B2     		uxtb	r2, r2
 192 0072 3146     		mov	r1, r6
 193 0074 2846     		mov	r0, r5
 194 0076 FFF7FEFF 		bl	u8g2_DrawHVLine
 195              	.LVL21:
 196 007a D4E7     		b	.L6
 197              		.cfi_endproc
 198              	.LFE1:
 200              		.section	.text.u8g2_DrawRBox,"ax",%progbits
 201              		.align	1
 202              		.global	u8g2_DrawRBox
ARM GAS  /var/folders/rk/zpr83dd14lx588t7kb0yv2b40000gn/T//cchLlULI.s 			page 6


 203              		.syntax unified
 204              		.thumb
 205              		.thumb_func
 206              		.fpu softvfp
 208              	u8g2_DrawRBox:
 209              	.LFB2:
  81:u8g2/csrc/u8g2_box.c **** 
  82:u8g2/csrc/u8g2_box.c **** 
  83:u8g2/csrc/u8g2_box.c **** 
  84:u8g2/csrc/u8g2_box.c **** 
  85:u8g2/csrc/u8g2_box.c **** void u8g2_DrawRBox(u8g2_t *u8g2, u8g2_uint_t x, u8g2_uint_t y, u8g2_uint_t w, u8g2_uint_t h, u8g2_u
  86:u8g2/csrc/u8g2_box.c **** {
 210              		.loc 1 86 0
 211              		.cfi_startproc
 212              		@ args = 8, pretend = 0, frame = 16
 213              		@ frame_needed = 0, uses_anonymous_args = 0
 214              	.LVL22:
 215 0000 2DE9F04F 		push	{r4, r5, r6, r7, r8, r9, r10, fp, lr}
 216              	.LCFI7:
 217              		.cfi_def_cfa_offset 36
 218              		.cfi_offset 4, -36
 219              		.cfi_offset 5, -32
 220              		.cfi_offset 6, -28
 221              		.cfi_offset 7, -24
 222              		.cfi_offset 8, -20
 223              		.cfi_offset 9, -16
 224              		.cfi_offset 10, -12
 225              		.cfi_offset 11, -8
 226              		.cfi_offset 14, -4
 227 0004 87B0     		sub	sp, sp, #28
 228              	.LCFI8:
 229              		.cfi_def_cfa_offset 64
 230 0006 0390     		str	r0, [sp, #12]
 231 0008 8946     		mov	r9, r1
 232 000a 9346     		mov	fp, r2
 233 000c 9A46     		mov	r10, r3
 234 000e 9DF84060 		ldrb	r6, [sp, #64]	@ zero_extendqisi2
 235 0012 9DF84470 		ldrb	r7, [sp, #68]	@ zero_extendqisi2
  87:u8g2/csrc/u8g2_box.c ****   u8g2_uint_t xl, yu;
  88:u8g2/csrc/u8g2_box.c ****   u8g2_uint_t yl, xr;
  89:u8g2/csrc/u8g2_box.c **** 
  90:u8g2/csrc/u8g2_box.c **** #ifdef U8G2_WITH_INTERSECTION
  91:u8g2/csrc/u8g2_box.c ****   if ( u8g2_IsIntersection(u8g2, x, y, x+w, y+h) == 0 ) 
 236              		.loc 1 91 0
 237 0016 CC18     		adds	r4, r1, r3
 238 0018 E4B2     		uxtb	r4, r4
 239 001a 9519     		adds	r5, r2, r6
 240 001c EDB2     		uxtb	r5, r5
 241 001e 0095     		str	r5, [sp]
 242 0020 2346     		mov	r3, r4
 243              	.LVL23:
 244 0022 FFF7FEFF 		bl	u8g2_IsIntersection
 245              	.LVL24:
 246 0026 10B9     		cbnz	r0, .L14
 247              	.L10:
  92:u8g2/csrc/u8g2_box.c ****     return;
  93:u8g2/csrc/u8g2_box.c **** #endif /* U8G2_WITH_INTERSECTION */
ARM GAS  /var/folders/rk/zpr83dd14lx588t7kb0yv2b40000gn/T//cchLlULI.s 			page 7


  94:u8g2/csrc/u8g2_box.c **** 
  95:u8g2/csrc/u8g2_box.c ****   xl = x;
  96:u8g2/csrc/u8g2_box.c ****   xl += r;
  97:u8g2/csrc/u8g2_box.c ****   yu = y;
  98:u8g2/csrc/u8g2_box.c ****   yu += r;
  99:u8g2/csrc/u8g2_box.c ****  
 100:u8g2/csrc/u8g2_box.c ****   xr = x;
 101:u8g2/csrc/u8g2_box.c ****   xr += w;
 102:u8g2/csrc/u8g2_box.c ****   xr -= r;
 103:u8g2/csrc/u8g2_box.c ****   xr -= 1;
 104:u8g2/csrc/u8g2_box.c ****   
 105:u8g2/csrc/u8g2_box.c ****   yl = y;
 106:u8g2/csrc/u8g2_box.c ****   yl += h;
 107:u8g2/csrc/u8g2_box.c ****   yl -= r; 
 108:u8g2/csrc/u8g2_box.c ****   yl -= 1;
 109:u8g2/csrc/u8g2_box.c **** 
 110:u8g2/csrc/u8g2_box.c ****   u8g2_DrawDisc(u8g2, xl, yu, r, U8G2_DRAW_UPPER_LEFT);
 111:u8g2/csrc/u8g2_box.c ****   u8g2_DrawDisc(u8g2, xr, yu, r, U8G2_DRAW_UPPER_RIGHT);
 112:u8g2/csrc/u8g2_box.c ****   u8g2_DrawDisc(u8g2, xl, yl, r, U8G2_DRAW_LOWER_LEFT);
 113:u8g2/csrc/u8g2_box.c ****   u8g2_DrawDisc(u8g2, xr, yl, r, U8G2_DRAW_LOWER_RIGHT);
 114:u8g2/csrc/u8g2_box.c **** 
 115:u8g2/csrc/u8g2_box.c ****   {
 116:u8g2/csrc/u8g2_box.c ****     u8g2_uint_t ww, hh;
 117:u8g2/csrc/u8g2_box.c **** 
 118:u8g2/csrc/u8g2_box.c ****     ww = w;
 119:u8g2/csrc/u8g2_box.c ****     ww -= r;
 120:u8g2/csrc/u8g2_box.c ****     ww -= r;
 121:u8g2/csrc/u8g2_box.c ****     xl++;
 122:u8g2/csrc/u8g2_box.c ****     yu++;
 123:u8g2/csrc/u8g2_box.c ****     
 124:u8g2/csrc/u8g2_box.c ****     if ( ww >= 3 )
 125:u8g2/csrc/u8g2_box.c ****     {
 126:u8g2/csrc/u8g2_box.c ****       ww -= 2;
 127:u8g2/csrc/u8g2_box.c ****       u8g2_DrawBox(u8g2, xl, y, ww, r+1);
 128:u8g2/csrc/u8g2_box.c ****       u8g2_DrawBox(u8g2, xl, yl, ww, r+1);
 129:u8g2/csrc/u8g2_box.c ****     }
 130:u8g2/csrc/u8g2_box.c ****     
 131:u8g2/csrc/u8g2_box.c ****     hh = h;
 132:u8g2/csrc/u8g2_box.c ****     hh -= r;
 133:u8g2/csrc/u8g2_box.c ****     hh -= r;
 134:u8g2/csrc/u8g2_box.c ****     //h--;
 135:u8g2/csrc/u8g2_box.c ****     if ( hh >= 3 )
 136:u8g2/csrc/u8g2_box.c ****     {
 137:u8g2/csrc/u8g2_box.c ****       hh -= 2;
 138:u8g2/csrc/u8g2_box.c ****       u8g2_DrawBox(u8g2, x, yu, w, hh);
 139:u8g2/csrc/u8g2_box.c ****     }
 140:u8g2/csrc/u8g2_box.c ****   }
 141:u8g2/csrc/u8g2_box.c **** }
 248              		.loc 1 141 0
 249 0028 07B0     		add	sp, sp, #28
 250              	.LCFI9:
 251              		.cfi_remember_state
 252              		.cfi_def_cfa_offset 36
 253              		@ sp needed
 254 002a BDE8F08F 		pop	{r4, r5, r6, r7, r8, r9, r10, fp, pc}
 255              	.LVL25:
 256              	.L14:
ARM GAS  /var/folders/rk/zpr83dd14lx588t7kb0yv2b40000gn/T//cchLlULI.s 			page 8


 257              	.LCFI10:
 258              		.cfi_restore_state
  96:u8g2/csrc/u8g2_box.c ****   yu = y;
 259              		.loc 1 96 0
 260 002e 09EB0708 		add	r8, r9, r7
 261 0032 5FFA88F8 		uxtb	r8, r8
 262              	.LVL26:
  98:u8g2/csrc/u8g2_box.c ****  
 263              		.loc 1 98 0
 264 0036 0BEB0703 		add	r3, fp, r7
 265 003a DAB2     		uxtb	r2, r3
 266              	.LVL27:
 102:u8g2/csrc/u8g2_box.c ****   xr -= 1;
 267              		.loc 1 102 0
 268 003c E41B     		subs	r4, r4, r7
 269              	.LVL28:
 270 003e E4B2     		uxtb	r4, r4
 271              	.LVL29:
 103:u8g2/csrc/u8g2_box.c ****   
 272              		.loc 1 103 0
 273 0040 013C     		subs	r4, r4, #1
 274              	.LVL30:
 275 0042 E4B2     		uxtb	r4, r4
 276              	.LVL31:
 107:u8g2/csrc/u8g2_box.c ****   yl -= 1;
 277              		.loc 1 107 0
 278 0044 ED1B     		subs	r5, r5, r7
 279              	.LVL32:
 280 0046 EDB2     		uxtb	r5, r5
 281              	.LVL33:
 108:u8g2/csrc/u8g2_box.c **** 
 282              		.loc 1 108 0
 283 0048 013D     		subs	r5, r5, #1
 284              	.LVL34:
 285 004a EDB2     		uxtb	r5, r5
 286              	.LVL35:
 110:u8g2/csrc/u8g2_box.c ****   u8g2_DrawDisc(u8g2, xr, yu, r, U8G2_DRAW_UPPER_RIGHT);
 287              		.loc 1 110 0
 288 004c 0223     		movs	r3, #2
 289 004e 0093     		str	r3, [sp]
 290 0050 3B46     		mov	r3, r7
 291 0052 0492     		str	r2, [sp, #16]
 292 0054 4146     		mov	r1, r8
 293 0056 0398     		ldr	r0, [sp, #12]
 294 0058 FFF7FEFF 		bl	u8g2_DrawDisc
 295              	.LVL36:
 111:u8g2/csrc/u8g2_box.c ****   u8g2_DrawDisc(u8g2, xl, yl, r, U8G2_DRAW_LOWER_LEFT);
 296              		.loc 1 111 0
 297 005c 0123     		movs	r3, #1
 298 005e 0093     		str	r3, [sp]
 299 0060 3B46     		mov	r3, r7
 300 0062 049A     		ldr	r2, [sp, #16]
 301 0064 2146     		mov	r1, r4
 302 0066 0398     		ldr	r0, [sp, #12]
 303 0068 FFF7FEFF 		bl	u8g2_DrawDisc
 304              	.LVL37:
 112:u8g2/csrc/u8g2_box.c ****   u8g2_DrawDisc(u8g2, xr, yl, r, U8G2_DRAW_LOWER_RIGHT);
ARM GAS  /var/folders/rk/zpr83dd14lx588t7kb0yv2b40000gn/T//cchLlULI.s 			page 9


 305              		.loc 1 112 0
 306 006c 0423     		movs	r3, #4
 307 006e 0093     		str	r3, [sp]
 308 0070 3B46     		mov	r3, r7
 309 0072 0595     		str	r5, [sp, #20]
 310 0074 2A46     		mov	r2, r5
 311 0076 4146     		mov	r1, r8
 312 0078 039D     		ldr	r5, [sp, #12]
 313              	.LVL38:
 314 007a 2846     		mov	r0, r5
 315 007c FFF7FEFF 		bl	u8g2_DrawDisc
 316              	.LVL39:
 113:u8g2/csrc/u8g2_box.c **** 
 317              		.loc 1 113 0
 318 0080 0823     		movs	r3, #8
 319 0082 0093     		str	r3, [sp]
 320 0084 3B46     		mov	r3, r7
 321 0086 059A     		ldr	r2, [sp, #20]
 322 0088 2146     		mov	r1, r4
 323 008a 2846     		mov	r0, r5
 324 008c FFF7FEFF 		bl	u8g2_DrawDisc
 325              	.LVL40:
 326              	.LBB2:
 119:u8g2/csrc/u8g2_box.c ****     ww -= r;
 327              		.loc 1 119 0
 328 0090 AAEB0703 		sub	r3, r10, r7
 329 0094 DBB2     		uxtb	r3, r3
 330              	.LVL41:
 120:u8g2/csrc/u8g2_box.c ****     xl++;
 331              		.loc 1 120 0
 332 0096 DB1B     		subs	r3, r3, r7
 333              	.LVL42:
 334 0098 DBB2     		uxtb	r3, r3
 335              	.LVL43:
 121:u8g2/csrc/u8g2_box.c ****     yu++;
 336              		.loc 1 121 0
 337 009a 08F10108 		add	r8, r8, #1
 338              	.LVL44:
 339 009e 5FFA88F8 		uxtb	r8, r8
 340              	.LVL45:
 122:u8g2/csrc/u8g2_box.c ****     
 341              		.loc 1 122 0
 342 00a2 049A     		ldr	r2, [sp, #16]
 343 00a4 541C     		adds	r4, r2, #1
 344              	.LVL46:
 345 00a6 E4B2     		uxtb	r4, r4
 346              	.LVL47:
 124:u8g2/csrc/u8g2_box.c ****     {
 347              		.loc 1 124 0
 348 00a8 022B     		cmp	r3, #2
 349 00aa 0FD8     		bhi	.L15
 350              	.LVL48:
 351              	.L12:
 132:u8g2/csrc/u8g2_box.c ****     hh -= r;
 352              		.loc 1 132 0
 353 00ac F61B     		subs	r6, r6, r7
 354              	.LVL49:
ARM GAS  /var/folders/rk/zpr83dd14lx588t7kb0yv2b40000gn/T//cchLlULI.s 			page 10


 355 00ae F6B2     		uxtb	r6, r6
 356              	.LVL50:
 133:u8g2/csrc/u8g2_box.c ****     //h--;
 357              		.loc 1 133 0
 358 00b0 F71B     		subs	r7, r6, r7
 359              	.LVL51:
 360 00b2 FFB2     		uxtb	r7, r7
 361              	.LVL52:
 135:u8g2/csrc/u8g2_box.c ****     {
 362              		.loc 1 135 0
 363 00b4 022F     		cmp	r7, #2
 364 00b6 B7D9     		bls	.L10
 137:u8g2/csrc/u8g2_box.c ****       u8g2_DrawBox(u8g2, x, yu, w, hh);
 365              		.loc 1 137 0
 366 00b8 023F     		subs	r7, r7, #2
 367              	.LVL53:
 368 00ba FFB2     		uxtb	r7, r7
 369              	.LVL54:
 138:u8g2/csrc/u8g2_box.c ****     }
 370              		.loc 1 138 0
 371 00bc 0097     		str	r7, [sp]
 372 00be 5346     		mov	r3, r10
 373 00c0 2246     		mov	r2, r4
 374 00c2 4946     		mov	r1, r9
 375 00c4 0398     		ldr	r0, [sp, #12]
 376 00c6 FFF7FEFF 		bl	u8g2_DrawBox
 377              	.LVL55:
 378 00ca ADE7     		b	.L10
 379              	.LVL56:
 380              	.L15:
 126:u8g2/csrc/u8g2_box.c ****       u8g2_DrawBox(u8g2, xl, y, ww, r+1);
 381              		.loc 1 126 0
 382 00cc 023B     		subs	r3, r3, #2
 383              	.LVL57:
 384 00ce DBB2     		uxtb	r3, r3
 385              	.LVL58:
 127:u8g2/csrc/u8g2_box.c ****       u8g2_DrawBox(u8g2, xl, yl, ww, r+1);
 386              		.loc 1 127 0
 387 00d0 7D1C     		adds	r5, r7, #1
 388 00d2 EDB2     		uxtb	r5, r5
 389 00d4 0095     		str	r5, [sp]
 390 00d6 0493     		str	r3, [sp, #16]
 391 00d8 5A46     		mov	r2, fp
 392 00da 4146     		mov	r1, r8
 393 00dc DDF80CB0 		ldr	fp, [sp, #12]
 394 00e0 5846     		mov	r0, fp
 395 00e2 FFF7FEFF 		bl	u8g2_DrawBox
 396              	.LVL59:
 128:u8g2/csrc/u8g2_box.c ****     }
 397              		.loc 1 128 0
 398 00e6 0095     		str	r5, [sp]
 399 00e8 049B     		ldr	r3, [sp, #16]
 400 00ea 059A     		ldr	r2, [sp, #20]
 401 00ec 4146     		mov	r1, r8
 402 00ee 5846     		mov	r0, fp
 403 00f0 FFF7FEFF 		bl	u8g2_DrawBox
 404              	.LVL60:
ARM GAS  /var/folders/rk/zpr83dd14lx588t7kb0yv2b40000gn/T//cchLlULI.s 			page 11


 405 00f4 DAE7     		b	.L12
 406              	.LBE2:
 407              		.cfi_endproc
 408              	.LFE2:
 410              		.section	.text.u8g2_DrawRFrame,"ax",%progbits
 411              		.align	1
 412              		.global	u8g2_DrawRFrame
 413              		.syntax unified
 414              		.thumb
 415              		.thumb_func
 416              		.fpu softvfp
 418              	u8g2_DrawRFrame:
 419              	.LFB3:
 142:u8g2/csrc/u8g2_box.c **** 
 143:u8g2/csrc/u8g2_box.c **** 
 144:u8g2/csrc/u8g2_box.c **** void u8g2_DrawRFrame(u8g2_t *u8g2, u8g2_uint_t x, u8g2_uint_t y, u8g2_uint_t w, u8g2_uint_t h, u8g2
 145:u8g2/csrc/u8g2_box.c **** {
 420              		.loc 1 145 0
 421              		.cfi_startproc
 422              		@ args = 8, pretend = 0, frame = 8
 423              		@ frame_needed = 0, uses_anonymous_args = 0
 424              	.LVL61:
 425 0000 2DE9F04F 		push	{r4, r5, r6, r7, r8, r9, r10, fp, lr}
 426              	.LCFI11:
 427              		.cfi_def_cfa_offset 36
 428              		.cfi_offset 4, -36
 429              		.cfi_offset 5, -32
 430              		.cfi_offset 6, -28
 431              		.cfi_offset 7, -24
 432              		.cfi_offset 8, -20
 433              		.cfi_offset 9, -16
 434              		.cfi_offset 10, -12
 435              		.cfi_offset 11, -8
 436              		.cfi_offset 14, -4
 437 0004 85B0     		sub	sp, sp, #20
 438              	.LCFI12:
 439              		.cfi_def_cfa_offset 56
 440 0006 0290     		str	r0, [sp, #8]
 441 0008 8A46     		mov	r10, r1
 442 000a 9346     		mov	fp, r2
 443 000c 9846     		mov	r8, r3
 444 000e 9DF83890 		ldrb	r9, [sp, #56]	@ zero_extendqisi2
 445 0012 9DF83C60 		ldrb	r6, [sp, #60]	@ zero_extendqisi2
 146:u8g2/csrc/u8g2_box.c ****   u8g2_uint_t xl, yu;
 147:u8g2/csrc/u8g2_box.c **** 
 148:u8g2/csrc/u8g2_box.c **** #ifdef U8G2_WITH_INTERSECTION
 149:u8g2/csrc/u8g2_box.c ****   if ( u8g2_IsIntersection(u8g2, x, y, x+w, y+h) == 0 ) 
 446              		.loc 1 149 0
 447 0016 CD18     		adds	r5, r1, r3
 448 0018 EDB2     		uxtb	r5, r5
 449 001a 02EB0904 		add	r4, r2, r9
 450 001e E4B2     		uxtb	r4, r4
 451 0020 0094     		str	r4, [sp]
 452 0022 2B46     		mov	r3, r5
 453              	.LVL62:
 454 0024 FFF7FEFF 		bl	u8g2_IsIntersection
 455              	.LVL63:
ARM GAS  /var/folders/rk/zpr83dd14lx588t7kb0yv2b40000gn/T//cchLlULI.s 			page 12


 456 0028 10B9     		cbnz	r0, .L20
 457              	.LVL64:
 458              	.L16:
 150:u8g2/csrc/u8g2_box.c ****     return;
 151:u8g2/csrc/u8g2_box.c **** #endif /* U8G2_WITH_INTERSECTION */
 152:u8g2/csrc/u8g2_box.c **** 
 153:u8g2/csrc/u8g2_box.c ****   xl = x;
 154:u8g2/csrc/u8g2_box.c ****   xl += r;
 155:u8g2/csrc/u8g2_box.c ****   yu = y;
 156:u8g2/csrc/u8g2_box.c ****   yu += r;
 157:u8g2/csrc/u8g2_box.c ****  
 158:u8g2/csrc/u8g2_box.c ****   {
 159:u8g2/csrc/u8g2_box.c ****     u8g2_uint_t yl, xr;
 160:u8g2/csrc/u8g2_box.c ****       
 161:u8g2/csrc/u8g2_box.c ****     xr = x;
 162:u8g2/csrc/u8g2_box.c ****     xr += w;
 163:u8g2/csrc/u8g2_box.c ****     xr -= r;
 164:u8g2/csrc/u8g2_box.c ****     xr -= 1;
 165:u8g2/csrc/u8g2_box.c ****     
 166:u8g2/csrc/u8g2_box.c ****     yl = y;
 167:u8g2/csrc/u8g2_box.c ****     yl += h;
 168:u8g2/csrc/u8g2_box.c ****     yl -= r; 
 169:u8g2/csrc/u8g2_box.c ****     yl -= 1;
 170:u8g2/csrc/u8g2_box.c **** 
 171:u8g2/csrc/u8g2_box.c ****     u8g2_DrawCircle(u8g2, xl, yu, r, U8G2_DRAW_UPPER_LEFT);
 172:u8g2/csrc/u8g2_box.c ****     u8g2_DrawCircle(u8g2, xr, yu, r, U8G2_DRAW_UPPER_RIGHT);
 173:u8g2/csrc/u8g2_box.c ****     u8g2_DrawCircle(u8g2, xl, yl, r, U8G2_DRAW_LOWER_LEFT);
 174:u8g2/csrc/u8g2_box.c ****     u8g2_DrawCircle(u8g2, xr, yl, r, U8G2_DRAW_LOWER_RIGHT);
 175:u8g2/csrc/u8g2_box.c ****   }
 176:u8g2/csrc/u8g2_box.c **** 
 177:u8g2/csrc/u8g2_box.c ****   {
 178:u8g2/csrc/u8g2_box.c ****     u8g2_uint_t ww, hh;
 179:u8g2/csrc/u8g2_box.c **** 
 180:u8g2/csrc/u8g2_box.c ****     ww = w;
 181:u8g2/csrc/u8g2_box.c ****     ww -= r;
 182:u8g2/csrc/u8g2_box.c ****     ww -= r;
 183:u8g2/csrc/u8g2_box.c ****     hh = h;
 184:u8g2/csrc/u8g2_box.c ****     hh -= r;
 185:u8g2/csrc/u8g2_box.c ****     hh -= r;
 186:u8g2/csrc/u8g2_box.c ****     
 187:u8g2/csrc/u8g2_box.c ****     xl++;
 188:u8g2/csrc/u8g2_box.c ****     yu++;
 189:u8g2/csrc/u8g2_box.c ****     
 190:u8g2/csrc/u8g2_box.c ****     if ( ww >= 3 )
 191:u8g2/csrc/u8g2_box.c ****     {
 192:u8g2/csrc/u8g2_box.c ****       ww -= 2;
 193:u8g2/csrc/u8g2_box.c ****       h--;
 194:u8g2/csrc/u8g2_box.c ****       u8g2_DrawHLine(u8g2, xl, y, ww);
 195:u8g2/csrc/u8g2_box.c ****       u8g2_DrawHLine(u8g2, xl, y+h, ww);
 196:u8g2/csrc/u8g2_box.c ****     }
 197:u8g2/csrc/u8g2_box.c ****     
 198:u8g2/csrc/u8g2_box.c ****     if ( hh >= 3 )
 199:u8g2/csrc/u8g2_box.c ****     {
 200:u8g2/csrc/u8g2_box.c ****       hh -= 2;
 201:u8g2/csrc/u8g2_box.c ****       w--;
 202:u8g2/csrc/u8g2_box.c ****       u8g2_DrawVLine(u8g2, x, yu, hh);
 203:u8g2/csrc/u8g2_box.c ****       u8g2_DrawVLine(u8g2, x+w, yu, hh);
ARM GAS  /var/folders/rk/zpr83dd14lx588t7kb0yv2b40000gn/T//cchLlULI.s 			page 13


 204:u8g2/csrc/u8g2_box.c ****     }
 205:u8g2/csrc/u8g2_box.c ****   }
 206:u8g2/csrc/u8g2_box.c **** }
 459              		.loc 1 206 0
 460 002a 05B0     		add	sp, sp, #20
 461              	.LCFI13:
 462              		.cfi_remember_state
 463              		.cfi_def_cfa_offset 36
 464              		@ sp needed
 465 002c BDE8F08F 		pop	{r4, r5, r6, r7, r8, r9, r10, fp, pc}
 466              	.LVL65:
 467              	.L20:
 468              	.LCFI14:
 469              		.cfi_restore_state
 154:u8g2/csrc/u8g2_box.c ****   yu = y;
 470              		.loc 1 154 0
 471 0030 0AEB0607 		add	r7, r10, r6
 472 0034 FFB2     		uxtb	r7, r7
 473              	.LVL66:
 156:u8g2/csrc/u8g2_box.c ****  
 474              		.loc 1 156 0
 475 0036 0BEB0603 		add	r3, fp, r6
 476 003a DAB2     		uxtb	r2, r3
 477              	.LVL67:
 478              	.LBB3:
 163:u8g2/csrc/u8g2_box.c ****     xr -= 1;
 479              		.loc 1 163 0
 480 003c AD1B     		subs	r5, r5, r6
 481              	.LVL68:
 482 003e EDB2     		uxtb	r5, r5
 483              	.LVL69:
 164:u8g2/csrc/u8g2_box.c ****     
 484              		.loc 1 164 0
 485 0040 013D     		subs	r5, r5, #1
 486              	.LVL70:
 487 0042 EDB2     		uxtb	r5, r5
 488              	.LVL71:
 168:u8g2/csrc/u8g2_box.c ****     yl -= 1;
 489              		.loc 1 168 0
 490 0044 A41B     		subs	r4, r4, r6
 491              	.LVL72:
 492 0046 E4B2     		uxtb	r4, r4
 493              	.LVL73:
 169:u8g2/csrc/u8g2_box.c **** 
 494              		.loc 1 169 0
 495 0048 013C     		subs	r4, r4, #1
 496              	.LVL74:
 497 004a E4B2     		uxtb	r4, r4
 498              	.LVL75:
 171:u8g2/csrc/u8g2_box.c ****     u8g2_DrawCircle(u8g2, xr, yu, r, U8G2_DRAW_UPPER_RIGHT);
 499              		.loc 1 171 0
 500 004c 0223     		movs	r3, #2
 501 004e 0093     		str	r3, [sp]
 502 0050 3346     		mov	r3, r6
 503 0052 0392     		str	r2, [sp, #12]
 504 0054 3946     		mov	r1, r7
 505 0056 0298     		ldr	r0, [sp, #8]
ARM GAS  /var/folders/rk/zpr83dd14lx588t7kb0yv2b40000gn/T//cchLlULI.s 			page 14


 506 0058 FFF7FEFF 		bl	u8g2_DrawCircle
 507              	.LVL76:
 172:u8g2/csrc/u8g2_box.c ****     u8g2_DrawCircle(u8g2, xl, yl, r, U8G2_DRAW_LOWER_LEFT);
 508              		.loc 1 172 0
 509 005c 0123     		movs	r3, #1
 510 005e 0093     		str	r3, [sp]
 511 0060 3346     		mov	r3, r6
 512 0062 039A     		ldr	r2, [sp, #12]
 513 0064 2946     		mov	r1, r5
 514 0066 0298     		ldr	r0, [sp, #8]
 515 0068 FFF7FEFF 		bl	u8g2_DrawCircle
 516              	.LVL77:
 173:u8g2/csrc/u8g2_box.c ****     u8g2_DrawCircle(u8g2, xr, yl, r, U8G2_DRAW_LOWER_RIGHT);
 517              		.loc 1 173 0
 518 006c 0423     		movs	r3, #4
 519 006e 0093     		str	r3, [sp]
 520 0070 3346     		mov	r3, r6
 521 0072 2246     		mov	r2, r4
 522 0074 3946     		mov	r1, r7
 523 0076 0298     		ldr	r0, [sp, #8]
 524 0078 FFF7FEFF 		bl	u8g2_DrawCircle
 525              	.LVL78:
 174:u8g2/csrc/u8g2_box.c ****   }
 526              		.loc 1 174 0
 527 007c 0823     		movs	r3, #8
 528 007e 0093     		str	r3, [sp]
 529 0080 3346     		mov	r3, r6
 530 0082 2246     		mov	r2, r4
 531 0084 2946     		mov	r1, r5
 532 0086 0298     		ldr	r0, [sp, #8]
 533 0088 FFF7FEFF 		bl	u8g2_DrawCircle
 534              	.LVL79:
 535              	.LBE3:
 536              	.LBB4:
 181:u8g2/csrc/u8g2_box.c ****     ww -= r;
 537              		.loc 1 181 0
 538 008c A8EB0605 		sub	r5, r8, r6
 539              	.LVL80:
 540 0090 EDB2     		uxtb	r5, r5
 541              	.LVL81:
 182:u8g2/csrc/u8g2_box.c ****     hh = h;
 542              		.loc 1 182 0
 543 0092 AD1B     		subs	r5, r5, r6
 544              	.LVL82:
 545 0094 EDB2     		uxtb	r5, r5
 546              	.LVL83:
 184:u8g2/csrc/u8g2_box.c ****     hh -= r;
 547              		.loc 1 184 0
 548 0096 A9EB0603 		sub	r3, r9, r6
 549 009a DBB2     		uxtb	r3, r3
 550              	.LVL84:
 185:u8g2/csrc/u8g2_box.c ****     
 551              		.loc 1 185 0
 552 009c 9E1B     		subs	r6, r3, r6
 553              	.LVL85:
 554 009e F6B2     		uxtb	r6, r6
 555              	.LVL86:
ARM GAS  /var/folders/rk/zpr83dd14lx588t7kb0yv2b40000gn/T//cchLlULI.s 			page 15


 187:u8g2/csrc/u8g2_box.c ****     yu++;
 556              		.loc 1 187 0
 557 00a0 0137     		adds	r7, r7, #1
 558              	.LVL87:
 559 00a2 FFB2     		uxtb	r7, r7
 560              	.LVL88:
 188:u8g2/csrc/u8g2_box.c ****     
 561              		.loc 1 188 0
 562 00a4 039A     		ldr	r2, [sp, #12]
 563 00a6 541C     		adds	r4, r2, #1
 564              	.LVL89:
 565 00a8 E4B2     		uxtb	r4, r4
 566              	.LVL90:
 190:u8g2/csrc/u8g2_box.c ****     {
 567              		.loc 1 190 0
 568 00aa 022D     		cmp	r5, #2
 569 00ac 17D8     		bhi	.L21
 570              	.LVL91:
 571              	.L18:
 198:u8g2/csrc/u8g2_box.c ****     {
 572              		.loc 1 198 0
 573 00ae 022E     		cmp	r6, #2
 574 00b0 BBD9     		bls	.L16
 200:u8g2/csrc/u8g2_box.c ****       w--;
 575              		.loc 1 200 0
 576 00b2 023E     		subs	r6, r6, #2
 577              	.LVL92:
 578 00b4 F6B2     		uxtb	r6, r6
 579              	.LVL93:
 201:u8g2/csrc/u8g2_box.c ****       u8g2_DrawVLine(u8g2, x, yu, hh);
 580              		.loc 1 201 0
 581 00b6 08F1FF38 		add	r8, r8, #-1
 582              	.LVL94:
 583 00ba 5FFA88F8 		uxtb	r8, r8
 584              	.LVL95:
 202:u8g2/csrc/u8g2_box.c ****       u8g2_DrawVLine(u8g2, x+w, yu, hh);
 585              		.loc 1 202 0
 586 00be 3346     		mov	r3, r6
 587 00c0 2246     		mov	r2, r4
 588 00c2 5146     		mov	r1, r10
 589 00c4 029D     		ldr	r5, [sp, #8]
 590              	.LVL96:
 591 00c6 2846     		mov	r0, r5
 592 00c8 FFF7FEFF 		bl	u8g2_DrawVLine
 593              	.LVL97:
 203:u8g2/csrc/u8g2_box.c ****     }
 594              		.loc 1 203 0
 595 00cc 0AEB0801 		add	r1, r10, r8
 596 00d0 3346     		mov	r3, r6
 597 00d2 2246     		mov	r2, r4
 598 00d4 C9B2     		uxtb	r1, r1
 599 00d6 2846     		mov	r0, r5
 600 00d8 FFF7FEFF 		bl	u8g2_DrawVLine
 601              	.LVL98:
 602 00dc A5E7     		b	.L16
 603              	.LVL99:
 604              	.L21:
ARM GAS  /var/folders/rk/zpr83dd14lx588t7kb0yv2b40000gn/T//cchLlULI.s 			page 16


 192:u8g2/csrc/u8g2_box.c ****       h--;
 605              		.loc 1 192 0
 606 00de 023D     		subs	r5, r5, #2
 607              	.LVL100:
 608 00e0 EDB2     		uxtb	r5, r5
 609              	.LVL101:
 193:u8g2/csrc/u8g2_box.c ****       u8g2_DrawHLine(u8g2, xl, y, ww);
 610              		.loc 1 193 0
 611 00e2 09F1FF39 		add	r9, r9, #-1
 612              	.LVL102:
 613 00e6 5FFA89F9 		uxtb	r9, r9
 614              	.LVL103:
 194:u8g2/csrc/u8g2_box.c ****       u8g2_DrawHLine(u8g2, xl, y+h, ww);
 615              		.loc 1 194 0
 616 00ea 2B46     		mov	r3, r5
 617 00ec 5A46     		mov	r2, fp
 618 00ee 3946     		mov	r1, r7
 619 00f0 0298     		ldr	r0, [sp, #8]
 620 00f2 FFF7FEFF 		bl	u8g2_DrawHLine
 621              	.LVL104:
 195:u8g2/csrc/u8g2_box.c ****     }
 622              		.loc 1 195 0
 623 00f6 0BEB0902 		add	r2, fp, r9
 624 00fa 2B46     		mov	r3, r5
 625 00fc D2B2     		uxtb	r2, r2
 626 00fe 3946     		mov	r1, r7
 627 0100 0298     		ldr	r0, [sp, #8]
 628 0102 FFF7FEFF 		bl	u8g2_DrawHLine
 629              	.LVL105:
 630 0106 D2E7     		b	.L18
 631              	.LBE4:
 632              		.cfi_endproc
 633              	.LFE3:
 635              		.text
 636              	.Letext0:
 637              		.file 2 "/usr/local/gcc_arm/gcc-arm-none-eabi-7-2017-q4-major/arm-none-eabi/include/machine/_defau
 638              		.file 3 "/usr/local/gcc_arm/gcc-arm-none-eabi-7-2017-q4-major/arm-none-eabi/include/sys/_stdint.h"
 639              		.file 4 "u8g2/csrc/u8x8.h"
 640              		.file 5 "u8g2/csrc/u8g2.h"
ARM GAS  /var/folders/rk/zpr83dd14lx588t7kb0yv2b40000gn/T//cchLlULI.s 			page 17


DEFINED SYMBOLS
                            *ABS*:0000000000000000 u8g2_box.c
/var/folders/rk/zpr83dd14lx588t7kb0yv2b40000gn/T//cchLlULI.s:16     .text.u8g2_DrawBox:0000000000000000 $t
/var/folders/rk/zpr83dd14lx588t7kb0yv2b40000gn/T//cchLlULI.s:23     .text.u8g2_DrawBox:0000000000000000 u8g2_DrawBox
/var/folders/rk/zpr83dd14lx588t7kb0yv2b40000gn/T//cchLlULI.s:96     .text.u8g2_DrawFrame:0000000000000000 $t
/var/folders/rk/zpr83dd14lx588t7kb0yv2b40000gn/T//cchLlULI.s:103    .text.u8g2_DrawFrame:0000000000000000 u8g2_DrawFrame
/var/folders/rk/zpr83dd14lx588t7kb0yv2b40000gn/T//cchLlULI.s:201    .text.u8g2_DrawRBox:0000000000000000 $t
/var/folders/rk/zpr83dd14lx588t7kb0yv2b40000gn/T//cchLlULI.s:208    .text.u8g2_DrawRBox:0000000000000000 u8g2_DrawRBox
/var/folders/rk/zpr83dd14lx588t7kb0yv2b40000gn/T//cchLlULI.s:411    .text.u8g2_DrawRFrame:0000000000000000 $t
/var/folders/rk/zpr83dd14lx588t7kb0yv2b40000gn/T//cchLlULI.s:418    .text.u8g2_DrawRFrame:0000000000000000 u8g2_DrawRFrame

UNDEFINED SYMBOLS
u8g2_IsIntersection
u8g2_DrawHVLine
u8g2_DrawDisc
u8g2_DrawCircle
u8g2_DrawVLine
u8g2_DrawHLine
