ARM GAS  /var/folders/rk/zpr83dd14lx588t7kb0yv2b40000gn/T//ccl8y8SI.s 			page 1


   1              		.cpu cortex-m3
   2              		.eabi_attribute 20, 1
   3              		.eabi_attribute 21, 1
   4              		.eabi_attribute 23, 3
   5              		.eabi_attribute 24, 1
   6              		.eabi_attribute 25, 1
   7              		.eabi_attribute 26, 1
   8              		.eabi_attribute 30, 1
   9              		.eabi_attribute 34, 1
  10              		.eabi_attribute 18, 4
  11              		.file	"u8g2_setup.c"
  12              		.text
  13              	.Ltext0:
  14              		.cfi_sections	.debug_frame
  15              		.section	.text.u8g2_update_dimension_common,"ax",%progbits
  16              		.align	1
  17              		.syntax unified
  18              		.thumb
  19              		.thumb_func
  20              		.fpu softvfp
  22              	u8g2_update_dimension_common:
  23              	.LFB2:
  24              		.file 1 "u8g2/csrc/u8g2_setup.c"
   1:u8g2/csrc/u8g2_setup.c **** /*
   2:u8g2/csrc/u8g2_setup.c **** 
   3:u8g2/csrc/u8g2_setup.c ****   u8g2_setup.c
   4:u8g2/csrc/u8g2_setup.c **** 
   5:u8g2/csrc/u8g2_setup.c ****   Universal 8bit Graphics Library (https://github.com/olikraus/u8g2/)
   6:u8g2/csrc/u8g2_setup.c **** 
   7:u8g2/csrc/u8g2_setup.c ****   Copyright (c) 2016, olikraus@gmail.com
   8:u8g2/csrc/u8g2_setup.c ****   All rights reserved.
   9:u8g2/csrc/u8g2_setup.c **** 
  10:u8g2/csrc/u8g2_setup.c ****   Redistribution and use in source and binary forms, with or without modification, 
  11:u8g2/csrc/u8g2_setup.c ****   are permitted provided that the following conditions are met:
  12:u8g2/csrc/u8g2_setup.c **** 
  13:u8g2/csrc/u8g2_setup.c ****   * Redistributions of source code must retain the above copyright notice, this list 
  14:u8g2/csrc/u8g2_setup.c ****     of conditions and the following disclaimer.
  15:u8g2/csrc/u8g2_setup.c ****     
  16:u8g2/csrc/u8g2_setup.c ****   * Redistributions in binary form must reproduce the above copyright notice, this 
  17:u8g2/csrc/u8g2_setup.c ****     list of conditions and the following disclaimer in the documentation and/or other 
  18:u8g2/csrc/u8g2_setup.c ****     materials provided with the distribution.
  19:u8g2/csrc/u8g2_setup.c **** 
  20:u8g2/csrc/u8g2_setup.c ****   THIS SOFTWARE IS PROVIDED BY THE COPYRIGHT HOLDERS AND 
  21:u8g2/csrc/u8g2_setup.c ****   CONTRIBUTORS "AS IS" AND ANY EXPRESS OR IMPLIED WARRANTIES, 
  22:u8g2/csrc/u8g2_setup.c ****   INCLUDING, BUT NOT LIMITED TO, THE IMPLIED WARRANTIES OF 
  23:u8g2/csrc/u8g2_setup.c ****   MERCHANTABILITY AND FITNESS FOR A PARTICULAR PURPOSE ARE 
  24:u8g2/csrc/u8g2_setup.c ****   DISCLAIMED. IN NO EVENT SHALL THE COPYRIGHT HOLDER OR 
  25:u8g2/csrc/u8g2_setup.c ****   CONTRIBUTORS BE LIABLE FOR ANY DIRECT, INDIRECT, INCIDENTAL, 
  26:u8g2/csrc/u8g2_setup.c ****   SPECIAL, EXEMPLARY, OR CONSEQUENTIAL DAMAGES (INCLUDING, BUT 
  27:u8g2/csrc/u8g2_setup.c ****   NOT LIMITED TO, PROCUREMENT OF SUBSTITUTE GOODS OR SERVICES; 
  28:u8g2/csrc/u8g2_setup.c ****   LOSS OF USE, DATA, OR PROFITS; OR BUSINESS INTERRUPTION) HOWEVER 
  29:u8g2/csrc/u8g2_setup.c ****   CAUSED AND ON ANY THEORY OF LIABILITY, WHETHER IN CONTRACT, 
  30:u8g2/csrc/u8g2_setup.c ****   STRICT LIABILITY, OR TORT (INCLUDING NEGLIGENCE OR OTHERWISE) 
  31:u8g2/csrc/u8g2_setup.c ****   ARISING IN ANY WAY OUT OF THE USE OF THIS SOFTWARE, EVEN IF 
  32:u8g2/csrc/u8g2_setup.c ****   ADVISED OF THE POSSIBILITY OF SUCH DAMAGE.  
  33:u8g2/csrc/u8g2_setup.c **** 
  34:u8g2/csrc/u8g2_setup.c **** */
ARM GAS  /var/folders/rk/zpr83dd14lx588t7kb0yv2b40000gn/T//ccl8y8SI.s 			page 2


  35:u8g2/csrc/u8g2_setup.c **** 
  36:u8g2/csrc/u8g2_setup.c **** #include "u8g2.h"
  37:u8g2/csrc/u8g2_setup.c **** #include <string.h>
  38:u8g2/csrc/u8g2_setup.c **** 
  39:u8g2/csrc/u8g2_setup.c **** /*============================================*/
  40:u8g2/csrc/u8g2_setup.c **** /*
  41:u8g2/csrc/u8g2_setup.c ****   This procedure is called after setting up the display (u8x8 structure).
  42:u8g2/csrc/u8g2_setup.c ****   --> This is the central init procedure for u8g2 object
  43:u8g2/csrc/u8g2_setup.c **** */
  44:u8g2/csrc/u8g2_setup.c **** void u8g2_SetupBuffer(u8g2_t *u8g2, uint8_t *buf, uint8_t tile_buf_height, u8g2_draw_ll_hvline_cb l
  45:u8g2/csrc/u8g2_setup.c **** {
  46:u8g2/csrc/u8g2_setup.c ****   u8g2->font = NULL;
  47:u8g2/csrc/u8g2_setup.c ****   //u8g2->kerning = NULL;
  48:u8g2/csrc/u8g2_setup.c ****   //u8g2->get_kerning_cb = u8g2_GetNullKerning;
  49:u8g2/csrc/u8g2_setup.c ****   
  50:u8g2/csrc/u8g2_setup.c ****   //u8g2->ll_hvline = u8g2_ll_hvline_vertical_top_lsb;
  51:u8g2/csrc/u8g2_setup.c ****   u8g2->ll_hvline = ll_hvline_cb;
  52:u8g2/csrc/u8g2_setup.c ****   
  53:u8g2/csrc/u8g2_setup.c ****   u8g2->tile_buf_ptr = buf;
  54:u8g2/csrc/u8g2_setup.c ****   u8g2->tile_buf_height = tile_buf_height;
  55:u8g2/csrc/u8g2_setup.c ****   
  56:u8g2/csrc/u8g2_setup.c ****   u8g2->tile_curr_row = 0;
  57:u8g2/csrc/u8g2_setup.c ****   
  58:u8g2/csrc/u8g2_setup.c ****   u8g2->font_decode.is_transparent = 0; /* issue 443 */
  59:u8g2/csrc/u8g2_setup.c ****   u8g2->bitmap_transparency = 0;
  60:u8g2/csrc/u8g2_setup.c ****   
  61:u8g2/csrc/u8g2_setup.c ****   u8g2->draw_color = 1;
  62:u8g2/csrc/u8g2_setup.c ****   u8g2->is_auto_page_clear = 1;
  63:u8g2/csrc/u8g2_setup.c ****   
  64:u8g2/csrc/u8g2_setup.c ****   u8g2->cb = u8g2_cb;
  65:u8g2/csrc/u8g2_setup.c ****   u8g2->cb->update(u8g2);
  66:u8g2/csrc/u8g2_setup.c **** 
  67:u8g2/csrc/u8g2_setup.c ****   u8g2_SetFontPosBaseline(u8g2);  /* issue 195 */
  68:u8g2/csrc/u8g2_setup.c ****   
  69:u8g2/csrc/u8g2_setup.c **** #ifdef U8G2_WITH_FONT_ROTATION  
  70:u8g2/csrc/u8g2_setup.c ****   u8g2->font_decode.dir = 0;
  71:u8g2/csrc/u8g2_setup.c **** #endif
  72:u8g2/csrc/u8g2_setup.c **** }
  73:u8g2/csrc/u8g2_setup.c **** 
  74:u8g2/csrc/u8g2_setup.c **** /*
  75:u8g2/csrc/u8g2_setup.c ****   Usually the display rotation is set initially, but it could be done later also
  76:u8g2/csrc/u8g2_setup.c ****   u8g2_cb can be U8G2_R0..U8G2_R3
  77:u8g2/csrc/u8g2_setup.c **** */
  78:u8g2/csrc/u8g2_setup.c **** void u8g2_SetDisplayRotation(u8g2_t *u8g2, const u8g2_cb_t *u8g2_cb)
  79:u8g2/csrc/u8g2_setup.c **** {
  80:u8g2/csrc/u8g2_setup.c ****   u8g2->cb = u8g2_cb;
  81:u8g2/csrc/u8g2_setup.c ****   u8g2->cb->update(u8g2);
  82:u8g2/csrc/u8g2_setup.c **** }
  83:u8g2/csrc/u8g2_setup.c **** 
  84:u8g2/csrc/u8g2_setup.c **** 
  85:u8g2/csrc/u8g2_setup.c **** /*============================================*/
  86:u8g2/csrc/u8g2_setup.c **** /* 
  87:u8g2/csrc/u8g2_setup.c ****   update dimension: 
  88:u8g2/csrc/u8g2_setup.c ****   calculate the following variables:
  89:u8g2/csrc/u8g2_setup.c ****     u8g2_uint_t buf_x0;	left corner of the buffer
  90:u8g2/csrc/u8g2_setup.c ****     u8g2_uint_t buf_x1;	right corner of the buffer (excluded)
  91:u8g2/csrc/u8g2_setup.c ****     u8g2_uint_t buf_y0;
ARM GAS  /var/folders/rk/zpr83dd14lx588t7kb0yv2b40000gn/T//ccl8y8SI.s 			page 3


  92:u8g2/csrc/u8g2_setup.c ****     u8g2_uint_t buf_y1; 	
  93:u8g2/csrc/u8g2_setup.c **** */
  94:u8g2/csrc/u8g2_setup.c **** 
  95:u8g2/csrc/u8g2_setup.c **** static void u8g2_update_dimension_common(u8g2_t *u8g2)
  96:u8g2/csrc/u8g2_setup.c **** {
  25              		.loc 1 96 0
  26              		.cfi_startproc
  27              		@ args = 0, pretend = 0, frame = 0
  28              		@ frame_needed = 0, uses_anonymous_args = 0
  29              		@ link register save eliminated.
  30              	.LVL0:
  31 0000 70B4     		push	{r4, r5, r6}
  32              	.LCFI0:
  33              		.cfi_def_cfa_offset 12
  34              		.cfi_offset 4, -12
  35              		.cfi_offset 5, -8
  36              		.cfi_offset 6, -4
  97:u8g2/csrc/u8g2_setup.c ****   u8g2_uint_t t;
  98:u8g2/csrc/u8g2_setup.c ****   
  99:u8g2/csrc/u8g2_setup.c ****   t = u8g2->tile_buf_height;
  37              		.loc 1 99 0
  38 0002 90F83830 		ldrb	r3, [r0, #56]	@ zero_extendqisi2
  39              	.LVL1:
 100:u8g2/csrc/u8g2_setup.c ****   t *= 8;
  40              		.loc 1 100 0
  41 0006 DA00     		lsls	r2, r3, #3
  42              	.LVL2:
 101:u8g2/csrc/u8g2_setup.c ****   u8g2->pixel_buf_height = t;
  43              		.loc 1 101 0
  44 0008 80F83B20 		strb	r2, [r0, #59]
 102:u8g2/csrc/u8g2_setup.c ****   
 103:u8g2/csrc/u8g2_setup.c ****   t = u8g2_GetU8x8(u8g2)->display_info->tile_width;
  45              		.loc 1 103 0
  46 000c 0168     		ldr	r1, [r0]
  47 000e 0A7C     		ldrb	r2, [r1, #16]	@ zero_extendqisi2
  48              	.LVL3:
 104:u8g2/csrc/u8g2_setup.c **** #ifndef U8G2_16BIT
 105:u8g2/csrc/u8g2_setup.c ****   if ( t >= 32 )
  49              		.loc 1 105 0
  50 0010 1F2A     		cmp	r2, #31
  51 0012 00D9     		bls	.L2
 106:u8g2/csrc/u8g2_setup.c ****     t = 31;
  52              		.loc 1 106 0
  53 0014 1F22     		movs	r2, #31
  54              	.LVL4:
  55              	.L2:
 107:u8g2/csrc/u8g2_setup.c **** #endif
 108:u8g2/csrc/u8g2_setup.c ****   t *= 8;
  56              		.loc 1 108 0
  57 0016 D200     		lsls	r2, r2, #3
  58              	.LVL5:
 109:u8g2/csrc/u8g2_setup.c ****   u8g2->pixel_buf_width = t;
  59              		.loc 1 109 0
  60 0018 80F83A20 		strb	r2, [r0, #58]
 110:u8g2/csrc/u8g2_setup.c ****   
 111:u8g2/csrc/u8g2_setup.c ****   t = u8g2->tile_curr_row;
  61              		.loc 1 111 0
ARM GAS  /var/folders/rk/zpr83dd14lx588t7kb0yv2b40000gn/T//ccl8y8SI.s 			page 4


  62 001c 90F83950 		ldrb	r5, [r0, #57]	@ zero_extendqisi2
  63              	.LVL6:
 112:u8g2/csrc/u8g2_setup.c ****   t *= 8;
  64              		.loc 1 112 0
  65 0020 EA00     		lsls	r2, r5, #3
  66 0022 D2B2     		uxtb	r2, r2
  67              	.LVL7:
 113:u8g2/csrc/u8g2_setup.c ****   u8g2->pixel_curr_row = t;
  68              		.loc 1 113 0
  69 0024 80F83C20 		strb	r2, [r0, #60]
  70              	.LVL8:
 114:u8g2/csrc/u8g2_setup.c ****   
 115:u8g2/csrc/u8g2_setup.c ****   t = u8g2->tile_buf_height;
 116:u8g2/csrc/u8g2_setup.c ****   /* handle the case, where the buffer is larger than the (remaining) part of the display */
 117:u8g2/csrc/u8g2_setup.c ****   if ( t + u8g2->tile_curr_row > u8g2_GetU8x8(u8g2)->display_info->tile_height )
  71              		.loc 1 117 0
  72 0028 5E19     		adds	r6, r3, r5
  73 002a 4C7C     		ldrb	r4, [r1, #17]	@ zero_extendqisi2
  74 002c A642     		cmp	r6, r4
  75 002e 01DD     		ble	.L3
 118:u8g2/csrc/u8g2_setup.c ****     t = u8g2_GetU8x8(u8g2)->display_info->tile_height - u8g2->tile_curr_row;
  76              		.loc 1 118 0
  77 0030 631B     		subs	r3, r4, r5
  78              	.LVL9:
  79 0032 DBB2     		uxtb	r3, r3
  80              	.LVL10:
  81              	.L3:
 119:u8g2/csrc/u8g2_setup.c ****   t *= 8;
  82              		.loc 1 119 0
  83 0034 DB00     		lsls	r3, r3, #3
  84              	.LVL11:
  85 0036 DBB2     		uxtb	r3, r3
  86              	.LVL12:
 120:u8g2/csrc/u8g2_setup.c ****   
 121:u8g2/csrc/u8g2_setup.c ****   u8g2->buf_y0 = u8g2->pixel_curr_row;   
  87              		.loc 1 121 0
  88 0038 80F83D20 		strb	r2, [r0, #61]
 122:u8g2/csrc/u8g2_setup.c ****   u8g2->buf_y1 = u8g2->buf_y0;
 123:u8g2/csrc/u8g2_setup.c ****   u8g2->buf_y1 += t;
  89              		.loc 1 123 0
  90 003c 1344     		add	r3, r3, r2
  91              	.LVL13:
  92 003e 80F83E30 		strb	r3, [r0, #62]
 124:u8g2/csrc/u8g2_setup.c **** 
 125:u8g2/csrc/u8g2_setup.c ****   
 126:u8g2/csrc/u8g2_setup.c **** #ifdef U8G2_16BIT
 127:u8g2/csrc/u8g2_setup.c ****   u8g2->width = u8g2_GetU8x8(u8g2)->display_info->pixel_width;
 128:u8g2/csrc/u8g2_setup.c ****   u8g2->height = u8g2_GetU8x8(u8g2)->display_info->pixel_height;
 129:u8g2/csrc/u8g2_setup.c **** #else
 130:u8g2/csrc/u8g2_setup.c ****   u8g2->width = 240;
  93              		.loc 1 130 0
  94 0042 F023     		movs	r3, #240
  95 0044 80F83F30 		strb	r3, [r0, #63]
 131:u8g2/csrc/u8g2_setup.c ****   if ( u8g2_GetU8x8(u8g2)->display_info->pixel_width <= 240 )
  96              		.loc 1 131 0
  97 0048 8B8A     		ldrh	r3, [r1, #20]
  98 004a F02B     		cmp	r3, #240
ARM GAS  /var/folders/rk/zpr83dd14lx588t7kb0yv2b40000gn/T//ccl8y8SI.s 			page 5


  99 004c 01D8     		bhi	.L4
 132:u8g2/csrc/u8g2_setup.c ****     u8g2->width = u8g2_GetU8x8(u8g2)->display_info->pixel_width;
 100              		.loc 1 132 0
 101 004e 80F83F30 		strb	r3, [r0, #63]
 102              	.L4:
 133:u8g2/csrc/u8g2_setup.c ****   u8g2->height = u8g2_GetU8x8(u8g2)->display_info->pixel_height;
 103              		.loc 1 133 0
 104 0052 CB8A     		ldrh	r3, [r1, #22]
 105 0054 80F84030 		strb	r3, [r0, #64]
 134:u8g2/csrc/u8g2_setup.c **** #endif
 135:u8g2/csrc/u8g2_setup.c **** 
 136:u8g2/csrc/u8g2_setup.c **** }
 106              		.loc 1 136 0
 107 0058 70BC     		pop	{r4, r5, r6}
 108              	.LCFI1:
 109              		.cfi_restore 6
 110              		.cfi_restore 5
 111              		.cfi_restore 4
 112              		.cfi_def_cfa_offset 0
 113 005a 7047     		bx	lr
 114              		.cfi_endproc
 115              	.LFE2:
 117              		.section	.text.u8g2_update_dimension_r0,"ax",%progbits
 118              		.align	1
 119              		.global	u8g2_update_dimension_r0
 120              		.syntax unified
 121              		.thumb
 122              		.thumb_func
 123              		.fpu softvfp
 125              	u8g2_update_dimension_r0:
 126              	.LFB3:
 137:u8g2/csrc/u8g2_setup.c **** 
 138:u8g2/csrc/u8g2_setup.c **** void u8g2_update_dimension_r0(u8g2_t *u8g2)
 139:u8g2/csrc/u8g2_setup.c **** {
 127              		.loc 1 139 0
 128              		.cfi_startproc
 129              		@ args = 0, pretend = 0, frame = 0
 130              		@ frame_needed = 0, uses_anonymous_args = 0
 131              	.LVL14:
 132 0000 10B5     		push	{r4, lr}
 133              	.LCFI2:
 134              		.cfi_def_cfa_offset 8
 135              		.cfi_offset 4, -8
 136              		.cfi_offset 14, -4
 137 0002 0446     		mov	r4, r0
 140:u8g2/csrc/u8g2_setup.c ****   u8g2_update_dimension_common(u8g2);
 138              		.loc 1 140 0
 139 0004 FFF7FEFF 		bl	u8g2_update_dimension_common
 140              	.LVL15:
 141:u8g2/csrc/u8g2_setup.c **** 
 142:u8g2/csrc/u8g2_setup.c ****   u8g2->user_x0 = 0;
 141              		.loc 1 142 0
 142 0008 0023     		movs	r3, #0
 143 000a 84F84130 		strb	r3, [r4, #65]
 143:u8g2/csrc/u8g2_setup.c ****   u8g2->user_x1 = u8g2->pixel_buf_width;	/* pixel_buf_width replaced with width */
 144              		.loc 1 143 0
 145 000e 94F83A30 		ldrb	r3, [r4, #58]	@ zero_extendqisi2
ARM GAS  /var/folders/rk/zpr83dd14lx588t7kb0yv2b40000gn/T//ccl8y8SI.s 			page 6


 146 0012 84F84230 		strb	r3, [r4, #66]
 144:u8g2/csrc/u8g2_setup.c ****   
 145:u8g2/csrc/u8g2_setup.c ****   u8g2->user_y0 = u8g2->buf_y0;
 147              		.loc 1 145 0
 148 0016 94F83D30 		ldrb	r3, [r4, #61]	@ zero_extendqisi2
 149 001a 84F84330 		strb	r3, [r4, #67]
 146:u8g2/csrc/u8g2_setup.c ****   u8g2->user_y1 = u8g2->buf_y1;
 150              		.loc 1 146 0
 151 001e 94F83E30 		ldrb	r3, [r4, #62]	@ zero_extendqisi2
 152 0022 84F84430 		strb	r3, [r4, #68]
 147:u8g2/csrc/u8g2_setup.c ****   
 148:u8g2/csrc/u8g2_setup.c **** //  printf("x0=%d x1=%d y0=%d y1=%d\n", 
 149:u8g2/csrc/u8g2_setup.c **** //      u8g2->user_x0, u8g2->user_x1, u8g2->user_y0, u8g2->user_y1);
 150:u8g2/csrc/u8g2_setup.c **** }
 153              		.loc 1 150 0
 154 0026 10BD     		pop	{r4, pc}
 155              		.cfi_endproc
 156              	.LFE3:
 158              		.section	.text.u8g2_update_dimension_r1,"ax",%progbits
 159              		.align	1
 160              		.global	u8g2_update_dimension_r1
 161              		.syntax unified
 162              		.thumb
 163              		.thumb_func
 164              		.fpu softvfp
 166              	u8g2_update_dimension_r1:
 167              	.LFB4:
 151:u8g2/csrc/u8g2_setup.c **** 
 152:u8g2/csrc/u8g2_setup.c **** void u8g2_update_dimension_r1(u8g2_t *u8g2)
 153:u8g2/csrc/u8g2_setup.c **** {
 168              		.loc 1 153 0
 169              		.cfi_startproc
 170              		@ args = 0, pretend = 0, frame = 0
 171              		@ frame_needed = 0, uses_anonymous_args = 0
 172              	.LVL16:
 173 0000 10B5     		push	{r4, lr}
 174              	.LCFI3:
 175              		.cfi_def_cfa_offset 8
 176              		.cfi_offset 4, -8
 177              		.cfi_offset 14, -4
 178 0002 0446     		mov	r4, r0
 154:u8g2/csrc/u8g2_setup.c ****   u8g2_update_dimension_common(u8g2);
 179              		.loc 1 154 0
 180 0004 FFF7FEFF 		bl	u8g2_update_dimension_common
 181              	.LVL17:
 155:u8g2/csrc/u8g2_setup.c ****   
 156:u8g2/csrc/u8g2_setup.c ****   u8g2->height = u8g2_GetU8x8(u8g2)->display_info->pixel_width;
 182              		.loc 1 156 0
 183 0008 2268     		ldr	r2, [r4]
 184 000a 137D     		ldrb	r3, [r2, #20]	@ zero_extendqisi2
 185 000c 84F84030 		strb	r3, [r4, #64]
 157:u8g2/csrc/u8g2_setup.c ****   u8g2->width = u8g2_GetU8x8(u8g2)->display_info->pixel_height;
 186              		.loc 1 157 0
 187 0010 D28A     		ldrh	r2, [r2, #22]
 188 0012 84F83F20 		strb	r2, [r4, #63]
 158:u8g2/csrc/u8g2_setup.c ****   
 159:u8g2/csrc/u8g2_setup.c ****   u8g2->user_x0 = u8g2->buf_y0;
ARM GAS  /var/folders/rk/zpr83dd14lx588t7kb0yv2b40000gn/T//ccl8y8SI.s 			page 7


 189              		.loc 1 159 0
 190 0016 94F83D20 		ldrb	r2, [r4, #61]	@ zero_extendqisi2
 191 001a 84F84120 		strb	r2, [r4, #65]
 160:u8g2/csrc/u8g2_setup.c ****   u8g2->user_x1 = u8g2->buf_y1;
 192              		.loc 1 160 0
 193 001e 94F83E20 		ldrb	r2, [r4, #62]	@ zero_extendqisi2
 194 0022 84F84220 		strb	r2, [r4, #66]
 161:u8g2/csrc/u8g2_setup.c ****   
 162:u8g2/csrc/u8g2_setup.c ****   u8g2->user_y0 = 0;
 195              		.loc 1 162 0
 196 0026 0022     		movs	r2, #0
 197 0028 84F84320 		strb	r2, [r4, #67]
 163:u8g2/csrc/u8g2_setup.c ****   u8g2->user_y1 = u8g2->height;	/* pixel_buf_width replaced with height (which is the real pixel wi
 198              		.loc 1 163 0
 199 002c 84F84430 		strb	r3, [r4, #68]
 164:u8g2/csrc/u8g2_setup.c ****   
 165:u8g2/csrc/u8g2_setup.c ****   //printf("x0=%d x1=%d y0=%d y1=%d\n", 
 166:u8g2/csrc/u8g2_setup.c ****    //   u8g2->user_x0, u8g2->user_x1, u8g2->user_y0, u8g2->user_y1);
 167:u8g2/csrc/u8g2_setup.c **** }
 200              		.loc 1 167 0
 201 0030 10BD     		pop	{r4, pc}
 202              		.cfi_endproc
 203              	.LFE4:
 205              		.section	.text.u8g2_update_dimension_r2,"ax",%progbits
 206              		.align	1
 207              		.global	u8g2_update_dimension_r2
 208              		.syntax unified
 209              		.thumb
 210              		.thumb_func
 211              		.fpu softvfp
 213              	u8g2_update_dimension_r2:
 214              	.LFB5:
 168:u8g2/csrc/u8g2_setup.c **** 
 169:u8g2/csrc/u8g2_setup.c **** void u8g2_update_dimension_r2(u8g2_t *u8g2)
 170:u8g2/csrc/u8g2_setup.c **** {
 215              		.loc 1 170 0
 216              		.cfi_startproc
 217              		@ args = 0, pretend = 0, frame = 0
 218              		@ frame_needed = 0, uses_anonymous_args = 0
 219              	.LVL18:
 220 0000 10B5     		push	{r4, lr}
 221              	.LCFI4:
 222              		.cfi_def_cfa_offset 8
 223              		.cfi_offset 4, -8
 224              		.cfi_offset 14, -4
 225 0002 0446     		mov	r4, r0
 171:u8g2/csrc/u8g2_setup.c ****   u8g2_update_dimension_common(u8g2);
 226              		.loc 1 171 0
 227 0004 FFF7FEFF 		bl	u8g2_update_dimension_common
 228              	.LVL19:
 172:u8g2/csrc/u8g2_setup.c **** 
 173:u8g2/csrc/u8g2_setup.c ****   u8g2->user_x0 = 0;
 229              		.loc 1 173 0
 230 0008 0023     		movs	r3, #0
 231 000a 84F84130 		strb	r3, [r4, #65]
 174:u8g2/csrc/u8g2_setup.c ****   u8g2->user_x1 = u8g2->width;	/* pixel_buf_width replaced with width */
 232              		.loc 1 174 0
ARM GAS  /var/folders/rk/zpr83dd14lx588t7kb0yv2b40000gn/T//ccl8y8SI.s 			page 8


 233 000e 94F83F30 		ldrb	r3, [r4, #63]	@ zero_extendqisi2
 234 0012 84F84230 		strb	r3, [r4, #66]
 175:u8g2/csrc/u8g2_setup.c ****   
 176:u8g2/csrc/u8g2_setup.c ****   u8g2->user_y0 = u8g2->height - u8g2->buf_y1;
 235              		.loc 1 176 0
 236 0016 94F84030 		ldrb	r3, [r4, #64]	@ zero_extendqisi2
 237 001a 94F83E20 		ldrb	r2, [r4, #62]	@ zero_extendqisi2
 238 001e 9A1A     		subs	r2, r3, r2
 239 0020 84F84320 		strb	r2, [r4, #67]
 177:u8g2/csrc/u8g2_setup.c ****   u8g2->user_y1 = u8g2->height - u8g2->buf_y0;
 240              		.loc 1 177 0
 241 0024 94F83D20 		ldrb	r2, [r4, #61]	@ zero_extendqisi2
 242 0028 9B1A     		subs	r3, r3, r2
 243 002a 84F84430 		strb	r3, [r4, #68]
 178:u8g2/csrc/u8g2_setup.c **** 
 179:u8g2/csrc/u8g2_setup.c **** //  printf("x0=%d x1=%d y0=%d y1=%d\n", 
 180:u8g2/csrc/u8g2_setup.c **** //      u8g2->user_x0, u8g2->user_x1, u8g2->user_y0, u8g2->user_y1);
 181:u8g2/csrc/u8g2_setup.c **** }
 244              		.loc 1 181 0
 245 002e 10BD     		pop	{r4, pc}
 246              		.cfi_endproc
 247              	.LFE5:
 249              		.section	.text.u8g2_update_dimension_r3,"ax",%progbits
 250              		.align	1
 251              		.global	u8g2_update_dimension_r3
 252              		.syntax unified
 253              		.thumb
 254              		.thumb_func
 255              		.fpu softvfp
 257              	u8g2_update_dimension_r3:
 258              	.LFB6:
 182:u8g2/csrc/u8g2_setup.c **** 
 183:u8g2/csrc/u8g2_setup.c **** void u8g2_update_dimension_r3(u8g2_t *u8g2)
 184:u8g2/csrc/u8g2_setup.c **** {
 259              		.loc 1 184 0
 260              		.cfi_startproc
 261              		@ args = 0, pretend = 0, frame = 0
 262              		@ frame_needed = 0, uses_anonymous_args = 0
 263              	.LVL20:
 264 0000 10B5     		push	{r4, lr}
 265              	.LCFI5:
 266              		.cfi_def_cfa_offset 8
 267              		.cfi_offset 4, -8
 268              		.cfi_offset 14, -4
 269 0002 0446     		mov	r4, r0
 185:u8g2/csrc/u8g2_setup.c ****   u8g2_update_dimension_common(u8g2);
 270              		.loc 1 185 0
 271 0004 FFF7FEFF 		bl	u8g2_update_dimension_common
 272              	.LVL21:
 186:u8g2/csrc/u8g2_setup.c ****   
 187:u8g2/csrc/u8g2_setup.c ****   u8g2->height = u8g2_GetU8x8(u8g2)->display_info->pixel_width;
 273              		.loc 1 187 0
 274 0008 2368     		ldr	r3, [r4]
 275 000a 197D     		ldrb	r1, [r3, #20]	@ zero_extendqisi2
 276 000c 84F84010 		strb	r1, [r4, #64]
 188:u8g2/csrc/u8g2_setup.c ****   u8g2->width = u8g2_GetU8x8(u8g2)->display_info->pixel_height;
 277              		.loc 1 188 0
ARM GAS  /var/folders/rk/zpr83dd14lx588t7kb0yv2b40000gn/T//ccl8y8SI.s 			page 9


 278 0010 9B7D     		ldrb	r3, [r3, #22]	@ zero_extendqisi2
 279 0012 84F83F30 		strb	r3, [r4, #63]
 189:u8g2/csrc/u8g2_setup.c **** 
 190:u8g2/csrc/u8g2_setup.c ****   u8g2->user_x0 = u8g2->width - u8g2->buf_y1;
 280              		.loc 1 190 0
 281 0016 94F83E20 		ldrb	r2, [r4, #62]	@ zero_extendqisi2
 282 001a 9A1A     		subs	r2, r3, r2
 283 001c 84F84120 		strb	r2, [r4, #65]
 191:u8g2/csrc/u8g2_setup.c ****   u8g2->user_x1 = u8g2->width - u8g2->buf_y0;
 284              		.loc 1 191 0
 285 0020 94F83D20 		ldrb	r2, [r4, #61]	@ zero_extendqisi2
 286 0024 9B1A     		subs	r3, r3, r2
 287 0026 84F84230 		strb	r3, [r4, #66]
 192:u8g2/csrc/u8g2_setup.c ****   
 193:u8g2/csrc/u8g2_setup.c ****   u8g2->user_y0 = 0;
 288              		.loc 1 193 0
 289 002a 0023     		movs	r3, #0
 290 002c 84F84330 		strb	r3, [r4, #67]
 194:u8g2/csrc/u8g2_setup.c ****   u8g2->user_y1 = u8g2->height;	/* pixel_buf_width replaced with height (pixel_width) */
 291              		.loc 1 194 0
 292 0030 84F84410 		strb	r1, [r4, #68]
 195:u8g2/csrc/u8g2_setup.c **** 
 196:u8g2/csrc/u8g2_setup.c **** //  printf("x0=%d x1=%d y0=%d y1=%d\n", 
 197:u8g2/csrc/u8g2_setup.c **** //      u8g2->user_x0, u8g2->user_x1, u8g2->user_y0, u8g2->user_y1);
 198:u8g2/csrc/u8g2_setup.c **** }
 293              		.loc 1 198 0
 294 0034 10BD     		pop	{r4, pc}
 295              		.cfi_endproc
 296              	.LFE6:
 298              		.section	.text.u8g2_draw_l90_r0,"ax",%progbits
 299              		.align	1
 300              		.global	u8g2_draw_l90_r0
 301              		.syntax unified
 302              		.thumb
 303              		.thumb_func
 304              		.fpu softvfp
 306              	u8g2_draw_l90_r0:
 307              	.LFB7:
 199:u8g2/csrc/u8g2_setup.c **** 
 200:u8g2/csrc/u8g2_setup.c **** /*============================================*/
 201:u8g2/csrc/u8g2_setup.c **** extern void u8g2_draw_hv_line_4dir(u8g2_t *u8g2, u8g2_uint_t x, u8g2_uint_t y, u8g2_uint_t len, uin
 202:u8g2/csrc/u8g2_setup.c **** 
 203:u8g2/csrc/u8g2_setup.c **** 
 204:u8g2/csrc/u8g2_setup.c **** void u8g2_draw_l90_r0(u8g2_t *u8g2, u8g2_uint_t x, u8g2_uint_t y, u8g2_uint_t len, uint8_t dir)
 205:u8g2/csrc/u8g2_setup.c **** {
 308              		.loc 1 205 0
 309              		.cfi_startproc
 310              		@ args = 4, pretend = 0, frame = 0
 311              		@ frame_needed = 0, uses_anonymous_args = 0
 312              	.LVL22:
 313 0000 10B5     		push	{r4, lr}
 314              	.LCFI6:
 315              		.cfi_def_cfa_offset 8
 316              		.cfi_offset 4, -8
 317              		.cfi_offset 14, -4
 318 0002 82B0     		sub	sp, sp, #8
 319              	.LCFI7:
ARM GAS  /var/folders/rk/zpr83dd14lx588t7kb0yv2b40000gn/T//ccl8y8SI.s 			page 10


 320              		.cfi_def_cfa_offset 16
 206:u8g2/csrc/u8g2_setup.c ****   u8g2_draw_hv_line_4dir(u8g2, x, y, len, dir);
 321              		.loc 1 206 0
 322 0004 9DF81040 		ldrb	r4, [sp, #16]	@ zero_extendqisi2
 323 0008 0094     		str	r4, [sp]
 324 000a FFF7FEFF 		bl	u8g2_draw_hv_line_4dir
 325              	.LVL23:
 207:u8g2/csrc/u8g2_setup.c **** }
 326              		.loc 1 207 0
 327 000e 02B0     		add	sp, sp, #8
 328              	.LCFI8:
 329              		.cfi_def_cfa_offset 8
 330              		@ sp needed
 331 0010 10BD     		pop	{r4, pc}
 332              		.cfi_endproc
 333              	.LFE7:
 335              		.section	.text.u8g2_draw_l90_mirrorr_r0,"ax",%progbits
 336              		.align	1
 337              		.global	u8g2_draw_l90_mirrorr_r0
 338              		.syntax unified
 339              		.thumb
 340              		.thumb_func
 341              		.fpu softvfp
 343              	u8g2_draw_l90_mirrorr_r0:
 344              	.LFB8:
 208:u8g2/csrc/u8g2_setup.c **** 
 209:u8g2/csrc/u8g2_setup.c **** void u8g2_draw_l90_mirrorr_r0(u8g2_t *u8g2, u8g2_uint_t x, u8g2_uint_t y, u8g2_uint_t len, uint8_t 
 210:u8g2/csrc/u8g2_setup.c **** {
 345              		.loc 1 210 0
 346              		.cfi_startproc
 347              		@ args = 4, pretend = 0, frame = 0
 348              		@ frame_needed = 0, uses_anonymous_args = 0
 349              	.LVL24:
 350 0000 30B5     		push	{r4, r5, lr}
 351              	.LCFI9:
 352              		.cfi_def_cfa_offset 12
 353              		.cfi_offset 4, -12
 354              		.cfi_offset 5, -8
 355              		.cfi_offset 14, -4
 356 0002 83B0     		sub	sp, sp, #12
 357              	.LCFI10:
 358              		.cfi_def_cfa_offset 24
 359 0004 9DF81850 		ldrb	r5, [sp, #24]	@ zero_extendqisi2
 211:u8g2/csrc/u8g2_setup.c ****   u8g2_uint_t xx;
 212:u8g2/csrc/u8g2_setup.c ****   xx = u8g2->width;
 360              		.loc 1 212 0
 361 0008 90F83F40 		ldrb	r4, [r0, #63]	@ zero_extendqisi2
 362              	.LVL25:
 213:u8g2/csrc/u8g2_setup.c ****   xx -= x;
 363              		.loc 1 213 0
 364 000c 611A     		subs	r1, r4, r1
 365              	.LVL26:
 366 000e C9B2     		uxtb	r1, r1
 367              	.LVL27:
 214:u8g2/csrc/u8g2_setup.c ****   if ( (dir & 1) == 0 )
 368              		.loc 1 214 0
 369 0010 15F0010F 		tst	r5, #1
ARM GAS  /var/folders/rk/zpr83dd14lx588t7kb0yv2b40000gn/T//ccl8y8SI.s 			page 11


 370 0014 06D0     		beq	.L21
 215:u8g2/csrc/u8g2_setup.c ****   {
 216:u8g2/csrc/u8g2_setup.c ****     xx -= len;
 217:u8g2/csrc/u8g2_setup.c ****   }
 218:u8g2/csrc/u8g2_setup.c ****   else
 219:u8g2/csrc/u8g2_setup.c ****   {
 220:u8g2/csrc/u8g2_setup.c ****     xx--;
 371              		.loc 1 220 0
 372 0016 0139     		subs	r1, r1, #1
 373              	.LVL28:
 374 0018 C9B2     		uxtb	r1, r1
 375              	.LVL29:
 376              	.L19:
 221:u8g2/csrc/u8g2_setup.c ****   }
 222:u8g2/csrc/u8g2_setup.c ****   u8g2_draw_hv_line_4dir(u8g2, xx, y, len, dir);
 377              		.loc 1 222 0
 378 001a 0095     		str	r5, [sp]
 379 001c FFF7FEFF 		bl	u8g2_draw_hv_line_4dir
 380              	.LVL30:
 223:u8g2/csrc/u8g2_setup.c **** }
 381              		.loc 1 223 0
 382 0020 03B0     		add	sp, sp, #12
 383              	.LCFI11:
 384              		.cfi_remember_state
 385              		.cfi_def_cfa_offset 12
 386              		@ sp needed
 387 0022 30BD     		pop	{r4, r5, pc}
 388              	.LVL31:
 389              	.L21:
 390              	.LCFI12:
 391              		.cfi_restore_state
 216:u8g2/csrc/u8g2_setup.c ****   }
 392              		.loc 1 216 0
 393 0024 C91A     		subs	r1, r1, r3
 394              	.LVL32:
 395 0026 C9B2     		uxtb	r1, r1
 396              	.LVL33:
 397 0028 F7E7     		b	.L19
 398              		.cfi_endproc
 399              	.LFE8:
 401              		.section	.text.u8g2_draw_l90_r1,"ax",%progbits
 402              		.align	1
 403              		.global	u8g2_draw_l90_r1
 404              		.syntax unified
 405              		.thumb
 406              		.thumb_func
 407              		.fpu softvfp
 409              	u8g2_draw_l90_r1:
 410              	.LFB9:
 224:u8g2/csrc/u8g2_setup.c **** 
 225:u8g2/csrc/u8g2_setup.c **** 
 226:u8g2/csrc/u8g2_setup.c **** 
 227:u8g2/csrc/u8g2_setup.c **** void u8g2_draw_l90_r1(u8g2_t *u8g2, u8g2_uint_t x, u8g2_uint_t y, u8g2_uint_t len, uint8_t dir)
 228:u8g2/csrc/u8g2_setup.c **** {
 411              		.loc 1 228 0
 412              		.cfi_startproc
 413              		@ args = 4, pretend = 0, frame = 0
ARM GAS  /var/folders/rk/zpr83dd14lx588t7kb0yv2b40000gn/T//ccl8y8SI.s 			page 12


 414              		@ frame_needed = 0, uses_anonymous_args = 0
 415              	.LVL34:
 416 0000 10B5     		push	{r4, lr}
 417              	.LCFI13:
 418              		.cfi_def_cfa_offset 8
 419              		.cfi_offset 4, -8
 420              		.cfi_offset 14, -4
 421 0002 82B0     		sub	sp, sp, #8
 422              	.LCFI14:
 423              		.cfi_def_cfa_offset 16
 424              	.LVL35:
 229:u8g2/csrc/u8g2_setup.c ****   u8g2_uint_t xx, yy;
 230:u8g2/csrc/u8g2_setup.c ****   
 231:u8g2/csrc/u8g2_setup.c ****   yy = x;
 232:u8g2/csrc/u8g2_setup.c ****   
 233:u8g2/csrc/u8g2_setup.c ****   xx = u8g2->height;
 425              		.loc 1 233 0
 426 0004 90F84040 		ldrb	r4, [r0, #64]	@ zero_extendqisi2
 427              	.LVL36:
 234:u8g2/csrc/u8g2_setup.c ****   xx -= y;
 428              		.loc 1 234 0
 429 0008 A41A     		subs	r4, r4, r2
 430              	.LVL37:
 431 000a E4B2     		uxtb	r4, r4
 432              	.LVL38:
 235:u8g2/csrc/u8g2_setup.c ****   xx--;
 433              		.loc 1 235 0
 434 000c 013C     		subs	r4, r4, #1
 435              	.LVL39:
 236:u8g2/csrc/u8g2_setup.c ****   
 237:u8g2/csrc/u8g2_setup.c ****   dir ++;
 436              		.loc 1 237 0
 437 000e 9DF81020 		ldrb	r2, [sp, #16]	@ zero_extendqisi2
 438              	.LVL40:
 439 0012 0132     		adds	r2, r2, #1
 440              	.LVL41:
 238:u8g2/csrc/u8g2_setup.c ****   dir &= 3;
 441              		.loc 1 238 0
 442 0014 02F00302 		and	r2, r2, #3
 443              	.LVL42:
 239:u8g2/csrc/u8g2_setup.c ****   u8g2_draw_hv_line_4dir(u8g2, xx, yy, len, dir);
 444              		.loc 1 239 0
 445 0018 0092     		str	r2, [sp]
 446 001a 0A46     		mov	r2, r1
 447              	.LVL43:
 448 001c E1B2     		uxtb	r1, r4
 449              	.LVL44:
 450 001e FFF7FEFF 		bl	u8g2_draw_hv_line_4dir
 451              	.LVL45:
 240:u8g2/csrc/u8g2_setup.c **** }
 452              		.loc 1 240 0
 453 0022 02B0     		add	sp, sp, #8
 454              	.LCFI15:
 455              		.cfi_def_cfa_offset 8
 456              		@ sp needed
 457 0024 10BD     		pop	{r4, pc}
 458              		.cfi_endproc
ARM GAS  /var/folders/rk/zpr83dd14lx588t7kb0yv2b40000gn/T//ccl8y8SI.s 			page 13


 459              	.LFE9:
 461              		.section	.text.u8g2_draw_l90_r2,"ax",%progbits
 462              		.align	1
 463              		.global	u8g2_draw_l90_r2
 464              		.syntax unified
 465              		.thumb
 466              		.thumb_func
 467              		.fpu softvfp
 469              	u8g2_draw_l90_r2:
 470              	.LFB10:
 241:u8g2/csrc/u8g2_setup.c **** 
 242:u8g2/csrc/u8g2_setup.c **** void u8g2_draw_l90_r2(u8g2_t *u8g2, u8g2_uint_t x, u8g2_uint_t y, u8g2_uint_t len, uint8_t dir)
 243:u8g2/csrc/u8g2_setup.c **** {
 471              		.loc 1 243 0
 472              		.cfi_startproc
 473              		@ args = 4, pretend = 0, frame = 0
 474              		@ frame_needed = 0, uses_anonymous_args = 0
 475              	.LVL46:
 476 0000 30B5     		push	{r4, r5, lr}
 477              	.LCFI16:
 478              		.cfi_def_cfa_offset 12
 479              		.cfi_offset 4, -12
 480              		.cfi_offset 5, -8
 481              		.cfi_offset 14, -4
 482 0002 83B0     		sub	sp, sp, #12
 483              	.LCFI17:
 484              		.cfi_def_cfa_offset 24
 244:u8g2/csrc/u8g2_setup.c ****   u8g2_uint_t xx, yy;
 245:u8g2/csrc/u8g2_setup.c **** 
 246:u8g2/csrc/u8g2_setup.c ****   yy = u8g2->height;
 485              		.loc 1 246 0
 486 0004 90F84040 		ldrb	r4, [r0, #64]	@ zero_extendqisi2
 487              	.LVL47:
 247:u8g2/csrc/u8g2_setup.c ****   yy -= y;
 488              		.loc 1 247 0
 489 0008 A21A     		subs	r2, r4, r2
 490              	.LVL48:
 491 000a D2B2     		uxtb	r2, r2
 492              	.LVL49:
 248:u8g2/csrc/u8g2_setup.c ****   yy--;
 493              		.loc 1 248 0
 494 000c 013A     		subs	r2, r2, #1
 495              	.LVL50:
 249:u8g2/csrc/u8g2_setup.c ****   
 250:u8g2/csrc/u8g2_setup.c ****   xx = u8g2->width;
 496              		.loc 1 250 0
 497 000e 90F83F40 		ldrb	r4, [r0, #63]	@ zero_extendqisi2
 498              	.LVL51:
 251:u8g2/csrc/u8g2_setup.c ****   xx -= x;
 499              		.loc 1 251 0
 500 0012 611A     		subs	r1, r4, r1
 501              	.LVL52:
 502 0014 C9B2     		uxtb	r1, r1
 503              	.LVL53:
 252:u8g2/csrc/u8g2_setup.c ****   xx--;
 504              		.loc 1 252 0
 505 0016 0139     		subs	r1, r1, #1
ARM GAS  /var/folders/rk/zpr83dd14lx588t7kb0yv2b40000gn/T//ccl8y8SI.s 			page 14


 506              	.LVL54:
 253:u8g2/csrc/u8g2_setup.c ****   
 254:u8g2/csrc/u8g2_setup.c ****   dir +=2;
 507              		.loc 1 254 0
 508 0018 9DF81840 		ldrb	r4, [sp, #24]	@ zero_extendqisi2
 509 001c 0234     		adds	r4, r4, #2
 510              	.LVL55:
 255:u8g2/csrc/u8g2_setup.c ****   dir &= 3;
 511              		.loc 1 255 0
 512 001e 04F00304 		and	r4, r4, #3
 513              	.LVL56:
 256:u8g2/csrc/u8g2_setup.c ****   u8g2_draw_hv_line_4dir(u8g2, xx, yy, len, dir);
 514              		.loc 1 256 0
 515 0022 0094     		str	r4, [sp]
 516 0024 D2B2     		uxtb	r2, r2
 517 0026 C9B2     		uxtb	r1, r1
 518 0028 FFF7FEFF 		bl	u8g2_draw_hv_line_4dir
 519              	.LVL57:
 257:u8g2/csrc/u8g2_setup.c **** }
 520              		.loc 1 257 0
 521 002c 03B0     		add	sp, sp, #12
 522              	.LCFI18:
 523              		.cfi_def_cfa_offset 12
 524              		@ sp needed
 525 002e 30BD     		pop	{r4, r5, pc}
 526              		.cfi_endproc
 527              	.LFE10:
 529              		.section	.text.u8g2_draw_l90_r3,"ax",%progbits
 530              		.align	1
 531              		.global	u8g2_draw_l90_r3
 532              		.syntax unified
 533              		.thumb
 534              		.thumb_func
 535              		.fpu softvfp
 537              	u8g2_draw_l90_r3:
 538              	.LFB11:
 258:u8g2/csrc/u8g2_setup.c **** 
 259:u8g2/csrc/u8g2_setup.c **** void u8g2_draw_l90_r3(u8g2_t *u8g2, u8g2_uint_t x, u8g2_uint_t y, u8g2_uint_t len, uint8_t dir)
 260:u8g2/csrc/u8g2_setup.c **** {
 539              		.loc 1 260 0
 540              		.cfi_startproc
 541              		@ args = 4, pretend = 0, frame = 0
 542              		@ frame_needed = 0, uses_anonymous_args = 0
 543              	.LVL58:
 544 0000 10B5     		push	{r4, lr}
 545              	.LCFI19:
 546              		.cfi_def_cfa_offset 8
 547              		.cfi_offset 4, -8
 548              		.cfi_offset 14, -4
 549 0002 82B0     		sub	sp, sp, #8
 550              	.LCFI20:
 551              		.cfi_def_cfa_offset 16
 552 0004 1446     		mov	r4, r2
 553              	.LVL59:
 261:u8g2/csrc/u8g2_setup.c ****   u8g2_uint_t xx, yy;
 262:u8g2/csrc/u8g2_setup.c **** 
 263:u8g2/csrc/u8g2_setup.c ****   xx = y;
ARM GAS  /var/folders/rk/zpr83dd14lx588t7kb0yv2b40000gn/T//ccl8y8SI.s 			page 15


 264:u8g2/csrc/u8g2_setup.c ****   
 265:u8g2/csrc/u8g2_setup.c ****   yy = u8g2->width;
 554              		.loc 1 265 0
 555 0006 90F83F20 		ldrb	r2, [r0, #63]	@ zero_extendqisi2
 556              	.LVL60:
 266:u8g2/csrc/u8g2_setup.c ****   yy -= x;
 557              		.loc 1 266 0
 558 000a 521A     		subs	r2, r2, r1
 559              	.LVL61:
 560 000c D2B2     		uxtb	r2, r2
 561              	.LVL62:
 267:u8g2/csrc/u8g2_setup.c ****   yy--;
 562              		.loc 1 267 0
 563 000e 013A     		subs	r2, r2, #1
 564              	.LVL63:
 268:u8g2/csrc/u8g2_setup.c ****   
 269:u8g2/csrc/u8g2_setup.c ****   dir +=3;
 565              		.loc 1 269 0
 566 0010 9DF81010 		ldrb	r1, [sp, #16]	@ zero_extendqisi2
 567              	.LVL64:
 568 0014 0331     		adds	r1, r1, #3
 569              	.LVL65:
 270:u8g2/csrc/u8g2_setup.c ****   dir &= 3;
 570              		.loc 1 270 0
 571 0016 01F00301 		and	r1, r1, #3
 572              	.LVL66:
 271:u8g2/csrc/u8g2_setup.c ****   u8g2_draw_hv_line_4dir(u8g2, xx, yy, len, dir);
 573              		.loc 1 271 0
 574 001a 0091     		str	r1, [sp]
 575 001c D2B2     		uxtb	r2, r2
 576 001e 2146     		mov	r1, r4
 577              	.LVL67:
 578 0020 FFF7FEFF 		bl	u8g2_draw_hv_line_4dir
 579              	.LVL68:
 272:u8g2/csrc/u8g2_setup.c **** }
 580              		.loc 1 272 0
 581 0024 02B0     		add	sp, sp, #8
 582              	.LCFI21:
 583              		.cfi_def_cfa_offset 8
 584              		@ sp needed
 585 0026 10BD     		pop	{r4, pc}
 586              		.cfi_endproc
 587              	.LFE11:
 589              		.section	.text.u8g2_SetupBuffer,"ax",%progbits
 590              		.align	1
 591              		.global	u8g2_SetupBuffer
 592              		.syntax unified
 593              		.thumb
 594              		.thumb_func
 595              		.fpu softvfp
 597              	u8g2_SetupBuffer:
 598              	.LFB0:
  45:u8g2/csrc/u8g2_setup.c ****   u8g2->font = NULL;
 599              		.loc 1 45 0
 600              		.cfi_startproc
 601              		@ args = 4, pretend = 0, frame = 0
 602              		@ frame_needed = 0, uses_anonymous_args = 0
ARM GAS  /var/folders/rk/zpr83dd14lx588t7kb0yv2b40000gn/T//ccl8y8SI.s 			page 16


 603              	.LVL69:
 604 0000 70B5     		push	{r4, r5, r6, lr}
 605              	.LCFI22:
 606              		.cfi_def_cfa_offset 16
 607              		.cfi_offset 4, -16
 608              		.cfi_offset 5, -12
 609              		.cfi_offset 6, -8
 610              		.cfi_offset 14, -4
 611 0002 0446     		mov	r4, r0
 612 0004 049E     		ldr	r6, [sp, #16]
  46:u8g2/csrc/u8g2_setup.c ****   //u8g2->kerning = NULL;
 613              		.loc 1 46 0
 614 0006 0025     		movs	r5, #0
 615 0008 8564     		str	r5, [r0, #72]
  51:u8g2/csrc/u8g2_setup.c ****   
 616              		.loc 1 51 0
 617 000a C362     		str	r3, [r0, #44]
  53:u8g2/csrc/u8g2_setup.c ****   u8g2->tile_buf_height = tile_buf_height;
 618              		.loc 1 53 0
 619 000c 4163     		str	r1, [r0, #52]
  54:u8g2/csrc/u8g2_setup.c ****   
 620              		.loc 1 54 0
 621 000e 80F83820 		strb	r2, [r0, #56]
  56:u8g2/csrc/u8g2_setup.c ****   
 622              		.loc 1 56 0
 623 0012 80F83950 		strb	r5, [r0, #57]
  58:u8g2/csrc/u8g2_setup.c ****   u8g2->bitmap_transparency = 0;
 624              		.loc 1 58 0
 625 0016 80F85B50 		strb	r5, [r0, #91]
  59:u8g2/csrc/u8g2_setup.c ****   
 626              		.loc 1 59 0
 627 001a 80F87C50 		strb	r5, [r0, #124]
  61:u8g2/csrc/u8g2_setup.c ****   u8g2->is_auto_page_clear = 1;
 628              		.loc 1 61 0
 629 001e 0123     		movs	r3, #1
 630              	.LVL70:
 631 0020 80F87D30 		strb	r3, [r0, #125]
  62:u8g2/csrc/u8g2_setup.c ****   
 632              		.loc 1 62 0
 633 0024 80F87E30 		strb	r3, [r0, #126]
  64:u8g2/csrc/u8g2_setup.c ****   u8g2->cb->update(u8g2);
 634              		.loc 1 64 0
 635 0028 0663     		str	r6, [r0, #48]
  65:u8g2/csrc/u8g2_setup.c **** 
 636              		.loc 1 65 0
 637 002a 3368     		ldr	r3, [r6]
 638 002c 9847     		blx	r3
 639              	.LVL71:
  67:u8g2/csrc/u8g2_setup.c ****   
 640              		.loc 1 67 0
 641 002e 2046     		mov	r0, r4
 642 0030 FFF7FEFF 		bl	u8g2_SetFontPosBaseline
 643              	.LVL72:
  70:u8g2/csrc/u8g2_setup.c **** #endif
 644              		.loc 1 70 0
 645 0034 84F85E50 		strb	r5, [r4, #94]
  72:u8g2/csrc/u8g2_setup.c **** 
ARM GAS  /var/folders/rk/zpr83dd14lx588t7kb0yv2b40000gn/T//ccl8y8SI.s 			page 17


 646              		.loc 1 72 0
 647 0038 70BD     		pop	{r4, r5, r6, pc}
 648              		.cfi_endproc
 649              	.LFE0:
 651              		.section	.text.u8g2_SetDisplayRotation,"ax",%progbits
 652              		.align	1
 653              		.global	u8g2_SetDisplayRotation
 654              		.syntax unified
 655              		.thumb
 656              		.thumb_func
 657              		.fpu softvfp
 659              	u8g2_SetDisplayRotation:
 660              	.LFB1:
  79:u8g2/csrc/u8g2_setup.c ****   u8g2->cb = u8g2_cb;
 661              		.loc 1 79 0
 662              		.cfi_startproc
 663              		@ args = 0, pretend = 0, frame = 0
 664              		@ frame_needed = 0, uses_anonymous_args = 0
 665              	.LVL73:
 666 0000 08B5     		push	{r3, lr}
 667              	.LCFI23:
 668              		.cfi_def_cfa_offset 8
 669              		.cfi_offset 3, -8
 670              		.cfi_offset 14, -4
  80:u8g2/csrc/u8g2_setup.c ****   u8g2->cb->update(u8g2);
 671              		.loc 1 80 0
 672 0002 0163     		str	r1, [r0, #48]
  81:u8g2/csrc/u8g2_setup.c **** }
 673              		.loc 1 81 0
 674 0004 0B68     		ldr	r3, [r1]
 675 0006 9847     		blx	r3
 676              	.LVL74:
  82:u8g2/csrc/u8g2_setup.c **** 
 677              		.loc 1 82 0
 678 0008 08BD     		pop	{r3, pc}
 679              		.cfi_endproc
 680              	.LFE1:
 682              		.global	u8g2_cb_mirror
 683              		.global	u8g2_cb_r3
 684              		.global	u8g2_cb_r2
 685              		.global	u8g2_cb_r1
 686              		.global	u8g2_cb_r0
 687              		.section	.rodata.u8g2_cb_mirror,"a",%progbits
 688              		.align	2
 691              	u8g2_cb_mirror:
 692 0000 00000000 		.word	u8g2_update_dimension_r0
 693 0004 00000000 		.word	u8g2_draw_l90_mirrorr_r0
 694              		.section	.rodata.u8g2_cb_r0,"a",%progbits
 695              		.align	2
 698              	u8g2_cb_r0:
 699 0000 00000000 		.word	u8g2_update_dimension_r0
 700 0004 00000000 		.word	u8g2_draw_l90_r0
 701              		.section	.rodata.u8g2_cb_r1,"a",%progbits
 702              		.align	2
 705              	u8g2_cb_r1:
 706 0000 00000000 		.word	u8g2_update_dimension_r1
 707 0004 00000000 		.word	u8g2_draw_l90_r1
ARM GAS  /var/folders/rk/zpr83dd14lx588t7kb0yv2b40000gn/T//ccl8y8SI.s 			page 18


 708              		.section	.rodata.u8g2_cb_r2,"a",%progbits
 709              		.align	2
 712              	u8g2_cb_r2:
 713 0000 00000000 		.word	u8g2_update_dimension_r2
 714 0004 00000000 		.word	u8g2_draw_l90_r2
 715              		.section	.rodata.u8g2_cb_r3,"a",%progbits
 716              		.align	2
 719              	u8g2_cb_r3:
 720 0000 00000000 		.word	u8g2_update_dimension_r3
 721 0004 00000000 		.word	u8g2_draw_l90_r3
 722              		.text
 723              	.Letext0:
 724              		.file 2 "/usr/local/gcc_arm/gcc-arm-none-eabi-7-2017-q4-major/arm-none-eabi/include/machine/_defau
 725              		.file 3 "/usr/local/gcc_arm/gcc-arm-none-eabi-7-2017-q4-major/arm-none-eabi/include/sys/_stdint.h"
 726              		.file 4 "u8g2/csrc/u8x8.h"
 727              		.file 5 "u8g2/csrc/u8g2.h"
 728              		.file 6 "/usr/local/gcc_arm/gcc-arm-none-eabi-7-2017-q4-major/arm-none-eabi/include/sys/lock.h"
 729              		.file 7 "/usr/local/gcc_arm/gcc-arm-none-eabi-7-2017-q4-major/arm-none-eabi/include/sys/_types.h"
 730              		.file 8 "/usr/local/gcc_arm/gcc-arm-none-eabi-7-2017-q4-major/lib/gcc/arm-none-eabi/7.2.1/include/
 731              		.file 9 "/usr/local/gcc_arm/gcc-arm-none-eabi-7-2017-q4-major/arm-none-eabi/include/sys/reent.h"
ARM GAS  /var/folders/rk/zpr83dd14lx588t7kb0yv2b40000gn/T//ccl8y8SI.s 			page 19


DEFINED SYMBOLS
                            *ABS*:0000000000000000 u8g2_setup.c
/var/folders/rk/zpr83dd14lx588t7kb0yv2b40000gn/T//ccl8y8SI.s:16     .text.u8g2_update_dimension_common:0000000000000000 $t
/var/folders/rk/zpr83dd14lx588t7kb0yv2b40000gn/T//ccl8y8SI.s:22     .text.u8g2_update_dimension_common:0000000000000000 u8g2_update_dimension_common
/var/folders/rk/zpr83dd14lx588t7kb0yv2b40000gn/T//ccl8y8SI.s:118    .text.u8g2_update_dimension_r0:0000000000000000 $t
/var/folders/rk/zpr83dd14lx588t7kb0yv2b40000gn/T//ccl8y8SI.s:125    .text.u8g2_update_dimension_r0:0000000000000000 u8g2_update_dimension_r0
/var/folders/rk/zpr83dd14lx588t7kb0yv2b40000gn/T//ccl8y8SI.s:159    .text.u8g2_update_dimension_r1:0000000000000000 $t
/var/folders/rk/zpr83dd14lx588t7kb0yv2b40000gn/T//ccl8y8SI.s:166    .text.u8g2_update_dimension_r1:0000000000000000 u8g2_update_dimension_r1
/var/folders/rk/zpr83dd14lx588t7kb0yv2b40000gn/T//ccl8y8SI.s:206    .text.u8g2_update_dimension_r2:0000000000000000 $t
/var/folders/rk/zpr83dd14lx588t7kb0yv2b40000gn/T//ccl8y8SI.s:213    .text.u8g2_update_dimension_r2:0000000000000000 u8g2_update_dimension_r2
/var/folders/rk/zpr83dd14lx588t7kb0yv2b40000gn/T//ccl8y8SI.s:250    .text.u8g2_update_dimension_r3:0000000000000000 $t
/var/folders/rk/zpr83dd14lx588t7kb0yv2b40000gn/T//ccl8y8SI.s:257    .text.u8g2_update_dimension_r3:0000000000000000 u8g2_update_dimension_r3
/var/folders/rk/zpr83dd14lx588t7kb0yv2b40000gn/T//ccl8y8SI.s:299    .text.u8g2_draw_l90_r0:0000000000000000 $t
/var/folders/rk/zpr83dd14lx588t7kb0yv2b40000gn/T//ccl8y8SI.s:306    .text.u8g2_draw_l90_r0:0000000000000000 u8g2_draw_l90_r0
/var/folders/rk/zpr83dd14lx588t7kb0yv2b40000gn/T//ccl8y8SI.s:336    .text.u8g2_draw_l90_mirrorr_r0:0000000000000000 $t
/var/folders/rk/zpr83dd14lx588t7kb0yv2b40000gn/T//ccl8y8SI.s:343    .text.u8g2_draw_l90_mirrorr_r0:0000000000000000 u8g2_draw_l90_mirrorr_r0
/var/folders/rk/zpr83dd14lx588t7kb0yv2b40000gn/T//ccl8y8SI.s:402    .text.u8g2_draw_l90_r1:0000000000000000 $t
/var/folders/rk/zpr83dd14lx588t7kb0yv2b40000gn/T//ccl8y8SI.s:409    .text.u8g2_draw_l90_r1:0000000000000000 u8g2_draw_l90_r1
/var/folders/rk/zpr83dd14lx588t7kb0yv2b40000gn/T//ccl8y8SI.s:462    .text.u8g2_draw_l90_r2:0000000000000000 $t
/var/folders/rk/zpr83dd14lx588t7kb0yv2b40000gn/T//ccl8y8SI.s:469    .text.u8g2_draw_l90_r2:0000000000000000 u8g2_draw_l90_r2
/var/folders/rk/zpr83dd14lx588t7kb0yv2b40000gn/T//ccl8y8SI.s:530    .text.u8g2_draw_l90_r3:0000000000000000 $t
/var/folders/rk/zpr83dd14lx588t7kb0yv2b40000gn/T//ccl8y8SI.s:537    .text.u8g2_draw_l90_r3:0000000000000000 u8g2_draw_l90_r3
/var/folders/rk/zpr83dd14lx588t7kb0yv2b40000gn/T//ccl8y8SI.s:590    .text.u8g2_SetupBuffer:0000000000000000 $t
/var/folders/rk/zpr83dd14lx588t7kb0yv2b40000gn/T//ccl8y8SI.s:597    .text.u8g2_SetupBuffer:0000000000000000 u8g2_SetupBuffer
/var/folders/rk/zpr83dd14lx588t7kb0yv2b40000gn/T//ccl8y8SI.s:652    .text.u8g2_SetDisplayRotation:0000000000000000 $t
/var/folders/rk/zpr83dd14lx588t7kb0yv2b40000gn/T//ccl8y8SI.s:659    .text.u8g2_SetDisplayRotation:0000000000000000 u8g2_SetDisplayRotation
/var/folders/rk/zpr83dd14lx588t7kb0yv2b40000gn/T//ccl8y8SI.s:691    .rodata.u8g2_cb_mirror:0000000000000000 u8g2_cb_mirror
/var/folders/rk/zpr83dd14lx588t7kb0yv2b40000gn/T//ccl8y8SI.s:719    .rodata.u8g2_cb_r3:0000000000000000 u8g2_cb_r3
/var/folders/rk/zpr83dd14lx588t7kb0yv2b40000gn/T//ccl8y8SI.s:712    .rodata.u8g2_cb_r2:0000000000000000 u8g2_cb_r2
/var/folders/rk/zpr83dd14lx588t7kb0yv2b40000gn/T//ccl8y8SI.s:705    .rodata.u8g2_cb_r1:0000000000000000 u8g2_cb_r1
/var/folders/rk/zpr83dd14lx588t7kb0yv2b40000gn/T//ccl8y8SI.s:698    .rodata.u8g2_cb_r0:0000000000000000 u8g2_cb_r0
/var/folders/rk/zpr83dd14lx588t7kb0yv2b40000gn/T//ccl8y8SI.s:688    .rodata.u8g2_cb_mirror:0000000000000000 $d
/var/folders/rk/zpr83dd14lx588t7kb0yv2b40000gn/T//ccl8y8SI.s:695    .rodata.u8g2_cb_r0:0000000000000000 $d
/var/folders/rk/zpr83dd14lx588t7kb0yv2b40000gn/T//ccl8y8SI.s:702    .rodata.u8g2_cb_r1:0000000000000000 $d
/var/folders/rk/zpr83dd14lx588t7kb0yv2b40000gn/T//ccl8y8SI.s:709    .rodata.u8g2_cb_r2:0000000000000000 $d
/var/folders/rk/zpr83dd14lx588t7kb0yv2b40000gn/T//ccl8y8SI.s:716    .rodata.u8g2_cb_r3:0000000000000000 $d

UNDEFINED SYMBOLS
u8g2_draw_hv_line_4dir
u8g2_SetFontPosBaseline
