ARM GAS  /var/folders/rk/zpr83dd14lx588t7kb0yv2b40000gn/T//cc9Kwx4O.s 			page 1


   1              		.cpu cortex-m3
   2              		.eabi_attribute 20, 1
   3              		.eabi_attribute 21, 1
   4              		.eabi_attribute 23, 3
   5              		.eabi_attribute 24, 1
   6              		.eabi_attribute 25, 1
   7              		.eabi_attribute 26, 1
   8              		.eabi_attribute 30, 1
   9              		.eabi_attribute 34, 1
  10              		.eabi_attribute 18, 4
  11              		.file	"u8g2_d_setup.c"
  12              		.text
  13              	.Ltext0:
  14              		.cfi_sections	.debug_frame
  15              		.section	.text.u8g2_Setup_st7920_p_128x64_1,"ax",%progbits
  16              		.align	1
  17              		.global	u8g2_Setup_st7920_p_128x64_1
  18              		.syntax unified
  19              		.thumb
  20              		.thumb_func
  21              		.fpu softvfp
  23              	u8g2_Setup_st7920_p_128x64_1:
  24              	.LFB0:
  25              		.file 1 "u8g2/csrc/u8g2_d_setup.c"
   1:u8g2/csrc/u8g2_d_setup.c **** /* u8g2_d_setup.c */
   2:u8g2/csrc/u8g2_d_setup.c **** /* generated code, codebuild, u8g2 project */
   3:u8g2/csrc/u8g2_d_setup.c **** 
   4:u8g2/csrc/u8g2_d_setup.c **** #include "u8g2.h"
   5:u8g2/csrc/u8g2_d_setup.c **** 
   6:u8g2/csrc/u8g2_d_setup.c **** /* st7920 1 */
   7:u8g2/csrc/u8g2_d_setup.c **** void u8g2_Setup_st7920_p_128x64_1(u8g2_t *u8g2, const u8g2_cb_t *rotation, u8x8_msg_cb byte_cb, u8x
   8:u8g2/csrc/u8g2_d_setup.c **** {
  26              		.loc 1 8 0
  27              		.cfi_startproc
  28              		@ args = 0, pretend = 0, frame = 8
  29              		@ frame_needed = 0, uses_anonymous_args = 0
  30              	.LVL0:
  31 0000 30B5     		push	{r4, r5, lr}
  32              	.LCFI0:
  33              		.cfi_def_cfa_offset 12
  34              		.cfi_offset 4, -12
  35              		.cfi_offset 5, -8
  36              		.cfi_offset 14, -4
  37 0002 85B0     		sub	sp, sp, #20
  38              	.LCFI1:
  39              		.cfi_def_cfa_offset 32
  40 0004 0446     		mov	r4, r0
  41 0006 0D46     		mov	r5, r1
   9:u8g2/csrc/u8g2_d_setup.c ****   uint8_t tile_buf_height;
  10:u8g2/csrc/u8g2_d_setup.c ****   uint8_t *buf;
  11:u8g2/csrc/u8g2_d_setup.c ****   u8g2_SetupDisplay(u8g2, u8x8_d_st7920_128x64, u8x8_cad_001, byte_cb, gpio_and_delay_cb);
  42              		.loc 1 11 0
  43 0008 0093     		str	r3, [sp]
  44 000a 1346     		mov	r3, r2
  45              	.LVL1:
  46 000c 084A     		ldr	r2, .L3
  47              	.LVL2:
ARM GAS  /var/folders/rk/zpr83dd14lx588t7kb0yv2b40000gn/T//cc9Kwx4O.s 			page 2


  48 000e 0949     		ldr	r1, .L3+4
  49              	.LVL3:
  50 0010 FFF7FEFF 		bl	u8x8_Setup
  51              	.LVL4:
  12:u8g2/csrc/u8g2_d_setup.c ****   buf = u8g2_m_16_8_1(&tile_buf_height);
  52              		.loc 1 12 0
  53 0014 0DF10F00 		add	r0, sp, #15
  54 0018 FFF7FEFF 		bl	u8g2_m_16_8_1
  55              	.LVL5:
  13:u8g2/csrc/u8g2_d_setup.c ****   u8g2_SetupBuffer(u8g2, buf, tile_buf_height, u8g2_ll_hvline_horizontal_right_lsb, rotation);
  56              		.loc 1 13 0
  57 001c 9DF80F20 		ldrb	r2, [sp, #15]	@ zero_extendqisi2
  58 0020 0095     		str	r5, [sp]
  59 0022 054B     		ldr	r3, .L3+8
  60 0024 0146     		mov	r1, r0
  61 0026 2046     		mov	r0, r4
  62              	.LVL6:
  63 0028 FFF7FEFF 		bl	u8g2_SetupBuffer
  64              	.LVL7:
  14:u8g2/csrc/u8g2_d_setup.c **** }
  65              		.loc 1 14 0
  66 002c 05B0     		add	sp, sp, #20
  67              	.LCFI2:
  68              		.cfi_def_cfa_offset 12
  69              		@ sp needed
  70 002e 30BD     		pop	{r4, r5, pc}
  71              	.LVL8:
  72              	.L4:
  73              		.align	2
  74              	.L3:
  75 0030 00000000 		.word	u8x8_cad_001
  76 0034 00000000 		.word	u8x8_d_st7920_128x64
  77 0038 00000000 		.word	u8g2_ll_hvline_horizontal_right_lsb
  78              		.cfi_endproc
  79              	.LFE0:
  81              		.section	.text.u8g2_Setup_st7920_p_128x64_2,"ax",%progbits
  82              		.align	1
  83              		.global	u8g2_Setup_st7920_p_128x64_2
  84              		.syntax unified
  85              		.thumb
  86              		.thumb_func
  87              		.fpu softvfp
  89              	u8g2_Setup_st7920_p_128x64_2:
  90              	.LFB1:
  15:u8g2/csrc/u8g2_d_setup.c **** /* st7920 2 */
  16:u8g2/csrc/u8g2_d_setup.c **** void u8g2_Setup_st7920_p_128x64_2(u8g2_t *u8g2, const u8g2_cb_t *rotation, u8x8_msg_cb byte_cb, u8x
  17:u8g2/csrc/u8g2_d_setup.c **** {
  91              		.loc 1 17 0
  92              		.cfi_startproc
  93              		@ args = 0, pretend = 0, frame = 8
  94              		@ frame_needed = 0, uses_anonymous_args = 0
  95              	.LVL9:
  96 0000 30B5     		push	{r4, r5, lr}
  97              	.LCFI3:
  98              		.cfi_def_cfa_offset 12
  99              		.cfi_offset 4, -12
 100              		.cfi_offset 5, -8
ARM GAS  /var/folders/rk/zpr83dd14lx588t7kb0yv2b40000gn/T//cc9Kwx4O.s 			page 3


 101              		.cfi_offset 14, -4
 102 0002 85B0     		sub	sp, sp, #20
 103              	.LCFI4:
 104              		.cfi_def_cfa_offset 32
 105 0004 0446     		mov	r4, r0
 106 0006 0D46     		mov	r5, r1
  18:u8g2/csrc/u8g2_d_setup.c ****   uint8_t tile_buf_height;
  19:u8g2/csrc/u8g2_d_setup.c ****   uint8_t *buf;
  20:u8g2/csrc/u8g2_d_setup.c ****   u8g2_SetupDisplay(u8g2, u8x8_d_st7920_128x64, u8x8_cad_001, byte_cb, gpio_and_delay_cb);
 107              		.loc 1 20 0
 108 0008 0093     		str	r3, [sp]
 109 000a 1346     		mov	r3, r2
 110              	.LVL10:
 111 000c 084A     		ldr	r2, .L7
 112              	.LVL11:
 113 000e 0949     		ldr	r1, .L7+4
 114              	.LVL12:
 115 0010 FFF7FEFF 		bl	u8x8_Setup
 116              	.LVL13:
  21:u8g2/csrc/u8g2_d_setup.c ****   buf = u8g2_m_16_8_2(&tile_buf_height);
 117              		.loc 1 21 0
 118 0014 0DF10F00 		add	r0, sp, #15
 119 0018 FFF7FEFF 		bl	u8g2_m_16_8_2
 120              	.LVL14:
  22:u8g2/csrc/u8g2_d_setup.c ****   u8g2_SetupBuffer(u8g2, buf, tile_buf_height, u8g2_ll_hvline_horizontal_right_lsb, rotation);
 121              		.loc 1 22 0
 122 001c 9DF80F20 		ldrb	r2, [sp, #15]	@ zero_extendqisi2
 123 0020 0095     		str	r5, [sp]
 124 0022 054B     		ldr	r3, .L7+8
 125 0024 0146     		mov	r1, r0
 126 0026 2046     		mov	r0, r4
 127              	.LVL15:
 128 0028 FFF7FEFF 		bl	u8g2_SetupBuffer
 129              	.LVL16:
  23:u8g2/csrc/u8g2_d_setup.c **** }
 130              		.loc 1 23 0
 131 002c 05B0     		add	sp, sp, #20
 132              	.LCFI5:
 133              		.cfi_def_cfa_offset 12
 134              		@ sp needed
 135 002e 30BD     		pop	{r4, r5, pc}
 136              	.LVL17:
 137              	.L8:
 138              		.align	2
 139              	.L7:
 140 0030 00000000 		.word	u8x8_cad_001
 141 0034 00000000 		.word	u8x8_d_st7920_128x64
 142 0038 00000000 		.word	u8g2_ll_hvline_horizontal_right_lsb
 143              		.cfi_endproc
 144              	.LFE1:
 146              		.section	.text.u8g2_Setup_st7920_p_128x64_f,"ax",%progbits
 147              		.align	1
 148              		.global	u8g2_Setup_st7920_p_128x64_f
 149              		.syntax unified
 150              		.thumb
 151              		.thumb_func
 152              		.fpu softvfp
ARM GAS  /var/folders/rk/zpr83dd14lx588t7kb0yv2b40000gn/T//cc9Kwx4O.s 			page 4


 154              	u8g2_Setup_st7920_p_128x64_f:
 155              	.LFB2:
  24:u8g2/csrc/u8g2_d_setup.c **** /* st7920 f */
  25:u8g2/csrc/u8g2_d_setup.c **** void u8g2_Setup_st7920_p_128x64_f(u8g2_t *u8g2, const u8g2_cb_t *rotation, u8x8_msg_cb byte_cb, u8x
  26:u8g2/csrc/u8g2_d_setup.c **** {
 156              		.loc 1 26 0
 157              		.cfi_startproc
 158              		@ args = 0, pretend = 0, frame = 8
 159              		@ frame_needed = 0, uses_anonymous_args = 0
 160              	.LVL18:
 161 0000 30B5     		push	{r4, r5, lr}
 162              	.LCFI6:
 163              		.cfi_def_cfa_offset 12
 164              		.cfi_offset 4, -12
 165              		.cfi_offset 5, -8
 166              		.cfi_offset 14, -4
 167 0002 85B0     		sub	sp, sp, #20
 168              	.LCFI7:
 169              		.cfi_def_cfa_offset 32
 170 0004 0446     		mov	r4, r0
 171 0006 0D46     		mov	r5, r1
  27:u8g2/csrc/u8g2_d_setup.c ****   uint8_t tile_buf_height;
  28:u8g2/csrc/u8g2_d_setup.c ****   uint8_t *buf;
  29:u8g2/csrc/u8g2_d_setup.c ****   u8g2_SetupDisplay(u8g2, u8x8_d_st7920_128x64, u8x8_cad_001, byte_cb, gpio_and_delay_cb);
 172              		.loc 1 29 0
 173 0008 0093     		str	r3, [sp]
 174 000a 1346     		mov	r3, r2
 175              	.LVL19:
 176 000c 084A     		ldr	r2, .L11
 177              	.LVL20:
 178 000e 0949     		ldr	r1, .L11+4
 179              	.LVL21:
 180 0010 FFF7FEFF 		bl	u8x8_Setup
 181              	.LVL22:
  30:u8g2/csrc/u8g2_d_setup.c ****   buf = u8g2_m_16_8_f(&tile_buf_height);
 182              		.loc 1 30 0
 183 0014 0DF10F00 		add	r0, sp, #15
 184 0018 FFF7FEFF 		bl	u8g2_m_16_8_f
 185              	.LVL23:
  31:u8g2/csrc/u8g2_d_setup.c ****   u8g2_SetupBuffer(u8g2, buf, tile_buf_height, u8g2_ll_hvline_horizontal_right_lsb, rotation);
 186              		.loc 1 31 0
 187 001c 9DF80F20 		ldrb	r2, [sp, #15]	@ zero_extendqisi2
 188 0020 0095     		str	r5, [sp]
 189 0022 054B     		ldr	r3, .L11+8
 190 0024 0146     		mov	r1, r0
 191 0026 2046     		mov	r0, r4
 192              	.LVL24:
 193 0028 FFF7FEFF 		bl	u8g2_SetupBuffer
 194              	.LVL25:
  32:u8g2/csrc/u8g2_d_setup.c **** }
 195              		.loc 1 32 0
 196 002c 05B0     		add	sp, sp, #20
 197              	.LCFI8:
 198              		.cfi_def_cfa_offset 12
 199              		@ sp needed
 200 002e 30BD     		pop	{r4, r5, pc}
 201              	.LVL26:
ARM GAS  /var/folders/rk/zpr83dd14lx588t7kb0yv2b40000gn/T//cc9Kwx4O.s 			page 5


 202              	.L12:
 203              		.align	2
 204              	.L11:
 205 0030 00000000 		.word	u8x8_cad_001
 206 0034 00000000 		.word	u8x8_d_st7920_128x64
 207 0038 00000000 		.word	u8g2_ll_hvline_horizontal_right_lsb
 208              		.cfi_endproc
 209              	.LFE2:
 211              		.section	.text.u8g2_Setup_st7920_128x64_1,"ax",%progbits
 212              		.align	1
 213              		.global	u8g2_Setup_st7920_128x64_1
 214              		.syntax unified
 215              		.thumb
 216              		.thumb_func
 217              		.fpu softvfp
 219              	u8g2_Setup_st7920_128x64_1:
 220              	.LFB3:
  33:u8g2/csrc/u8g2_d_setup.c **** /* st7920 */
  34:u8g2/csrc/u8g2_d_setup.c **** /* st7920 1 */
  35:u8g2/csrc/u8g2_d_setup.c **** void u8g2_Setup_st7920_128x64_1(u8g2_t *u8g2, const u8g2_cb_t *rotation, u8x8_msg_cb byte_cb, u8x8_
  36:u8g2/csrc/u8g2_d_setup.c **** {
 221              		.loc 1 36 0
 222              		.cfi_startproc
 223              		@ args = 0, pretend = 0, frame = 8
 224              		@ frame_needed = 0, uses_anonymous_args = 0
 225              	.LVL27:
 226 0000 30B5     		push	{r4, r5, lr}
 227              	.LCFI9:
 228              		.cfi_def_cfa_offset 12
 229              		.cfi_offset 4, -12
 230              		.cfi_offset 5, -8
 231              		.cfi_offset 14, -4
 232 0002 85B0     		sub	sp, sp, #20
 233              	.LCFI10:
 234              		.cfi_def_cfa_offset 32
 235 0004 0446     		mov	r4, r0
 236 0006 0D46     		mov	r5, r1
  37:u8g2/csrc/u8g2_d_setup.c ****   uint8_t tile_buf_height;
  38:u8g2/csrc/u8g2_d_setup.c ****   uint8_t *buf;
  39:u8g2/csrc/u8g2_d_setup.c ****   u8g2_SetupDisplay(u8g2, u8x8_d_st7920_128x64, u8x8_cad_001, byte_cb, gpio_and_delay_cb);
 237              		.loc 1 39 0
 238 0008 0093     		str	r3, [sp]
 239 000a 1346     		mov	r3, r2
 240              	.LVL28:
 241 000c 084A     		ldr	r2, .L15
 242              	.LVL29:
 243 000e 0949     		ldr	r1, .L15+4
 244              	.LVL30:
 245 0010 FFF7FEFF 		bl	u8x8_Setup
 246              	.LVL31:
  40:u8g2/csrc/u8g2_d_setup.c ****   buf = u8g2_m_16_8_1(&tile_buf_height);
 247              		.loc 1 40 0
 248 0014 0DF10F00 		add	r0, sp, #15
 249 0018 FFF7FEFF 		bl	u8g2_m_16_8_1
 250              	.LVL32:
  41:u8g2/csrc/u8g2_d_setup.c ****   u8g2_SetupBuffer(u8g2, buf, tile_buf_height, u8g2_ll_hvline_horizontal_right_lsb, rotation);
 251              		.loc 1 41 0
ARM GAS  /var/folders/rk/zpr83dd14lx588t7kb0yv2b40000gn/T//cc9Kwx4O.s 			page 6


 252 001c 9DF80F20 		ldrb	r2, [sp, #15]	@ zero_extendqisi2
 253 0020 0095     		str	r5, [sp]
 254 0022 054B     		ldr	r3, .L15+8
 255 0024 0146     		mov	r1, r0
 256 0026 2046     		mov	r0, r4
 257              	.LVL33:
 258 0028 FFF7FEFF 		bl	u8g2_SetupBuffer
 259              	.LVL34:
  42:u8g2/csrc/u8g2_d_setup.c **** }
 260              		.loc 1 42 0
 261 002c 05B0     		add	sp, sp, #20
 262              	.LCFI11:
 263              		.cfi_def_cfa_offset 12
 264              		@ sp needed
 265 002e 30BD     		pop	{r4, r5, pc}
 266              	.LVL35:
 267              	.L16:
 268              		.align	2
 269              	.L15:
 270 0030 00000000 		.word	u8x8_cad_001
 271 0034 00000000 		.word	u8x8_d_st7920_128x64
 272 0038 00000000 		.word	u8g2_ll_hvline_horizontal_right_lsb
 273              		.cfi_endproc
 274              	.LFE3:
 276              		.section	.text.u8g2_Setup_st7920_128x64_2,"ax",%progbits
 277              		.align	1
 278              		.global	u8g2_Setup_st7920_128x64_2
 279              		.syntax unified
 280              		.thumb
 281              		.thumb_func
 282              		.fpu softvfp
 284              	u8g2_Setup_st7920_128x64_2:
 285              	.LFB4:
  43:u8g2/csrc/u8g2_d_setup.c **** /* st7920 2 */
  44:u8g2/csrc/u8g2_d_setup.c **** void u8g2_Setup_st7920_128x64_2(u8g2_t *u8g2, const u8g2_cb_t *rotation, u8x8_msg_cb byte_cb, u8x8_
  45:u8g2/csrc/u8g2_d_setup.c **** {
 286              		.loc 1 45 0
 287              		.cfi_startproc
 288              		@ args = 0, pretend = 0, frame = 8
 289              		@ frame_needed = 0, uses_anonymous_args = 0
 290              	.LVL36:
 291 0000 30B5     		push	{r4, r5, lr}
 292              	.LCFI12:
 293              		.cfi_def_cfa_offset 12
 294              		.cfi_offset 4, -12
 295              		.cfi_offset 5, -8
 296              		.cfi_offset 14, -4
 297 0002 85B0     		sub	sp, sp, #20
 298              	.LCFI13:
 299              		.cfi_def_cfa_offset 32
 300 0004 0446     		mov	r4, r0
 301 0006 0D46     		mov	r5, r1
  46:u8g2/csrc/u8g2_d_setup.c ****   uint8_t tile_buf_height;
  47:u8g2/csrc/u8g2_d_setup.c ****   uint8_t *buf;
  48:u8g2/csrc/u8g2_d_setup.c ****   u8g2_SetupDisplay(u8g2, u8x8_d_st7920_128x64, u8x8_cad_001, byte_cb, gpio_and_delay_cb);
 302              		.loc 1 48 0
 303 0008 0093     		str	r3, [sp]
ARM GAS  /var/folders/rk/zpr83dd14lx588t7kb0yv2b40000gn/T//cc9Kwx4O.s 			page 7


 304 000a 1346     		mov	r3, r2
 305              	.LVL37:
 306 000c 084A     		ldr	r2, .L19
 307              	.LVL38:
 308 000e 0949     		ldr	r1, .L19+4
 309              	.LVL39:
 310 0010 FFF7FEFF 		bl	u8x8_Setup
 311              	.LVL40:
  49:u8g2/csrc/u8g2_d_setup.c ****   buf = u8g2_m_16_8_2(&tile_buf_height);
 312              		.loc 1 49 0
 313 0014 0DF10F00 		add	r0, sp, #15
 314 0018 FFF7FEFF 		bl	u8g2_m_16_8_2
 315              	.LVL41:
  50:u8g2/csrc/u8g2_d_setup.c ****   u8g2_SetupBuffer(u8g2, buf, tile_buf_height, u8g2_ll_hvline_horizontal_right_lsb, rotation);
 316              		.loc 1 50 0
 317 001c 9DF80F20 		ldrb	r2, [sp, #15]	@ zero_extendqisi2
 318 0020 0095     		str	r5, [sp]
 319 0022 054B     		ldr	r3, .L19+8
 320 0024 0146     		mov	r1, r0
 321 0026 2046     		mov	r0, r4
 322              	.LVL42:
 323 0028 FFF7FEFF 		bl	u8g2_SetupBuffer
 324              	.LVL43:
  51:u8g2/csrc/u8g2_d_setup.c **** }
 325              		.loc 1 51 0
 326 002c 05B0     		add	sp, sp, #20
 327              	.LCFI14:
 328              		.cfi_def_cfa_offset 12
 329              		@ sp needed
 330 002e 30BD     		pop	{r4, r5, pc}
 331              	.LVL44:
 332              	.L20:
 333              		.align	2
 334              	.L19:
 335 0030 00000000 		.word	u8x8_cad_001
 336 0034 00000000 		.word	u8x8_d_st7920_128x64
 337 0038 00000000 		.word	u8g2_ll_hvline_horizontal_right_lsb
 338              		.cfi_endproc
 339              	.LFE4:
 341              		.section	.text.u8g2_Setup_st7920_128x64_f,"ax",%progbits
 342              		.align	1
 343              		.global	u8g2_Setup_st7920_128x64_f
 344              		.syntax unified
 345              		.thumb
 346              		.thumb_func
 347              		.fpu softvfp
 349              	u8g2_Setup_st7920_128x64_f:
 350              	.LFB5:
  52:u8g2/csrc/u8g2_d_setup.c **** /* st7920 f */
  53:u8g2/csrc/u8g2_d_setup.c **** void u8g2_Setup_st7920_128x64_f(u8g2_t *u8g2, const u8g2_cb_t *rotation, u8x8_msg_cb byte_cb, u8x8_
  54:u8g2/csrc/u8g2_d_setup.c **** {
 351              		.loc 1 54 0
 352              		.cfi_startproc
 353              		@ args = 0, pretend = 0, frame = 8
 354              		@ frame_needed = 0, uses_anonymous_args = 0
 355              	.LVL45:
 356 0000 30B5     		push	{r4, r5, lr}
ARM GAS  /var/folders/rk/zpr83dd14lx588t7kb0yv2b40000gn/T//cc9Kwx4O.s 			page 8


 357              	.LCFI15:
 358              		.cfi_def_cfa_offset 12
 359              		.cfi_offset 4, -12
 360              		.cfi_offset 5, -8
 361              		.cfi_offset 14, -4
 362 0002 85B0     		sub	sp, sp, #20
 363              	.LCFI16:
 364              		.cfi_def_cfa_offset 32
 365 0004 0446     		mov	r4, r0
 366 0006 0D46     		mov	r5, r1
  55:u8g2/csrc/u8g2_d_setup.c ****   uint8_t tile_buf_height;
  56:u8g2/csrc/u8g2_d_setup.c ****   uint8_t *buf;
  57:u8g2/csrc/u8g2_d_setup.c ****   u8g2_SetupDisplay(u8g2, u8x8_d_st7920_128x64, u8x8_cad_001, byte_cb, gpio_and_delay_cb);
 367              		.loc 1 57 0
 368 0008 0093     		str	r3, [sp]
 369 000a 1346     		mov	r3, r2
 370              	.LVL46:
 371 000c 084A     		ldr	r2, .L23
 372              	.LVL47:
 373 000e 0949     		ldr	r1, .L23+4
 374              	.LVL48:
 375 0010 FFF7FEFF 		bl	u8x8_Setup
 376              	.LVL49:
  58:u8g2/csrc/u8g2_d_setup.c ****   buf = u8g2_m_16_8_f(&tile_buf_height);
 377              		.loc 1 58 0
 378 0014 0DF10F00 		add	r0, sp, #15
 379 0018 FFF7FEFF 		bl	u8g2_m_16_8_f
 380              	.LVL50:
  59:u8g2/csrc/u8g2_d_setup.c ****   u8g2_SetupBuffer(u8g2, buf, tile_buf_height, u8g2_ll_hvline_horizontal_right_lsb, rotation);
 381              		.loc 1 59 0
 382 001c 9DF80F20 		ldrb	r2, [sp, #15]	@ zero_extendqisi2
 383 0020 0095     		str	r5, [sp]
 384 0022 054B     		ldr	r3, .L23+8
 385 0024 0146     		mov	r1, r0
 386 0026 2046     		mov	r0, r4
 387              	.LVL51:
 388 0028 FFF7FEFF 		bl	u8g2_SetupBuffer
 389              	.LVL52:
  60:u8g2/csrc/u8g2_d_setup.c **** }
 390              		.loc 1 60 0
 391 002c 05B0     		add	sp, sp, #20
 392              	.LCFI17:
 393              		.cfi_def_cfa_offset 12
 394              		@ sp needed
 395 002e 30BD     		pop	{r4, r5, pc}
 396              	.LVL53:
 397              	.L24:
 398              		.align	2
 399              	.L23:
 400 0030 00000000 		.word	u8x8_cad_001
 401 0034 00000000 		.word	u8x8_d_st7920_128x64
 402 0038 00000000 		.word	u8g2_ll_hvline_horizontal_right_lsb
 403              		.cfi_endproc
 404              	.LFE5:
 406              		.section	.text.u8g2_Setup_st7920_s_128x64_1,"ax",%progbits
 407              		.align	1
 408              		.global	u8g2_Setup_st7920_s_128x64_1
ARM GAS  /var/folders/rk/zpr83dd14lx588t7kb0yv2b40000gn/T//cc9Kwx4O.s 			page 9


 409              		.syntax unified
 410              		.thumb
 411              		.thumb_func
 412              		.fpu softvfp
 414              	u8g2_Setup_st7920_s_128x64_1:
 415              	.LFB6:
  61:u8g2/csrc/u8g2_d_setup.c **** /* st7920 */
  62:u8g2/csrc/u8g2_d_setup.c **** /* st7920 1 */
  63:u8g2/csrc/u8g2_d_setup.c **** void u8g2_Setup_st7920_s_128x64_1(u8g2_t *u8g2, const u8g2_cb_t *rotation, u8x8_msg_cb byte_cb, u8x
  64:u8g2/csrc/u8g2_d_setup.c **** {
 416              		.loc 1 64 0
 417              		.cfi_startproc
 418              		@ args = 0, pretend = 0, frame = 8
 419              		@ frame_needed = 0, uses_anonymous_args = 0
 420              	.LVL54:
 421 0000 30B5     		push	{r4, r5, lr}
 422              	.LCFI18:
 423              		.cfi_def_cfa_offset 12
 424              		.cfi_offset 4, -12
 425              		.cfi_offset 5, -8
 426              		.cfi_offset 14, -4
 427 0002 85B0     		sub	sp, sp, #20
 428              	.LCFI19:
 429              		.cfi_def_cfa_offset 32
 430 0004 0446     		mov	r4, r0
 431 0006 0D46     		mov	r5, r1
  65:u8g2/csrc/u8g2_d_setup.c ****   uint8_t tile_buf_height;
  66:u8g2/csrc/u8g2_d_setup.c ****   uint8_t *buf;
  67:u8g2/csrc/u8g2_d_setup.c ****   u8g2_SetupDisplay(u8g2, u8x8_d_st7920_128x64, u8x8_cad_st7920_spi, byte_cb, gpio_and_delay_cb);
 432              		.loc 1 67 0
 433 0008 0093     		str	r3, [sp]
 434 000a 1346     		mov	r3, r2
 435              	.LVL55:
 436 000c 084A     		ldr	r2, .L27
 437              	.LVL56:
 438 000e 0949     		ldr	r1, .L27+4
 439              	.LVL57:
 440 0010 FFF7FEFF 		bl	u8x8_Setup
 441              	.LVL58:
  68:u8g2/csrc/u8g2_d_setup.c ****   buf = u8g2_m_16_8_1(&tile_buf_height);
 442              		.loc 1 68 0
 443 0014 0DF10F00 		add	r0, sp, #15
 444 0018 FFF7FEFF 		bl	u8g2_m_16_8_1
 445              	.LVL59:
  69:u8g2/csrc/u8g2_d_setup.c ****   u8g2_SetupBuffer(u8g2, buf, tile_buf_height, u8g2_ll_hvline_horizontal_right_lsb, rotation);
 446              		.loc 1 69 0
 447 001c 9DF80F20 		ldrb	r2, [sp, #15]	@ zero_extendqisi2
 448 0020 0095     		str	r5, [sp]
 449 0022 054B     		ldr	r3, .L27+8
 450 0024 0146     		mov	r1, r0
 451 0026 2046     		mov	r0, r4
 452              	.LVL60:
 453 0028 FFF7FEFF 		bl	u8g2_SetupBuffer
 454              	.LVL61:
  70:u8g2/csrc/u8g2_d_setup.c **** }
 455              		.loc 1 70 0
 456 002c 05B0     		add	sp, sp, #20
ARM GAS  /var/folders/rk/zpr83dd14lx588t7kb0yv2b40000gn/T//cc9Kwx4O.s 			page 10


 457              	.LCFI20:
 458              		.cfi_def_cfa_offset 12
 459              		@ sp needed
 460 002e 30BD     		pop	{r4, r5, pc}
 461              	.LVL62:
 462              	.L28:
 463              		.align	2
 464              	.L27:
 465 0030 00000000 		.word	u8x8_cad_st7920_spi
 466 0034 00000000 		.word	u8x8_d_st7920_128x64
 467 0038 00000000 		.word	u8g2_ll_hvline_horizontal_right_lsb
 468              		.cfi_endproc
 469              	.LFE6:
 471              		.section	.text.u8g2_Setup_st7920_s_128x64_2,"ax",%progbits
 472              		.align	1
 473              		.global	u8g2_Setup_st7920_s_128x64_2
 474              		.syntax unified
 475              		.thumb
 476              		.thumb_func
 477              		.fpu softvfp
 479              	u8g2_Setup_st7920_s_128x64_2:
 480              	.LFB7:
  71:u8g2/csrc/u8g2_d_setup.c **** /* st7920 2 */
  72:u8g2/csrc/u8g2_d_setup.c **** void u8g2_Setup_st7920_s_128x64_2(u8g2_t *u8g2, const u8g2_cb_t *rotation, u8x8_msg_cb byte_cb, u8x
  73:u8g2/csrc/u8g2_d_setup.c **** {
 481              		.loc 1 73 0
 482              		.cfi_startproc
 483              		@ args = 0, pretend = 0, frame = 8
 484              		@ frame_needed = 0, uses_anonymous_args = 0
 485              	.LVL63:
 486 0000 30B5     		push	{r4, r5, lr}
 487              	.LCFI21:
 488              		.cfi_def_cfa_offset 12
 489              		.cfi_offset 4, -12
 490              		.cfi_offset 5, -8
 491              		.cfi_offset 14, -4
 492 0002 85B0     		sub	sp, sp, #20
 493              	.LCFI22:
 494              		.cfi_def_cfa_offset 32
 495 0004 0446     		mov	r4, r0
 496 0006 0D46     		mov	r5, r1
  74:u8g2/csrc/u8g2_d_setup.c ****   uint8_t tile_buf_height;
  75:u8g2/csrc/u8g2_d_setup.c ****   uint8_t *buf;
  76:u8g2/csrc/u8g2_d_setup.c ****   u8g2_SetupDisplay(u8g2, u8x8_d_st7920_128x64, u8x8_cad_st7920_spi, byte_cb, gpio_and_delay_cb);
 497              		.loc 1 76 0
 498 0008 0093     		str	r3, [sp]
 499 000a 1346     		mov	r3, r2
 500              	.LVL64:
 501 000c 084A     		ldr	r2, .L31
 502              	.LVL65:
 503 000e 0949     		ldr	r1, .L31+4
 504              	.LVL66:
 505 0010 FFF7FEFF 		bl	u8x8_Setup
 506              	.LVL67:
  77:u8g2/csrc/u8g2_d_setup.c ****   buf = u8g2_m_16_8_2(&tile_buf_height);
 507              		.loc 1 77 0
 508 0014 0DF10F00 		add	r0, sp, #15
ARM GAS  /var/folders/rk/zpr83dd14lx588t7kb0yv2b40000gn/T//cc9Kwx4O.s 			page 11


 509 0018 FFF7FEFF 		bl	u8g2_m_16_8_2
 510              	.LVL68:
  78:u8g2/csrc/u8g2_d_setup.c ****   u8g2_SetupBuffer(u8g2, buf, tile_buf_height, u8g2_ll_hvline_horizontal_right_lsb, rotation);
 511              		.loc 1 78 0
 512 001c 9DF80F20 		ldrb	r2, [sp, #15]	@ zero_extendqisi2
 513 0020 0095     		str	r5, [sp]
 514 0022 054B     		ldr	r3, .L31+8
 515 0024 0146     		mov	r1, r0
 516 0026 2046     		mov	r0, r4
 517              	.LVL69:
 518 0028 FFF7FEFF 		bl	u8g2_SetupBuffer
 519              	.LVL70:
  79:u8g2/csrc/u8g2_d_setup.c **** }
 520              		.loc 1 79 0
 521 002c 05B0     		add	sp, sp, #20
 522              	.LCFI23:
 523              		.cfi_def_cfa_offset 12
 524              		@ sp needed
 525 002e 30BD     		pop	{r4, r5, pc}
 526              	.LVL71:
 527              	.L32:
 528              		.align	2
 529              	.L31:
 530 0030 00000000 		.word	u8x8_cad_st7920_spi
 531 0034 00000000 		.word	u8x8_d_st7920_128x64
 532 0038 00000000 		.word	u8g2_ll_hvline_horizontal_right_lsb
 533              		.cfi_endproc
 534              	.LFE7:
 536              		.section	.text.u8g2_Setup_st7920_s_128x64_f,"ax",%progbits
 537              		.align	1
 538              		.global	u8g2_Setup_st7920_s_128x64_f
 539              		.syntax unified
 540              		.thumb
 541              		.thumb_func
 542              		.fpu softvfp
 544              	u8g2_Setup_st7920_s_128x64_f:
 545              	.LFB8:
  80:u8g2/csrc/u8g2_d_setup.c **** /* st7920 f */
  81:u8g2/csrc/u8g2_d_setup.c **** void u8g2_Setup_st7920_s_128x64_f(u8g2_t *u8g2, const u8g2_cb_t *rotation, u8x8_msg_cb byte_cb, u8x
  82:u8g2/csrc/u8g2_d_setup.c **** {
 546              		.loc 1 82 0
 547              		.cfi_startproc
 548              		@ args = 0, pretend = 0, frame = 8
 549              		@ frame_needed = 0, uses_anonymous_args = 0
 550              	.LVL72:
 551 0000 30B5     		push	{r4, r5, lr}
 552              	.LCFI24:
 553              		.cfi_def_cfa_offset 12
 554              		.cfi_offset 4, -12
 555              		.cfi_offset 5, -8
 556              		.cfi_offset 14, -4
 557 0002 85B0     		sub	sp, sp, #20
 558              	.LCFI25:
 559              		.cfi_def_cfa_offset 32
 560 0004 0446     		mov	r4, r0
 561 0006 0D46     		mov	r5, r1
  83:u8g2/csrc/u8g2_d_setup.c ****   uint8_t tile_buf_height;
ARM GAS  /var/folders/rk/zpr83dd14lx588t7kb0yv2b40000gn/T//cc9Kwx4O.s 			page 12


  84:u8g2/csrc/u8g2_d_setup.c ****   uint8_t *buf;
  85:u8g2/csrc/u8g2_d_setup.c ****   u8g2_SetupDisplay(u8g2, u8x8_d_st7920_128x64, u8x8_cad_st7920_spi, byte_cb, gpio_and_delay_cb);
 562              		.loc 1 85 0
 563 0008 0093     		str	r3, [sp]
 564 000a 1346     		mov	r3, r2
 565              	.LVL73:
 566 000c 084A     		ldr	r2, .L35
 567              	.LVL74:
 568 000e 0949     		ldr	r1, .L35+4
 569              	.LVL75:
 570 0010 FFF7FEFF 		bl	u8x8_Setup
 571              	.LVL76:
  86:u8g2/csrc/u8g2_d_setup.c ****   buf = u8g2_m_16_8_f(&tile_buf_height);
 572              		.loc 1 86 0
 573 0014 0DF10F00 		add	r0, sp, #15
 574 0018 FFF7FEFF 		bl	u8g2_m_16_8_f
 575              	.LVL77:
  87:u8g2/csrc/u8g2_d_setup.c ****   u8g2_SetupBuffer(u8g2, buf, tile_buf_height, u8g2_ll_hvline_horizontal_right_lsb, rotation);
 576              		.loc 1 87 0
 577 001c 9DF80F20 		ldrb	r2, [sp, #15]	@ zero_extendqisi2
 578 0020 0095     		str	r5, [sp]
 579 0022 054B     		ldr	r3, .L35+8
 580 0024 0146     		mov	r1, r0
 581 0026 2046     		mov	r0, r4
 582              	.LVL78:
 583 0028 FFF7FEFF 		bl	u8g2_SetupBuffer
 584              	.LVL79:
  88:u8g2/csrc/u8g2_d_setup.c **** }
 585              		.loc 1 88 0
 586 002c 05B0     		add	sp, sp, #20
 587              	.LCFI26:
 588              		.cfi_def_cfa_offset 12
 589              		@ sp needed
 590 002e 30BD     		pop	{r4, r5, pc}
 591              	.LVL80:
 592              	.L36:
 593              		.align	2
 594              	.L35:
 595 0030 00000000 		.word	u8x8_cad_st7920_spi
 596 0034 00000000 		.word	u8x8_d_st7920_128x64
 597 0038 00000000 		.word	u8g2_ll_hvline_horizontal_right_lsb
 598              		.cfi_endproc
 599              	.LFE8:
 601              		.text
 602              	.Letext0:
 603              		.file 2 "/usr/local/gcc_arm/gcc-arm-none-eabi-7-2017-q4-major/arm-none-eabi/include/machine/_defau
 604              		.file 3 "/usr/local/gcc_arm/gcc-arm-none-eabi-7-2017-q4-major/arm-none-eabi/include/sys/_stdint.h"
 605              		.file 4 "u8g2/csrc/u8x8.h"
 606              		.file 5 "u8g2/csrc/u8g2.h"
ARM GAS  /var/folders/rk/zpr83dd14lx588t7kb0yv2b40000gn/T//cc9Kwx4O.s 			page 13


DEFINED SYMBOLS
                            *ABS*:0000000000000000 u8g2_d_setup.c
/var/folders/rk/zpr83dd14lx588t7kb0yv2b40000gn/T//cc9Kwx4O.s:16     .text.u8g2_Setup_st7920_p_128x64_1:0000000000000000 $t
/var/folders/rk/zpr83dd14lx588t7kb0yv2b40000gn/T//cc9Kwx4O.s:23     .text.u8g2_Setup_st7920_p_128x64_1:0000000000000000 u8g2_Setup_st7920_p_128x64_1
/var/folders/rk/zpr83dd14lx588t7kb0yv2b40000gn/T//cc9Kwx4O.s:75     .text.u8g2_Setup_st7920_p_128x64_1:0000000000000030 $d
/var/folders/rk/zpr83dd14lx588t7kb0yv2b40000gn/T//cc9Kwx4O.s:82     .text.u8g2_Setup_st7920_p_128x64_2:0000000000000000 $t
/var/folders/rk/zpr83dd14lx588t7kb0yv2b40000gn/T//cc9Kwx4O.s:89     .text.u8g2_Setup_st7920_p_128x64_2:0000000000000000 u8g2_Setup_st7920_p_128x64_2
/var/folders/rk/zpr83dd14lx588t7kb0yv2b40000gn/T//cc9Kwx4O.s:140    .text.u8g2_Setup_st7920_p_128x64_2:0000000000000030 $d
/var/folders/rk/zpr83dd14lx588t7kb0yv2b40000gn/T//cc9Kwx4O.s:147    .text.u8g2_Setup_st7920_p_128x64_f:0000000000000000 $t
/var/folders/rk/zpr83dd14lx588t7kb0yv2b40000gn/T//cc9Kwx4O.s:154    .text.u8g2_Setup_st7920_p_128x64_f:0000000000000000 u8g2_Setup_st7920_p_128x64_f
/var/folders/rk/zpr83dd14lx588t7kb0yv2b40000gn/T//cc9Kwx4O.s:205    .text.u8g2_Setup_st7920_p_128x64_f:0000000000000030 $d
/var/folders/rk/zpr83dd14lx588t7kb0yv2b40000gn/T//cc9Kwx4O.s:212    .text.u8g2_Setup_st7920_128x64_1:0000000000000000 $t
/var/folders/rk/zpr83dd14lx588t7kb0yv2b40000gn/T//cc9Kwx4O.s:219    .text.u8g2_Setup_st7920_128x64_1:0000000000000000 u8g2_Setup_st7920_128x64_1
/var/folders/rk/zpr83dd14lx588t7kb0yv2b40000gn/T//cc9Kwx4O.s:270    .text.u8g2_Setup_st7920_128x64_1:0000000000000030 $d
/var/folders/rk/zpr83dd14lx588t7kb0yv2b40000gn/T//cc9Kwx4O.s:277    .text.u8g2_Setup_st7920_128x64_2:0000000000000000 $t
/var/folders/rk/zpr83dd14lx588t7kb0yv2b40000gn/T//cc9Kwx4O.s:284    .text.u8g2_Setup_st7920_128x64_2:0000000000000000 u8g2_Setup_st7920_128x64_2
/var/folders/rk/zpr83dd14lx588t7kb0yv2b40000gn/T//cc9Kwx4O.s:335    .text.u8g2_Setup_st7920_128x64_2:0000000000000030 $d
/var/folders/rk/zpr83dd14lx588t7kb0yv2b40000gn/T//cc9Kwx4O.s:342    .text.u8g2_Setup_st7920_128x64_f:0000000000000000 $t
/var/folders/rk/zpr83dd14lx588t7kb0yv2b40000gn/T//cc9Kwx4O.s:349    .text.u8g2_Setup_st7920_128x64_f:0000000000000000 u8g2_Setup_st7920_128x64_f
/var/folders/rk/zpr83dd14lx588t7kb0yv2b40000gn/T//cc9Kwx4O.s:400    .text.u8g2_Setup_st7920_128x64_f:0000000000000030 $d
/var/folders/rk/zpr83dd14lx588t7kb0yv2b40000gn/T//cc9Kwx4O.s:407    .text.u8g2_Setup_st7920_s_128x64_1:0000000000000000 $t
/var/folders/rk/zpr83dd14lx588t7kb0yv2b40000gn/T//cc9Kwx4O.s:414    .text.u8g2_Setup_st7920_s_128x64_1:0000000000000000 u8g2_Setup_st7920_s_128x64_1
/var/folders/rk/zpr83dd14lx588t7kb0yv2b40000gn/T//cc9Kwx4O.s:465    .text.u8g2_Setup_st7920_s_128x64_1:0000000000000030 $d
/var/folders/rk/zpr83dd14lx588t7kb0yv2b40000gn/T//cc9Kwx4O.s:472    .text.u8g2_Setup_st7920_s_128x64_2:0000000000000000 $t
/var/folders/rk/zpr83dd14lx588t7kb0yv2b40000gn/T//cc9Kwx4O.s:479    .text.u8g2_Setup_st7920_s_128x64_2:0000000000000000 u8g2_Setup_st7920_s_128x64_2
/var/folders/rk/zpr83dd14lx588t7kb0yv2b40000gn/T//cc9Kwx4O.s:530    .text.u8g2_Setup_st7920_s_128x64_2:0000000000000030 $d
/var/folders/rk/zpr83dd14lx588t7kb0yv2b40000gn/T//cc9Kwx4O.s:537    .text.u8g2_Setup_st7920_s_128x64_f:0000000000000000 $t
/var/folders/rk/zpr83dd14lx588t7kb0yv2b40000gn/T//cc9Kwx4O.s:544    .text.u8g2_Setup_st7920_s_128x64_f:0000000000000000 u8g2_Setup_st7920_s_128x64_f
/var/folders/rk/zpr83dd14lx588t7kb0yv2b40000gn/T//cc9Kwx4O.s:595    .text.u8g2_Setup_st7920_s_128x64_f:0000000000000030 $d

UNDEFINED SYMBOLS
u8x8_Setup
u8g2_m_16_8_1
u8g2_SetupBuffer
u8x8_cad_001
u8x8_d_st7920_128x64
u8g2_ll_hvline_horizontal_right_lsb
u8g2_m_16_8_2
u8g2_m_16_8_f
u8x8_cad_st7920_spi
