ARM GAS  /var/folders/rk/zpr83dd14lx588t7kb0yv2b40000gn/T//ccBDeJlF.s 			page 1


   1              		.cpu cortex-m3
   2              		.eabi_attribute 20, 1
   3              		.eabi_attribute 21, 1
   4              		.eabi_attribute 23, 3
   5              		.eabi_attribute 24, 1
   6              		.eabi_attribute 25, 1
   7              		.eabi_attribute 26, 1
   8              		.eabi_attribute 30, 1
   9              		.eabi_attribute 34, 1
  10              		.eabi_attribute 18, 4
  11              		.file	"u8x8_selection_list.c"
  12              		.text
  13              	.Ltext0:
  14              		.cfi_sections	.debug_frame
  15              		.section	.text.u8x8_sl_string_line_cb,"ax",%progbits
  16              		.align	1
  17              		.global	u8x8_sl_string_line_cb
  18              		.syntax unified
  19              		.thumb
  20              		.thumb_func
  21              		.fpu softvfp
  23              	u8x8_sl_string_line_cb:
  24              	.LFB3:
  25              		.file 1 "u8g2/csrc/u8x8_selection_list.c"
   1:u8g2/csrc/u8x8_selection_list.c **** /*
   2:u8g2/csrc/u8x8_selection_list.c **** 
   3:u8g2/csrc/u8x8_selection_list.c ****   u8x8_selection_list.c
   4:u8g2/csrc/u8x8_selection_list.c ****   
   5:u8g2/csrc/u8x8_selection_list.c ****   selection list with scroll option
   6:u8g2/csrc/u8x8_selection_list.c ****   
   7:u8g2/csrc/u8x8_selection_list.c ****   Universal 8bit Graphics Library (https://github.com/olikraus/u8g2/)
   8:u8g2/csrc/u8x8_selection_list.c **** 
   9:u8g2/csrc/u8x8_selection_list.c ****   Copyright (c) 2016, olikraus@gmail.com
  10:u8g2/csrc/u8x8_selection_list.c ****   All rights reserved.
  11:u8g2/csrc/u8x8_selection_list.c **** 
  12:u8g2/csrc/u8x8_selection_list.c ****   Redistribution and use in source and binary forms, with or without modification, 
  13:u8g2/csrc/u8x8_selection_list.c ****   are permitted provided that the following conditions are met:
  14:u8g2/csrc/u8x8_selection_list.c **** 
  15:u8g2/csrc/u8x8_selection_list.c ****   * Redistributions of source code must retain the above copyright notice, this list 
  16:u8g2/csrc/u8x8_selection_list.c ****     of conditions and the following disclaimer.
  17:u8g2/csrc/u8x8_selection_list.c ****     
  18:u8g2/csrc/u8x8_selection_list.c ****   * Redistributions in binary form must reproduce the above copyright notice, this 
  19:u8g2/csrc/u8x8_selection_list.c ****     list of conditions and the following disclaimer in the documentation and/or other 
  20:u8g2/csrc/u8x8_selection_list.c ****     materials provided with the distribution.
  21:u8g2/csrc/u8x8_selection_list.c **** 
  22:u8g2/csrc/u8x8_selection_list.c ****   THIS SOFTWARE IS PROVIDED BY THE COPYRIGHT HOLDERS AND 
  23:u8g2/csrc/u8x8_selection_list.c ****   CONTRIBUTORS "AS IS" AND ANY EXPRESS OR IMPLIED WARRANTIES, 
  24:u8g2/csrc/u8x8_selection_list.c ****   INCLUDING, BUT NOT LIMITED TO, THE IMPLIED WARRANTIES OF 
  25:u8g2/csrc/u8x8_selection_list.c ****   MERCHANTABILITY AND FITNESS FOR A PARTICULAR PURPOSE ARE 
  26:u8g2/csrc/u8x8_selection_list.c ****   DISCLAIMED. IN NO EVENT SHALL THE COPYRIGHT HOLDER OR 
  27:u8g2/csrc/u8x8_selection_list.c ****   CONTRIBUTORS BE LIABLE FOR ANY DIRECT, INDIRECT, INCIDENTAL, 
  28:u8g2/csrc/u8x8_selection_list.c ****   SPECIAL, EXEMPLARY, OR CONSEQUENTIAL DAMAGES (INCLUDING, BUT 
  29:u8g2/csrc/u8x8_selection_list.c ****   NOT LIMITED TO, PROCUREMENT OF SUBSTITUTE GOODS OR SERVICES; 
  30:u8g2/csrc/u8x8_selection_list.c ****   LOSS OF USE, DATA, OR PROFITS; OR BUSINESS INTERRUPTION) HOWEVER 
  31:u8g2/csrc/u8x8_selection_list.c ****   CAUSED AND ON ANY THEORY OF LIABILITY, WHETHER IN CONTRACT, 
  32:u8g2/csrc/u8x8_selection_list.c ****   STRICT LIABILITY, OR TORT (INCLUDING NEGLIGENCE OR OTHERWISE) 
  33:u8g2/csrc/u8x8_selection_list.c ****   ARISING IN ANY WAY OUT OF THE USE OF THIS SOFTWARE, EVEN IF 
ARM GAS  /var/folders/rk/zpr83dd14lx588t7kb0yv2b40000gn/T//ccBDeJlF.s 			page 2


  34:u8g2/csrc/u8x8_selection_list.c ****   ADVISED OF THE POSSIBILITY OF SUCH DAMAGE.  
  35:u8g2/csrc/u8x8_selection_list.c ****   
  36:u8g2/csrc/u8x8_selection_list.c **** */
  37:u8g2/csrc/u8x8_selection_list.c **** 
  38:u8g2/csrc/u8x8_selection_list.c **** #include "u8x8.h"
  39:u8g2/csrc/u8x8_selection_list.c **** 
  40:u8g2/csrc/u8x8_selection_list.c **** /*
  41:u8g2/csrc/u8x8_selection_list.c ****   increase the cursor position
  42:u8g2/csrc/u8x8_selection_list.c **** */
  43:u8g2/csrc/u8x8_selection_list.c **** void u8sl_Next(u8sl_t *u8sl)
  44:u8g2/csrc/u8x8_selection_list.c **** {
  45:u8g2/csrc/u8x8_selection_list.c ****   u8sl->current_pos++;
  46:u8g2/csrc/u8x8_selection_list.c ****   if ( u8sl->current_pos >= u8sl->total )
  47:u8g2/csrc/u8x8_selection_list.c ****   {
  48:u8g2/csrc/u8x8_selection_list.c ****     u8sl->current_pos = 0;
  49:u8g2/csrc/u8x8_selection_list.c ****     u8sl->first_pos = 0;
  50:u8g2/csrc/u8x8_selection_list.c ****   }
  51:u8g2/csrc/u8x8_selection_list.c ****   else
  52:u8g2/csrc/u8x8_selection_list.c ****   {
  53:u8g2/csrc/u8x8_selection_list.c ****     if ( u8sl->first_pos + u8sl->visible <= u8sl->current_pos + 1 )
  54:u8g2/csrc/u8x8_selection_list.c ****     {
  55:u8g2/csrc/u8x8_selection_list.c ****       u8sl->first_pos = u8sl->current_pos - u8sl->visible + 1;
  56:u8g2/csrc/u8x8_selection_list.c ****     }
  57:u8g2/csrc/u8x8_selection_list.c ****   }
  58:u8g2/csrc/u8x8_selection_list.c **** }
  59:u8g2/csrc/u8x8_selection_list.c **** 
  60:u8g2/csrc/u8x8_selection_list.c **** void u8sl_Prev(u8sl_t *u8sl)
  61:u8g2/csrc/u8x8_selection_list.c **** {
  62:u8g2/csrc/u8x8_selection_list.c ****   if ( u8sl->current_pos == 0 )
  63:u8g2/csrc/u8x8_selection_list.c ****   {
  64:u8g2/csrc/u8x8_selection_list.c ****     u8sl->current_pos = u8sl->total - 1;
  65:u8g2/csrc/u8x8_selection_list.c ****     u8sl->first_pos = 0;
  66:u8g2/csrc/u8x8_selection_list.c ****     if ( u8sl->total > u8sl->visible )
  67:u8g2/csrc/u8x8_selection_list.c ****       u8sl->first_pos = u8sl->total - u8sl->visible;
  68:u8g2/csrc/u8x8_selection_list.c ****   }
  69:u8g2/csrc/u8x8_selection_list.c ****   else
  70:u8g2/csrc/u8x8_selection_list.c ****   {
  71:u8g2/csrc/u8x8_selection_list.c ****     u8sl->current_pos--;
  72:u8g2/csrc/u8x8_selection_list.c ****     if ( u8sl->first_pos > u8sl->current_pos )
  73:u8g2/csrc/u8x8_selection_list.c ****       u8sl->first_pos = u8sl->current_pos;
  74:u8g2/csrc/u8x8_selection_list.c ****   }
  75:u8g2/csrc/u8x8_selection_list.c **** }
  76:u8g2/csrc/u8x8_selection_list.c **** 
  77:u8g2/csrc/u8x8_selection_list.c **** void u8x8_DrawSelectionList(u8x8_t *u8x8, u8sl_t *u8sl, u8x8_sl_cb sl_cb, const void *aux)
  78:u8g2/csrc/u8x8_selection_list.c **** {
  79:u8g2/csrc/u8x8_selection_list.c ****   uint8_t i;
  80:u8g2/csrc/u8x8_selection_list.c ****   for( i = 0; i < u8sl->visible; i++ )
  81:u8g2/csrc/u8x8_selection_list.c ****   {
  82:u8g2/csrc/u8x8_selection_list.c ****     sl_cb(u8x8, u8sl, i+u8sl->first_pos, aux);
  83:u8g2/csrc/u8x8_selection_list.c ****   }
  84:u8g2/csrc/u8x8_selection_list.c **** }
  85:u8g2/csrc/u8x8_selection_list.c **** 
  86:u8g2/csrc/u8x8_selection_list.c **** /* selection list with string line */
  87:u8g2/csrc/u8x8_selection_list.c **** void u8x8_sl_string_line_cb(u8x8_t *u8x8, u8sl_t *u8sl, uint8_t idx, const void *aux)
  88:u8g2/csrc/u8x8_selection_list.c **** {
  26              		.loc 1 88 0
  27              		.cfi_startproc
ARM GAS  /var/folders/rk/zpr83dd14lx588t7kb0yv2b40000gn/T//ccBDeJlF.s 			page 3


  28              		@ args = 0, pretend = 0, frame = 0
  29              		@ frame_needed = 0, uses_anonymous_args = 0
  30              	.LVL0:
  31 0000 70B5     		push	{r4, r5, r6, lr}
  32              	.LCFI0:
  33              		.cfi_def_cfa_offset 16
  34              		.cfi_offset 4, -16
  35              		.cfi_offset 5, -12
  36              		.cfi_offset 6, -8
  37              		.cfi_offset 14, -4
  38 0002 82B0     		sub	sp, sp, #8
  39              	.LCFI1:
  40              		.cfi_def_cfa_offset 24
  41 0004 0546     		mov	r5, r0
  42 0006 0E46     		mov	r6, r1
  89:u8g2/csrc/u8x8_selection_list.c ****   const char *s;
  90:u8g2/csrc/u8x8_selection_list.c ****   uint8_t row;
  91:u8g2/csrc/u8x8_selection_list.c ****   /* calculate offset from display upper border */
  92:u8g2/csrc/u8x8_selection_list.c ****   row = u8sl->y;
  43              		.loc 1 92 0
  44 0008 4C79     		ldrb	r4, [r1, #5]	@ zero_extendqisi2
  45              	.LVL1:
  93:u8g2/csrc/u8x8_selection_list.c ****   
  94:u8g2/csrc/u8x8_selection_list.c ****   /* calculate target pos */
  95:u8g2/csrc/u8x8_selection_list.c ****   row += idx;
  46              		.loc 1 95 0
  47 000a 1444     		add	r4, r4, r2
  48              	.LVL2:
  49 000c E4B2     		uxtb	r4, r4
  50              	.LVL3:
  96:u8g2/csrc/u8x8_selection_list.c ****   row -= u8sl->first_pos;
  51              		.loc 1 96 0
  52 000e 8978     		ldrb	r1, [r1, #2]	@ zero_extendqisi2
  53              	.LVL4:
  54 0010 641A     		subs	r4, r4, r1
  55              	.LVL5:
  56 0012 E4B2     		uxtb	r4, r4
  57              	.LVL6:
  97:u8g2/csrc/u8x8_selection_list.c ****   
  98:u8g2/csrc/u8x8_selection_list.c ****   /* check whether this is the current cursor line */
  99:u8g2/csrc/u8x8_selection_list.c ****   if ( idx == u8sl->current_pos )
  58              		.loc 1 99 0
  59 0014 F178     		ldrb	r1, [r6, #3]	@ zero_extendqisi2
  60 0016 9142     		cmp	r1, r2
  61 0018 13D0     		beq	.L7
 100:u8g2/csrc/u8x8_selection_list.c ****     u8x8_SetInverseFont(u8x8, 1);
 101:u8g2/csrc/u8x8_selection_list.c ****   else
 102:u8g2/csrc/u8x8_selection_list.c ****     u8x8_SetInverseFont(u8x8, 0);
  62              		.loc 1 102 0
  63 001a 0021     		movs	r1, #0
  64 001c C177     		strb	r1, [r0, #31]
  65              	.L3:
 103:u8g2/csrc/u8x8_selection_list.c ****   
 104:u8g2/csrc/u8x8_selection_list.c ****   /* get the line from the array */
 105:u8g2/csrc/u8x8_selection_list.c ****   s = u8x8_GetStringLineStart(idx, (const char *)aux);
  66              		.loc 1 105 0
  67 001e 1946     		mov	r1, r3
ARM GAS  /var/folders/rk/zpr83dd14lx588t7kb0yv2b40000gn/T//ccBDeJlF.s 			page 4


  68 0020 1046     		mov	r0, r2
  69              	.LVL7:
  70 0022 FFF7FEFF 		bl	u8x8_GetStringLineStart
  71              	.LVL8:
 106:u8g2/csrc/u8x8_selection_list.c ****   
 107:u8g2/csrc/u8x8_selection_list.c ****   /* draw the line */
 108:u8g2/csrc/u8x8_selection_list.c ****   if ( s == NULL )
  72              		.loc 1 108 0
  73 0026 0246     		mov	r2, r0
  74 0028 70B1     		cbz	r0, .L8
  75              	.L4:
  76              	.LVL9:
 109:u8g2/csrc/u8x8_selection_list.c ****     s = "";
 110:u8g2/csrc/u8x8_selection_list.c ****   u8x8_DrawUTF8Line(u8x8, u8sl->x, row, u8x8_GetCols(u8x8), s);  
  77              		.loc 1 110 0
  78 002a 2B68     		ldr	r3, [r5]
  79 002c 1B7C     		ldrb	r3, [r3, #16]	@ zero_extendqisi2
  80 002e 3179     		ldrb	r1, [r6, #4]	@ zero_extendqisi2
  81 0030 0092     		str	r2, [sp]
  82 0032 2246     		mov	r2, r4
  83              	.LVL10:
  84 0034 2846     		mov	r0, r5
  85 0036 FFF7FEFF 		bl	u8x8_DrawUTF8Line
  86              	.LVL11:
 111:u8g2/csrc/u8x8_selection_list.c ****   u8x8_SetInverseFont(u8x8, 0);
  87              		.loc 1 111 0
  88 003a 0023     		movs	r3, #0
  89 003c EB77     		strb	r3, [r5, #31]
 112:u8g2/csrc/u8x8_selection_list.c **** }
  90              		.loc 1 112 0
  91 003e 02B0     		add	sp, sp, #8
  92              	.LCFI2:
  93              		.cfi_remember_state
  94              		.cfi_def_cfa_offset 16
  95              		@ sp needed
  96 0040 70BD     		pop	{r4, r5, r6, pc}
  97              	.LVL12:
  98              	.L7:
  99              	.LCFI3:
 100              		.cfi_restore_state
 100:u8g2/csrc/u8x8_selection_list.c ****   else
 101              		.loc 1 100 0
 102 0042 0121     		movs	r1, #1
 103 0044 C177     		strb	r1, [r0, #31]
 104 0046 EAE7     		b	.L3
 105              	.LVL13:
 106              	.L8:
 109:u8g2/csrc/u8x8_selection_list.c ****   u8x8_DrawUTF8Line(u8x8, u8sl->x, row, u8x8_GetCols(u8x8), s);  
 107              		.loc 1 109 0
 108 0048 004A     		ldr	r2, .L9
 109 004a EEE7     		b	.L4
 110              	.L10:
 111              		.align	2
 112              	.L9:
 113 004c 00000000 		.word	.LC0
 114              		.cfi_endproc
 115              	.LFE3:
ARM GAS  /var/folders/rk/zpr83dd14lx588t7kb0yv2b40000gn/T//ccBDeJlF.s 			page 5


 117              		.section	.text.u8sl_Next,"ax",%progbits
 118              		.align	1
 119              		.global	u8sl_Next
 120              		.syntax unified
 121              		.thumb
 122              		.thumb_func
 123              		.fpu softvfp
 125              	u8sl_Next:
 126              	.LFB0:
  44:u8g2/csrc/u8x8_selection_list.c ****   u8sl->current_pos++;
 127              		.loc 1 44 0
 128              		.cfi_startproc
 129              		@ args = 0, pretend = 0, frame = 0
 130              		@ frame_needed = 0, uses_anonymous_args = 0
 131              		@ link register save eliminated.
 132              	.LVL14:
  45:u8g2/csrc/u8x8_selection_list.c ****   if ( u8sl->current_pos >= u8sl->total )
 133              		.loc 1 45 0
 134 0000 C378     		ldrb	r3, [r0, #3]	@ zero_extendqisi2
 135 0002 0133     		adds	r3, r3, #1
 136 0004 DBB2     		uxtb	r3, r3
 137 0006 C370     		strb	r3, [r0, #3]
  46:u8g2/csrc/u8x8_selection_list.c ****   {
 138              		.loc 1 46 0
 139 0008 4278     		ldrb	r2, [r0, #1]	@ zero_extendqisi2
 140 000a 9342     		cmp	r3, r2
 141 000c 0CD2     		bcs	.L17
  44:u8g2/csrc/u8x8_selection_list.c ****   u8sl->current_pos++;
 142              		.loc 1 44 0
 143 000e 10B4     		push	{r4}
 144              	.LCFI4:
 145              		.cfi_def_cfa_offset 4
 146              		.cfi_offset 4, -4
  53:u8g2/csrc/u8x8_selection_list.c ****     {
 147              		.loc 1 53 0
 148 0010 8278     		ldrb	r2, [r0, #2]	@ zero_extendqisi2
 149 0012 0178     		ldrb	r1, [r0]	@ zero_extendqisi2
 150 0014 0A44     		add	r2, r2, r1
 151 0016 5C1C     		adds	r4, r3, #1
 152 0018 A242     		cmp	r2, r4
 153 001a 03DC     		bgt	.L11
  55:u8g2/csrc/u8x8_selection_list.c ****     }
 154              		.loc 1 55 0
 155 001c 5B1A     		subs	r3, r3, r1
 156 001e DBB2     		uxtb	r3, r3
 157 0020 0133     		adds	r3, r3, #1
 158 0022 8370     		strb	r3, [r0, #2]
 159              	.L11:
  58:u8g2/csrc/u8x8_selection_list.c **** 
 160              		.loc 1 58 0
 161 0024 10BC     		pop	{r4}
 162              	.LCFI5:
 163              		.cfi_restore 4
 164              		.cfi_def_cfa_offset 0
 165 0026 7047     		bx	lr
 166              	.L17:
  48:u8g2/csrc/u8x8_selection_list.c ****     u8sl->first_pos = 0;
ARM GAS  /var/folders/rk/zpr83dd14lx588t7kb0yv2b40000gn/T//ccBDeJlF.s 			page 6


 167              		.loc 1 48 0
 168 0028 0023     		movs	r3, #0
 169 002a C370     		strb	r3, [r0, #3]
  49:u8g2/csrc/u8x8_selection_list.c ****   }
 170              		.loc 1 49 0
 171 002c 8370     		strb	r3, [r0, #2]
 172 002e 7047     		bx	lr
 173              		.cfi_endproc
 174              	.LFE0:
 176              		.section	.text.u8sl_Prev,"ax",%progbits
 177              		.align	1
 178              		.global	u8sl_Prev
 179              		.syntax unified
 180              		.thumb
 181              		.thumb_func
 182              		.fpu softvfp
 184              	u8sl_Prev:
 185              	.LFB1:
  61:u8g2/csrc/u8x8_selection_list.c ****   if ( u8sl->current_pos == 0 )
 186              		.loc 1 61 0
 187              		.cfi_startproc
 188              		@ args = 0, pretend = 0, frame = 0
 189              		@ frame_needed = 0, uses_anonymous_args = 0
 190              		@ link register save eliminated.
 191              	.LVL15:
  62:u8g2/csrc/u8x8_selection_list.c ****   {
 192              		.loc 1 62 0
 193 0000 C378     		ldrb	r3, [r0, #3]	@ zero_extendqisi2
 194 0002 53B9     		cbnz	r3, .L19
  64:u8g2/csrc/u8x8_selection_list.c ****     u8sl->first_pos = 0;
 195              		.loc 1 64 0
 196 0004 4378     		ldrb	r3, [r0, #1]	@ zero_extendqisi2
 197 0006 5A1E     		subs	r2, r3, #1
 198 0008 C270     		strb	r2, [r0, #3]
  65:u8g2/csrc/u8x8_selection_list.c ****     if ( u8sl->total > u8sl->visible )
 199              		.loc 1 65 0
 200 000a 0022     		movs	r2, #0
 201 000c 8270     		strb	r2, [r0, #2]
  66:u8g2/csrc/u8x8_selection_list.c ****       u8sl->first_pos = u8sl->total - u8sl->visible;
 202              		.loc 1 66 0
 203 000e 0278     		ldrb	r2, [r0]	@ zero_extendqisi2
 204 0010 9342     		cmp	r3, r2
 205 0012 09D9     		bls	.L18
  67:u8g2/csrc/u8x8_selection_list.c ****   }
 206              		.loc 1 67 0
 207 0014 9B1A     		subs	r3, r3, r2
 208 0016 8370     		strb	r3, [r0, #2]
 209 0018 7047     		bx	lr
 210              	.L19:
  71:u8g2/csrc/u8x8_selection_list.c ****     if ( u8sl->first_pos > u8sl->current_pos )
 211              		.loc 1 71 0
 212 001a 013B     		subs	r3, r3, #1
 213 001c DBB2     		uxtb	r3, r3
 214 001e C370     		strb	r3, [r0, #3]
  72:u8g2/csrc/u8x8_selection_list.c ****       u8sl->first_pos = u8sl->current_pos;
 215              		.loc 1 72 0
 216 0020 8278     		ldrb	r2, [r0, #2]	@ zero_extendqisi2
ARM GAS  /var/folders/rk/zpr83dd14lx588t7kb0yv2b40000gn/T//ccBDeJlF.s 			page 7


 217 0022 9342     		cmp	r3, r2
 218 0024 00D2     		bcs	.L18
  73:u8g2/csrc/u8x8_selection_list.c ****   }
 219              		.loc 1 73 0
 220 0026 8370     		strb	r3, [r0, #2]
 221              	.L18:
  75:u8g2/csrc/u8x8_selection_list.c **** 
 222              		.loc 1 75 0
 223 0028 7047     		bx	lr
 224              		.cfi_endproc
 225              	.LFE1:
 227              		.section	.text.u8x8_DrawSelectionList,"ax",%progbits
 228              		.align	1
 229              		.global	u8x8_DrawSelectionList
 230              		.syntax unified
 231              		.thumb
 232              		.thumb_func
 233              		.fpu softvfp
 235              	u8x8_DrawSelectionList:
 236              	.LFB2:
  78:u8g2/csrc/u8x8_selection_list.c ****   uint8_t i;
 237              		.loc 1 78 0
 238              		.cfi_startproc
 239              		@ args = 0, pretend = 0, frame = 0
 240              		@ frame_needed = 0, uses_anonymous_args = 0
 241              	.LVL16:
 242 0000 2DE9F041 		push	{r4, r5, r6, r7, r8, lr}
 243              	.LCFI6:
 244              		.cfi_def_cfa_offset 24
 245              		.cfi_offset 4, -24
 246              		.cfi_offset 5, -20
 247              		.cfi_offset 6, -16
 248              		.cfi_offset 7, -12
 249              		.cfi_offset 8, -8
 250              		.cfi_offset 14, -4
 251 0004 8046     		mov	r8, r0
 252 0006 0D46     		mov	r5, r1
 253 0008 1746     		mov	r7, r2
 254 000a 1E46     		mov	r6, r3
 255              	.LVL17:
  80:u8g2/csrc/u8x8_selection_list.c ****   {
 256              		.loc 1 80 0
 257 000c 0024     		movs	r4, #0
 258 000e 08E0     		b	.L22
 259              	.LVL18:
 260              	.L23:
  82:u8g2/csrc/u8x8_selection_list.c ****   }
 261              		.loc 1 82 0 discriminator 3
 262 0010 AA78     		ldrb	r2, [r5, #2]	@ zero_extendqisi2
 263 0012 2244     		add	r2, r2, r4
 264 0014 3346     		mov	r3, r6
 265 0016 D2B2     		uxtb	r2, r2
 266 0018 2946     		mov	r1, r5
 267 001a 4046     		mov	r0, r8
 268 001c B847     		blx	r7
 269              	.LVL19:
  80:u8g2/csrc/u8x8_selection_list.c ****   {
ARM GAS  /var/folders/rk/zpr83dd14lx588t7kb0yv2b40000gn/T//ccBDeJlF.s 			page 8


 270              		.loc 1 80 0 discriminator 3
 271 001e 0134     		adds	r4, r4, #1
 272              	.LVL20:
 273 0020 E4B2     		uxtb	r4, r4
 274              	.LVL21:
 275              	.L22:
  80:u8g2/csrc/u8x8_selection_list.c ****   {
 276              		.loc 1 80 0 is_stmt 0 discriminator 1
 277 0022 2B78     		ldrb	r3, [r5]	@ zero_extendqisi2
 278 0024 A342     		cmp	r3, r4
 279 0026 F3D8     		bhi	.L23
  84:u8g2/csrc/u8x8_selection_list.c **** 
 280              		.loc 1 84 0 is_stmt 1
 281 0028 BDE8F081 		pop	{r4, r5, r6, r7, r8, pc}
 282              		.cfi_endproc
 283              	.LFE2:
 285              		.section	.text.u8x8_UserInterfaceSelectionList,"ax",%progbits
 286              		.align	1
 287              		.global	u8x8_UserInterfaceSelectionList
 288              		.syntax unified
 289              		.thumb
 290              		.thumb_func
 291              		.fpu softvfp
 293              	u8x8_UserInterfaceSelectionList:
 294              	.LFB4:
 113:u8g2/csrc/u8x8_selection_list.c **** 
 114:u8g2/csrc/u8x8_selection_list.c **** /*
 115:u8g2/csrc/u8x8_selection_list.c ****   title: 		NULL for no title, valid str for title line. Can contain mutliple lines, separated by '\
 116:u8g2/csrc/u8x8_selection_list.c ****   start_pos: 	default position for the cursor (starts with 1)
 117:u8g2/csrc/u8x8_selection_list.c ****   sl:			string list (list of strings separated by \n)
 118:u8g2/csrc/u8x8_selection_list.c ****   returns 0 if user has pressed the home key
 119:u8g2/csrc/u8x8_selection_list.c ****   returns the selected line+1 if user has pressed the select key (e.g. 1 for the first line)
 120:u8g2/csrc/u8x8_selection_list.c **** */
 121:u8g2/csrc/u8x8_selection_list.c **** uint8_t u8x8_UserInterfaceSelectionList(u8x8_t *u8x8, const char *title, uint8_t start_pos, const c
 122:u8g2/csrc/u8x8_selection_list.c **** {
 295              		.loc 1 122 0
 296              		.cfi_startproc
 297              		@ args = 0, pretend = 0, frame = 8
 298              		@ frame_needed = 0, uses_anonymous_args = 0
 299              	.LVL22:
 300 0000 F0B5     		push	{r4, r5, r6, r7, lr}
 301              	.LCFI7:
 302              		.cfi_def_cfa_offset 20
 303              		.cfi_offset 4, -20
 304              		.cfi_offset 5, -16
 305              		.cfi_offset 6, -12
 306              		.cfi_offset 7, -8
 307              		.cfi_offset 14, -4
 308 0002 85B0     		sub	sp, sp, #20
 309              	.LCFI8:
 310              		.cfi_def_cfa_offset 40
 311 0004 0446     		mov	r4, r0
 312 0006 0F46     		mov	r7, r1
 313 0008 1D46     		mov	r5, r3
 123:u8g2/csrc/u8x8_selection_list.c ****   u8sl_t u8sl;
 124:u8g2/csrc/u8x8_selection_list.c ****   uint8_t event;
 125:u8g2/csrc/u8x8_selection_list.c ****   uint8_t title_lines;
ARM GAS  /var/folders/rk/zpr83dd14lx588t7kb0yv2b40000gn/T//ccBDeJlF.s 			page 9


 126:u8g2/csrc/u8x8_selection_list.c ****   
 127:u8g2/csrc/u8x8_selection_list.c ****   if ( start_pos > 0 )
 314              		.loc 1 127 0
 315 000a 1646     		mov	r6, r2
 316 000c 0AB1     		cbz	r2, .L26
 128:u8g2/csrc/u8x8_selection_list.c ****     start_pos--;
 317              		.loc 1 128 0
 318 000e 561E     		subs	r6, r2, #1
 319 0010 F6B2     		uxtb	r6, r6
 320              	.LVL23:
 321              	.L26:
 129:u8g2/csrc/u8x8_selection_list.c ****   
 130:u8g2/csrc/u8x8_selection_list.c ****   u8sl.visible = u8x8_GetRows(u8x8);
 322              		.loc 1 130 0
 323 0012 2368     		ldr	r3, [r4]
 324              	.LVL24:
 325 0014 5B7C     		ldrb	r3, [r3, #17]	@ zero_extendqisi2
 326 0016 8DF80830 		strb	r3, [sp, #8]
 131:u8g2/csrc/u8x8_selection_list.c ****   u8sl.total = u8x8_GetStringLineCnt(sl);
 327              		.loc 1 131 0
 328 001a 2846     		mov	r0, r5
 329              	.LVL25:
 330 001c FFF7FEFF 		bl	u8x8_GetStringLineCnt
 331              	.LVL26:
 332 0020 8DF80900 		strb	r0, [sp, #9]
 132:u8g2/csrc/u8x8_selection_list.c ****   u8sl.first_pos = 0;
 333              		.loc 1 132 0
 334 0024 0023     		movs	r3, #0
 335 0026 8DF80A30 		strb	r3, [sp, #10]
 133:u8g2/csrc/u8x8_selection_list.c ****   u8sl.current_pos = start_pos;
 336              		.loc 1 133 0
 337 002a 8DF80B60 		strb	r6, [sp, #11]
 134:u8g2/csrc/u8x8_selection_list.c ****   u8sl.x = 0;
 338              		.loc 1 134 0
 339 002e 8DF80C30 		strb	r3, [sp, #12]
 135:u8g2/csrc/u8x8_selection_list.c ****   u8sl.y = 0;
 340              		.loc 1 135 0
 341 0032 8DF80D30 		strb	r3, [sp, #13]
 136:u8g2/csrc/u8x8_selection_list.c ****   
 137:u8g2/csrc/u8x8_selection_list.c **** 
 138:u8g2/csrc/u8x8_selection_list.c ****   //u8x8_ClearDisplay(u8x8);   /* not required because all is 100% filled */
 139:u8g2/csrc/u8x8_selection_list.c ****   u8x8_SetInverseFont(u8x8, 0);
 342              		.loc 1 139 0
 343 0036 E377     		strb	r3, [r4, #31]
 140:u8g2/csrc/u8x8_selection_list.c ****   
 141:u8g2/csrc/u8x8_selection_list.c ****   if ( title != NULL )
 344              		.loc 1 141 0
 345 0038 8FB1     		cbz	r7, .L27
 142:u8g2/csrc/u8x8_selection_list.c ****   {
 143:u8g2/csrc/u8x8_selection_list.c ****     title_lines = u8x8_DrawUTF8Lines(u8x8, u8sl.x, u8sl.y, u8x8_GetCols(u8x8), title);
 346              		.loc 1 143 0
 347 003a 2368     		ldr	r3, [r4]
 348 003c 1B7C     		ldrb	r3, [r3, #16]	@ zero_extendqisi2
 349 003e 0097     		str	r7, [sp]
 350 0040 0022     		movs	r2, #0
 351 0042 1146     		mov	r1, r2
 352 0044 2046     		mov	r0, r4
ARM GAS  /var/folders/rk/zpr83dd14lx588t7kb0yv2b40000gn/T//ccBDeJlF.s 			page 10


 353 0046 FFF7FEFF 		bl	u8x8_DrawUTF8Lines
 354              	.LVL27:
 144:u8g2/csrc/u8x8_selection_list.c ****     u8sl.y+=title_lines;
 355              		.loc 1 144 0
 356 004a 9DF80D30 		ldrb	r3, [sp, #13]	@ zero_extendqisi2
 357 004e 0344     		add	r3, r3, r0
 358 0050 8DF80D30 		strb	r3, [sp, #13]
 145:u8g2/csrc/u8x8_selection_list.c ****     u8sl.visible-=title_lines;
 359              		.loc 1 145 0
 360 0054 9DF80830 		ldrb	r3, [sp, #8]	@ zero_extendqisi2
 361 0058 181A     		subs	r0, r3, r0
 362              	.LVL28:
 363 005a 8DF80800 		strb	r0, [sp, #8]
 364              	.L27:
 146:u8g2/csrc/u8x8_selection_list.c ****   }
 147:u8g2/csrc/u8x8_selection_list.c ****   
 148:u8g2/csrc/u8x8_selection_list.c ****   if ( u8sl.current_pos >= u8sl.total )
 365              		.loc 1 148 0
 366 005e 9DF80B20 		ldrb	r2, [sp, #11]	@ zero_extendqisi2
 367 0062 9DF80930 		ldrb	r3, [sp, #9]	@ zero_extendqisi2
 368 0066 9A42     		cmp	r2, r3
 369 0068 02D3     		bcc	.L28
 149:u8g2/csrc/u8x8_selection_list.c ****     u8sl.current_pos = u8sl.total-1;
 370              		.loc 1 149 0
 371 006a 013B     		subs	r3, r3, #1
 372 006c 8DF80B30 		strb	r3, [sp, #11]
 373              	.L28:
 150:u8g2/csrc/u8x8_selection_list.c **** 
 151:u8g2/csrc/u8x8_selection_list.c ****   
 152:u8g2/csrc/u8x8_selection_list.c ****   u8x8_DrawSelectionList(u8x8, &u8sl, u8x8_sl_string_line_cb, sl);
 374              		.loc 1 152 0
 375 0070 2B46     		mov	r3, r5
 376 0072 184A     		ldr	r2, .L39
 377 0074 02A9     		add	r1, sp, #8
 378 0076 2046     		mov	r0, r4
 379 0078 FFF7FEFF 		bl	u8x8_DrawSelectionList
 380              	.LVL29:
 381 007c 0EE0     		b	.L29
 382              	.LVL30:
 383              	.L38:
 153:u8g2/csrc/u8x8_selection_list.c **** 
 154:u8g2/csrc/u8x8_selection_list.c ****   for(;;)
 155:u8g2/csrc/u8x8_selection_list.c ****   {
 156:u8g2/csrc/u8x8_selection_list.c ****     event = u8x8_GetMenuEvent(u8x8);
 157:u8g2/csrc/u8x8_selection_list.c ****     if ( event == U8X8_MSG_GPIO_MENU_SELECT )
 158:u8g2/csrc/u8x8_selection_list.c ****       return u8sl.current_pos+1;
 384              		.loc 1 158 0
 385 007e 9DF80B00 		ldrb	r0, [sp, #11]	@ zero_extendqisi2
 386              	.LVL31:
 387 0082 0130     		adds	r0, r0, #1
 388 0084 C0B2     		uxtb	r0, r0
 389              	.L31:
 159:u8g2/csrc/u8x8_selection_list.c ****     else if ( event == U8X8_MSG_GPIO_MENU_HOME )
 160:u8g2/csrc/u8x8_selection_list.c ****       return 0;
 161:u8g2/csrc/u8x8_selection_list.c ****     else if ( event == U8X8_MSG_GPIO_MENU_NEXT || event == U8X8_MSG_GPIO_MENU_DOWN )
 162:u8g2/csrc/u8x8_selection_list.c ****     {
 163:u8g2/csrc/u8x8_selection_list.c ****       u8sl_Next(&u8sl);
ARM GAS  /var/folders/rk/zpr83dd14lx588t7kb0yv2b40000gn/T//ccBDeJlF.s 			page 11


 164:u8g2/csrc/u8x8_selection_list.c ****       u8x8_DrawSelectionList(u8x8, &u8sl, u8x8_sl_string_line_cb, sl);      
 165:u8g2/csrc/u8x8_selection_list.c ****     }
 166:u8g2/csrc/u8x8_selection_list.c ****     else if ( event == U8X8_MSG_GPIO_MENU_PREV || event == U8X8_MSG_GPIO_MENU_UP  )
 167:u8g2/csrc/u8x8_selection_list.c ****     {
 168:u8g2/csrc/u8x8_selection_list.c ****       u8sl_Prev(&u8sl);
 169:u8g2/csrc/u8x8_selection_list.c ****       u8x8_DrawSelectionList(u8x8, &u8sl, u8x8_sl_string_line_cb, sl);      
 170:u8g2/csrc/u8x8_selection_list.c ****     }
 171:u8g2/csrc/u8x8_selection_list.c ****   }
 172:u8g2/csrc/u8x8_selection_list.c **** }
 390              		.loc 1 172 0
 391 0086 05B0     		add	sp, sp, #20
 392              	.LCFI9:
 393              		.cfi_remember_state
 394              		.cfi_def_cfa_offset 20
 395              		@ sp needed
 396 0088 F0BD     		pop	{r4, r5, r6, r7, pc}
 397              	.LVL32:
 398              	.L32:
 399              	.LCFI10:
 400              		.cfi_restore_state
 163:u8g2/csrc/u8x8_selection_list.c ****       u8x8_DrawSelectionList(u8x8, &u8sl, u8x8_sl_string_line_cb, sl);      
 401              		.loc 1 163 0
 402 008a 02A8     		add	r0, sp, #8
 403              	.LVL33:
 404 008c FFF7FEFF 		bl	u8sl_Next
 405              	.LVL34:
 164:u8g2/csrc/u8x8_selection_list.c ****     }
 406              		.loc 1 164 0
 407 0090 2B46     		mov	r3, r5
 408 0092 104A     		ldr	r2, .L39
 409 0094 02A9     		add	r1, sp, #8
 410 0096 2046     		mov	r0, r4
 411 0098 FFF7FEFF 		bl	u8x8_DrawSelectionList
 412              	.LVL35:
 413              	.L29:
 156:u8g2/csrc/u8x8_selection_list.c ****     if ( event == U8X8_MSG_GPIO_MENU_SELECT )
 414              		.loc 1 156 0
 415 009c 2046     		mov	r0, r4
 416 009e FFF7FEFF 		bl	u8x8_GetMenuEvent
 417              	.LVL36:
 157:u8g2/csrc/u8x8_selection_list.c ****       return u8sl.current_pos+1;
 418              		.loc 1 157 0
 419 00a2 5028     		cmp	r0, #80
 420 00a4 EBD0     		beq	.L38
 159:u8g2/csrc/u8x8_selection_list.c ****       return 0;
 421              		.loc 1 159 0
 422 00a6 5328     		cmp	r0, #83
 423 00a8 11D0     		beq	.L36
 161:u8g2/csrc/u8x8_selection_list.c ****     {
 424              		.loc 1 161 0
 425 00aa 5128     		cmp	r0, #81
 426 00ac EDD0     		beq	.L32
 161:u8g2/csrc/u8x8_selection_list.c ****     {
 427              		.loc 1 161 0 is_stmt 0 discriminator 1
 428 00ae 5528     		cmp	r0, #85
 429 00b0 EBD0     		beq	.L32
 166:u8g2/csrc/u8x8_selection_list.c ****     {
ARM GAS  /var/folders/rk/zpr83dd14lx588t7kb0yv2b40000gn/T//ccBDeJlF.s 			page 12


 430              		.loc 1 166 0 is_stmt 1
 431 00b2 5228     		cmp	r0, #82
 432 00b4 01D0     		beq	.L35
 166:u8g2/csrc/u8x8_selection_list.c ****     {
 433              		.loc 1 166 0 is_stmt 0 discriminator 1
 434 00b6 5428     		cmp	r0, #84
 435 00b8 F0D1     		bne	.L29
 436              	.L35:
 168:u8g2/csrc/u8x8_selection_list.c ****       u8x8_DrawSelectionList(u8x8, &u8sl, u8x8_sl_string_line_cb, sl);      
 437              		.loc 1 168 0 is_stmt 1
 438 00ba 02A8     		add	r0, sp, #8
 439              	.LVL37:
 440 00bc FFF7FEFF 		bl	u8sl_Prev
 441              	.LVL38:
 169:u8g2/csrc/u8x8_selection_list.c ****     }
 442              		.loc 1 169 0
 443 00c0 2B46     		mov	r3, r5
 444 00c2 044A     		ldr	r2, .L39
 445 00c4 02A9     		add	r1, sp, #8
 446 00c6 2046     		mov	r0, r4
 447 00c8 FFF7FEFF 		bl	u8x8_DrawSelectionList
 448              	.LVL39:
 449 00cc E6E7     		b	.L29
 450              	.LVL40:
 451              	.L36:
 160:u8g2/csrc/u8x8_selection_list.c ****     else if ( event == U8X8_MSG_GPIO_MENU_NEXT || event == U8X8_MSG_GPIO_MENU_DOWN )
 452              		.loc 1 160 0
 453 00ce 0020     		movs	r0, #0
 454              	.LVL41:
 455 00d0 D9E7     		b	.L31
 456              	.L40:
 457 00d2 00BF     		.align	2
 458              	.L39:
 459 00d4 00000000 		.word	u8x8_sl_string_line_cb
 460              		.cfi_endproc
 461              	.LFE4:
 463              		.section	.rodata.u8x8_sl_string_line_cb.str1.4,"aMS",%progbits,1
 464              		.align	2
 465              	.LC0:
 466 0000 00       		.ascii	"\000"
 467              		.text
 468              	.Letext0:
 469              		.file 2 "/usr/local/gcc_arm/gcc-arm-none-eabi-7-2017-q4-major/arm-none-eabi/include/machine/_defau
 470              		.file 3 "/usr/local/gcc_arm/gcc-arm-none-eabi-7-2017-q4-major/arm-none-eabi/include/sys/_stdint.h"
 471              		.file 4 "u8g2/csrc/u8x8.h"
ARM GAS  /var/folders/rk/zpr83dd14lx588t7kb0yv2b40000gn/T//ccBDeJlF.s 			page 13


DEFINED SYMBOLS
                            *ABS*:0000000000000000 u8x8_selection_list.c
/var/folders/rk/zpr83dd14lx588t7kb0yv2b40000gn/T//ccBDeJlF.s:16     .text.u8x8_sl_string_line_cb:0000000000000000 $t
/var/folders/rk/zpr83dd14lx588t7kb0yv2b40000gn/T//ccBDeJlF.s:23     .text.u8x8_sl_string_line_cb:0000000000000000 u8x8_sl_string_line_cb
/var/folders/rk/zpr83dd14lx588t7kb0yv2b40000gn/T//ccBDeJlF.s:113    .text.u8x8_sl_string_line_cb:000000000000004c $d
/var/folders/rk/zpr83dd14lx588t7kb0yv2b40000gn/T//ccBDeJlF.s:118    .text.u8sl_Next:0000000000000000 $t
/var/folders/rk/zpr83dd14lx588t7kb0yv2b40000gn/T//ccBDeJlF.s:125    .text.u8sl_Next:0000000000000000 u8sl_Next
/var/folders/rk/zpr83dd14lx588t7kb0yv2b40000gn/T//ccBDeJlF.s:177    .text.u8sl_Prev:0000000000000000 $t
/var/folders/rk/zpr83dd14lx588t7kb0yv2b40000gn/T//ccBDeJlF.s:184    .text.u8sl_Prev:0000000000000000 u8sl_Prev
/var/folders/rk/zpr83dd14lx588t7kb0yv2b40000gn/T//ccBDeJlF.s:228    .text.u8x8_DrawSelectionList:0000000000000000 $t
/var/folders/rk/zpr83dd14lx588t7kb0yv2b40000gn/T//ccBDeJlF.s:235    .text.u8x8_DrawSelectionList:0000000000000000 u8x8_DrawSelectionList
/var/folders/rk/zpr83dd14lx588t7kb0yv2b40000gn/T//ccBDeJlF.s:286    .text.u8x8_UserInterfaceSelectionList:0000000000000000 $t
/var/folders/rk/zpr83dd14lx588t7kb0yv2b40000gn/T//ccBDeJlF.s:293    .text.u8x8_UserInterfaceSelectionList:0000000000000000 u8x8_UserInterfaceSelectionList
/var/folders/rk/zpr83dd14lx588t7kb0yv2b40000gn/T//ccBDeJlF.s:459    .text.u8x8_UserInterfaceSelectionList:00000000000000d4 $d
/var/folders/rk/zpr83dd14lx588t7kb0yv2b40000gn/T//ccBDeJlF.s:464    .rodata.u8x8_sl_string_line_cb.str1.4:0000000000000000 $d

UNDEFINED SYMBOLS
u8x8_GetStringLineStart
u8x8_DrawUTF8Line
u8x8_GetStringLineCnt
u8x8_DrawUTF8Lines
u8x8_GetMenuEvent
